#
# There is insufficient memory for the Java Runtime Environment to continue.
# Native memory allocation (malloc) failed to allocate 954736 bytes for Chunk::new
# Possible reasons:
#   The system is out of physical RAM or swap space
#   In 32 bit mode, the process size limit was hit
# Possible solutions:
#   Reduce memory load on the system
#   Increase physical memory or swap space
#   Check if swap backing store is full
#   Use 64 bit Java on a 64 bit OS
#   Decrease Java heap size (-Xmx/-Xms)
#   Decrease number of Java threads
#   Decrease Java thread stack sizes (-Xss)
#   Set larger code cache with -XX:ReservedCodeCacheSize=
# This output file may be truncated or incomplete.
#
#  Out of Memory Error (allocation.cpp:390), pid=11600, tid=0x0000000000003f5c
#
# JRE version: OpenJDK Runtime Environment (8.0_76-b03) (build 1.8.0_76-release-b03)
# Java VM: OpenJDK 64-Bit Server VM (25.76-b03 mixed mode windows-amd64 compressed oops)
# Failed to write core dump. Minidumps are not enabled by default on client versions of Windows
#

---------------  T H R E A D  ---------------

Current thread (0x00000000174f8000):  JavaThread "C2 CompilerThread0" daemon [_thread_in_native, id=16220, stack(0x0000000017cc0000,0x0000000017dc0000)]

Stack: [0x0000000017cc0000,0x0000000017dc0000]
[error occurred during error reporting (printing stack bounds), id 0xc0000005]

Native frames: (J=compiled Java code, j=interpreted, Vv=VM code, C=native code)


Current CompileTask:
C2:   2883 1521       4       com.android.dx.ssa.SCCP::simulatePhi (169 bytes)


---------------  P R O C E S S  ---------------

Java Threads: ( => current thread )
  0x00000000177ba800 JavaThread "pool-1-thread-4" [_thread_in_Java, id=13132, stack(0x00000000186c0000,0x00000000187c0000)]
  0x00000000177b2000 JavaThread "pool-1-thread-3" [_thread_blocked, id=9084, stack(0x00000000185c0000,0x00000000186c0000)]
  0x00000000177ac000 JavaThread "pool-1-thread-2" [_thread_blocked, id=16664, stack(0x00000000184c0000,0x00000000185c0000)]
  0x00000000177b1000 JavaThread "pool-2-thread-1" [_thread_blocked, id=12008, stack(0x00000000183c0000,0x00000000184c0000)]
  0x00000000177ab800 JavaThread "pool-1-thread-1" [_thread_in_Java, id=7160, stack(0x00000000182c0000,0x00000000183c0000)]
  0x0000000017562000 JavaThread "Service Thread" daemon [_thread_blocked, id=11300, stack(0x00000000180c0000,0x00000000181c0000)]
  0x000000001755b800 JavaThread "C1 CompilerThread3" daemon [_thread_blocked, id=12392, stack(0x0000000017fc0000,0x00000000180c0000)]
  0x0000000017559000 JavaThread "C2 CompilerThread2" daemon [_thread_in_native, id=6608, stack(0x0000000017ec0000,0x0000000017fc0000)]
  0x000000001754c800 JavaThread "C2 CompilerThread1" daemon [_thread_in_native, id=6324, stack(0x0000000017dc0000,0x0000000017ec0000)]
=>0x00000000174f8000 JavaThread "C2 CompilerThread0" daemon [_thread_in_native, id=16220, stack(0x0000000017cc0000,0x0000000017dc0000)]
  0x00000000174f5800 JavaThread "Attach Listener" daemon [_thread_blocked, id=2756, stack(0x0000000017bc0000,0x0000000017cc0000)]
  0x00000000155fe800 JavaThread "Signal Dispatcher" daemon [_thread_blocked, id=16780, stack(0x0000000017ac0000,0x0000000017bc0000)]
  0x0000000002ace000 JavaThread "Finalizer" daemon [_thread_blocked, id=6476, stack(0x00000000178d0000,0x00000000179d0000)]
  0x0000000002ac5000 JavaThread "Reference Handler" daemon [_thread_blocked, id=13220, stack(0x00000000173d0000,0x00000000174d0000)]
  0x00000000029cd800 JavaThread "main" [_thread_in_native, id=10232, stack(0x0000000002810000,0x0000000002910000)]

Other Threads:
  0x00000000155e5000 VMThread [stack: 0x00000000172d0000,0x00000000173d0000] [id=12140]
  0x0000000017563000 WatcherThread [stack: 0x00000000181c0000,0x00000000182c0000] [id=8984]

VM state:not at safepoint (normal execution)

VM Mutex/Monitor currently owned by a thread: None

Heap:
 PSYoungGen      total 75776K, used 54206K [0x00000000eab00000, 0x00000000f3f00000, 0x0000000100000000)
  eden space 65024K, 66% used [0x00000000eab00000,0x00000000ed5753a8,0x00000000eea80000)
  from space 10752K, 99% used [0x00000000eea80000,0x00000000ef4fa830,0x00000000ef500000)
  to   space 10752K, 0% used [0x00000000f3480000,0x00000000f3480000,0x00000000f3f00000)
 ParOldGen       total 173568K, used 518K [0x00000000c0000000, 0x00000000ca980000, 0x00000000eab00000)
  object space 173568K, 0% used [0x00000000c0000000,0x00000000c0081b60,0x00000000ca980000)
 Metaspace       used 6185K, capacity 7152K, committed 7296K, reserved 1056768K
  class space    used 589K, capacity 616K, committed 640K, reserved 1048576K

Card table byte_map: [0x0000000011e90000,0x00000000120a0000] byte_map_base: 0x0000000011890000

Marking Bits: (ParMarkBitMap*) 0x000000005f419d00
 Begin Bits: [0x0000000012a00000, 0x0000000013a00000)
 End Bits:   [0x0000000013a00000, 0x0000000014a00000)

Polling page: 0x0000000002790000

CodeCache: size=245760Kb used=7011Kb max_used=7011Kb free=238748Kb
 bounds [0x0000000002ad0000, 0x00000000031c0000, 0x0000000011ad0000]
 total_blobs=1952 nmethods=1684 adapters=182
 compilation: enabled

Compilation events (10 events):
Event: 2.731 Thread 0x000000001755b800 1611       2       com.android.dx.ssa.SsaMethod::updateOneDefinition (70 bytes)
Event: 2.731 Thread 0x000000001755b800 nmethod 1611 0x000000000315cf50 code [0x000000000315d0e0, 0x000000000315d428]
Event: 2.732 Thread 0x0000000017559000 nmethod 1607 0x000000000316f4d0 code [0x000000000316f6e0, 0x0000000003170be8]
Event: 2.732 Thread 0x0000000017559000 1610       4       com.android.dx.ssa.DeadCodeRemover::isCircularNoSideEffect (140 bytes)
Event: 2.732 Thread 0x000000001755b800 1612       1       com.android.dx.ssa.PhiInsn::canThrow (2 bytes)
Event: 2.732 Thread 0x000000001755b800 nmethod 1612 0x0000000003152a10 code [0x0000000003152b60, 0x0000000003152c70]
Event: 2.734 Thread 0x000000001755b800 1613       2       com.android.dx.ssa.SCCP::simulateBranch (666 bytes)
Event: 2.737 Thread 0x000000001755b800 nmethod 1613 0x000000000316cb90 code [0x000000000316cea0, 0x000000000316de58]
Event: 2.737 Thread 0x000000001755b800 1614       2       com.android.dx.ssa.LiteralOpUpgrader$1::visitNonMoveInsn (203 bytes)
Event: 2.739 Thread 0x000000001755b800 nmethod 1614 0x0000000003172390 code [0x00000000031726e0, 0x0000000003173528]

GC Heap History (2 events):
Event: 2.268 GC heap before
{Heap before GC invocations=1 (full 0):
 PSYoungGen      total 75776K, used 65024K [0x00000000eab00000, 0x00000000eff80000, 0x0000000100000000)
  eden space 65024K, 100% used [0x00000000eab00000,0x00000000eea80000,0x00000000eea80000)
  from space 10752K, 0% used [0x00000000ef500000,0x00000000ef500000,0x00000000eff80000)
  to   space 10752K, 0% used [0x00000000eea80000,0x00000000eea80000,0x00000000ef500000)
 ParOldGen       total 173568K, used 0K [0x00000000c0000000, 0x00000000ca980000, 0x00000000eab00000)
  object space 173568K, 0% used [0x00000000c0000000,0x00000000c0000000,0x00000000ca980000)
 Metaspace       used 6033K, capacity 7088K, committed 7296K, reserved 1056768K
  class space    used 581K, capacity 616K, committed 640K, reserved 1048576K
Event: 2.343 GC heap after
Heap after GC invocations=1 (full 0):
 PSYoungGen      total 75776K, used 10730K [0x00000000eab00000, 0x00000000f3f00000, 0x0000000100000000)
  eden space 65024K, 0% used [0x00000000eab00000,0x00000000eab00000,0x00000000eea80000)
  from space 10752K, 99% used [0x00000000eea80000,0x00000000ef4fa830,0x00000000ef500000)
  to   space 10752K, 0% used [0x00000000f3480000,0x00000000f3480000,0x00000000f3f00000)
 ParOldGen       total 173568K, used 518K [0x00000000c0000000, 0x00000000ca980000, 0x00000000eab00000)
  object space 173568K, 0% used [0x00000000c0000000,0x00000000c0081b60,0x00000000ca980000)
 Metaspace       used 6033K, capacity 7088K, committed 7296K, reserved 1056768K
  class space    used 581K, capacity 616K, committed 640K, reserved 1048576K
}

Deoptimization events (10 events):
Event: 2.344 Thread 0x00000000177ba800 Uncommon trap: reason=bimorphic action=maybe_recompile pc=0x00000000030f0838 method=com.android.dx.ssa.SCCP.setLatticeValueTo(IILcom/android/dx/rop/cst/Constant;)Z @ 43
Event: 2.348 Thread 0x00000000177ba800 Uncommon trap: reason=bimorphic action=maybe_recompile pc=0x00000000030f0838 method=com.android.dx.ssa.SCCP.setLatticeValueTo(IILcom/android/dx/rop/cst/Constant;)Z @ 43
Event: 2.431 Thread 0x00000000029cd800 Uncommon trap: reason=bimorphic action=maybe_recompile pc=0x00000000030f0838 method=com.android.dx.ssa.SCCP.setLatticeValueTo(IILcom/android/dx/rop/cst/Constant;)Z @ 43
Event: 2.431 Thread 0x00000000029cd800 Uncommon trap: reason=bimorphic action=maybe_recompile pc=0x00000000030f0838 method=com.android.dx.ssa.SCCP.setLatticeValueTo(IILcom/android/dx/rop/cst/Constant;)Z @ 43
Event: 2.595 Thread 0x00000000029cd800 Uncommon trap: reason=unstable_if action=reinterpret pc=0x0000000003144f80 method=com.android.dx.ssa.LocalVariableExtractor.processBlock(I)V @ 251
Event: 2.638 Thread 0x00000000177ac000 Uncommon trap: reason=unstable_if action=reinterpret pc=0x0000000002e3cbb4 method=java.util.HashMap.putVal(ILjava/lang/Object;Ljava/lang/Object;ZZ)Ljava/lang/Object; @ 162
Event: 2.716 Thread 0x00000000177ac000 Uncommon trap: reason=class_check action=maybe_recompile pc=0x0000000002f26c78 method=com.android.dx.rop.cst.CstKnownNull.equals(Ljava/lang/Object;)Z @ 1
Event: 2.730 Thread 0x00000000177ac000 Uncommon trap: reason=unstable_if action=reinterpret pc=0x00000000030fa0d8 method=com.android.dx.ssa.SCCP.simulateBranch(Lcom/android/dx/ssa/SsaInsn;)V @ 64
Event: 2.730 Thread 0x00000000177ac000 Uncommon trap: reason=unstable_if action=reinterpret pc=0x00000000031538d0 method=com.android.dx.ssa.LiteralOpUpgrader$1.visitNonMoveInsn(Lcom/android/dx/ssa/NormalSsaInsn;)V @ 55
Event: 2.731 Thread 0x00000000177ac000 Uncommon trap: reason=unstable_if action=reinterpret pc=0x0000000002eda6dc method=com.android.dx.ssa.SsaMethod.updateOneDefinition(Lcom/android/dx/ssa/SsaInsn;Lcom/android/dx/rop/code/RegisterSpec;)V @ 4

Internal exceptions (6 events):
Event: 0.529 Thread 0x00000000029cd800 Exception <a 'java/lang/NoSuchMethodError': Method sun.misc.Unsafe.defineClass(Ljava/lang/String;[BII)Ljava/lang/Class; name or signature does not match> (0x00000000eab07cc0) thrown at [C:\src\android\AOSP-openjdk\external\jetbrains\jdk\hotspot\src\share\vÝôŠytðà?
Event: 0.529 Thread 0x00000000029cd800 Exception <a 'java/lang/NoSuchMethodError': Method sun.misc.Unsafe.prefetchRead(Ljava/lang/Object;J)V name or signature does not match> (0x00000000eab07fa8) thrown at [C:\src\android\AOSP-openjdk\external\jetbrains\jdk\hotspot\src\share\vm\prims\jni.cpp, l‚>ØØ—ú?
Event: 1.662 Thread 0x00000000177ac000 Implicit null exception at 0x0000000002ee35e2 to 0x0000000002ee36d2
Event: 2.107 Thread 0x00000000177b2000 Exception <a 'java/lang/ArrayIndexOutOfBoundsException': 18> (0x00000000edb0c2b8) thrown at [C:\src\android\AOSP-openjdk\external\jetbrains\jdk\hotspot\src\share\vm\interpreter\interpreterRuntime.cpp, line 366]
Event: 2.639 Thread 0x00000000177ac000 Exception <a 'java/lang/ArrayIndexOutOfBoundsException'> (0x00000000ec09b248) thrown at [C:\src\android\AOSP-openjdk\external\jetbrains\jdk\hotspot\src\share\vm\runtime\sharedRuntime.cpp, line 605]
Event: 2.640 Thread 0x00000000177ac000 Exception <a 'java/lang/ArrayIndexOutOfBoundsException'> (0x00000000ec09c530) thrown at [C:\src\android\AOSP-openjdk\external\jetbrains\jdk\hotspot\src\share\vm\runtime\sharedRuntime.cpp, line 605]

Events (10 events):
Event: 2.730 Thread 0x00000000177ac000 DEOPT PACKING pc=0x00000000030fa0d8 sp=0x00000000185be4e0
Event: 2.730 Thread 0x00000000177ac000 DEOPT UNPACKING pc=0x0000000002b1556a sp=0x00000000185be4d0 mode 2
Event: 2.730 Thread 0x00000000177ac000 Uncommon trap: trap_request=0xffffff65 fr.pc=0x00000000031538d0
Event: 2.730 Thread 0x00000000177ac000 DEOPT PACKING pc=0x00000000031538d0 sp=0x00000000185be680
Event: 2.730 Thread 0x00000000177ac000 DEOPT UNPACKING pc=0x0000000002b1556a sp=0x00000000185be630 mode 2
Event: 2.730 loading class com/android/dx/rop/code/RegOps
Event: 2.730 loading class com/android/dx/rop/code/RegOps done
Event: 2.731 Thread 0x00000000177ac000 Uncommon trap: trap_request=0xffffff65 fr.pc=0x0000000002eda6dc
Event: 2.731 Thread 0x00000000177ac000 DEOPT PACKING pc=0x0000000002eda6dc sp=0x00000000185be490
Event: 2.731 Thread 0x00000000177ac000 DEOPT UNPACKING pc=0x0000000002b1556a sp=0x00000000185be438 mode 2


Dynamic libraries:
0x00007ff788a70000 - 0x00007ff788aa1000 	C:\Program Files\Android\Android Studio\jre\bin\java.exe
0x00007ffaa7010000 - 0x00007ffaa71e1000 	C:\WINDOWS\SYSTEM32\ntdll.dll
0x00007ffaa4850000 - 0x00007ffaa48fb000 	C:\WINDOWS\System32\KERNEL32.DLL
0x00007ffaa4160000 - 0x00007ffaa437d000 	C:\WINDOWS\System32\KERNELBASE.dll
0x00007ffaa1340000 - 0x00007ffaa13ba000 	C:\WINDOWS\system32\apphelp.dll
0x00007ffaa49a0000 - 0x00007ffaa4a42000 	C:\WINDOWS\System32\ADVAPI32.dll
0x00007ffaa5160000 - 0x00007ffaa51fe000 	C:\WINDOWS\System32\msvcrt.dll
0x00007ffaa5630000 - 0x00007ffaa5689000 	C:\WINDOWS\System32\sechost.dll
0x00007ffaa4e00000 - 0x00007ffaa4f21000 	C:\WINDOWS\System32\RPCRT4.dll
0x00007ffaa4c10000 - 0x00007ffaa4d75000 	C:\WINDOWS\System32\USER32.dll
0x00007ffaa4140000 - 0x00007ffaa415e000 	C:\WINDOWS\System32\win32u.dll
0x00007ffaa4d90000 - 0x00007ffaa4dc4000 	C:\WINDOWS\System32\GDI32.dll
0x00007ffaa3df0000 - 0x00007ffaa3f72000 	C:\WINDOWS\System32\gdi32full.dll
0x00007ffaa2360000 - 0x00007ffaa25d9000 	C:\WINDOWS\WinSxS\amd64_microsoft.windows.common-controls_6595b64144ccf1df_6.0.14393.447_none_42191651c6827bb3\COMCTL32.dll
0x00007ffaa6d40000 - 0x00007ffaa7007000 	C:\WINDOWS\System32\combase.dll
0x00007ffaa3cf0000 - 0x00007ffaa3de5000 	C:\WINDOWS\System32\ucrtbase.dll
0x00007ffaa4020000 - 0x00007ffaa408a000 	C:\WINDOWS\System32\bcryptPrimitives.dll
0x00007ffaa4dd0000 - 0x00007ffaa4dfe000 	C:\WINDOWS\System32\IMM32.DLL
0x00000000605a0000 - 0x0000000060672000 	C:\Program Files\Android\Android Studio\jre\jre\bin\msvcr100.dll
0x000000005ec60000 - 0x000000005f494000 	C:\Program Files\Android\Android Studio\jre\jre\bin\server\jvm.dll
0x00007ffaa5010000 - 0x00007ffaa5018000 	C:\WINDOWS\System32\PSAPI.DLL
0x00007ffa94f30000 - 0x00007ffa94f39000 	C:\WINDOWS\SYSTEM32\WSOCK32.dll
0x00007ffaa4f90000 - 0x00007ffaa4ffa000 	C:\WINDOWS\System32\WS2_32.dll
0x00007ffaa0c00000 - 0x00007ffaa0c23000 	C:\WINDOWS\SYSTEM32\WINMM.dll
0x00007ffaa2160000 - 0x00007ffaa216a000 	C:\WINDOWS\SYSTEM32\VERSION.dll
0x00007ffaa0ba0000 - 0x00007ffaa0bcb000 	C:\WINDOWS\SYSTEM32\WINMMBASE.dll
0x00007ffaa4550000 - 0x00007ffaa4592000 	C:\WINDOWS\System32\cfgmgr32.dll
0x00007ffa9f220000 - 0x00007ffa9f22f000 	C:\Program Files\Android\Android Studio\jre\jre\bin\verify.dll
0x00007ffa9bcf0000 - 0x00007ffa9bd19000 	C:\Program Files\Android\Android Studio\jre\jre\bin\java.dll
0x00007ffa9b690000 - 0x00007ffa9b6a6000 	C:\Program Files\Android\Android Studio\jre\jre\bin\zip.dll
0x00007ffaa5830000 - 0x00007ffaa6d39000 	C:\WINDOWS\System32\SHELL32.dll
0x00007ffaa3500000 - 0x00007ffaa3bda000 	C:\WINDOWS\System32\windows.storage.dll
0x00007ffaa3490000 - 0x00007ffaa34dc000 	C:\WINDOWS\System32\powrprof.dll
0x00007ffaa4610000 - 0x00007ffaa4662000 	C:\WINDOWS\System32\shlwapi.dll
0x00007ffaa3470000 - 0x00007ffaa347f000 	C:\WINDOWS\System32\kernel.appcore.dll
0x00007ffaa3c40000 - 0x00007ffaa3ce9000 	C:\WINDOWS\System32\shcore.dll
0x00007ffaa34e0000 - 0x00007ffaa34f4000 	C:\WINDOWS\System32\profapi.dll

VM Arguments:
jvm_args: -Djava.awt.headless=true -Xmx1024M -Dfile.encoding=windows-1252 -Duser.country=US -Duser.language=en -Duser.variant 
java_command: com.android.dx.command.Main --dex --force-jumbo --num-threads=4 --output C:\Users\Ranjan\Desktop\UMASS\CS446 Android Development\GoogleMap\app\build\intermediates\pre-dexed\debug\com.android.support-support-v4-23.1.0_6d2b3f970aed42d22cf149d516befa821d1c3b50.jar C:\Users\Ranjan\Desktop\UMASS\CS446 Android Development\GoogleMap\app\build\intermediates\exploded-aar\com.android.support\support-v4\23.1.0\jars\classes.jar
java_class_path (initial): C:\Users\Ranjan\AppData\Local\Android\sdk\build-tools\23.0.1\lib\dx.jar
Launcher Type: SUN_STANDARD

Environment Variables:
JAVA_HOME=C:\Program Files\Java\jdk1.8.0_31
PATH=C:\Program Files (x86)\iis express\PHP\v5.3;C:\Program Files (x86)\iis express\PHP\v5.5;C:\ProgramData\Oracle\Java\javapath;C:\Program Files (x86)\Intel\iCLS Client\;C:\Program Files\Intel\iCLS Client\;C:\WINDOWS\system32;C:\WINDOWS;C:\WINDOWS\System32\Wbem;C:\WINDOWS\System32\WindowsPowerShell\v1.0\;C:\Program Files\Intel\Intel(R) Management Engine Components\DAL;C:\Program Files\Intel\Intel(R) Management Engine Components\IPT;C:\Program Files (x86)\Intel\Intel(R) Management Engine Components\DAL;C:\Program Files (x86)\Intel\Intel(R) Management Engine Components\IPT;C:\Program Files\Intel\WiFi\bin\;C:\Program Files\Common Files\Intel\WirelessCommon\;C:\Program Files\ThinkPad\Bluetooth Software\;C:\Program Files\ThinkPad\Bluetooth Software\syswow64;C:\Program Files (x86)\Intel\OpenCL SDK\2.0\bin\x86;C:\Program Files (x86)\Intel\OpenCL SDK\2.0\bin\x64;C:\ProgramData\Lenovo\ReadyApps;C:\Program Files (x86)\Microsoft SQL Server\100\Tools\Binn\;C:\Program Files\Microsoft SQL Server\100\Tools\Binn\;C:\Program File;C:\Program Files (x86)\Skype\Phone\;C:\WINDOWS\system32;C:\WINDOWS;C:\WINDOWS\System32\Wbem;C:\WINDOWS\System32\WindowsPowerShell\v1.0\;C:\Program Files\Microsoft SQL Server\130\Tools\Binn\;C:\Program Files (x86)\Windows Kits\10\Windows Performance Toolkit\;C:\Program Files\Git\cmd;C:\Program Files\dotnet\;C:\Program Files\Microsoft DNX\Dnvm\;C:\Users\Ranjan\AppData\Roaming\npm;C:\Program Files (x86)\SSH Communications Security\SSH Secure Shell;C:\Users\Ranjan\AppData\Local\Microsoft\WindowsApps
USERNAME=Ranjan
OS=Windows_NT
PROCESSOR_IDENTIFIER=Intel64 Family 6 Model 58 Stepping 9, GenuineIntel



---------------  S Y S T E M  ---------------

OS: Windows 10.0 , 64 bit Build 14393 (10.0.14393.0)

CPU:total 8 (4 cores per cpu, 2 threads per core) family 6 model 58 stepping 9, cmov, cx8, fxsr, mmx, sse, sse2, sse3, ssse3, sse4.1, sse4.2, popcnt, avx, aes, clmul, erms, ht, tsc, tscinvbit, tscinv

Memory: 4k page, physical 16587684k(4994152k free), swap 17636260k(4172k free)

vm_info: OpenJDK 64-Bit Server VM (25.76-b03) for windows-amd64 JRE (1.8.0_76-release-b03), built on Jun 29 2016 19:09:20 by "ralucas" with MS VC++ 10.0 (VS2010)

time: Sun Nov 13 15:43:39 2016
elapsed time: 2 seconds (0d 0h 0m 2s)

