#
# There is insufficient memory for the Java Runtime Environment to continue.
# Native memory allocation (malloc) failed to allocate 660896 bytes for Chunk::new
# Possible reasons:
#   The system is out of physical RAM or swap space
#   In 32 bit mode, the process size limit was hit
# Possible solutions:
#   Reduce memory load on the system
#   Increase physical memory or swap space
#   Check if swap backing store is full
#   Use 64 bit Java on a 64 bit OS
#   Decrease Java heap size (-Xmx/-Xms)
#   Decrease number of Java threads
#   Decrease Java thread stack sizes (-Xss)
#   Set larger code cache with -XX:ReservedCodeCacheSize=
# This output file may be truncated or incomplete.
#
#  Out of Memory Error (allocation.cpp:390), pid=8324, tid=0x00000000000017ac
#
# JRE version: OpenJDK Runtime Environment (8.0_76-b03) (build 1.8.0_76-release-b03)
# Java VM: OpenJDK 64-Bit Server VM (25.76-b03 mixed mode windows-amd64 compressed oops)
# Failed to write core dump. Minidumps are not enabled by default on client versions of Windows
#

---------------  T H R E A D  ---------------

Current thread (0x0000000017bb0800):  JavaThread "C2 CompilerThread2" daemon [_thread_in_native, id=6060, stack(0x0000000018570000,0x0000000018670000)]

Stack: [0x0000000018570000,0x0000000018670000]
[error occurred during error reporting (printing stack bounds), id 0xc0000005]

Native frames: (J=compiled Java code, j=interpreted, Vv=VM code, C=native code)


Current CompileTask:
C2:   1072 1149   !   4       com.android.dx.cf.code.BytecodeArray::parseInstruction (2764 bytes)


---------------  P R O C E S S  ---------------

Java Threads: ( => current thread )
  0x0000000017e6b800 JavaThread "pool-1-thread-4" [_thread_in_Java, id=16440, stack(0x0000000018d70000,0x0000000018e70000)]
  0x0000000017e68800 JavaThread "pool-1-thread-3" [_thread_in_Java, id=15656, stack(0x0000000018c70000,0x0000000018d70000)]
  0x0000000017e63800 JavaThread "pool-1-thread-2" [_thread_in_Java, id=4084, stack(0x0000000018b70000,0x0000000018c70000)]
  0x0000000017e5d800 JavaThread "pool-2-thread-1" [_thread_blocked, id=9404, stack(0x0000000018a70000,0x0000000018b70000)]
  0x0000000017e5d000 JavaThread "pool-1-thread-1" [_thread_in_Java, id=5776, stack(0x0000000018970000,0x0000000018a70000)]
  0x0000000017c40000 JavaThread "Service Thread" daemon [_thread_blocked, id=12264, stack(0x0000000018770000,0x0000000018870000)]
  0x0000000017bb8000 JavaThread "C1 CompilerThread3" daemon [_thread_in_native, id=13060, stack(0x0000000018670000,0x0000000018770000)]
=>0x0000000017bb0800 JavaThread "C2 CompilerThread2" daemon [_thread_in_native, id=6060, stack(0x0000000018570000,0x0000000018670000)]
  0x0000000017bac000 JavaThread "C2 CompilerThread1" daemon [_thread_in_native, id=2140, stack(0x0000000018470000,0x0000000018570000)]
  0x0000000017baa000 JavaThread "C2 CompilerThread0" daemon [_thread_in_native, id=10948, stack(0x0000000018370000,0x0000000018470000)]
  0x0000000017ba7800 JavaThread "Attach Listener" daemon [_thread_blocked, id=7752, stack(0x0000000018270000,0x0000000018370000)]
  0x0000000015cae000 JavaThread "Signal Dispatcher" daemon [_thread_blocked, id=1168, stack(0x0000000018170000,0x0000000018270000)]
  0x0000000015ca1000 JavaThread "Finalizer" daemon [_thread_blocked, id=10940, stack(0x0000000017f80000,0x0000000018080000)]
  0x0000000003177000 JavaThread "Reference Handler" daemon [_thread_blocked, id=1720, stack(0x0000000017a80000,0x0000000017b80000)]
  0x000000000307d800 JavaThread "main" [_thread_in_Java, id=5360, stack(0x0000000002f10000,0x0000000003010000)]

Other Threads:
  0x0000000015c95800 VMThread [stack: 0x0000000017980000,0x0000000017a80000] [id=17436]
  0x0000000017c40800 WatcherThread [stack: 0x0000000018870000,0x0000000018970000] [id=8240]

VM state:not at safepoint (normal execution)

VM Mutex/Monitor currently owned by a thread: None

Heap:
 PSYoungGen      total 75776K, used 37720K [0x00000000eab00000, 0x00000000eff80000, 0x0000000100000000)
  eden space 65024K, 58% used [0x00000000eab00000,0x00000000ecfd60b8,0x00000000eea80000)
  from space 10752K, 0% used [0x00000000ef500000,0x00000000ef500000,0x00000000eff80000)
  to   space 10752K, 0% used [0x00000000eea80000,0x00000000eea80000,0x00000000ef500000)
 ParOldGen       total 173568K, used 0K [0x00000000c0000000, 0x00000000ca980000, 0x00000000eab00000)
  object space 173568K, 0% used [0x00000000c0000000,0x00000000c0000000,0x00000000ca980000)
 Metaspace       used 5826K, capacity 6896K, committed 7040K, reserved 1056768K
  class space    used 564K, capacity 616K, committed 640K, reserved 1048576K

Card table byte_map: [0x0000000012540000,0x0000000012750000] byte_map_base: 0x0000000011f40000

Marking Bits: (ParMarkBitMap*) 0x000000005f419d00
 Begin Bits: [0x00000000130b0000, 0x00000000140b0000)
 End Bits:   [0x00000000140b0000, 0x00000000150b0000)

Polling page: 0x00000000011a0000

CodeCache: size=245760Kb used=4717Kb max_used=4728Kb free=241042Kb
 bounds [0x0000000003180000, 0x0000000003630000, 0x0000000012180000]
 total_blobs=1461 nmethods=1193 adapters=182
 compilation: enabled

Compilation events (10 events):
Event: 1.065 Thread 0x0000000017bac000 1215       4       com.android.dx.rop.cst.Constant::compareTo (33 bytes)
Event: 1.066 Thread 0x0000000017bac000 nmethod 1215 0x000000000361f490 code [0x000000000361f5e0, 0x000000000361f698]
Event: 1.066 Thread 0x0000000017bac000 1197       4       java.util.ArrayList$SubList::<init> (46 bytes)
Event: 1.067 Thread 0x0000000017bac000 nmethod 1197 0x000000000361f210 code [0x000000000361f340, 0x000000000361f3d8]
Event: 1.067 Thread 0x0000000017bac000 1198       4       java.util.ArrayList::subListRangeCheck (110 bytes)
Event: 1.067 Thread 0x0000000017bac000 nmethod 1198 0x000000000361ef90 code [0x000000000361f0c0, 0x000000000361f158]
Event: 1.068 Thread 0x0000000017bac000 1219 %     4       com.android.dx.ssa.SsaMethod::computeReachability @ 8 (131 bytes)
Event: 1.070 Thread 0x0000000017bb8000 1217       1       com.android.dx.cf.code.BaseMachine::auxType (6 bytes)
Event: 1.070 Thread 0x0000000017bb8000 nmethod 1217 0x000000000360fbd0 code [0x000000000360fd20, 0x000000000360fe50]
Event: 1.070 Thread 0x0000000017bb8000 1211       3       com.android.dx.ssa.Dominators::run (506 bytes)

GC Heap History (0 events):
No events

Deoptimization events (3 events):
Event: 0.648 Thread 0x0000000017e68800 Uncommon trap: reason=unstable_if action=reinterpret pc=0x00000000033cd1b0 method=java.util.BitSet.nextSetBit(I)I @ 87
Event: 0.686 Thread 0x0000000017e63800 Uncommon trap: reason=unstable_if action=reinterpret pc=0x0000000003383b18 method=java.util.HashMap.getNode(ILjava/lang/Object;)Ljava/util/HashMap$Node; @ 129
Event: 1.020 Thread 0x0000000017e63800 Uncommon trap: reason=unstable_if action=reinterpret pc=0x00000000034fff68 method=com.android.dx.rop.code.RegisterSpecSet.put(Lcom/android/dx/rop/code/RegisterSpec;)V @ 77

Internal exceptions (2 events):
Event: 0.046 Thread 0x000000000307d800 Exception <a 'java/lang/NoSuchMethodError': Method sun.misc.Unsafe.defineClass(Ljava/lang/String;[BII)Ljava/lang/Class; name or signature does not match> (0x00000000eab07cc0) thrown at [C:\src\android\AOSP-openjdk\external\jetbrains\jdk\hotspot\src\share\vW×ÝÑll§?
Event: 0.046 Thread 0x000000000307d800 Exception <a 'java/lang/NoSuchMethodError': Method sun.misc.Unsafe.prefetchRead(Ljava/lang/Object;J)V name or signature does not match> (0x00000000eab07fa8) thrown at [C:\src\android\AOSP-openjdk\external\jetbrains\jdk\hotspot\src\share\vm\prims\jni.cpp, l

Events (10 events):
Event: 1.020 Thread 0x0000000017e63800 DEOPT PACKING pc=0x00000000034fff68 sp=0x0000000018c6e8e0
Event: 1.020 Thread 0x0000000017e63800 DEOPT UNPACKING pc=0x00000000031c556a sp=0x0000000018c6e800 mode 2
Event: 1.022 loading class com/android/dx/cf/direct/AnnotationParser
Event: 1.022 loading class com/android/dx/cf/direct/AnnotationParser done
Event: 1.023 loading class com/android/dx/cf/attrib/AttRuntimeVisibleAnnotations
Event: 1.023 loading class com/android/dx/cf/attrib/AttRuntimeVisibleAnnotations done
Event: 1.023 loading class com/android/dx/cf/attrib/BaseAnnotations
Event: 1.023 loading class com/android/dx/cf/attrib/BaseAnnotations done
Event: 1.026 Executing VM operation: ForceSafepoint
Event: 1.027 Executing VM operation: ForceSafepoint done


Dynamic libraries:
0x00007ff788a70000 - 0x00007ff788aa1000 	C:\Program Files\Android\Android Studio\jre\bin\java.exe
0x00007ffaa7010000 - 0x00007ffaa71e1000 	C:\WINDOWS\SYSTEM32\ntdll.dll
0x00007ffaa4850000 - 0x00007ffaa48fb000 	C:\WINDOWS\System32\KERNEL32.DLL
0x00007ffaa4160000 - 0x00007ffaa437d000 	C:\WINDOWS\System32\KERNELBASE.dll
0x00007ffaa1340000 - 0x00007ffaa13ba000 	C:\WINDOWS\system32\apphelp.dll
0x00007ffaa49a0000 - 0x00007ffaa4a42000 	C:\WINDOWS\System32\ADVAPI32.dll
0x00007ffaa5160000 - 0x00007ffaa51fe000 	C:\WINDOWS\System32\msvcrt.dll
0x00007ffaa5630000 - 0x00007ffaa5689000 	C:\WINDOWS\System32\sechost.dll
0x00007ffaa4e00000 - 0x00007ffaa4f21000 	C:\WINDOWS\System32\RPCRT4.dll
0x00007ffaa4c10000 - 0x00007ffaa4d75000 	C:\WINDOWS\System32\USER32.dll
0x00007ffaa4140000 - 0x00007ffaa415e000 	C:\WINDOWS\System32\win32u.dll
0x00007ffaa4d90000 - 0x00007ffaa4dc4000 	C:\WINDOWS\System32\GDI32.dll
0x00007ffaa3df0000 - 0x00007ffaa3f72000 	C:\WINDOWS\System32\gdi32full.dll
0x00007ffaa2360000 - 0x00007ffaa25d9000 	C:\WINDOWS\WinSxS\amd64_microsoft.windows.common-controls_6595b64144ccf1df_6.0.14393.447_none_42191651c6827bb3\COMCTL32.dll
0x00007ffaa6d40000 - 0x00007ffaa7007000 	C:\WINDOWS\System32\combase.dll
0x00007ffaa3cf0000 - 0x00007ffaa3de5000 	C:\WINDOWS\System32\ucrtbase.dll
0x00007ffaa4020000 - 0x00007ffaa408a000 	C:\WINDOWS\System32\bcryptPrimitives.dll
0x00007ffaa4dd0000 - 0x00007ffaa4dfe000 	C:\WINDOWS\System32\IMM32.DLL
0x0000000060550000 - 0x0000000060622000 	C:\Program Files\Android\Android Studio\jre\jre\bin\msvcr100.dll
0x000000005ec60000 - 0x000000005f494000 	C:\Program Files\Android\Android Studio\jre\jre\bin\server\jvm.dll
0x00007ffaa5010000 - 0x00007ffaa5018000 	C:\WINDOWS\System32\PSAPI.DLL
0x00007ffaa2160000 - 0x00007ffaa216a000 	C:\WINDOWS\SYSTEM32\VERSION.dll
0x00007ffa94f30000 - 0x00007ffa94f39000 	C:\WINDOWS\SYSTEM32\WSOCK32.dll
0x00007ffaa0c00000 - 0x00007ffaa0c23000 	C:\WINDOWS\SYSTEM32\WINMM.dll
0x00007ffaa0ba0000 - 0x00007ffaa0bcb000 	C:\WINDOWS\SYSTEM32\WINMMBASE.dll
0x00007ffaa4f90000 - 0x00007ffaa4ffa000 	C:\WINDOWS\System32\WS2_32.dll
0x00007ffaa4550000 - 0x00007ffaa4592000 	C:\WINDOWS\System32\cfgmgr32.dll
0x00007ffa9f220000 - 0x00007ffa9f22f000 	C:\Program Files\Android\Android Studio\jre\jre\bin\verify.dll
0x00007ffa9bcf0000 - 0x00007ffa9bd19000 	C:\Program Files\Android\Android Studio\jre\jre\bin\java.dll
0x00007ffa9b690000 - 0x00007ffa9b6a6000 	C:\Program Files\Android\Android Studio\jre\jre\bin\zip.dll
0x00007ffaa5830000 - 0x00007ffaa6d39000 	C:\WINDOWS\System32\SHELL32.dll
0x00007ffaa3500000 - 0x00007ffaa3bda000 	C:\WINDOWS\System32\windows.storage.dll
0x00007ffaa3490000 - 0x00007ffaa34dc000 	C:\WINDOWS\System32\powrprof.dll
0x00007ffaa4610000 - 0x00007ffaa4662000 	C:\WINDOWS\System32\shlwapi.dll
0x00007ffaa3470000 - 0x00007ffaa347f000 	C:\WINDOWS\System32\kernel.appcore.dll
0x00007ffaa3c40000 - 0x00007ffaa3ce9000 	C:\WINDOWS\System32\shcore.dll
0x00007ffaa34e0000 - 0x00007ffaa34f4000 	C:\WINDOWS\System32\profapi.dll

VM Arguments:
jvm_args: -Djava.awt.headless=true -Xmx1024M -Dfile.encoding=windows-1252 -Duser.country=US -Duser.language=en -Duser.variant 
java_command: com.android.dx.command.Main --dex --force-jumbo --num-threads=4 --output C:\Users\Ranjan\Desktop\UMASS\CS446 Android Development\GoogleMap\app\build\intermediates\pre-dexed\debug\com.google.android.gms-play-services-nearby-8.1.0_4ac7c5e5ad6cfe29043b512829fcfd4c736040bd.jar C:\Users\Ranjan\Desktop\UMASS\CS446 Android Development\GoogleMap\app\build\intermediates\exploded-aar\com.google.android.gms\play-services-nearby\8.1.0\jars\classes.jar
java_class_path (initial): C:\Users\Ranjan\AppData\Local\Android\sdk\build-tools\23.0.1\lib\dx.jar
Launcher Type: SUN_STANDARD

Environment Variables:
JAVA_HOME=C:\Program Files\Java\jdk1.8.0_31
PATH=C:\Program Files (x86)\iis express\PHP\v5.3;C:\Program Files (x86)\iis express\PHP\v5.5;C:\ProgramData\Oracle\Java\javapath;C:\Program Files (x86)\Intel\iCLS Client\;C:\Program Files\Intel\iCLS Client\;C:\WINDOWS\system32;C:\WINDOWS;C:\WINDOWS\System32\Wbem;C:\WINDOWS\System32\WindowsPowerShell\v1.0\;C:\Program Files\Intel\Intel(R) Management Engine Components\DAL;C:\Program Files\Intel\Intel(R) Management Engine Components\IPT;C:\Program Files (x86)\Intel\Intel(R) Management Engine Components\DAL;C:\Program Files (x86)\Intel\Intel(R) Management Engine Components\IPT;C:\Program Files\Intel\WiFi\bin\;C:\Program Files\Common Files\Intel\WirelessCommon\;C:\Program Files\ThinkPad\Bluetooth Software\;C:\Program Files\ThinkPad\Bluetooth Software\syswow64;C:\Program Files (x86)\Intel\OpenCL SDK\2.0\bin\x86;C:\Program Files (x86)\Intel\OpenCL SDK\2.0\bin\x64;C:\ProgramData\Lenovo\ReadyApps;C:\Program Files (x86)\Microsoft SQL Server\100\Tools\Binn\;C:\Program Files\Microsoft SQL Server\100\Tools\Binn\;C:\Program File;C:\Program Files (x86)\Skype\Phone\;C:\WINDOWS\system32;C:\WINDOWS;C:\WINDOWS\System32\Wbem;C:\WINDOWS\System32\WindowsPowerShell\v1.0\;C:\Program Files\Microsoft SQL Server\130\Tools\Binn\;C:\Program Files (x86)\Windows Kits\10\Windows Performance Toolkit\;C:\Program Files\Git\cmd;C:\Program Files\dotnet\;C:\Program Files\Microsoft DNX\Dnvm\;C:\Users\Ranjan\AppData\Roaming\npm;C:\Program Files (x86)\SSH Communications Security\SSH Secure Shell;C:\Users\Ranjan\AppData\Local\Microsoft\WindowsApps
USERNAME=Ranjan
OS=Windows_NT
PROCESSOR_IDENTIFIER=Intel64 Family 6 Model 58 Stepping 9, GenuineIntel



---------------  S Y S T E M  ---------------

OS: Windows 10.0 , 64 bit Build 14393 (10.0.14393.0)

CPU:total 8 (4 cores per cpu, 2 threads per core) family 6 model 58 stepping 9, cmov, cx8, fxsr, mmx, sse, sse2, sse3, ssse3, sse4.1, sse4.2, popcnt, avx, aes, clmul, erms, ht, tsc, tscinvbit, tscinv

Memory: 4k page, physical 16587684k(4713344k free), swap 17636260k(5184k free)

vm_info: OpenJDK 64-Bit Server VM (25.76-b03) for windows-amd64 JRE (1.8.0_76-release-b03), built on Jun 29 2016 19:09:20 by "ralucas" with MS VC++ 10.0 (VS2010)

time: Sun Nov 13 15:40:55 2016
elapsed time: 1 seconds (0d 0h 0m 1s)

