#
# There is insufficient memory for the Java Runtime Environment to continue.
# Native memory allocation (malloc) failed to allocate 225456 bytes for Chunk::new
# Possible reasons:
#   The system is out of physical RAM or swap space
#   In 32 bit mode, the process size limit was hit
# Possible solutions:
#   Reduce memory load on the system
#   Increase physical memory or swap space
#   Check if swap backing store is full
#   Use 64 bit Java on a 64 bit OS
#   Decrease Java heap size (-Xmx/-Xms)
#   Decrease number of Java threads
#   Decrease Java thread stack sizes (-Xss)
#   Set larger code cache with -XX:ReservedCodeCacheSize=
# This output file may be truncated or incomplete.
#
#  Out of Memory Error (allocation.cpp:390), pid=12312, tid=0x000000000000175c
#
# JRE version: OpenJDK Runtime Environment (8.0_76-b03) (build 1.8.0_76-release-b03)
# Java VM: OpenJDK 64-Bit Server VM (25.76-b03 mixed mode windows-amd64 compressed oops)
# Failed to write core dump. Minidumps are not enabled by default on client versions of Windows
#

---------------  T H R E A D  ---------------

Current thread (0x00000000175ef000):  JavaThread "C2 CompilerThread1" daemon [_thread_in_native, id=5980, stack(0x0000000017eb0000,0x0000000017fb0000)]

Stack: [0x0000000017eb0000,0x0000000017fb0000]
[error occurred during error reporting (printing stack bounds), id 0xc0000005]

Native frames: (J=compiled Java code, j=interpreted, Vv=VM code, C=native code)


Current CompileTask:
C2:   2015 1089       4       com.android.dx.ssa.SsaMethod::forEachInsn (36 bytes)


---------------  P R O C E S S  ---------------

Java Threads: ( => current thread )
  0x0000000017897000 JavaThread "pool-1-thread-4" [_thread_in_Java, id=8896, stack(0x00000000187b0000,0x00000000188b0000)]
  0x0000000017896800 JavaThread "pool-1-thread-3" [_thread_blocked, id=13852, stack(0x00000000186b0000,0x00000000187b0000)]
  0x000000001789d000 JavaThread "pool-1-thread-2" [_thread_in_Java, id=5536, stack(0x00000000185b0000,0x00000000186b0000)]
  0x0000000017891800 JavaThread "pool-2-thread-1" [_thread_blocked, id=11768, stack(0x00000000184b0000,0x00000000185b0000)]
  0x0000000017891000 JavaThread "pool-1-thread-1" [_thread_in_Java, id=13192, stack(0x00000000183b0000,0x00000000184b0000)]
  0x000000001765a800 JavaThread "Service Thread" daemon [_thread_blocked, id=13880, stack(0x00000000181b0000,0x00000000182b0000)]
  0x00000000156ee800 JavaThread "C1 CompilerThread3" daemon [_thread_in_vm, id=16340, stack(0x00000000180b0000,0x00000000181b0000)]
  0x00000000156ed800 JavaThread "C2 CompilerThread2" daemon [_thread_in_native, id=5552, stack(0x0000000017fb0000,0x00000000180b0000)]
=>0x00000000175ef000 JavaThread "C2 CompilerThread1" daemon [_thread_in_native, id=5980, stack(0x0000000017eb0000,0x0000000017fb0000)]
  0x00000000175ed000 JavaThread "C2 CompilerThread0" daemon [_thread_in_native, id=13492, stack(0x0000000017db0000,0x0000000017eb0000)]
  0x00000000175ea800 JavaThread "Attach Listener" daemon [_thread_blocked, id=17212, stack(0x0000000017cb0000,0x0000000017db0000)]
  0x00000000175e7800 JavaThread "Signal Dispatcher" daemon [_thread_blocked, id=17704, stack(0x0000000017bb0000,0x0000000017cb0000)]
  0x0000000002bb8800 JavaThread "Finalizer" daemon [_thread_blocked, id=10352, stack(0x00000000179c0000,0x0000000017ac0000)]
  0x0000000002bb5000 JavaThread "Reference Handler" daemon [_thread_blocked, id=17392, stack(0x00000000174c0000,0x00000000175c0000)]
  0x0000000002a6d800 JavaThread "main" [_thread_in_Java, id=14524, stack(0x0000000002940000,0x0000000002a40000)]

Other Threads:
  0x00000000156d5800 VMThread [stack: 0x00000000173c0000,0x00000000174c0000] [id=10228]
  0x0000000017650000 WatcherThread [stack: 0x00000000182b0000,0x00000000183b0000] [id=5780]

VM state:not at safepoint (normal execution)

VM Mutex/Monitor currently owned by a thread: None

Heap:
 PSYoungGen      total 75776K, used 28623K [0x00000000eab00000, 0x00000000eff80000, 0x0000000100000000)
  eden space 65024K, 44% used [0x00000000eab00000,0x00000000ec6f3ff8,0x00000000eea80000)
  from space 10752K, 0% used [0x00000000ef500000,0x00000000ef500000,0x00000000eff80000)
  to   space 10752K, 0% used [0x00000000eea80000,0x00000000eea80000,0x00000000ef500000)
 ParOldGen       total 173568K, used 0K [0x00000000c0000000, 0x00000000ca980000, 0x00000000eab00000)
  object space 173568K, 0% used [0x00000000c0000000,0x00000000c0000000,0x00000000ca980000)
 Metaspace       used 5777K, capacity 6832K, committed 7040K, reserved 1056768K
  class space    used 564K, capacity 616K, committed 640K, reserved 1048576K

Card table byte_map: [0x0000000011f80000,0x0000000012190000] byte_map_base: 0x0000000011980000

Marking Bits: (ParMarkBitMap*) 0x000000005f419d00
 Begin Bits: [0x0000000012af0000, 0x0000000013af0000)
 End Bits:   [0x0000000013af0000, 0x0000000014af0000)

Polling page: 0x00000000011a0000

CodeCache: size=245760Kb used=4571Kb max_used=4571Kb free=241188Kb
 bounds [0x0000000002bc0000, 0x0000000003040000, 0x0000000011bc0000]
 total_blobs=1427 nmethods=1158 adapters=182
 compilation: disabled (not enough contiguous free space left)

Compilation events (10 events):
Event: 1.967 Thread 0x00000000156ee800 1112       3       com.android.dx.cf.code.BaseMachine::popArgs (127 bytes)
Event: 1.968 Thread 0x00000000156ee800 nmethod 1112 0x0000000003008fd0 code [0x00000000030092e0, 0x000000000300ac28]
Event: 1.968 Thread 0x00000000156ee800 1113       3       com.android.dx.rop.type.Prototype::getParameterFrameTypes (96 bytes)
Event: 1.969 Thread 0x00000000156ee800 nmethod 1113 0x000000000300b850 code [0x000000000300baa0, 0x000000000300cab8]
Event: 1.969 Thread 0x00000000156ee800 1110       3       java.util.concurrent.ThreadPoolExecutor::workerCountOf (5 bytes)
Event: 1.969 Thread 0x00000000156ee800 nmethod 1110 0x0000000002ffa090 code [0x0000000002ffa1e0, 0x0000000002ffa310]
Event: 1.969 Thread 0x00000000156ee800 1111       3       java.util.concurrent.locks.AbstractQueuedSynchronizer::compareAndSetState (13 bytes)
Event: 1.969 Thread 0x00000000156ee800 nmethod 1111 0x0000000003002dd0 code [0x0000000003002f20, 0x0000000003003090]
Event: 1.969 Thread 0x00000000156ee800 1114  s    3       com.android.dx.dex.file.TypeIdsSection::intern (60 bytes)
Event: 1.970 Thread 0x00000000156ee800 nmethod 1114 0x000000000300d550 code [0x000000000300d760, 0x000000000300e408]

GC Heap History (0 events):
No events

Deoptimization events (8 events):
Event: 1.407 Thread 0x0000000017896800 Uncommon trap: reason=unstable_if action=reinterpret pc=0x0000000002dc4b30 method=java.util.BitSet.nextSetBit(I)I @ 87
Event: 1.429 Thread 0x0000000017891000 Uncommon trap: reason=unstable_if action=reinterpret pc=0x0000000002dad460 method=java.util.HashMap.getNode(ILjava/lang/Object;)Ljava/util/HashMap$Node; @ 62
Event: 1.677 Thread 0x0000000017897000 Uncommon trap: reason=unstable_if action=reinterpret pc=0x0000000002ec433c method=com.android.dx.rop.code.RegisterSpec.hashCodeOf(ILcom/android/dx/rop/type/TypeBearer;Lcom/android/dx/rop/code/LocalItem;)I @ 1
Event: 1.677 Thread 0x0000000017897000 Uncommon trap: reason=unstable_if action=reinterpret pc=0x0000000002e3b3f8 method=com.android.dx.rop.code.RegisterSpec.hashCodeOf(ILcom/android/dx/rop/type/TypeBearer;Lcom/android/dx/rop/code/LocalItem;)I @ 1
Event: 1.679 Thread 0x0000000017897000 Uncommon trap: reason=null_assert action=make_not_entrant pc=0x0000000002e5a6c0 method=com.android.dx.ssa.SsaRenamer$BlockRenamer.visitMoveInsn(Lcom/android/dx/ssa/NormalSsaInsn;)V @ 54
Event: 1.739 Thread 0x0000000017897000 Uncommon trap: reason=unstable_if action=reinterpret pc=0x0000000002e894cc method=com.android.dx.rop.code.RegisterSpec.equals(ILcom/android/dx/rop/type/TypeBearer;Lcom/android/dx/rop/code/LocalItem;)Z @ 24
Event: 1.741 Thread 0x0000000017897000 Uncommon trap: reason=unstable_if action=reinterpret pc=0x0000000002e7a0b0 method=com.android.dx.rop.code.RegisterSpec.equals(ILcom/android/dx/rop/type/TypeBearer;Lcom/android/dx/rop/code/LocalItem;)Z @ 24
Event: 1.797 Thread 0x0000000017896800 Uncommon trap: reason=unstable_if action=reinterpret pc=0x0000000002f191a4 method=com.android.dx.rop.code.RegisterSpec.equals(ILcom/android/dx/rop/type/TypeBearer;Lcom/android/dx/rop/code/LocalItem;)Z @ 24

Internal exceptions (2 events):
Event: 0.142 Thread 0x0000000002a6d800 Exception <a 'java/lang/NoSuchMethodError': Method sun.misc.Unsafe.defineClass(Ljava/lang/String;[BII)Ljava/lang/Class; name or signature does not match> (0x00000000eab07cc0) thrown at [C:\src\android\AOSP-openjdk\external\jetbrains\jdk\hotspot\src\share\vÎoŸ'Â?
Event: 0.142 Thread 0x0000000002a6d800 Exception <a 'java/lang/NoSuchMethodError': Method sun.misc.Unsafe.prefetchRead(Ljava/lang/Object;J)V name or signature does not match> (0x00000000eab07fa8) thrown at [C:\src\android\AOSP-openjdk\external\jetbrains\jdk\hotspot\src\share\vm\prims\jni.cpp, l

Events (10 events):
Event: 1.797 Thread 0x0000000017896800 DEOPT PACKING pc=0x0000000002f191a4 sp=0x00000000187aeb50
Event: 1.797 Thread 0x0000000017896800 DEOPT UNPACKING pc=0x0000000002c0556a sp=0x00000000187ae728 mode 2
Event: 1.804 loading class com/android/dx/cf/code/SwitchList
Event: 1.804 loading class com/android/dx/cf/code/SwitchList done
Event: 1.964 loading class com/android/dx/cf/direct/AnnotationParser
Event: 1.964 loading class com/android/dx/cf/direct/AnnotationParser done
Event: 1.965 loading class com/android/dx/cf/attrib/AttRuntimeVisibleAnnotations
Event: 1.965 loading class com/android/dx/cf/attrib/AttRuntimeVisibleAnnotations done
Event: 1.965 loading class com/android/dx/cf/attrib/BaseAnnotations
Event: 1.965 loading class com/android/dx/cf/attrib/BaseAnnotations done


Dynamic libraries:
0x00007ff788a70000 - 0x00007ff788aa1000 	C:\Program Files\Android\Android Studio\jre\bin\java.exe
0x00007ffaa7010000 - 0x00007ffaa71e1000 	C:\WINDOWS\SYSTEM32\ntdll.dll
0x00007ffaa4850000 - 0x00007ffaa48fb000 	C:\WINDOWS\System32\KERNEL32.DLL
0x00007ffaa4160000 - 0x00007ffaa437d000 	C:\WINDOWS\System32\KERNELBASE.dll
0x00007ffaa1340000 - 0x00007ffaa13ba000 	C:\WINDOWS\system32\apphelp.dll
0x00007ffaa49a0000 - 0x00007ffaa4a42000 	C:\WINDOWS\System32\ADVAPI32.dll
0x00007ffaa5160000 - 0x00007ffaa51fe000 	C:\WINDOWS\System32\msvcrt.dll
0x00007ffaa5630000 - 0x00007ffaa5689000 	C:\WINDOWS\System32\sechost.dll
0x00007ffaa4e00000 - 0x00007ffaa4f21000 	C:\WINDOWS\System32\RPCRT4.dll
0x00007ffaa4c10000 - 0x00007ffaa4d75000 	C:\WINDOWS\System32\USER32.dll
0x00007ffaa4140000 - 0x00007ffaa415e000 	C:\WINDOWS\System32\win32u.dll
0x00007ffaa4d90000 - 0x00007ffaa4dc4000 	C:\WINDOWS\System32\GDI32.dll
0x00007ffaa3df0000 - 0x00007ffaa3f72000 	C:\WINDOWS\System32\gdi32full.dll
0x00007ffaa2360000 - 0x00007ffaa25d9000 	C:\WINDOWS\WinSxS\amd64_microsoft.windows.common-controls_6595b64144ccf1df_6.0.14393.447_none_42191651c6827bb3\COMCTL32.dll
0x00007ffaa6d40000 - 0x00007ffaa7007000 	C:\WINDOWS\System32\combase.dll
0x00007ffaa3cf0000 - 0x00007ffaa3de5000 	C:\WINDOWS\System32\ucrtbase.dll
0x00007ffaa4020000 - 0x00007ffaa408a000 	C:\WINDOWS\System32\bcryptPrimitives.dll
0x00007ffaa4dd0000 - 0x00007ffaa4dfe000 	C:\WINDOWS\System32\IMM32.DLL
0x00000000605a0000 - 0x0000000060672000 	C:\Program Files\Android\Android Studio\jre\jre\bin\msvcr100.dll
0x000000005ec60000 - 0x000000005f494000 	C:\Program Files\Android\Android Studio\jre\jre\bin\server\jvm.dll
0x00007ffaa5010000 - 0x00007ffaa5018000 	C:\WINDOWS\System32\PSAPI.DLL
0x00007ffa94f30000 - 0x00007ffa94f39000 	C:\WINDOWS\SYSTEM32\WSOCK32.dll
0x00007ffaa4f90000 - 0x00007ffaa4ffa000 	C:\WINDOWS\System32\WS2_32.dll
0x00007ffaa0c00000 - 0x00007ffaa0c23000 	C:\WINDOWS\SYSTEM32\WINMM.dll
0x00007ffaa2160000 - 0x00007ffaa216a000 	C:\WINDOWS\SYSTEM32\VERSION.dll
0x00007ffaa0ba0000 - 0x00007ffaa0bcb000 	C:\WINDOWS\SYSTEM32\WINMMBASE.dll
0x00007ffaa4550000 - 0x00007ffaa4592000 	C:\WINDOWS\System32\cfgmgr32.dll
0x00007ffa9f220000 - 0x00007ffa9f22f000 	C:\Program Files\Android\Android Studio\jre\jre\bin\verify.dll
0x00007ffa9bcf0000 - 0x00007ffa9bd19000 	C:\Program Files\Android\Android Studio\jre\jre\bin\java.dll
0x00007ffa9b690000 - 0x00007ffa9b6a6000 	C:\Program Files\Android\Android Studio\jre\jre\bin\zip.dll
0x00007ffaa5830000 - 0x00007ffaa6d39000 	C:\WINDOWS\System32\SHELL32.dll
0x00007ffaa3500000 - 0x00007ffaa3bda000 	C:\WINDOWS\System32\windows.storage.dll
0x00007ffaa3490000 - 0x00007ffaa34dc000 	C:\WINDOWS\System32\powrprof.dll
0x00007ffaa4610000 - 0x00007ffaa4662000 	C:\WINDOWS\System32\shlwapi.dll
0x00007ffaa3470000 - 0x00007ffaa347f000 	C:\WINDOWS\System32\kernel.appcore.dll
0x00007ffaa3c40000 - 0x00007ffaa3ce9000 	C:\WINDOWS\System32\shcore.dll
0x00007ffaa34e0000 - 0x00007ffaa34f4000 	C:\WINDOWS\System32\profapi.dll

VM Arguments:
jvm_args: -Djava.awt.headless=true -Xmx1024M -Dfile.encoding=windows-1252 -Duser.country=US -Duser.language=en -Duser.variant 
java_command: com.android.dx.command.Main --dex --force-jumbo --num-threads=4 --output C:\Users\Ranjan\Desktop\UMASS\CS446 Android Development\GoogleMap\app\build\intermediates\pre-dexed\debug\com.google.android.gms-play-services-drive-8.1.0_1d6766db040c48569bb0db709622be2402e600fc.jar C:\Users\Ranjan\Desktop\UMASS\CS446 Android Development\GoogleMap\app\build\intermediates\exploded-aar\com.google.android.gms\play-services-drive\8.1.0\jars\classes.jar
java_class_path (initial): C:\Users\Ranjan\AppData\Local\Android\sdk\build-tools\23.0.1\lib\dx.jar
Launcher Type: SUN_STANDARD

Environment Variables:
JAVA_HOME=C:\Program Files\Java\jdk1.8.0_31
PATH=C:\Program Files (x86)\iis express\PHP\v5.3;C:\Program Files (x86)\iis express\PHP\v5.5;C:\ProgramData\Oracle\Java\javapath;C:\Program Files (x86)\Intel\iCLS Client\;C:\Program Files\Intel\iCLS Client\;C:\WINDOWS\system32;C:\WINDOWS;C:\WINDOWS\System32\Wbem;C:\WINDOWS\System32\WindowsPowerShell\v1.0\;C:\Program Files\Intel\Intel(R) Management Engine Components\DAL;C:\Program Files\Intel\Intel(R) Management Engine Components\IPT;C:\Program Files (x86)\Intel\Intel(R) Management Engine Components\DAL;C:\Program Files (x86)\Intel\Intel(R) Management Engine Components\IPT;C:\Program Files\Intel\WiFi\bin\;C:\Program Files\Common Files\Intel\WirelessCommon\;C:\Program Files\ThinkPad\Bluetooth Software\;C:\Program Files\ThinkPad\Bluetooth Software\syswow64;C:\Program Files (x86)\Intel\OpenCL SDK\2.0\bin\x86;C:\Program Files (x86)\Intel\OpenCL SDK\2.0\bin\x64;C:\ProgramData\Lenovo\ReadyApps;C:\Program Files (x86)\Microsoft SQL Server\100\Tools\Binn\;C:\Program Files\Microsoft SQL Server\100\Tools\Binn\;C:\Program File;C:\Program Files (x86)\Skype\Phone\;C:\WINDOWS\system32;C:\WINDOWS;C:\WINDOWS\System32\Wbem;C:\WINDOWS\System32\WindowsPowerShell\v1.0\;C:\Program Files\Microsoft SQL Server\130\Tools\Binn\;C:\Program Files (x86)\Windows Kits\10\Windows Performance Toolkit\;C:\Program Files\Git\cmd;C:\Program Files\dotnet\;C:\Program Files\Microsoft DNX\Dnvm\;C:\Users\Ranjan\AppData\Roaming\npm;C:\Program Files (x86)\SSH Communications Security\SSH Secure Shell;C:\Users\Ranjan\AppData\Local\Microsoft\WindowsApps
USERNAME=Ranjan
OS=Windows_NT
PROCESSOR_IDENTIFIER=Intel64 Family 6 Model 58 Stepping 9, GenuineIntel



---------------  S Y S T E M  ---------------

OS: Windows 10.0 , 64 bit Build 14393 (10.0.14393.0)

CPU:total 8 (4 cores per cpu, 2 threads per core) family 6 model 58 stepping 9, cmov, cx8, fxsr, mmx, sse, sse2, sse3, ssse3, sse4.1, sse4.2, popcnt, avx, aes, clmul, erms, ht, tsc, tscinvbit, tscinv

Memory: 4k page, physical 16587684k(4994224k free), swap 17636260k(4172k free)

vm_info: OpenJDK 64-Bit Server VM (25.76-b03) for windows-amd64 JRE (1.8.0_76-release-b03), built on Jun 29 2016 19:09:20 by "ralucas" with MS VC++ 10.0 (VS2010)

time: Sun Nov 13 15:43:39 2016
elapsed time: 2 seconds (0d 0h 0m 2s)

