#
# There is insufficient memory for the Java Runtime Environment to continue.
# Native memory allocation (malloc) failed to allocate 352368 bytes for Chunk::new
# Possible reasons:
#   The system is out of physical RAM or swap space
#   In 32 bit mode, the process size limit was hit
# Possible solutions:
#   Reduce memory load on the system
#   Increase physical memory or swap space
#   Check if swap backing store is full
#   Use 64 bit Java on a 64 bit OS
#   Decrease Java heap size (-Xmx/-Xms)
#   Decrease number of Java threads
#   Decrease Java thread stack sizes (-Xss)
#   Set larger code cache with -XX:ReservedCodeCacheSize=
# This output file may be truncated or incomplete.
#
#  Out of Memory Error (allocation.cpp:390), pid=17976, tid=0x0000000000005a60
#
# JRE version: OpenJDK Runtime Environment (8.0_76-b03) (build 1.8.0_76-release-b03)
# Java VM: OpenJDK 64-Bit Server VM (25.76-b03 mixed mode windows-amd64 compressed oops)
# Failed to write core dump. Minidumps are not enabled by default on client versions of Windows
#

---------------  T H R E A D  ---------------

Current thread (0x0000000017578000):  JavaThread "C2 CompilerThread0" daemon [_thread_in_native, id=23136, stack(0x0000000017d40000,0x0000000017e40000)]

Stack: [0x0000000017d40000,0x0000000017e40000]
[error occurred during error reporting (printing stack bounds), id 0xc0000005]

Native frames: (J=compiled Java code, j=interpreted, Vv=VM code, C=native code)


Current CompileTask:
C2:   5666 1878       4       com.android.dx.dex.code.OutputFinisher::addConstants (93 bytes)


---------------  P R O C E S S  ---------------

Java Threads: ( => current thread )
  0x000000001784c000 JavaThread "pool-1-thread-1" [_thread_blocked, id=19896, stack(0x000000001afe0000,0x000000001b0e0000)]
  0x00000000175e0000 JavaThread "Service Thread" daemon [_thread_blocked, id=19336, stack(0x0000000018140000,0x0000000018240000)]
  0x00000000175d8800 JavaThread "C1 CompilerThread3" daemon [_thread_blocked, id=5176, stack(0x0000000018040000,0x0000000018140000)]
  0x00000000175d5800 JavaThread "C2 CompilerThread2" daemon [_thread_in_native, id=22628, stack(0x0000000017f40000,0x0000000018040000)]
  0x00000000175d0800 JavaThread "C2 CompilerThread1" daemon [_thread_blocked, id=9464, stack(0x0000000017e40000,0x0000000017f40000)]
=>0x0000000017578000 JavaThread "C2 CompilerThread0" daemon [_thread_in_native, id=23136, stack(0x0000000017d40000,0x0000000017e40000)]
  0x0000000017575800 JavaThread "Attach Listener" daemon [_thread_blocked, id=14992, stack(0x0000000017c40000,0x0000000017d40000)]
  0x000000001568e800 JavaThread "Signal Dispatcher" daemon [_thread_blocked, id=21608, stack(0x0000000017b40000,0x0000000017c40000)]
  0x0000000002b5e000 JavaThread "Finalizer" daemon [_thread_blocked, id=17840, stack(0x0000000017950000,0x0000000017a50000)]
  0x0000000002b55000 JavaThread "Reference Handler" daemon [_thread_blocked, id=3408, stack(0x0000000017450000,0x0000000017550000)]
  0x000000000295d800 JavaThread "main" [_thread_blocked, id=4840, stack(0x0000000002960000,0x0000000002a60000)]

Other Threads:
  0x0000000015675800 VMThread [stack: 0x0000000017350000,0x0000000017450000] [id=23184]
  0x00000000175e1000 WatcherThread [stack: 0x0000000018240000,0x0000000018340000] [id=15896]

VM state:not at safepoint (normal execution)

VM Mutex/Monitor currently owned by a thread: None

Heap:
 PSYoungGen      total 75776K, used 37244K [0x00000000eab00000, 0x00000000f3f00000, 0x0000000100000000)
  eden space 65024K, 40% used [0x00000000eab00000,0x00000000ec4e5820,0x00000000eea80000)
  from space 10752K, 99% used [0x00000000eea80000,0x00000000ef4f97e0,0x00000000ef500000)
  to   space 10752K, 0% used [0x00000000f3480000,0x00000000f3480000,0x00000000f3f00000)
 ParOldGen       total 173568K, used 136K [0x00000000c0000000, 0x00000000ca980000, 0x00000000eab00000)
  object space 173568K, 0% used [0x00000000c0000000,0x00000000c0022308,0x00000000ca980000)
 Metaspace       used 6173K, capacity 7152K, committed 7296K, reserved 1056768K
  class space    used 573K, capacity 616K, committed 640K, reserved 1048576K

Card table byte_map: [0x0000000011f20000,0x0000000012130000] byte_map_base: 0x0000000011920000

Marking Bits: (ParMarkBitMap*) 0x000000005f419d00
 Begin Bits: [0x0000000012a90000, 0x0000000013a90000)
 End Bits:   [0x0000000013a90000, 0x0000000014a90000)

Polling page: 0x0000000000c20000

CodeCache: size=245760Kb used=8881Kb max_used=8893Kb free=236878Kb
 bounds [0x0000000002b60000, 0x0000000003420000, 0x0000000011b60000]
 total_blobs=2159 nmethods=1890 adapters=182
 compilation: enabled

Compilation events (10 events):
Event: 5.591 Thread 0x00000000175d8800 nmethod 1890 0x000000000340c0d0 code [0x000000000340c2a0, 0x000000000340ccc8]
Event: 5.591 Thread 0x00000000175d8800 1893       3       com.android.dx.dex.file.StringIdItem::<init> (29 bytes)
Event: 5.591 Thread 0x00000000175d8800 nmethod 1893 0x0000000003405650 code [0x00000000034057e0, 0x0000000003405b88]
Event: 5.591 Thread 0x00000000175d8800 1891       3       com.android.dx.dex.file.IdItem::addContents (15 bytes)
Event: 5.591 Thread 0x00000000175d8800 nmethod 1891 0x0000000003405150 code [0x00000000034052c0, 0x0000000003405568]
Event: 5.591 Thread 0x00000000175d8800 1894  s    3       com.android.dx.dex.file.ProtoIdsSection::intern (55 bytes)
Event: 5.592 Thread 0x00000000175d8800 nmethod 1894 0x000000000340b210 code [0x000000000340b400, 0x000000000340bd08]
Event: 5.592 Thread 0x00000000175d8800 1892       3       com.android.dx.dex.file.TypeListItem::<init> (21 bytes)
Event: 5.592 Thread 0x00000000175d8800 nmethod 1892 0x000000000340ad10 code [0x000000000340ae80, 0x000000000340b118]
Event: 5.596 Thread 0x00000000175d0800 nmethod 1895 0x0000000003417c50 code [0x0000000003417dc0, 0x0000000003418238]

GC Heap History (2 events):
Event: 3.951 GC heap before
{Heap before GC invocations=1 (full 0):
 PSYoungGen      total 75776K, used 65024K [0x00000000eab00000, 0x00000000eff80000, 0x0000000100000000)
  eden space 65024K, 100% used [0x00000000eab00000,0x00000000eea80000,0x00000000eea80000)
  from space 10752K, 0% used [0x00000000ef500000,0x00000000ef500000,0x00000000eff80000)
  to   space 10752K, 0% used [0x00000000eea80000,0x00000000eea80000,0x00000000ef500000)
 ParOldGen       total 173568K, used 0K [0x00000000c0000000, 0x00000000ca980000, 0x00000000eab00000)
  object space 173568K, 0% used [0x00000000c0000000,0x00000000c0000000,0x00000000ca980000)
 Metaspace       used 6019K, capacity 7088K, committed 7296K, reserved 1056768K
  class space    used 564K, capacity 616K, committed 640K, reserved 1048576K
Event: 4.043 GC heap after
Heap after GC invocations=1 (full 0):
 PSYoungGen      total 75776K, used 10725K [0x00000000eab00000, 0x00000000f3f00000, 0x0000000100000000)
  eden space 65024K, 0% used [0x00000000eab00000,0x00000000eab00000,0x00000000eea80000)
  from space 10752K, 99% used [0x00000000eea80000,0x00000000ef4f97e0,0x00000000ef500000)
  to   space 10752K, 0% used [0x00000000f3480000,0x00000000f3480000,0x00000000f3f00000)
 ParOldGen       total 173568K, used 136K [0x00000000c0000000, 0x00000000ca980000, 0x00000000eab00000)
  object space 173568K, 0% used [0x00000000c0000000,0x00000000c0022308,0x00000000ca980000)
 Metaspace       used 6019K, capacity 7088K, committed 7296K, reserved 1056768K
  class space    used 564K, capacity 616K, committed 640K, reserved 1048576K
}

Deoptimization events (10 events):
Event: 5.407 Thread 0x000000001784c000 Uncommon trap: reason=class_check action=maybe_recompile pc=0x0000000002ffafc8 method=java.util.Arrays.hashCode([Ljava/lang/Object;)I @ 43
Event: 5.411 Thread 0x000000001784c000 Uncommon trap: reason=bimorphic action=maybe_recompile pc=0x0000000002da0a38 method=java.util.HashMap.getNode(ILjava/lang/Object;)Ljava/util/HashMap$Node; @ 126
Event: 5.411 Thread 0x000000001784c000 Uncommon trap: reason=bimorphic action=maybe_recompile pc=0x0000000002da0a38 method=java.util.HashMap.getNode(ILjava/lang/Object;)Ljava/util/HashMap$Node; @ 126
Event: 5.411 Thread 0x000000001784c000 Uncommon trap: reason=bimorphic action=maybe_recompile pc=0x0000000002da0a38 method=java.util.HashMap.getNode(ILjava/lang/Object;)Ljava/util/HashMap$Node; @ 126
Event: 5.436 Thread 0x000000001784c000 Uncommon trap: reason=bimorphic action=maybe_recompile pc=0x0000000003220ef0 method=java.util.HashMap.putVal(ILjava/lang/Object;Ljava/lang/Object;ZZ)Ljava/lang/Object; @ 203
Event: 5.438 Thread 0x000000001784c000 Uncommon trap: reason=bimorphic action=maybe_recompile pc=0x0000000003220ef0 method=java.util.HashMap.putVal(ILjava/lang/Object;Ljava/lang/Object;ZZ)Ljava/lang/Object; @ 203
Event: 5.460 Thread 0x000000001784c000 Uncommon trap: reason=unstable_if action=reinterpret pc=0x00000000033fb83c method=java.util.HashMap.putVal(ILjava/lang/Object;Ljava/lang/Object;ZZ)Ljava/lang/Object; @ 94
Event: 5.466 Thread 0x000000001784c000 Uncommon trap: reason=bimorphic action=maybe_recompile pc=0x00000000033e5ebc method=java.util.HashMap.putVal(ILjava/lang/Object;Ljava/lang/Object;ZZ)Ljava/lang/Object; @ 203
Event: 5.467 Thread 0x000000001784c000 Uncommon trap: reason=unstable_if action=reinterpret pc=0x00000000034037b8 method=com.android.dx.dex.code.OutputFinisher.addConstants(Ljava/util/HashSet;Lcom/android/dx/rop/code/RegisterSpec;)V @ 57
Event: 5.467 Thread 0x000000001784c000 Uncommon trap: reason=unstable_if action=reinterpret pc=0x0000000003404740 method=com.android.dx.dex.code.OutputFinisher.addConstants(Ljava/util/HashSet;Lcom/android/dx/rop/code/RegisterSpec;)V @ 57

Internal exceptions (4 events):
Event: 0.043 Thread 0x000000000295d800 Exception <a 'java/lang/NoSuchMethodError': Method sun.misc.Unsafe.defineClass(Ljava/lang/String;[BII)Ljava/lang/Class; name or signature does not match> (0x00000000eab07cc0) thrown at [C:\src\android\AOSP-openjdk\external\jetbrains\jdk\hotspot\src\share\v,ð
Event: 0.043 Thread 0x000000000295d800 Exception <a 'java/lang/NoSuchMethodError': Method sun.misc.Unsafe.prefetchRead(Ljava/lang/Object;J)V name or signature does not match> (0x00000000eab07fa8) thrown at [C:\src\android\AOSP-openjdk\external\jetbrains\jdk\hotspot\src\share\vm\prims\jni.cpp, lqòör
Event: 3.503 Thread 0x0000000017845800 Implicit null exception at 0x0000000002d9d322 to 0x0000000002d9d412
Event: 3.503 Thread 0x0000000017845800 Implicit null exception at 0x00000000031e9ef8 to 0x00000000031ea145

Events (10 events):
Event: 5.466 Thread 0x000000001784c000 DEOPT PACKING pc=0x00000000033e5ebc sp=0x000000001b0df180
Event: 5.466 Thread 0x000000001784c000 DEOPT UNPACKING pc=0x0000000002ba556a sp=0x000000001b0df0a0 mode 2
Event: 5.467 Thread 0x000000001784c000 Uncommon trap: trap_request=0xffffff65 fr.pc=0x00000000034037b8
Event: 5.467 Thread 0x000000001784c000 DEOPT PACKING pc=0x00000000034037b8 sp=0x000000001b0df180
Event: 5.467 Thread 0x000000001784c000 DEOPT UNPACKING pc=0x0000000002ba556a sp=0x000000001b0df148 mode 2
Event: 5.467 Thread 0x000000001784c000 Uncommon trap: trap_request=0xffffff65 fr.pc=0x0000000003404740
Event: 5.467 Thread 0x000000001784c000 DEOPT PACKING pc=0x0000000003404740 sp=0x000000001b0df200
Event: 5.467 Thread 0x000000001784c000 DEOPT UNPACKING pc=0x0000000002ba556a sp=0x000000001b0df120 mode 2
Event: 5.585 loading class com/android/dx/dex/file/ProtoIdItem
Event: 5.585 loading class com/android/dx/dex/file/ProtoIdItem done


Dynamic libraries:
0x00007ff7d8c60000 - 0x00007ff7d8c91000 	C:\Program Files\Android\Android Studio\jre\bin\java.exe
0x00007ffaa7010000 - 0x00007ffaa71e1000 	C:\WINDOWS\SYSTEM32\ntdll.dll
0x00007ffaa4850000 - 0x00007ffaa48fb000 	C:\WINDOWS\System32\KERNEL32.DLL
0x00007ffaa4160000 - 0x00007ffaa437d000 	C:\WINDOWS\System32\KERNELBASE.dll
0x00007ffaa1340000 - 0x00007ffaa13ba000 	C:\WINDOWS\system32\apphelp.dll
0x00007ffaa49a0000 - 0x00007ffaa4a42000 	C:\WINDOWS\System32\ADVAPI32.dll
0x00007ffaa5160000 - 0x00007ffaa51fe000 	C:\WINDOWS\System32\msvcrt.dll
0x00007ffaa5630000 - 0x00007ffaa5689000 	C:\WINDOWS\System32\sechost.dll
0x00007ffaa4e00000 - 0x00007ffaa4f21000 	C:\WINDOWS\System32\RPCRT4.dll
0x00007ffaa4c10000 - 0x00007ffaa4d75000 	C:\WINDOWS\System32\USER32.dll
0x00007ffaa4140000 - 0x00007ffaa415e000 	C:\WINDOWS\System32\win32u.dll
0x00007ffaa4d90000 - 0x00007ffaa4dc4000 	C:\WINDOWS\System32\GDI32.dll
0x00007ffaa3df0000 - 0x00007ffaa3f72000 	C:\WINDOWS\System32\gdi32full.dll
0x00007ffaa2360000 - 0x00007ffaa25d9000 	C:\WINDOWS\WinSxS\amd64_microsoft.windows.common-controls_6595b64144ccf1df_6.0.14393.447_none_42191651c6827bb3\COMCTL32.dll
0x00007ffaa6d40000 - 0x00007ffaa7007000 	C:\WINDOWS\System32\combase.dll
0x00007ffaa3cf0000 - 0x00007ffaa3de5000 	C:\WINDOWS\System32\ucrtbase.dll
0x00007ffaa4020000 - 0x00007ffaa408a000 	C:\WINDOWS\System32\bcryptPrimitives.dll
0x00007ffaa4dd0000 - 0x00007ffaa4dfe000 	C:\WINDOWS\System32\IMM32.DLL
0x000000005fb70000 - 0x000000005fc42000 	C:\Program Files\Android\Android Studio\jre\jre\bin\msvcr100.dll
0x000000005ec60000 - 0x000000005f494000 	C:\Program Files\Android\Android Studio\jre\jre\bin\server\jvm.dll
0x00007ffaa5010000 - 0x00007ffaa5018000 	C:\WINDOWS\System32\PSAPI.DLL
0x00007ffa94f30000 - 0x00007ffa94f39000 	C:\WINDOWS\SYSTEM32\WSOCK32.dll
0x00007ffaa0c00000 - 0x00007ffaa0c23000 	C:\WINDOWS\SYSTEM32\WINMM.dll
0x00007ffaa2160000 - 0x00007ffaa216a000 	C:\WINDOWS\SYSTEM32\VERSION.dll
0x00007ffaa4f90000 - 0x00007ffaa4ffa000 	C:\WINDOWS\System32\WS2_32.dll
0x0000000002800000 - 0x000000000282b000 	C:\WINDOWS\SYSTEM32\WINMMBASE.dll
0x00007ffaa4550000 - 0x00007ffaa4592000 	C:\WINDOWS\System32\cfgmgr32.dll
0x00007ffa9f240000 - 0x00007ffa9f24f000 	C:\Program Files\Android\Android Studio\jre\jre\bin\verify.dll
0x00007ffa9b610000 - 0x00007ffa9b639000 	C:\Program Files\Android\Android Studio\jre\jre\bin\java.dll
0x00007ffa9b5e0000 - 0x00007ffa9b5f6000 	C:\Program Files\Android\Android Studio\jre\jre\bin\zip.dll
0x00007ffaa5830000 - 0x00007ffaa6d39000 	C:\WINDOWS\System32\SHELL32.dll
0x00007ffaa3500000 - 0x00007ffaa3bda000 	C:\WINDOWS\System32\windows.storage.dll
0x00007ffaa3490000 - 0x00007ffaa34dc000 	C:\WINDOWS\System32\powrprof.dll
0x00007ffaa4610000 - 0x00007ffaa4662000 	C:\WINDOWS\System32\shlwapi.dll
0x00007ffaa3470000 - 0x00007ffaa347f000 	C:\WINDOWS\System32\kernel.appcore.dll
0x00007ffaa3c40000 - 0x00007ffaa3ce9000 	C:\WINDOWS\System32\shcore.dll
0x00007ffaa34e0000 - 0x00007ffaa34f4000 	C:\WINDOWS\System32\profapi.dll

VM Arguments:
jvm_args: -Djava.awt.headless=true -Xmx1024M -Dfile.encoding=windows-1252 -Duser.country=US -Duser.language=en -Duser.variant 
java_command: com.android.dx.command.Main --dex --force-jumbo --num-threads=4 --multi-dex --output C:\Users\Ranjan\Desktop\UMASS\CS446 Android Development\GoogleMap\app\build\intermediates\transforms\dex\debug\folders\1000\10\com.google.android.gms-play-services-wallet-8.1.0_3cc95732e4b74a6d16911679a538ac92d64fb7ba C:\Users\Ranjan\Desktop\UMASS\CS446 Android Development\GoogleMap\app\build\intermediates\exploded-aar\com.google.android.gms\play-services-wallet\8.1.0\jars\classes.jar
java_class_path (initial): C:\Users\Ranjan\AppData\Local\Android\sdk\build-tools\23.0.1\lib\dx.jar
Launcher Type: SUN_STANDARD

Environment Variables:
JAVA_HOME=C:\Program Files\Java\jdk1.8.0_31
PATH=C:\Program Files (x86)\iis express\PHP\v5.3;C:\Program Files (x86)\iis express\PHP\v5.5;C:\ProgramData\Oracle\Java\javapath;C:\Program Files (x86)\Intel\iCLS Client\;C:\Program Files\Intel\iCLS Client\;C:\WINDOWS\system32;C:\WINDOWS;C:\WINDOWS\System32\Wbem;C:\WINDOWS\System32\WindowsPowerShell\v1.0\;C:\Program Files\Intel\Intel(R) Management Engine Components\DAL;C:\Program Files\Intel\Intel(R) Management Engine Components\IPT;C:\Program Files (x86)\Intel\Intel(R) Management Engine Components\DAL;C:\Program Files (x86)\Intel\Intel(R) Management Engine Components\IPT;C:\Program Files\Intel\WiFi\bin\;C:\Program Files\Common Files\Intel\WirelessCommon\;C:\Program Files\ThinkPad\Bluetooth Software\;C:\Program Files\ThinkPad\Bluetooth Software\syswow64;C:\Program Files (x86)\Intel\OpenCL SDK\2.0\bin\x86;C:\Program Files (x86)\Intel\OpenCL SDK\2.0\bin\x64;C:\ProgramData\Lenovo\ReadyApps;C:\Program Files (x86)\Microsoft SQL Server\100\Tools\Binn\;C:\Program Files\Microsoft SQL Server\100\Tools\Binn\;C:\Program File;C:\Program Files (x86)\Skype\Phone\;C:\WINDOWS\system32;C:\WINDOWS;C:\WINDOWS\System32\Wbem;C:\WINDOWS\System32\WindowsPowerShell\v1.0\;C:\Program Files\Microsoft SQL Server\130\Tools\Binn\;C:\Program Files (x86)\Windows Kits\10\Windows Performance Toolkit\;C:\Program Files\Git\cmd;C:\Program Files\dotnet\;C:\Program Files\Microsoft DNX\Dnvm\;C:\Users\Ranjan\AppData\Roaming\npm;C:\Program Files (x86)\SSH Communications Security\SSH Secure Shell;C:\Users\Ranjan\AppData\Local\Microsoft\WindowsApps
USERNAME=Ranjan
OS=Windows_NT
PROCESSOR_IDENTIFIER=Intel64 Family 6 Model 58 Stepping 9, GenuineIntel



---------------  S Y S T E M  ---------------

OS: Windows 10.0 , 64 bit Build 14393 (10.0.14393.0)

CPU:total 8 (4 cores per cpu, 2 threads per core) family 6 model 58 stepping 9, cmov, cx8, fxsr, mmx, sse, sse2, sse3, ssse3, sse4.1, sse4.2, popcnt, avx, aes, clmul, erms, ht, tsc, tscinvbit, tscinv

Memory: 4k page, physical 16587684k(6912336k free), swap 17636260k(4520k free)

vm_info: OpenJDK 64-Bit Server VM (25.76-b03) for windows-amd64 JRE (1.8.0_76-release-b03), built on Jun 29 2016 19:09:20 by "ralucas" with MS VC++ 10.0 (VS2010)

time: Sat Nov 19 13:32:21 2016
elapsed time: 5 seconds (0d 0h 0m 5s)

