#
# There is insufficient memory for the Java Runtime Environment to continue.
# Native memory allocation (malloc) failed to allocate 499696 bytes for Chunk::new
# Possible reasons:
#   The system is out of physical RAM or swap space
#   In 32 bit mode, the process size limit was hit
# Possible solutions:
#   Reduce memory load on the system
#   Increase physical memory or swap space
#   Check if swap backing store is full
#   Use 64 bit Java on a 64 bit OS
#   Decrease Java heap size (-Xmx/-Xms)
#   Decrease number of Java threads
#   Decrease Java thread stack sizes (-Xss)
#   Set larger code cache with -XX:ReservedCodeCacheSize=
# This output file may be truncated or incomplete.
#
#  Out of Memory Error (allocation.cpp:390), pid=20740, tid=0x0000000000003fa0
#
# JRE version: OpenJDK Runtime Environment (8.0_76-b03) (build 1.8.0_76-release-b03)
# Java VM: OpenJDK 64-Bit Server VM (25.76-b03 mixed mode windows-amd64 compressed oops)
# Failed to write core dump. Minidumps are not enabled by default on client versions of Windows
#

---------------  T H R E A D  ---------------

Current thread (0x0000000017810000):  JavaThread "C2 CompilerThread2" daemon [_thread_in_native, id=16288, stack(0x0000000018280000,0x0000000018380000)]

Stack: [0x0000000018280000,0x0000000018380000]
[error occurred during error reporting (printing stack bounds), id 0xc0000005]

Native frames: (J=compiled Java code, j=interpreted, Vv=VM code, C=native code)


Current CompileTask:
C2:   5794 2064       4       com.android.dx.ssa.ConstCollector::getConstsSortedByCountUse (386 bytes)


---------------  P R O C E S S  ---------------

Java Threads: ( => current thread )
  0x0000000017a94000 JavaThread "pool-2-thread-4" [_thread_blocked, id=3124, stack(0x0000000018a80000,0x0000000018b80000)]
  0x0000000017a8d800 JavaThread "pool-2-thread-3" [_thread_blocked, id=12472, stack(0x0000000018980000,0x0000000018a80000)]
  0x0000000017a63800 JavaThread "pool-2-thread-2" [_thread_blocked, id=1084, stack(0x0000000018880000,0x0000000018980000)]
  0x0000000017a62800 JavaThread "pool-3-thread-1" [_thread_in_Java, id=14380, stack(0x0000000018780000,0x0000000018880000)]
  0x0000000017a68800 JavaThread "pool-2-thread-1" [_thread_blocked, id=10268, stack(0x0000000018680000,0x0000000018780000)]
  0x0000000017856800 JavaThread "Service Thread" daemon [_thread_blocked, id=2456, stack(0x0000000018480000,0x0000000018580000)]
  0x0000000017812800 JavaThread "C1 CompilerThread3" daemon [_thread_blocked, id=13276, stack(0x0000000018380000,0x0000000018480000)]
=>0x0000000017810000 JavaThread "C2 CompilerThread2" daemon [_thread_in_native, id=16288, stack(0x0000000018280000,0x0000000018380000)]
  0x00000000177ba000 JavaThread "C2 CompilerThread1" daemon [_thread_blocked, id=15592, stack(0x0000000018180000,0x0000000018280000)]
  0x00000000177b8000 JavaThread "C2 CompilerThread0" daemon [_thread_in_native, id=17968, stack(0x0000000018080000,0x0000000018180000)]
  0x00000000177b5800 JavaThread "Attach Listener" daemon [_thread_blocked, id=12336, stack(0x0000000017f80000,0x0000000018080000)]
  0x00000000158ce800 JavaThread "Signal Dispatcher" daemon [_thread_blocked, id=12696, stack(0x0000000017e80000,0x0000000017f80000)]
  0x0000000002d9e000 JavaThread "Finalizer" daemon [_thread_blocked, id=528, stack(0x0000000017b90000,0x0000000017c90000)]
  0x0000000002d95000 JavaThread "Reference Handler" daemon [_thread_blocked, id=3136, stack(0x0000000017690000,0x0000000017790000)]
  0x0000000002b3d800 JavaThread "main" [_thread_blocked, id=17272, stack(0x0000000002ba0000,0x0000000002ca0000)]

Other Threads:
  0x00000000158b5800 VMThread [stack: 0x0000000017590000,0x0000000017690000] [id=13820]
  0x0000000017844000 WatcherThread [stack: 0x0000000018580000,0x0000000018680000] [id=13428]

VM state:not at safepoint (normal execution)

VM Mutex/Monitor currently owned by a thread: None

Heap:
 PSYoungGen      total 140800K, used 75498K [0x00000000eab00000, 0x00000000f3f00000, 0x0000000100000000)
  eden space 130048K, 49% used [0x00000000eab00000,0x00000000eea3f2f8,0x00000000f2a00000)
  from space 10752K, 99% used [0x00000000f3480000,0x00000000f3efb8e0,0x00000000f3f00000)
  to   space 10752K, 0% used [0x00000000f2a00000,0x00000000f2a00000,0x00000000f3480000)
 ParOldGen       total 173568K, used 9871K [0x00000000c0000000, 0x00000000ca980000, 0x00000000eab00000)
  object space 173568K, 5% used [0x00000000c0000000,0x00000000c09a3e28,0x00000000ca980000)
 Metaspace       used 6172K, capacity 7152K, committed 7296K, reserved 1056768K
  class space    used 567K, capacity 616K, committed 640K, reserved 1048576K

Card table byte_map: [0x0000000012160000,0x0000000012370000] byte_map_base: 0x0000000011b60000

Marking Bits: (ParMarkBitMap*) 0x000000005f419d00
 Begin Bits: [0x0000000012cd0000, 0x0000000013cd0000)
 End Bits:   [0x0000000013cd0000, 0x0000000014cd0000)

Polling page: 0x0000000001070000

CodeCache: size=245760Kb used=9532Kb max_used=9543Kb free=236227Kb
 bounds [0x0000000002da0000, 0x0000000003700000, 0x0000000011da0000]
 total_blobs=2314 nmethods=2045 adapters=182
 compilation: enabled

Compilation events (10 events):
Event: 5.677 Thread 0x00000000177ba000 2065       4       com.android.dx.ssa.back.FirstFitLocalCombiningAllocator::handleUnassociatedParameters (60 bytes)
Event: 5.699 Thread 0x00000000177ba000 nmethod 2065 0x00000000036f4f90 code [0x00000000036f5180, 0x00000000036f5e68]
Event: 5.700 Thread 0x00000000177b8000 nmethod 2063 0x00000000036f9410 code [0x00000000036f95e0, 0x00000000036fa358]
Event: 5.716 Thread 0x00000000177ba000 2066       4       com.android.dx.ssa.SCCP::<init> (142 bytes)
Event: 5.724 Thread 0x00000000177b8000 2067       4       com.android.dx.ssa.ConstCollector::updateConstUses (248 bytes)
Event: 5.726 Thread 0x00000000177ba000 nmethod 2066 0x00000000036f8690 code [0x00000000036f8840, 0x00000000036f9098]
Event: 5.728 Thread 0x0000000017812800 2068       3       com.android.dx.dex.file.AnnotationUtils::makeCstArray (57 bytes)
Event: 5.729 Thread 0x0000000017812800 nmethod 2068 0x00000000036f30d0 code [0x00000000036f3340, 0x00000000036f43f8]
Event: 5.791 Thread 0x00000000177ba000 2069       4       com.android.dx.rop.cst.CstType::equals (29 bytes)
Event: 5.791 Thread 0x00000000177ba000 nmethod 2069 0x00000000036f6f50 code [0x00000000036f7080, 0x00000000036f7118]

GC Heap History (4 events):
Event: 1.058 GC heap before
{Heap before GC invocations=1 (full 0):
 PSYoungGen      total 75776K, used 65024K [0x00000000eab00000, 0x00000000eff80000, 0x0000000100000000)
  eden space 65024K, 100% used [0x00000000eab00000,0x00000000eea80000,0x00000000eea80000)
  from space 10752K, 0% used [0x00000000ef500000,0x00000000ef500000,0x00000000eff80000)
  to   space 10752K, 0% used [0x00000000eea80000,0x00000000eea80000,0x00000000ef500000)
 ParOldGen       total 173568K, used 0K [0x00000000c0000000, 0x00000000ca980000, 0x00000000eab00000)
  object space 173568K, 0% used [0x00000000c0000000,0x00000000c0000000,0x00000000ca980000)
 Metaspace       used 5972K, capacity 7024K, committed 7296K, reserved 1056768K
  class space    used 562K, capacity 616K, committed 640K, reserved 1048576K
Event: 1.077 GC heap after
Heap after GC invocations=1 (full 0):
 PSYoungGen      total 75776K, used 10735K [0x00000000eab00000, 0x00000000f3f00000, 0x0000000100000000)
  eden space 65024K, 0% used [0x00000000eab00000,0x00000000eab00000,0x00000000eea80000)
  from space 10752K, 99% used [0x00000000eea80000,0x00000000ef4fbcb8,0x00000000ef500000)
  to   space 10752K, 0% used [0x00000000f3480000,0x00000000f3480000,0x00000000f3f00000)
 ParOldGen       total 173568K, used 329K [0x00000000c0000000, 0x00000000ca980000, 0x00000000eab00000)
  object space 173568K, 0% used [0x00000000c0000000,0x00000000c0052530,0x00000000ca980000)
 Metaspace       used 5972K, capacity 7024K, committed 7296K, reserved 1056768K
  class space    used 562K, capacity 616K, committed 640K, reserved 1048576K
}
Event: 4.210 GC heap before
{Heap before GC invocations=2 (full 0):
 PSYoungGen      total 75776K, used 75759K [0x00000000eab00000, 0x00000000f3f00000, 0x0000000100000000)
  eden space 65024K, 100% used [0x00000000eab00000,0x00000000eea80000,0x00000000eea80000)
  from space 10752K, 99% used [0x00000000eea80000,0x00000000ef4fbcb8,0x00000000ef500000)
  to   space 10752K, 0% used [0x00000000f3480000,0x00000000f3480000,0x00000000f3f00000)
 ParOldGen       total 173568K, used 329K [0x00000000c0000000, 0x00000000ca980000, 0x00000000eab00000)
  object space 173568K, 0% used [0x00000000c0000000,0x00000000c0052530,0x00000000ca980000)
 Metaspace       used 6102K, capacity 7088K, committed 7296K, reserved 1056768K
  class space    used 565K, capacity 616K, committed 640K, reserved 1048576K
Event: 4.256 GC heap after
Heap after GC invocations=2 (full 0):
 PSYoungGen      total 140800K, used 10734K [0x00000000eab00000, 0x00000000f3f00000, 0x0000000100000000)
  eden space 130048K, 0% used [0x00000000eab00000,0x00000000eab00000,0x00000000f2a00000)
  from space 10752K, 99% used [0x00000000f3480000,0x00000000f3efb8e0,0x00000000f3f00000)
  to   space 10752K, 0% used [0x00000000f2a00000,0x00000000f2a00000,0x00000000f3480000)
 ParOldGen       total 173568K, used 9871K [0x00000000c0000000, 0x00000000ca980000, 0x00000000eab00000)
  object space 173568K, 5% used [0x00000000c0000000,0x00000000c09a3e28,0x00000000ca980000)
 Metaspace       used 6102K, capacity 7088K, committed 7296K, reserved 1056768K
  class space    used 565K, capacity 616K, committed 640K, reserved 1048576K
}

Deoptimization events (10 events):
Event: 4.209 Thread 0x0000000017a94000 Uncommon trap: reason=unstable_if action=reinterpret pc=0x00000000035d8a1c method=com.android.dx.cf.code.ByteCatchList.listFor(I)Lcom/android/dx/cf/code/ByteCatchList; @ 47
Event: 4.381 Thread 0x0000000017a8d800 Uncommon trap: reason=predicate action=maybe_recompile pc=0x000000000354f6e4 method=com.android.dx.ssa.DomFront.run()[Lcom/android/dx/ssa/DomFront$DomInfo; @ 175
Event: 4.413 Thread 0x0000000017a8d800 Uncommon trap: reason=class_check action=maybe_recompile pc=0x00000000034e2b2c method=com.android.dx.ssa.SsaConverter.placePhiFunctions(Lcom/android/dx/ssa/SsaMethod;Lcom/android/dx/ssa/LocalVariableInfo;I)V @ 257
Event: 4.443 Thread 0x0000000017a94000 Uncommon trap: reason=unstable_if action=reinterpret pc=0x0000000003477ce4 method=com.android.dx.rop.code.BasicBlockList.preferredSuccessorOf(Lcom/android/dx/rop/code/BasicBlock;)Lcom/android/dx/rop/code/BasicBlock; @ 58
Event: 4.444 Thread 0x0000000017a94000 Uncommon trap: reason=unstable_if action=reinterpret pc=0x00000000033cceb4 method=com.android.dx.rop.code.BasicBlockList.preferredSuccessorOf(Lcom/android/dx/rop/code/BasicBlock;)Lcom/android/dx/rop/code/BasicBlock; @ 58
Event: 4.523 Thread 0x0000000017a8d800 Uncommon trap: reason=unstable_if action=reinterpret pc=0x0000000003394e90 method=com.android.dx.ssa.LiteralOpUpgrader$1.visitNonMoveInsn(Lcom/android/dx/ssa/NormalSsaInsn;)V @ 55
Event: 4.524 Thread 0x0000000017a8d800 Uncommon trap: reason=unstable_if action=reinterpret pc=0x000000000316e19c method=com.android.dx.ssa.SsaMethod.updateOneDefinition(Lcom/android/dx/ssa/SsaInsn;Lcom/android/dx/rop/code/RegisterSpec;)V @ 4
Event: 4.919 Thread 0x0000000017a63800 Uncommon trap: reason=unstable_if action=reinterpret pc=0x00000000034ba9d0 method=com.android.dx.cf.code.ExecutionStack.<init>(I)V @ 2
Event: 5.280 Thread 0x0000000017a8d800 Uncommon trap: reason=unstable_if action=reinterpret pc=0x00000000035bd7dc method=com.android.dx.cf.code.ExecutionStack.<init>(I)V @ 2
Event: 5.632 Thread 0x0000000017a8d800 Uncommon trap: reason=class_check action=maybe_recompile pc=0x000000000336d4dc method=com.android.dx.ssa.SCCP.simulateBranch(Lcom/android/dx/ssa/SsaInsn;)V @ 145

Internal exceptions (4 events):
Event: 0.085 Thread 0x0000000002b3d800 Exception <a 'java/lang/NoSuchMethodError': Method sun.misc.Unsafe.defineClass(Ljava/lang/String;[BII)Ljava/lang/Class; name or signature does not match> (0x00000000eab07cc0) thrown at [C:\src\android\AOSP-openjdk\external\jetbrains\jdk\hotspot\src\share\vWB†§Œ¾µ?
Event: 0.085 Thread 0x0000000002b3d800 Exception <a 'java/lang/NoSuchMethodError': Method sun.misc.Unsafe.prefetchRead(Ljava/lang/Object;J)V name or signature does not match> (0x00000000eab07fa8) thrown at [C:\src\android\AOSP-openjdk\external\jetbrains\jdk\hotspot\src\share\vm\prims\jni.cpp, ludkä<è?
Event: 0.757 Thread 0x0000000017a8d800 Implicit null exception at 0x00000000030e30a2 to 0x00000000030e3192
Event: 0.757 Thread 0x0000000017a8d800 Implicit null exception at 0x0000000003171178 to 0x0000000003171371

Events (10 events):
Event: 4.917 Thread 0x0000000002b3d800 DEOPT UNPACKING pc=0x0000000002de75bf sp=0x0000000002c9e8f0 mode 0
Event: 4.919 Thread 0x0000000017a63800 Uncommon trap: trap_request=0xffffff65 fr.pc=0x00000000034ba9d0
Event: 4.919 Thread 0x0000000017a63800 DEOPT PACKING pc=0x00000000034ba9d0 sp=0x000000001897e910
Event: 4.919 Thread 0x0000000017a63800 DEOPT UNPACKING pc=0x0000000002de556a sp=0x000000001897e798 mode 2
Event: 5.280 Thread 0x0000000017a8d800 Uncommon trap: trap_request=0xffffff65 fr.pc=0x00000000035bd7dc
Event: 5.280 Thread 0x0000000017a8d800 DEOPT PACKING pc=0x00000000035bd7dc sp=0x0000000018a7e820
Event: 5.280 Thread 0x0000000017a8d800 DEOPT UNPACKING pc=0x0000000002de556a sp=0x0000000018a7e798 mode 2
Event: 5.632 Thread 0x0000000017a8d800 Uncommon trap: trap_request=0xffffffde fr.pc=0x000000000336d4dc
Event: 5.632 Thread 0x0000000017a8d800 DEOPT PACKING pc=0x000000000336d4dc sp=0x0000000018a7e940
Event: 5.632 Thread 0x0000000017a8d800 DEOPT UNPACKING pc=0x0000000002de556a sp=0x0000000018a7e918 mode 2


Dynamic libraries:
0x00007ff7d8c60000 - 0x00007ff7d8c91000 	C:\Program Files\Android\Android Studio\jre\bin\java.exe
0x00007ffaa7010000 - 0x00007ffaa71e1000 	C:\WINDOWS\SYSTEM32\ntdll.dll
0x00007ffaa4850000 - 0x00007ffaa48fb000 	C:\WINDOWS\System32\KERNEL32.DLL
0x00007ffaa4160000 - 0x00007ffaa437d000 	C:\WINDOWS\System32\KERNELBASE.dll
0x00007ffaa1340000 - 0x00007ffaa13ba000 	C:\WINDOWS\system32\apphelp.dll
0x00007ffaa49a0000 - 0x00007ffaa4a42000 	C:\WINDOWS\System32\ADVAPI32.dll
0x00007ffaa5160000 - 0x00007ffaa51fe000 	C:\WINDOWS\System32\msvcrt.dll
0x00007ffaa5630000 - 0x00007ffaa5689000 	C:\WINDOWS\System32\sechost.dll
0x00007ffaa4e00000 - 0x00007ffaa4f21000 	C:\WINDOWS\System32\RPCRT4.dll
0x00007ffaa4c10000 - 0x00007ffaa4d75000 	C:\WINDOWS\System32\USER32.dll
0x00007ffaa4140000 - 0x00007ffaa415e000 	C:\WINDOWS\System32\win32u.dll
0x00007ffaa4d90000 - 0x00007ffaa4dc4000 	C:\WINDOWS\System32\GDI32.dll
0x00007ffaa3df0000 - 0x00007ffaa3f72000 	C:\WINDOWS\System32\gdi32full.dll
0x00007ffaa2360000 - 0x00007ffaa25d9000 	C:\WINDOWS\WinSxS\amd64_microsoft.windows.common-controls_6595b64144ccf1df_6.0.14393.447_none_42191651c6827bb3\COMCTL32.dll
0x00007ffaa6d40000 - 0x00007ffaa7007000 	C:\WINDOWS\System32\combase.dll
0x00007ffaa3cf0000 - 0x00007ffaa3de5000 	C:\WINDOWS\System32\ucrtbase.dll
0x00007ffaa4020000 - 0x00007ffaa408a000 	C:\WINDOWS\System32\bcryptPrimitives.dll
0x00007ffaa4dd0000 - 0x00007ffaa4dfe000 	C:\WINDOWS\System32\IMM32.DLL
0x000000005fb70000 - 0x000000005fc42000 	C:\Program Files\Android\Android Studio\jre\jre\bin\msvcr100.dll
0x000000005ec60000 - 0x000000005f494000 	C:\Program Files\Android\Android Studio\jre\jre\bin\server\jvm.dll
0x00007ffaa5010000 - 0x00007ffaa5018000 	C:\WINDOWS\System32\PSAPI.DLL
0x00007ffa94f30000 - 0x00007ffa94f39000 	C:\WINDOWS\SYSTEM32\WSOCK32.dll
0x00007ffaa4f90000 - 0x00007ffaa4ffa000 	C:\WINDOWS\System32\WS2_32.dll
0x00007ffaa0c00000 - 0x00007ffaa0c23000 	C:\WINDOWS\SYSTEM32\WINMM.dll
0x00007ffaa2160000 - 0x00007ffaa216a000 	C:\WINDOWS\SYSTEM32\VERSION.dll
0x00007ffaa0ba0000 - 0x00007ffaa0bcb000 	C:\WINDOWS\SYSTEM32\WINMMBASE.dll
0x00007ffaa4550000 - 0x00007ffaa4592000 	C:\WINDOWS\System32\cfgmgr32.dll
0x00007ffa9f240000 - 0x00007ffa9f24f000 	C:\Program Files\Android\Android Studio\jre\jre\bin\verify.dll
0x00007ffa9b610000 - 0x00007ffa9b639000 	C:\Program Files\Android\Android Studio\jre\jre\bin\java.dll
0x00007ffa9b5e0000 - 0x00007ffa9b5f6000 	C:\Program Files\Android\Android Studio\jre\jre\bin\zip.dll
0x00007ffaa5830000 - 0x00007ffaa6d39000 	C:\WINDOWS\System32\SHELL32.dll
0x00007ffaa3500000 - 0x00007ffaa3bda000 	C:\WINDOWS\System32\windows.storage.dll
0x00007ffaa3490000 - 0x00007ffaa34dc000 	C:\WINDOWS\System32\powrprof.dll
0x00007ffaa4610000 - 0x00007ffaa4662000 	C:\WINDOWS\System32\shlwapi.dll
0x00007ffaa3470000 - 0x00007ffaa347f000 	C:\WINDOWS\System32\kernel.appcore.dll
0x00007ffaa3c40000 - 0x00007ffaa3ce9000 	C:\WINDOWS\System32\shcore.dll
0x00007ffaa34e0000 - 0x00007ffaa34f4000 	C:\WINDOWS\System32\profapi.dll

VM Arguments:
jvm_args: -Djava.awt.headless=true -Xmx1024M -Dfile.encoding=windows-1252 -Duser.country=US -Duser.language=en -Duser.variant 
java_command: com.android.dx.command.Main --dex --force-jumbo --num-threads=4 --multi-dex --output C:\Users\Ranjan\Desktop\UMASS\CS446 Android Development\GoogleMap\app\build\intermediates\transforms\dex\debug\folders\1000\10\com.google.android.gms-play-services-games-8.1.0_52bd4a7e82ba913419721667f61a0b525d3ae751 C:\Users\Ranjan\Desktop\UMASS\CS446 Android Development\GoogleMap\app\build\intermediates\exploded-aar\com.google.android.gms\play-services-games\8.1.0\jars\classes.jar
java_class_path (initial): C:\Users\Ranjan\AppData\Local\Android\sdk\build-tools\23.0.1\lib\dx.jar
Launcher Type: SUN_STANDARD

Environment Variables:
JAVA_HOME=C:\Program Files\Java\jdk1.8.0_31
PATH=C:\Program Files (x86)\iis express\PHP\v5.3;C:\Program Files (x86)\iis express\PHP\v5.5;C:\ProgramData\Oracle\Java\javapath;C:\Program Files (x86)\Intel\iCLS Client\;C:\Program Files\Intel\iCLS Client\;C:\WINDOWS\system32;C:\WINDOWS;C:\WINDOWS\System32\Wbem;C:\WINDOWS\System32\WindowsPowerShell\v1.0\;C:\Program Files\Intel\Intel(R) Management Engine Components\DAL;C:\Program Files\Intel\Intel(R) Management Engine Components\IPT;C:\Program Files (x86)\Intel\Intel(R) Management Engine Components\DAL;C:\Program Files (x86)\Intel\Intel(R) Management Engine Components\IPT;C:\Program Files\Intel\WiFi\bin\;C:\Program Files\Common Files\Intel\WirelessCommon\;C:\Program Files\ThinkPad\Bluetooth Software\;C:\Program Files\ThinkPad\Bluetooth Software\syswow64;C:\Program Files (x86)\Intel\OpenCL SDK\2.0\bin\x86;C:\Program Files (x86)\Intel\OpenCL SDK\2.0\bin\x64;C:\ProgramData\Lenovo\ReadyApps;C:\Program Files (x86)\Microsoft SQL Server\100\Tools\Binn\;C:\Program Files\Microsoft SQL Server\100\Tools\Binn\;C:\Program File;C:\Program Files (x86)\Skype\Phone\;C:\WINDOWS\system32;C:\WINDOWS;C:\WINDOWS\System32\Wbem;C:\WINDOWS\System32\WindowsPowerShell\v1.0\;C:\Program Files\Microsoft SQL Server\130\Tools\Binn\;C:\Program Files (x86)\Windows Kits\10\Windows Performance Toolkit\;C:\Program Files\Git\cmd;C:\Program Files\dotnet\;C:\Program Files\Microsoft DNX\Dnvm\;C:\Users\Ranjan\AppData\Roaming\npm;C:\Program Files (x86)\SSH Communications Security\SSH Secure Shell;C:\Users\Ranjan\AppData\Local\Microsoft\WindowsApps
USERNAME=Ranjan
OS=Windows_NT
PROCESSOR_IDENTIFIER=Intel64 Family 6 Model 58 Stepping 9, GenuineIntel



---------------  S Y S T E M  ---------------

OS: Windows 10.0 , 64 bit Build 14393 (10.0.14393.0)

CPU:total 8 (4 cores per cpu, 2 threads per core) family 6 model 58 stepping 9, cmov, cx8, fxsr, mmx, sse, sse2, sse3, ssse3, sse4.1, sse4.2, popcnt, avx, aes, clmul, erms, ht, tsc, tscinvbit, tscinv

Memory: 4k page, physical 16587684k(6912880k free), swap 17636260k(4584k free)

vm_info: OpenJDK 64-Bit Server VM (25.76-b03) for windows-amd64 JRE (1.8.0_76-release-b03), built on Jun 29 2016 19:09:20 by "ralucas" with MS VC++ 10.0 (VS2010)

time: Sat Nov 19 13:32:21 2016
elapsed time: 5 seconds (0d 0h 0m 5s)

