#
# There is insufficient memory for the Java Runtime Environment to continue.
# Native memory allocation (malloc) failed to allocate 32744 bytes for ChunkPool::allocate
# Possible reasons:
#   The system is out of physical RAM or swap space
#   In 32 bit mode, the process size limit was hit
# Possible solutions:
#   Reduce memory load on the system
#   Increase physical memory or swap space
#   Check if swap backing store is full
#   Use 64 bit Java on a 64 bit OS
#   Decrease Java heap size (-Xmx/-Xms)
#   Decrease number of Java threads
#   Decrease Java thread stack sizes (-Xss)
#   Set larger code cache with -XX:ReservedCodeCacheSize=
# This output file may be truncated or incomplete.
#
#  Out of Memory Error (allocation.cpp:273), pid=7384, tid=0x0000000000001b44
#
# JRE version: OpenJDK Runtime Environment (8.0_76-b03) (build 1.8.0_76-release-b03)
# Java VM: OpenJDK 64-Bit Server VM (25.76-b03 mixed mode windows-amd64 compressed oops)
# Failed to write core dump. Minidumps are not enabled by default on client versions of Windows
#

---------------  T H R E A D  ---------------

Current thread (0x000000001792b000):  JavaThread "C2 CompilerThread1" daemon [_thread_in_native, id=6980, stack(0x00000000181f0000,0x00000000182f0000)]

Stack: [0x00000000181f0000,0x00000000182f0000]
[error occurred during error reporting (printing stack bounds), id 0xc0000005]

Native frames: (J=compiled Java code, j=interpreted, Vv=VM code, C=native code)


Current CompileTask:
C2:   2633 1244       4       com.android.dx.ssa.SCCP::simulatePhi (169 bytes)


---------------  P R O C E S S  ---------------

Java Threads: ( => current thread )
  0x0000000017bf5000 JavaThread "pool-2-thread-4" [_thread_in_Java, id=15084, stack(0x0000000018af0000,0x0000000018bf0000)]
  0x0000000017bf0800 JavaThread "pool-2-thread-3" [_thread_blocked, id=1356, stack(0x00000000189f0000,0x0000000018af0000)]
  0x0000000017bea800 JavaThread "pool-2-thread-2" [_thread_in_Java, id=19004, stack(0x00000000188f0000,0x00000000189f0000)]
  0x0000000017be8800 JavaThread "pool-3-thread-1" [_thread_blocked, id=5984, stack(0x00000000187f0000,0x00000000188f0000)]
  0x0000000017be6000 JavaThread "pool-2-thread-1" [_thread_blocked, id=22796, stack(0x00000000186f0000,0x00000000187f0000)]
  0x00000000179c5000 JavaThread "Service Thread" daemon [_thread_blocked, id=8552, stack(0x00000000184f0000,0x00000000185f0000)]
  0x0000000017983800 JavaThread "C1 CompilerThread3" daemon [_thread_in_native, id=19504, stack(0x00000000183f0000,0x00000000184f0000)]
  0x0000000017933000 JavaThread "C2 CompilerThread2" daemon [_thread_in_native, id=12104, stack(0x00000000182f0000,0x00000000183f0000)]
=>0x000000001792b000 JavaThread "C2 CompilerThread1" daemon [_thread_in_native, id=6980, stack(0x00000000181f0000,0x00000000182f0000)]
  0x0000000017929000 JavaThread "C2 CompilerThread0" daemon [_thread_in_native, id=3800, stack(0x00000000180f0000,0x00000000181f0000)]
  0x0000000017926800 JavaThread "Attach Listener" daemon [_thread_blocked, id=4384, stack(0x0000000017ff0000,0x00000000180f0000)]
  0x00000000159fe000 JavaThread "Signal Dispatcher" daemon [_thread_blocked, id=1552, stack(0x0000000017ef0000,0x0000000017ff0000)]
  0x0000000002ece000 JavaThread "Finalizer" daemon [_thread_blocked, id=13188, stack(0x0000000017d00000,0x0000000017e00000)]
  0x0000000002ec5000 JavaThread "Reference Handler" daemon [_thread_blocked, id=9888, stack(0x0000000017800000,0x0000000017900000)]
  0x00000000013dd800 JavaThread "main" [_thread_in_Java, id=19664, stack(0x0000000002cd0000,0x0000000002dd0000)]

Other Threads:
  0x00000000159e5800 VMThread [stack: 0x0000000017700000,0x0000000017800000] [id=19152]
  0x00000000179a6800 WatcherThread [stack: 0x00000000185f0000,0x00000000186f0000] [id=248]

VM state:not at safepoint (normal execution)

VM Mutex/Monitor currently owned by a thread: None

Heap:
 PSYoungGen      total 75776K, used 32515K [0x00000000eab00000, 0x00000000eff80000, 0x0000000100000000)
  eden space 65024K, 50% used [0x00000000eab00000,0x00000000ecac0f88,0x00000000eea80000)
  from space 10752K, 0% used [0x00000000ef500000,0x00000000ef500000,0x00000000eff80000)
  to   space 10752K, 0% used [0x00000000eea80000,0x00000000eea80000,0x00000000ef500000)
 ParOldGen       total 173568K, used 0K [0x00000000c0000000, 0x00000000ca980000, 0x00000000eab00000)
  object space 173568K, 0% used [0x00000000c0000000,0x00000000c0000000,0x00000000ca980000)
 Metaspace       used 5788K, capacity 6896K, committed 7040K, reserved 1056768K
  class space    used 563K, capacity 616K, committed 640K, reserved 1048576K

Card table byte_map: [0x0000000012290000,0x00000000124a0000] byte_map_base: 0x0000000011c90000

Marking Bits: (ParMarkBitMap*) 0x000000005f419d00
 Begin Bits: [0x0000000012e00000, 0x0000000013e00000)
 End Bits:   [0x0000000013e00000, 0x0000000014e00000)

Polling page: 0x0000000000bf0000

CodeCache: size=245760Kb used=5039Kb max_used=5039Kb free=240720Kb
 bounds [0x0000000002ed0000, 0x00000000033d0000, 0x0000000011ed0000]
 total_blobs=1523 nmethods=1255 adapters=182
 compilation: enabled

Compilation events (10 events):
Event: 2.626 Thread 0x0000000017983800 nmethod 1254 0x00000000033adf10 code [0x00000000033ae0e0, 0x00000000033ae978]
Event: 2.626 Thread 0x0000000017983800 1251       3       com.android.dx.rop.code.RegisterSpecList::make (17 bytes)
Event: 2.626 Thread 0x0000000017983800 nmethod 1251 0x00000000033b2250 code [0x00000000033b2420, 0x00000000033b2ce8]
Event: 2.626 Thread 0x0000000017983800 1255       3       com.android.dx.rop.code.RopMethod::<init> (53 bytes)
Event: 2.627 Thread 0x0000000017983800 nmethod 1255 0x00000000033b3310 code [0x00000000033b34a0, 0x00000000033b3878]
Event: 2.628 Thread 0x0000000017983800 1259       3       com.android.dx.ssa.SsaConverter::edgeSplitMoveExceptionsAndResults (157 bytes)
Event: 2.630 Thread 0x0000000017983800 nmethod 1259 0x00000000033b6e50 code [0x00000000033b7200, 0x00000000033b9068]
Event: 2.630 Thread 0x0000000017983800 1257   !   3       com.android.dx.cf.direct.AttributeFactory::parse (248 bytes)
Event: 2.630 Thread 0x0000000017929000 nmethod 1239 0x00000000033ba590 code [0x00000000033ba720, 0x00000000033baf88]
Event: 2.630 Thread 0x0000000017929000 1249       4       com.android.dx.util.LabeledList::set (45 bytes)

GC Heap History (0 events):
No events

Deoptimization events (10 events):
Event: 2.077 Thread 0x0000000017be6000 Uncommon trap: reason=class_check action=maybe_recompile pc=0x00000000031e3690 method=com.android.dx.ssa.NormalSsaInsn.accept(Lcom/android/dx/ssa/SsaInsn$Visitor;)V @ 9
Event: 2.077 Thread 0x0000000017be6000 Uncommon trap: reason=class_check action=maybe_recompile pc=0x00000000031e3690 method=com.android.dx.ssa.NormalSsaInsn.accept(Lcom/android/dx/ssa/SsaInsn$Visitor;)V @ 9
Event: 2.092 Thread 0x00000000013dd800 Uncommon trap: reason=unstable_if action=reinterpret pc=0x0000000003143bf4 method=java.util.BitSet.ensureCapacity(I)V @ 6
Event: 2.124 Thread 0x0000000017be6000 Uncommon trap: reason=bimorphic action=maybe_recompile pc=0x00000000030d77e4 method=java.util.HashMap.getNode(ILjava/lang/Object;)Ljava/util/HashMap$Node; @ 126
Event: 2.239 Thread 0x0000000017bf0800 Uncommon trap: reason=bimorphic action=maybe_recompile pc=0x00000000030d77e4 method=java.util.HashMap.getNode(ILjava/lang/Object;)Ljava/util/HashMap$Node; @ 126
Event: 2.240 Thread 0x0000000017bf0800 Uncommon trap: reason=class_check action=maybe_recompile pc=0x00000000031f6524 method=com.android.dx.ssa.NormalSsaInsn.accept(Lcom/android/dx/ssa/SsaInsn$Visitor;)V @ 9
Event: 2.353 Thread 0x0000000017be6000 Uncommon trap: reason=class_check action=maybe_recompile pc=0x000000000331a578 method=com.android.dx.ssa.SCCP.setLatticeValueTo(IILcom/android/dx/rop/cst/Constant;)Z @ 43
Event: 2.617 Thread 0x0000000017bf0800 Uncommon trap: reason=class_check action=maybe_recompile pc=0x000000000331a578 method=com.android.dx.ssa.SCCP.setLatticeValueTo(IILcom/android/dx/rop/cst/Constant;)Z @ 43
Event: 2.617 Thread 0x0000000017bf0800 Uncommon trap: reason=class_check action=maybe_recompile pc=0x000000000331a578 method=com.android.dx.ssa.SCCP.setLatticeValueTo(IILcom/android/dx/rop/cst/Constant;)Z @ 43
Event: 2.617 Thread 0x0000000017bf0800 Uncommon trap: reason=class_check action=maybe_recompile pc=0x000000000331a578 method=com.android.dx.ssa.SCCP.setLatticeValueTo(IILcom/android/dx/rop/cst/Constant;)Z @ 43

Internal exceptions (2 events):
Event: 0.036 Thread 0x00000000013dd800 Exception <a 'java/lang/NoSuchMethodError': Method sun.misc.Unsafe.defineClass(Ljava/lang/String;[BII)Ljava/lang/Class; name or signature does not match> (0x00000000eab07cc0) thrown at [C:\src\android\AOSP-openjdk\external\jetbrains\jdk\hotspot\src\share\v_BuB¢?
Event: 0.036 Thread 0x00000000013dd800 Exception <a 'java/lang/NoSuchMethodError': Method sun.misc.Unsafe.prefetchRead(Ljava/lang/Object;J)V name or signature does not match> (0x00000000eab07fa8) thrown at [C:\src\android\AOSP-openjdk\external\jetbrains\jdk\hotspot\src\share\vm\prims\jni.cpp, l

Events (10 events):
Event: 2.420 Executing VM operation: ForceSafepoint done
Event: 2.617 Thread 0x0000000017bf0800 Uncommon trap: trap_request=0xffffffde fr.pc=0x000000000331a578
Event: 2.617 Thread 0x0000000017bf0800 DEOPT PACKING pc=0x000000000331a578 sp=0x0000000018aee760
Event: 2.617 Thread 0x0000000017bf0800 DEOPT UNPACKING pc=0x0000000002f1556a sp=0x0000000018aee6a8 mode 2
Event: 2.617 Thread 0x0000000017bf0800 Uncommon trap: trap_request=0xffffffde fr.pc=0x000000000331a578
Event: 2.617 Thread 0x0000000017bf0800 DEOPT PACKING pc=0x000000000331a578 sp=0x0000000018aee760
Event: 2.617 Thread 0x0000000017bf0800 DEOPT UNPACKING pc=0x0000000002f1556a sp=0x0000000018aee6a8 mode 2
Event: 2.617 Thread 0x0000000017bf0800 Uncommon trap: trap_request=0xffffffde fr.pc=0x000000000331a578
Event: 2.617 Thread 0x0000000017bf0800 DEOPT PACKING pc=0x000000000331a578 sp=0x0000000018aee760
Event: 2.617 Thread 0x0000000017bf0800 DEOPT UNPACKING pc=0x0000000002f1556a sp=0x0000000018aee6a8 mode 2


Dynamic libraries:
0x00007ff7d8c60000 - 0x00007ff7d8c91000 	C:\Program Files\Android\Android Studio\jre\bin\java.exe
0x00007ffaa7010000 - 0x00007ffaa71e1000 	C:\WINDOWS\SYSTEM32\ntdll.dll
0x00007ffaa4850000 - 0x00007ffaa48fb000 	C:\WINDOWS\System32\KERNEL32.DLL
0x00007ffaa4160000 - 0x00007ffaa437d000 	C:\WINDOWS\System32\KERNELBASE.dll
0x00007ffaa1340000 - 0x00007ffaa13ba000 	C:\WINDOWS\system32\apphelp.dll
0x00007ffaa49a0000 - 0x00007ffaa4a42000 	C:\WINDOWS\System32\ADVAPI32.dll
0x00007ffaa5160000 - 0x00007ffaa51fe000 	C:\WINDOWS\System32\msvcrt.dll
0x00007ffaa5630000 - 0x00007ffaa5689000 	C:\WINDOWS\System32\sechost.dll
0x00007ffaa4e00000 - 0x00007ffaa4f21000 	C:\WINDOWS\System32\RPCRT4.dll
0x00007ffaa4c10000 - 0x00007ffaa4d75000 	C:\WINDOWS\System32\USER32.dll
0x00007ffaa4140000 - 0x00007ffaa415e000 	C:\WINDOWS\System32\win32u.dll
0x00007ffaa4d90000 - 0x00007ffaa4dc4000 	C:\WINDOWS\System32\GDI32.dll
0x00007ffaa3df0000 - 0x00007ffaa3f72000 	C:\WINDOWS\System32\gdi32full.dll
0x00007ffaa2360000 - 0x00007ffaa25d9000 	C:\WINDOWS\WinSxS\amd64_microsoft.windows.common-controls_6595b64144ccf1df_6.0.14393.447_none_42191651c6827bb3\COMCTL32.dll
0x00007ffaa6d40000 - 0x00007ffaa7007000 	C:\WINDOWS\System32\combase.dll
0x00007ffaa3cf0000 - 0x00007ffaa3de5000 	C:\WINDOWS\System32\ucrtbase.dll
0x00007ffaa4020000 - 0x00007ffaa408a000 	C:\WINDOWS\System32\bcryptPrimitives.dll
0x00007ffaa4dd0000 - 0x00007ffaa4dfe000 	C:\WINDOWS\System32\IMM32.DLL
0x000000005fb70000 - 0x000000005fc42000 	C:\Program Files\Android\Android Studio\jre\jre\bin\msvcr100.dll
0x000000005ec60000 - 0x000000005f494000 	C:\Program Files\Android\Android Studio\jre\jre\bin\server\jvm.dll
0x00007ffaa5010000 - 0x00007ffaa5018000 	C:\WINDOWS\System32\PSAPI.DLL
0x00007ffa94f30000 - 0x00007ffa94f39000 	C:\WINDOWS\SYSTEM32\WSOCK32.dll
0x00007ffaa0c00000 - 0x00007ffaa0c23000 	C:\WINDOWS\SYSTEM32\WINMM.dll
0x00007ffaa2160000 - 0x00007ffaa216a000 	C:\WINDOWS\SYSTEM32\VERSION.dll
0x00007ffaa0ba0000 - 0x00007ffaa0bcb000 	C:\WINDOWS\SYSTEM32\WINMMBASE.dll
0x00007ffaa4f90000 - 0x00007ffaa4ffa000 	C:\WINDOWS\System32\WS2_32.dll
0x00007ffaa4550000 - 0x00007ffaa4592000 	C:\WINDOWS\System32\cfgmgr32.dll
0x00007ffa9f240000 - 0x00007ffa9f24f000 	C:\Program Files\Android\Android Studio\jre\jre\bin\verify.dll
0x00007ffa9b610000 - 0x00007ffa9b639000 	C:\Program Files\Android\Android Studio\jre\jre\bin\java.dll
0x00007ffa9b5e0000 - 0x00007ffa9b5f6000 	C:\Program Files\Android\Android Studio\jre\jre\bin\zip.dll
0x00007ffaa5830000 - 0x00007ffaa6d39000 	C:\WINDOWS\System32\SHELL32.dll
0x00007ffaa3500000 - 0x00007ffaa3bda000 	C:\WINDOWS\System32\windows.storage.dll
0x00007ffaa3490000 - 0x00007ffaa34dc000 	C:\WINDOWS\System32\powrprof.dll
0x00007ffaa4610000 - 0x00007ffaa4662000 	C:\WINDOWS\System32\shlwapi.dll
0x00007ffaa3470000 - 0x00007ffaa347f000 	C:\WINDOWS\System32\kernel.appcore.dll
0x00007ffaa3c40000 - 0x00007ffaa3ce9000 	C:\WINDOWS\System32\shcore.dll
0x00007ffaa34e0000 - 0x00007ffaa34f4000 	C:\WINDOWS\System32\profapi.dll

VM Arguments:
jvm_args: -Djava.awt.headless=true -Xmx1024M -Dfile.encoding=windows-1252 -Duser.country=US -Duser.language=en -Duser.variant 
java_command: com.android.dx.command.Main --dex --force-jumbo --num-threads=4 --multi-dex --output C:\Users\Ranjan\Desktop\UMASS\CS446 Android Development\GoogleMap\app\build\intermediates\transforms\dex\debug\folders\1000\10\com.google.android.gms-play-services-games-8.1.0_52bd4a7e82ba913419721667f61a0b525d3ae751 C:\Users\Ranjan\Desktop\UMASS\CS446 Android Development\GoogleMap\app\build\intermediates\exploded-aar\com.google.android.gms\play-services-games\8.1.0\jars\classes.jar
java_class_path (initial): C:\Users\Ranjan\AppData\Local\Android\sdk\build-tools\23.0.1\lib\dx.jar
Launcher Type: SUN_STANDARD

Environment Variables:
JAVA_HOME=C:\Program Files\Java\jdk1.8.0_31
PATH=C:\Program Files (x86)\iis express\PHP\v5.3;C:\Program Files (x86)\iis express\PHP\v5.5;C:\ProgramData\Oracle\Java\javapath;C:\Program Files (x86)\Intel\iCLS Client\;C:\Program Files\Intel\iCLS Client\;C:\WINDOWS\system32;C:\WINDOWS;C:\WINDOWS\System32\Wbem;C:\WINDOWS\System32\WindowsPowerShell\v1.0\;C:\Program Files\Intel\Intel(R) Management Engine Components\DAL;C:\Program Files\Intel\Intel(R) Management Engine Components\IPT;C:\Program Files (x86)\Intel\Intel(R) Management Engine Components\DAL;C:\Program Files (x86)\Intel\Intel(R) Management Engine Components\IPT;C:\Program Files\Intel\WiFi\bin\;C:\Program Files\Common Files\Intel\WirelessCommon\;C:\Program Files\ThinkPad\Bluetooth Software\;C:\Program Files\ThinkPad\Bluetooth Software\syswow64;C:\Program Files (x86)\Intel\OpenCL SDK\2.0\bin\x86;C:\Program Files (x86)\Intel\OpenCL SDK\2.0\bin\x64;C:\ProgramData\Lenovo\ReadyApps;C:\Program Files (x86)\Microsoft SQL Server\100\Tools\Binn\;C:\Program Files\Microsoft SQL Server\100\Tools\Binn\;C:\Program File;C:\Program Files (x86)\Skype\Phone\;C:\WINDOWS\system32;C:\WINDOWS;C:\WINDOWS\System32\Wbem;C:\WINDOWS\System32\WindowsPowerShell\v1.0\;C:\Program Files\Microsoft SQL Server\130\Tools\Binn\;C:\Program Files (x86)\Windows Kits\10\Windows Performance Toolkit\;C:\Program Files\Git\cmd;C:\Program Files\dotnet\;C:\Program Files\Microsoft DNX\Dnvm\;C:\Users\Ranjan\AppData\Roaming\npm;C:\Program Files (x86)\SSH Communications Security\SSH Secure Shell;C:\Users\Ranjan\AppData\Local\Microsoft\WindowsApps
USERNAME=Ranjan
OS=Windows_NT
PROCESSOR_IDENTIFIER=Intel64 Family 6 Model 58 Stepping 9, GenuineIntel



---------------  S Y S T E M  ---------------

OS: Windows 10.0 , 64 bit Build 14393 (10.0.14393.0)

CPU:total 8 (4 cores per cpu, 2 threads per core) family 6 model 58 stepping 9, cmov, cx8, fxsr, mmx, sse, sse2, sse3, ssse3, sse4.1, sse4.2, popcnt, avx, aes, clmul, erms, ht, tsc, tscinvbit, tscinv

Memory: 4k page, physical 16587684k(6495656k free), swap 17636260k(4108k free)

vm_info: OpenJDK 64-Bit Server VM (25.76-b03) for windows-amd64 JRE (1.8.0_76-release-b03), built on Jun 29 2016 19:09:20 by "ralucas" with MS VC++ 10.0 (VS2010)

time: Sat Nov 19 20:01:24 2016
elapsed time: 2 seconds (0d 0h 0m 2s)

