#
# There is insufficient memory for the Java Runtime Environment to continue.
# Native memory allocation (malloc) failed to allocate 65552 bytes for Chunk::new
# Possible reasons:
#   The system is out of physical RAM or swap space
#   In 32 bit mode, the process size limit was hit
# Possible solutions:
#   Reduce memory load on the system
#   Increase physical memory or swap space
#   Check if swap backing store is full
#   Use 64 bit Java on a 64 bit OS
#   Decrease Java heap size (-Xmx/-Xms)
#   Decrease number of Java threads
#   Decrease Java thread stack sizes (-Xss)
#   Set larger code cache with -XX:ReservedCodeCacheSize=
# This output file may be truncated or incomplete.
#
#  Out of Memory Error (allocation.cpp:390), pid=21740, tid=0x0000000000000e24
#
# JRE version: OpenJDK Runtime Environment (8.0_76-b03) (build 1.8.0_76-release-b03)
# Java VM: OpenJDK 64-Bit Server VM (25.76-b03 mixed mode windows-amd64 compressed oops)
# Failed to write core dump. Minidumps are not enabled by default on client versions of Windows
#

---------------  T H R E A D  ---------------

Current thread (0x00000000171fa800):  JavaThread "C2 CompilerThread2" daemon [_thread_in_native, id=3620, stack(0x0000000017c90000,0x0000000017d90000)]

Stack: [0x0000000017c90000,0x0000000017d90000]
[error occurred during error reporting (printing stack bounds), id 0xc0000005]

Native frames: (J=compiled Java code, j=interpreted, Vv=VM code, C=native code)


Current CompileTask:
C2:   2749 1395       4       com.android.dx.ssa.SCCP::simulateStmt (481 bytes)


---------------  P R O C E S S  ---------------

Java Threads: ( => current thread )
  0x000000001739d800 JavaThread "pool-2-thread-3" [_thread_in_Java, id=16944, stack(0x0000000018390000,0x0000000018490000)]
  0x0000000017373800 JavaThread "pool-3-thread-1" [_thread_blocked, id=7764, stack(0x0000000018190000,0x0000000018290000)]
  0x000000001736b800 JavaThread "pool-2-thread-1" [_thread_in_Java, id=17180, stack(0x0000000018090000,0x0000000018190000)]
  0x000000001726c800 JavaThread "Service Thread" daemon [_thread_blocked, id=912, stack(0x0000000017e90000,0x0000000017f90000)]
  0x0000000017216800 JavaThread "C1 CompilerThread3" daemon [_thread_blocked, id=13584, stack(0x0000000017d90000,0x0000000017e90000)]
=>0x00000000171fa800 JavaThread "C2 CompilerThread2" daemon [_thread_in_native, id=3620, stack(0x0000000017c90000,0x0000000017d90000)]
  0x00000000171cc000 JavaThread "C2 CompilerThread1" daemon [_thread_in_native, id=19840, stack(0x0000000017b90000,0x0000000017c90000)]
  0x00000000171c8000 JavaThread "C2 CompilerThread0" daemon [_thread_in_native, id=14876, stack(0x0000000017a90000,0x0000000017b90000)]
  0x00000000171c5800 JavaThread "Attach Listener" daemon [_thread_blocked, id=14668, stack(0x0000000017990000,0x0000000017a90000)]
  0x00000000152ce800 JavaThread "Signal Dispatcher" daemon [_thread_blocked, id=16388, stack(0x0000000017890000,0x0000000017990000)]
  0x000000000279e000 JavaThread "Finalizer" daemon [_thread_blocked, id=9252, stack(0x00000000175a0000,0x00000000176a0000)]
  0x0000000002795000 JavaThread "Reference Handler" daemon [_thread_blocked, id=2480, stack(0x00000000170a0000,0x00000000171a0000)]
  0x000000000269d800 JavaThread "main" [_thread_blocked, id=17308, stack(0x0000000002540000,0x0000000002640000)]

Other Threads:
  0x00000000152b5000 VMThread [stack: 0x0000000016fa0000,0x00000000170a0000] [id=9400]
  0x000000001726d800 WatcherThread [stack: 0x0000000017f90000,0x0000000018090000] [id=9844]

VM state:not at safepoint (normal execution)

VM Mutex/Monitor currently owned by a thread: None

Heap:
 PSYoungGen      total 75776K, used 55982K [0x00000000eab00000, 0x00000000f3f00000, 0x0000000100000000)
  eden space 65024K, 69% used [0x00000000eab00000,0x00000000ed731520,0x00000000eea80000)
  from space 10752K, 99% used [0x00000000eea80000,0x00000000ef4fa670,0x00000000ef500000)
  to   space 10752K, 0% used [0x00000000f3480000,0x00000000f3480000,0x00000000f3f00000)
 ParOldGen       total 173568K, used 9492K [0x00000000c0000000, 0x00000000ca980000, 0x00000000eab00000)
  object space 173568K, 5% used [0x00000000c0000000,0x00000000c0945190,0x00000000ca980000)
 Metaspace       used 5741K, capacity 6960K, committed 7040K, reserved 1056768K
  class space    used 554K, capacity 616K, committed 640K, reserved 1048576K

Card table byte_map: [0x0000000011b60000,0x0000000011d70000] byte_map_base: 0x0000000011560000

Marking Bits: (ParMarkBitMap*) 0x000000005f419d00
 Begin Bits: [0x00000000126d0000, 0x00000000136d0000)
 End Bits:   [0x00000000136d0000, 0x00000000146d0000)

Polling page: 0x0000000000d30000

CodeCache: size=245760Kb used=6178Kb max_used=6179Kb free=239581Kb
 bounds [0x00000000027a0000, 0x0000000002dc0000, 0x00000000117a0000]
 total_blobs=1647 nmethods=1383 adapters=178
 compilation: enabled

Compilation events (10 events):
Event: 2.686 Thread 0x00000000171cc000 nmethod 1385 0x0000000002dad290 code [0x0000000002dad520, 0x0000000002daee70]
Event: 2.686 Thread 0x00000000171cc000 1394       4       com.android.dx.ssa.MoveParamCombiner$1::visitNonMoveInsn (213 bytes)
Event: 2.687 Thread 0x00000000171c8000 1393       4       com.android.dx.ssa.SsaBasicBlock::exitBlockFixup (58 bytes)
Event: 2.688 Thread 0x00000000171cc000 nmethod 1394 0x0000000002d875d0 code [0x0000000002d87720, 0x0000000002d878b8]
Event: 2.696 Thread 0x00000000171fa800 1395       4       com.android.dx.ssa.SCCP::simulateStmt (481 bytes)
Event: 2.696 Thread 0x00000000171cc000 1396       4       com.android.dx.ssa.SCCP::simulateBlock (54 bytes)
Event: 2.697 Thread 0x00000000171c8000 nmethod 1393 0x0000000002da5750 code [0x0000000002da58c0, 0x0000000002da5ff8]
Event: 2.697 Thread 0x00000000171c8000 1397       4       com.android.dx.ssa.SCCP::addUsersToWorklist (103 bytes)
Event: 2.707 Thread 0x0000000017216800 1401       3       com.android.dx.ssa.SCCP::replaceConstants (209 bytes)
Event: 2.708 Thread 0x0000000017216800 nmethod 1401 0x0000000002db1710 code [0x0000000002db1a20, 0x0000000002db3578]

GC Heap History (2 events):
Event: 2.044 GC heap before
{Heap before GC invocations=1 (full 0):
 PSYoungGen      total 75776K, used 65024K [0x00000000eab00000, 0x00000000eff80000, 0x0000000100000000)
  eden space 65024K, 100% used [0x00000000eab00000,0x00000000eea80000,0x00000000eea80000)
  from space 10752K, 0% used [0x00000000ef500000,0x00000000ef500000,0x00000000eff80000)
  to   space 10752K, 0% used [0x00000000eea80000,0x00000000eea80000,0x00000000ef500000)
 ParOldGen       total 173568K, used 0K [0x00000000c0000000, 0x00000000ca980000, 0x00000000eab00000)
  object space 173568K, 0% used [0x00000000c0000000,0x00000000c0000000,0x00000000ca980000)
 Metaspace       used 5718K, capacity 6960K, committed 7040K, reserved 1056768K
  class space    used 553K, capacity 616K, committed 640K, reserved 1048576K
Event: 2.302 GC heap after
Heap after GC invocations=1 (full 0):
 PSYoungGen      total 75776K, used 10729K [0x00000000eab00000, 0x00000000f3f00000, 0x0000000100000000)
  eden space 65024K, 0% used [0x00000000eab00000,0x00000000eab00000,0x00000000eea80000)
  from space 10752K, 99% used [0x00000000eea80000,0x00000000ef4fa670,0x00000000ef500000)
  to   space 10752K, 0% used [0x00000000f3480000,0x00000000f3480000,0x00000000f3f00000)
 ParOldGen       total 173568K, used 9492K [0x00000000c0000000, 0x00000000ca980000, 0x00000000eab00000)
  object space 173568K, 5% used [0x00000000c0000000,0x00000000c0945190,0x00000000ca980000)
 Metaspace       used 5718K, capacity 6960K, committed 7040K, reserved 1056768K
  class space    used 553K, capacity 616K, committed 640K, reserved 1048576K
}

Deoptimization events (10 events):
Event: 0.748 Thread 0x0000000017446000 Uncommon trap: reason=unstable_if action=reinterpret pc=0x0000000002b65a60 method=com.android.dx.util.LabeledList.set(ILcom/android/dx/util/LabeledItem;)V @ 16
Event: 0.748 Thread 0x0000000017446000 Uncommon trap: reason=unstable_if action=reinterpret pc=0x0000000002a8b60c method=com.android.dx.rop.code.RegisterSpec.equals(ILcom/android/dx/rop/type/TypeBearer;Lcom/android/dx/rop/code/LocalItem;)Z @ 16
Event: 0.873 Thread 0x0000000017394000 Uncommon trap: reason=class_check action=maybe_recompile pc=0x0000000002bdd170 method=com.android.dx.cf.code.BytecodeArray.parseInstruction(ILcom/android/dx/cf/code/BytecodeArray$Visitor;)I @ 2135
Event: 0.873 Thread 0x0000000017394000 Uncommon trap: reason=class_check action=maybe_recompile pc=0x0000000002bdd170 method=com.android.dx.cf.code.BytecodeArray.parseInstruction(ILcom/android/dx/cf/code/BytecodeArray$Visitor;)I @ 2135
Event: 0.874 Thread 0x0000000017394000 Uncommon trap: reason=class_check action=maybe_recompile pc=0x0000000002bddc60 method=com.android.dx.cf.code.BytecodeArray.parseInstruction(ILcom/android/dx/cf/code/BytecodeArray$Visitor;)I @ 2253
Event: 0.874 Thread 0x0000000017394000 Uncommon trap: reason=class_check action=maybe_recompile pc=0x0000000002bdd208 method=com.android.dx.cf.code.BytecodeArray.parseInstruction(ILcom/android/dx/cf/code/BytecodeArray$Visitor;)I @ 2281
Event: 0.874 Thread 0x000000000269d800 Uncommon trap: reason=unstable_if action=reinterpret pc=0x0000000002bcb5dc method=com.android.dx.rop.cst.Constant.compareTo(Lcom/android/dx/rop/cst/Constant;)I @ 12
Event: 0.878 Thread 0x000000000269d800 Uncommon trap: reason=class_check action=maybe_recompile pc=0x0000000002bddc60 method=com.android.dx.cf.code.BytecodeArray.parseInstruction(ILcom/android/dx/cf/code/BytecodeArray$Visitor;)I @ 2253
Event: 0.883 Thread 0x000000000269d800 Uncommon trap: reason=unstable_if action=reinterpret pc=0x0000000002c07a38 method=com.android.dx.ssa.SCCP.simulateStmt(Lcom/android/dx/ssa/SsaInsn;)V @ 53
Event: 1.449 Thread 0x0000000017446000 Uncommon trap: reason=class_check action=maybe_recompile pc=0x0000000002c024e8 method=com.android.dx.ssa.NormalSsaInsn.accept(Lcom/android/dx/ssa/SsaInsn$Visitor;)V @ 9

Internal exceptions (2 events):
Event: 0.039 Thread 0x000000000269d800 Exception <a 'java/lang/NoSuchMethodError': Method sun.misc.Unsafe.defineClass(Ljava/lang/String;[BII)Ljava/lang/Class; name or signature does not match> (0x00000000eab07cc0) thrown at [C:\src\android\AOSP-openjdk\external\jetbrains\jdk\hotspot\src\share\v€7õj§?
Event: 0.039 Thread 0x000000000269d800 Exception <a 'java/lang/NoSuchMethodError': Method sun.misc.Unsafe.prefetchRead(Ljava/lang/Object;J)V name or signature does not match> (0x00000000eab07fa8) thrown at [C:\src\android\AOSP-openjdk\external\jetbrains\jdk\hotspot\src\share\vm\prims\jni.cpp, l

Events (10 events):
Event: 2.581 Thread 0x000000001736b800 DEOPT PACKING pc=0x0000000002c653ac sp=0x000000001818e8a0
Event: 2.581 Thread 0x000000001736b800 DEOPT UNPACKING pc=0x00000000027e75bf sp=0x000000001818e6e8 mode 0
Event: 2.583 loading class com/android/dx/util/ListIntSet$1
Event: 2.583 loading class com/android/dx/util/ListIntSet$1 done
Event: 2.583 Executing VM operation: Deoptimize
Event: 2.588 Executing VM operation: Deoptimize done
Event: 2.708 Thread 0x000000001739d800 DEOPT PACKING pc=0x0000000002b5447c sp=0x000000001848e850
Event: 2.708 Thread 0x000000001739d800 DEOPT UNPACKING pc=0x00000000027e75bf sp=0x000000001848e618 mode 0
Event: 2.737 Thread 0x000000001736b800 DEOPT PACKING pc=0x0000000002b5447c sp=0x000000001818e730
Event: 2.737 Thread 0x000000001736b800 DEOPT UNPACKING pc=0x00000000027e75bf sp=0x000000001818e4f8 mode 0


Dynamic libraries:
0x00007ff7d8c60000 - 0x00007ff7d8c91000 	C:\Program Files\Android\Android Studio\jre\bin\java.exe
0x00007ffaa7010000 - 0x00007ffaa71e1000 	C:\WINDOWS\SYSTEM32\ntdll.dll
0x00007ffaa4850000 - 0x00007ffaa48fb000 	C:\WINDOWS\System32\KERNEL32.DLL
0x00007ffaa4160000 - 0x00007ffaa437d000 	C:\WINDOWS\System32\KERNELBASE.dll
0x00007ffaa1340000 - 0x00007ffaa13ba000 	C:\WINDOWS\system32\apphelp.dll
0x00007ffaa49a0000 - 0x00007ffaa4a42000 	C:\WINDOWS\System32\ADVAPI32.dll
0x00007ffaa5160000 - 0x00007ffaa51fe000 	C:\WINDOWS\System32\msvcrt.dll
0x00007ffaa5630000 - 0x00007ffaa5689000 	C:\WINDOWS\System32\sechost.dll
0x00007ffaa4e00000 - 0x00007ffaa4f21000 	C:\WINDOWS\System32\RPCRT4.dll
0x00007ffaa4c10000 - 0x00007ffaa4d75000 	C:\WINDOWS\System32\USER32.dll
0x00007ffaa4140000 - 0x00007ffaa415e000 	C:\WINDOWS\System32\win32u.dll
0x00007ffaa4d90000 - 0x00007ffaa4dc4000 	C:\WINDOWS\System32\GDI32.dll
0x00007ffaa3df0000 - 0x00007ffaa3f72000 	C:\WINDOWS\System32\gdi32full.dll
0x00007ffaa2360000 - 0x00007ffaa25d9000 	C:\WINDOWS\WinSxS\amd64_microsoft.windows.common-controls_6595b64144ccf1df_6.0.14393.447_none_42191651c6827bb3\COMCTL32.dll
0x00007ffaa6d40000 - 0x00007ffaa7007000 	C:\WINDOWS\System32\combase.dll
0x00007ffaa3cf0000 - 0x00007ffaa3de5000 	C:\WINDOWS\System32\ucrtbase.dll
0x00007ffaa4020000 - 0x00007ffaa408a000 	C:\WINDOWS\System32\bcryptPrimitives.dll
0x00007ffaa4dd0000 - 0x00007ffaa4dfe000 	C:\WINDOWS\System32\IMM32.DLL
0x000000005fb70000 - 0x000000005fc42000 	C:\Program Files\Android\Android Studio\jre\jre\bin\msvcr100.dll
0x000000005ec60000 - 0x000000005f494000 	C:\Program Files\Android\Android Studio\jre\jre\bin\server\jvm.dll
0x00007ffaa5010000 - 0x00007ffaa5018000 	C:\WINDOWS\System32\PSAPI.DLL
0x00007ffa94f30000 - 0x00007ffa94f39000 	C:\WINDOWS\SYSTEM32\WSOCK32.dll
0x00007ffaa0c00000 - 0x00007ffaa0c23000 	C:\WINDOWS\SYSTEM32\WINMM.dll
0x00007ffaa2160000 - 0x00007ffaa216a000 	C:\WINDOWS\SYSTEM32\VERSION.dll
0x00007ffaa0ba0000 - 0x00007ffaa0bcb000 	C:\WINDOWS\SYSTEM32\WINMMBASE.dll
0x00007ffaa4f90000 - 0x00007ffaa4ffa000 	C:\WINDOWS\System32\WS2_32.dll
0x00007ffaa4550000 - 0x00007ffaa4592000 	C:\WINDOWS\System32\cfgmgr32.dll
0x00007ffa9f240000 - 0x00007ffa9f24f000 	C:\Program Files\Android\Android Studio\jre\jre\bin\verify.dll
0x00007ffa9b610000 - 0x00007ffa9b639000 	C:\Program Files\Android\Android Studio\jre\jre\bin\java.dll
0x00007ffa9b5e0000 - 0x00007ffa9b5f6000 	C:\Program Files\Android\Android Studio\jre\jre\bin\zip.dll
0x00007ffaa5830000 - 0x00007ffaa6d39000 	C:\WINDOWS\System32\SHELL32.dll
0x00007ffaa3500000 - 0x00007ffaa3bda000 	C:\WINDOWS\System32\windows.storage.dll
0x00007ffaa3490000 - 0x00007ffaa34dc000 	C:\WINDOWS\System32\powrprof.dll
0x00007ffaa4610000 - 0x00007ffaa4662000 	C:\WINDOWS\System32\shlwapi.dll
0x00007ffaa3470000 - 0x00007ffaa347f000 	C:\WINDOWS\System32\kernel.appcore.dll
0x00007ffaa3c40000 - 0x00007ffaa3ce9000 	C:\WINDOWS\System32\shcore.dll
0x00007ffaa34e0000 - 0x00007ffaa34f4000 	C:\WINDOWS\System32\profapi.dll

VM Arguments:
jvm_args: -Djava.awt.headless=true -Xmx1024M -Dfile.encoding=windows-1252 -Duser.country=US -Duser.language=en -Duser.variant 
java_command: com.android.dx.command.Main --dex --force-jumbo --num-threads=4 --multi-dex --output C:\Users\Ranjan\Desktop\UMASS\CS446 Android Development\GoogleMap\app\build\intermediates\transforms\dex\debug\folders\1000\5\slice_9 C:\Users\Ranjan\Desktop\UMASS\CS446 Android Development\GoogleMap\app\build\intermediates\transforms\instantRunSlicer\debug\folders\1\5\slice_9
java_class_path (initial): C:\Users\Ranjan\AppData\Local\Android\sdk\build-tools\23.0.1\lib\dx.jar
Launcher Type: SUN_STANDARD

Environment Variables:
JAVA_HOME=C:\Program Files\Java\jdk1.8.0_31
PATH=C:\Program Files (x86)\iis express\PHP\v5.3;C:\Program Files (x86)\iis express\PHP\v5.5;C:\ProgramData\Oracle\Java\javapath;C:\Program Files (x86)\Intel\iCLS Client\;C:\Program Files\Intel\iCLS Client\;C:\WINDOWS\system32;C:\WINDOWS;C:\WINDOWS\System32\Wbem;C:\WINDOWS\System32\WindowsPowerShell\v1.0\;C:\Program Files\Intel\Intel(R) Management Engine Components\DAL;C:\Program Files\Intel\Intel(R) Management Engine Components\IPT;C:\Program Files (x86)\Intel\Intel(R) Management Engine Components\DAL;C:\Program Files (x86)\Intel\Intel(R) Management Engine Components\IPT;C:\Program Files\Intel\WiFi\bin\;C:\Program Files\Common Files\Intel\WirelessCommon\;C:\Program Files\ThinkPad\Bluetooth Software\;C:\Program Files\ThinkPad\Bluetooth Software\syswow64;C:\Program Files (x86)\Intel\OpenCL SDK\2.0\bin\x86;C:\Program Files (x86)\Intel\OpenCL SDK\2.0\bin\x64;C:\ProgramData\Lenovo\ReadyApps;C:\Program Files (x86)\Microsoft SQL Server\100\Tools\Binn\;C:\Program Files\Microsoft SQL Server\100\Tools\Binn\;C:\Program File;C:\Program Files (x86)\Skype\Phone\;C:\WINDOWS\system32;C:\WINDOWS;C:\WINDOWS\System32\Wbem;C:\WINDOWS\System32\WindowsPowerShell\v1.0\;C:\Program Files\Microsoft SQL Server\130\Tools\Binn\;C:\Program Files (x86)\Windows Kits\10\Windows Performance Toolkit\;C:\Program Files\Git\cmd;C:\Program Files\dotnet\;C:\Program Files\Microsoft DNX\Dnvm\;C:\Users\Ranjan\AppData\Roaming\npm;C:\Program Files (x86)\SSH Communications Security\SSH Secure Shell;C:\Users\Ranjan\AppData\Local\Microsoft\WindowsApps
USERNAME=Ranjan
OS=Windows_NT
PROCESSOR_IDENTIFIER=Intel64 Family 6 Model 58 Stepping 9, GenuineIntel



---------------  S Y S T E M  ---------------

OS: Windows 10.0 , 64 bit Build 14393 (10.0.14393.0)

CPU:total 8 (4 cores per cpu, 2 threads per core) family 6 model 58 stepping 9, cmov, cx8, fxsr, mmx, sse, sse2, sse3, ssse3, sse4.1, sse4.2, popcnt, avx, aes, clmul, erms, ht, tsc, tscinvbit, tscinv

Memory: 4k page, physical 16587684k(6498636k free), swap 17636260k(5480k free)

vm_info: OpenJDK 64-Bit Server VM (25.76-b03) for windows-amd64 JRE (1.8.0_76-release-b03), built on Jun 29 2016 19:09:20 by "ralucas" with MS VC++ 10.0 (VS2010)

time: Sat Nov 19 20:01:24 2016
elapsed time: 2 seconds (0d 0h 0m 2s)

