#
# There is insufficient memory for the Java Runtime Environment to continue.
# Native memory allocation (malloc) failed to allocate 310704 bytes for Chunk::new
# Possible reasons:
#   The system is out of physical RAM or swap space
#   In 32 bit mode, the process size limit was hit
# Possible solutions:
#   Reduce memory load on the system
#   Increase physical memory or swap space
#   Check if swap backing store is full
#   Use 64 bit Java on a 64 bit OS
#   Decrease Java heap size (-Xmx/-Xms)
#   Decrease number of Java threads
#   Decrease Java thread stack sizes (-Xss)
#   Set larger code cache with -XX:ReservedCodeCacheSize=
# This output file may be truncated or incomplete.
#
#  Out of Memory Error (allocation.cpp:390), pid=19304, tid=0x0000000000005070
#
# JRE version: OpenJDK Runtime Environment (8.0_76-b03) (build 1.8.0_76-release-b03)
# Java VM: OpenJDK 64-Bit Server VM (25.76-b03 mixed mode windows-amd64 compressed oops)
# Failed to write core dump. Minidumps are not enabled by default on client versions of Windows
#

---------------  T H R E A D  ---------------

Current thread (0x000000001711b000):  JavaThread "C2 CompilerThread2" daemon [_thread_in_native, id=20592, stack(0x0000000017a90000,0x0000000017b90000)]

Stack: [0x0000000017a90000,0x0000000017b90000]
[error occurred during error reporting (printing stack bounds), id 0xc0000005]

Native frames: (J=compiled Java code, j=interpreted, Vv=VM code, C=native code)


Current CompileTask:
C2:   9883 2314   !   4       com.android.dx.cf.code.Ropper::processBlock (1101 bytes)


---------------  P R O C E S S  ---------------

Java Threads: ( => current thread )
  0x00000000173a6000 JavaThread "pool-2-thread-4" [_thread_in_Java, id=18956, stack(0x0000000018290000,0x0000000018390000)]
  0x0000000017397800 JavaThread "pool-2-thread-3" [_thread_blocked, id=8844, stack(0x0000000018190000,0x0000000018290000)]
  0x0000000017394800 JavaThread "pool-2-thread-2" [_thread_blocked, id=3196, stack(0x0000000018090000,0x0000000018190000)]
  0x000000001738e000 JavaThread "pool-3-thread-1" [_thread_blocked, id=7848, stack(0x0000000017f90000,0x0000000018090000)]
  0x0000000017383800 JavaThread "pool-2-thread-1" [_thread_in_Java, id=13956, stack(0x0000000017e90000,0x0000000017f90000)]
  0x0000000017168800 JavaThread "Service Thread" daemon [_thread_blocked, id=17892, stack(0x0000000017c90000,0x0000000017d90000)]
  0x000000001711d800 JavaThread "C1 CompilerThread3" daemon [_thread_blocked, id=17364, stack(0x0000000017b90000,0x0000000017c90000)]
=>0x000000001711b000 JavaThread "C2 CompilerThread2" daemon [_thread_in_native, id=20592, stack(0x0000000017a90000,0x0000000017b90000)]
  0x00000000170ca800 JavaThread "C2 CompilerThread1" daemon [_thread_in_native, id=7404, stack(0x0000000017990000,0x0000000017a90000)]
  0x00000000170c8800 JavaThread "C2 CompilerThread0" daemon [_thread_in_native, id=10792, stack(0x0000000017890000,0x0000000017990000)]
  0x00000000170c6800 JavaThread "Attach Listener" daemon [_thread_blocked, id=16260, stack(0x0000000017790000,0x0000000017890000)]
  0x00000000170c3800 JavaThread "Signal Dispatcher" daemon [_thread_blocked, id=2992, stack(0x0000000017690000,0x0000000017790000)]
  0x00000000170c0800 JavaThread "Finalizer" daemon [_thread_blocked, id=15824, stack(0x00000000174a0000,0x00000000175a0000)]
  0x000000001518b800 JavaThread "Reference Handler" daemon [_thread_blocked, id=13060, stack(0x0000000016fa0000,0x00000000170a0000)]
  0x00000000023fd800 JavaThread "main" [_thread_in_native, id=21268, stack(0x0000000002470000,0x0000000002570000)]

Other Threads:
  0x0000000015184800 VMThread [stack: 0x0000000016ea0000,0x0000000016fa0000] [id=20912]
  0x0000000017169800 WatcherThread [stack: 0x0000000017d90000,0x0000000017e90000] [id=15408]

VM state:not at safepoint (normal execution)

VM Mutex/Monitor currently owned by a thread: None

Heap:
 PSYoungGen      total 140800K, used 25917K [0x00000000eab00000, 0x00000000fed00000, 0x0000000100000000)
  eden space 130048K, 11% used [0x00000000eab00000,0x00000000eb9d7208,0x00000000f2a00000)
  from space 10752K, 99% used [0x00000000f2a00000,0x00000000f3478400,0x00000000f3480000)
  to   space 34816K, 0% used [0x00000000fcb00000,0x00000000fcb00000,0x00000000fed00000)
 ParOldGen       total 173568K, used 49757K [0x00000000c0000000, 0x00000000ca980000, 0x00000000eab00000)
  object space 173568K, 28% used [0x00000000c0000000,0x00000000c30975d8,0x00000000ca980000)
 Metaspace       used 6370K, capacity 7216K, committed 7296K, reserved 1056768K
  class space    used 590K, capacity 616K, committed 640K, reserved 1048576K

Card table byte_map: [0x0000000011a30000,0x0000000011c40000] byte_map_base: 0x0000000011430000

Marking Bits: (ParMarkBitMap*) 0x000000005f419d00
 Begin Bits: [0x00000000125a0000, 0x00000000135a0000)
 End Bits:   [0x00000000135a0000, 0x00000000145a0000)

Polling page: 0x0000000002380000

CodeCache: size=245760Kb used=11852Kb max_used=11868Kb free=233907Kb
 bounds [0x0000000002670000, 0x0000000003220000, 0x0000000011670000]
 total_blobs=2568 nmethods=2299 adapters=182
 compilation: enabled

Compilation events (10 events):
Event: 9.822 Thread 0x00000000170ca800 nmethod 2309 0x00000000031fb3d0 code [0x00000000031fb960, 0x0000000003200340]
Event: 9.822 Thread 0x00000000170ca800 2308       4       com.android.dx.rop.type.Type::internClassName (56 bytes)
Event: 9.825 Thread 0x000000001711d800 2327       3       com.android.dx.dex.code.RopTranslator::pickOrder (400 bytes)
Event: 9.827 Thread 0x00000000170ca800 nmethod 2308 0x00000000031d3bd0 code [0x00000000031d3d40, 0x00000000031d3f98]
Event: 9.827 Thread 0x000000001711d800 nmethod 2327 0x00000000031e0410 code [0x00000000031e0740, 0x00000000031e2858]
Event: 9.829 Thread 0x00000000170ca800 2328   !   4       com.android.dx.cf.code.BytecodeArray::parseInstruction (2764 bytes)
Event: 9.834 Thread 0x000000001711d800 2329       3       com.android.dx.cf.direct.AnnotationParser::parseAnnotation (214 bytes)
Event: 9.838 Thread 0x000000001711d800 nmethod 2329 0x0000000003208ad0 code [0x0000000003209040, 0x000000000320c708]
Event: 9.842 Thread 0x00000000170c8800 nmethod 2324 0x000000000320ed10 code [0x000000000320f000, 0x00000000032104d0]
Event: 9.874 Thread 0x00000000170c8800 2330       4       com.android.dx.ssa.back.FirstFitLocalCombiningAllocator::handleLocalAssociatedParams (132 bytes)

GC Heap History (10 events):
Event: 2.296 GC heap before
{Heap before GC invocations=1 (full 0):
 PSYoungGen      total 75776K, used 65024K [0x00000000eab00000, 0x00000000eff80000, 0x0000000100000000)
  eden space 65024K, 100% used [0x00000000eab00000,0x00000000eea80000,0x00000000eea80000)
  from space 10752K, 0% used [0x00000000ef500000,0x00000000ef500000,0x00000000eff80000)
  to   space 10752K, 0% used [0x00000000eea80000,0x00000000eea80000,0x00000000ef500000)
 ParOldGen       total 173568K, used 0K [0x00000000c0000000, 0x00000000ca980000, 0x00000000eab00000)
  object space 173568K, 0% used [0x00000000c0000000,0x00000000c0000000,0x00000000ca980000)
 Metaspace       used 6131K, capacity 7088K, committed 7296K, reserved 1056768K
  class space    used 588K, capacity 616K, committed 640K, reserved 1048576K
Event: 2.351 GC heap after
Heap after GC invocations=1 (full 0):
 PSYoungGen      total 75776K, used 10745K [0x00000000eab00000, 0x00000000eff80000, 0x0000000100000000)
  eden space 65024K, 0% used [0x00000000eab00000,0x00000000eab00000,0x00000000eea80000)
  from space 10752K, 99% used [0x00000000eea80000,0x00000000ef4fe7e8,0x00000000ef500000)
  to   space 10752K, 0% used [0x00000000ef500000,0x00000000ef500000,0x00000000eff80000)
 ParOldGen       total 173568K, used 224K [0x00000000c0000000, 0x00000000ca980000, 0x00000000eab00000)
  object space 173568K, 0% used [0x00000000c0000000,0x00000000c00382d8,0x00000000ca980000)
 Metaspace       used 6131K, capacity 7088K, committed 7296K, reserved 1056768K
  class space    used 588K, capacity 616K, committed 640K, reserved 1048576K
}
Event: 5.235 GC heap before
{Heap before GC invocations=2 (full 0):
 PSYoungGen      total 75776K, used 75769K [0x00000000eab00000, 0x00000000eff80000, 0x0000000100000000)
  eden space 65024K, 100% used [0x00000000eab00000,0x00000000eea80000,0x00000000eea80000)
  from space 10752K, 99% used [0x00000000eea80000,0x00000000ef4fe7e8,0x00000000ef500000)
  to   space 10752K, 0% used [0x00000000ef500000,0x00000000ef500000,0x00000000eff80000)
 ParOldGen       total 173568K, used 224K [0x00000000c0000000, 0x00000000ca980000, 0x00000000eab00000)
  object space 173568K, 0% used [0x00000000c0000000,0x00000000c00382d8,0x00000000ca980000)
 Metaspace       used 6231K, capacity 7152K, committed 7296K, reserved 1056768K
  class space    used 589K, capacity 616K, committed 640K, reserved 1048576K
Event: 5.773 GC heap after
Heap after GC invocations=2 (full 0):
 PSYoungGen      total 75776K, used 10736K [0x00000000eab00000, 0x00000000f3f00000, 0x0000000100000000)
  eden space 65024K, 0% used [0x00000000eab00000,0x00000000eab00000,0x00000000eea80000)
  from space 10752K, 99% used [0x00000000ef500000,0x00000000eff7c368,0x00000000eff80000)
  to   space 10752K, 0% used [0x00000000eea80000,0x00000000eea80000,0x00000000ef500000)
 ParOldGen       total 173568K, used 7260K [0x00000000c0000000, 0x00000000ca980000, 0x00000000eab00000)
  object space 173568K, 4% used [0x00000000c0000000,0x00000000c07173a0,0x00000000ca980000)
 Metaspace       used 6231K, capacity 7152K, committed 7296K, reserved 1056768K
  class space    used 589K, capacity 616K, committed 640K, reserved 1048576K
}
Event: 8.330 GC heap before
{Heap before GC invocations=3 (full 0):
 PSYoungGen      total 75776K, used 75760K [0x00000000eab00000, 0x00000000f3f00000, 0x0000000100000000)
  eden space 65024K, 100% used [0x00000000eab00000,0x00000000eea80000,0x00000000eea80000)
  from space 10752K, 99% used [0x00000000ef500000,0x00000000eff7c368,0x00000000eff80000)
  to   space 10752K, 0% used [0x00000000eea80000,0x00000000eea80000,0x00000000ef500000)
 ParOldGen       total 173568K, used 7260K [0x00000000c0000000, 0x00000000ca980000, 0x00000000eab00000)
  object space 173568K, 4% used [0x00000000c0000000,0x00000000c07173a0,0x00000000ca980000)
 Metaspace       used 6343K, capacity 7216K, committed 7296K, reserved 1056768K
  class space    used 590K, capacity 616K, committed 640K, reserved 1048576K
Event: 8.446 GC heap after
Heap after GC invocations=3 (full 0):
 PSYoungGen      total 75776K, used 10721K [0x00000000eab00000, 0x00000000f3f00000, 0x0000000100000000)
  eden space 65024K, 0% used [0x00000000eab00000,0x00000000eab00000,0x00000000eea80000)
  from space 10752K, 99% used [0x00000000eea80000,0x00000000ef4f87e8,0x00000000ef500000)
  to   space 10752K, 0% used [0x00000000f3480000,0x00000000f3480000,0x00000000f3f00000)
 ParOldGen       total 173568K, used 17876K [0x00000000c0000000, 0x00000000ca980000, 0x00000000eab00000)
  object space 173568K, 10% used [0x00000000c0000000,0x00000000c11752b0,0x00000000ca980000)
 Metaspace       used 6343K, capacity 7216K, committed 7296K, reserved 1056768K
  class space    used 590K, capacity 616K, committed 640K, reserved 1048576K
}
Event: 8.929 GC heap before
{Heap before GC invocations=4 (full 0):
 PSYoungGen      total 75776K, used 75745K [0x00000000eab00000, 0x00000000f3f00000, 0x0000000100000000)
  eden space 65024K, 100% used [0x00000000eab00000,0x00000000eea80000,0x00000000eea80000)
  from space 10752K, 99% used [0x00000000eea80000,0x00000000ef4f87e8,0x00000000ef500000)
  to   space 10752K, 0% used [0x00000000f3480000,0x00000000f3480000,0x00000000f3f00000)
 ParOldGen       total 173568K, used 17876K [0x00000000c0000000, 0x00000000ca980000, 0x00000000eab00000)
  object space 173568K, 10% used [0x00000000c0000000,0x00000000c11752b0,0x00000000ca980000)
 Metaspace       used 6352K, capacity 7216K, committed 7296K, reserved 1056768K
  class space    used 590K, capacity 616K, committed 640K, reserved 1048576K
Event: 9.054 GC heap after
Heap after GC invocations=4 (full 0):
 PSYoungGen      total 140800K, used 10726K [0x00000000eab00000, 0x00000000f3f00000, 0x0000000100000000)
  eden space 130048K, 0% used [0x00000000eab00000,0x00000000eab00000,0x00000000f2a00000)
  from space 10752K, 99% used [0x00000000f3480000,0x00000000f3ef98c0,0x00000000f3f00000)
  to   space 10752K, 0% used [0x00000000f2a00000,0x00000000f2a00000,0x00000000f3480000)
 ParOldGen       total 173568K, used 28532K [0x00000000c0000000, 0x00000000ca980000, 0x00000000eab00000)
  object space 173568K, 16% used [0x00000000c0000000,0x00000000c1bdd048,0x00000000ca980000)
 Metaspace       used 6352K, capacity 7216K, committed 7296K, reserved 1056768K
  class space    used 590K, capacity 616K, committed 640K, reserved 1048576K
}
Event: 9.744 GC heap before
{Heap before GC invocations=5 (full 0):
 PSYoungGen      total 140800K, used 140774K [0x00000000eab00000, 0x00000000f3f00000, 0x0000000100000000)
  eden space 130048K, 100% used [0x00000000eab00000,0x00000000f2a00000,0x00000000f2a00000)
  from space 10752K, 99% used [0x00000000f3480000,0x00000000f3ef98c0,0x00000000f3f00000)
  to   space 10752K, 0% used [0x00000000f2a00000,0x00000000f2a00000,0x00000000f3480000)
 ParOldGen       total 173568K, used 28532K [0x00000000c0000000, 0x00000000ca980000, 0x00000000eab00000)
  object space 173568K, 16% used [0x00000000c0000000,0x00000000c1bdd048,0x00000000ca980000)
 Metaspace       used 6368K, capacity 7216K, committed 7296K, reserved 1056768K
  class space    used 590K, capacity 616K, committed 640K, reserved 1048576K
Event: 9.815 GC heap after
Heap after GC invocations=5 (full 0):
 PSYoungGen      total 140800K, used 10721K [0x00000000eab00000, 0x00000000fed00000, 0x0000000100000000)
  eden space 130048K, 0% used [0x00000000eab00000,0x00000000eab00000,0x00000000f2a00000)
  from space 10752K, 99% used [0x00000000f2a00000,0x00000000f3478400,0x00000000f3480000)
  to   space 34816K, 0% used [0x00000000fcb00000,0x00000000fcb00000,0x00000000fed00000)
 ParOldGen       total 173568K, used 49757K [0x00000000c0000000, 0x00000000ca980000, 0x00000000eab00000)
  object space 173568K, 28% used [0x00000000c0000000,0x00000000c30975d8,0x00000000ca980000)
 Metaspace       used 6368K, capacity 7216K, committed 7296K, reserved 1056768K
  class space    used 590K, capacity 616K, committed 640K, reserved 1048576K
}

Deoptimization events (10 events):
Event: 9.479 Thread 0x0000000017397800 Uncommon trap: reason=unstable_if action=reinterpret pc=0x0000000003137090 method=com.android.dx.cf.code.Simulator$SimVisitor.visitNoArgs(IIILcom/android/dx/rop/type/Type;)V @ 1277
Event: 9.490 Thread 0x0000000017394800 Uncommon trap: reason=bimorphic action=maybe_recompile pc=0x0000000002c08c7c method=com.android.dx.ssa.LiteralOpUpgrader.tryReplacingWithConstant(Lcom/android/dx/ssa/NormalSsaInsn;)Z @ 62
Event: 9.490 Thread 0x0000000017394800 Uncommon trap: reason=unstable_if action=reinterpret pc=0x0000000002db69d4 method=com.android.dx.ssa.LiteralOpUpgrader$1.visitNonMoveInsn(Lcom/android/dx/ssa/NormalSsaInsn;)V @ 24
Event: 9.493 Thread 0x0000000017394800 Uncommon trap: reason=bimorphic action=maybe_recompile pc=0x0000000002c08c7c method=com.android.dx.ssa.LiteralOpUpgrader.tryReplacingWithConstant(Lcom/android/dx/ssa/NormalSsaInsn;)Z @ 62
Event: 9.572 Thread 0x0000000017397800 Uncommon trap: reason=unstable_if action=reinterpret pc=0x0000000002bdfb0c method=com.android.dx.ssa.MoveParamCombiner$1.visitNonMoveInsn(Lcom/android/dx/ssa/NormalSsaInsn;)V @ 27
Event: 9.574 Thread 0x0000000017397800 Uncommon trap: reason=class_check action=maybe_recompile pc=0x0000000002f61760 method=com.android.dx.cf.code.Ropper.processBlock(Lcom/android/dx/cf/code/ByteBlock;Lcom/android/dx/cf/code/Frame;[I)V @ 711
Event: 9.574 Thread 0x0000000017397800 Uncommon trap: reason=class_check action=maybe_recompile pc=0x0000000002f61760 method=com.android.dx.cf.code.Ropper.processBlock(Lcom/android/dx/cf/code/ByteBlock;Lcom/android/dx/cf/code/Frame;[I)V @ 711
Event: 9.821 Thread 0x0000000017383800 Uncommon trap: reason=unstable_if action=reinterpret pc=0x0000000002f93db8 method=com.android.dx.dex.code.RopTranslator.pickOrder()V @ 130
Event: 9.828 Thread 0x0000000017394800 Uncommon trap: reason=bimorphic action=maybe_recompile pc=0x00000000031e9268 method=com.android.dx.cf.code.BytecodeArray.parseInstruction(ILcom/android/dx/cf/code/BytecodeArray$Visitor;)I @ 971
Event: 9.828 Thread 0x0000000017394800 Uncommon trap: reason=bimorphic action=maybe_recompile pc=0x00000000031e9268 method=com.android.dx.cf.code.BytecodeArray.parseInstruction(ILcom/android/dx/cf/code/BytecodeArray$Visitor;)I @ 971

Internal exceptions (8 events):
Event: 0.055 Thread 0x00000000023fd800 Exception <a 'java/lang/NoSuchMethodError': Method sun.misc.Unsafe.defineClass(Ljava/lang/String;[BII)Ljava/lang/Class; name or signature does not match> (0x00000000eab07cc0) thrown at [C:\src\android\AOSP-openjdk\external\jetbrains\jdk\hotspot\src\share\všÖ·çoö«?
Event: 0.055 Thread 0x00000000023fd800 Exception <a 'java/lang/NoSuchMethodError': Method sun.misc.Unsafe.prefetchRead(Ljava/lang/Object;J)V name or signature does not match> (0x00000000eab07fa8) thrown at [C:\src\android\AOSP-openjdk\external\jetbrains\jdk\hotspot\src\share\vm\prims\jni.cpp, lnŸ§×…á?
Event: 0.548 Thread 0x00000000023fd800 Implicit null exception at 0x0000000002983dbd to 0x0000000002986cc9
Event: 0.697 Thread 0x00000000023fd800 Implicit null exception at 0x0000000002969ce2 to 0x0000000002969dd2
Event: 1.215 Thread 0x00000000173a6000 Exception <a 'java/lang/ArrayIndexOutOfBoundsException': 18> (0x00000000ed4d6710) thrown at [C:\src\android\AOSP-openjdk\external\jetbrains\jdk\hotspot\src\share\vm\interpreter\interpreterRuntime.cpp, line 366]
Event: 1.552 Thread 0x00000000173a6000 Exception <a 'java/lang/ArrayIndexOutOfBoundsException'> (0x00000000ed968190) thrown at [C:\src\android\AOSP-openjdk\external\jetbrains\jdk\hotspot\src\share\vm\runtime\sharedRuntime.cpp, line 605]
Event: 1.553 Thread 0x00000000173a6000 Exception <a 'java/lang/ArrayIndexOutOfBoundsException'> (0x00000000ed969478) thrown at [C:\src\android\AOSP-openjdk\external\jetbrains\jdk\hotspot\src\share\vm\runtime\sharedRuntime.cpp, line 605]
Event: 8.126 Thread 0x0000000017383800 Implicit null exception at 0x0000000002b684be to 0x0000000002b69999

Events (10 events):
Event: 9.815 Executing VM operation: ParallelGCFailedAllocation done
Event: 9.821 Thread 0x0000000017383800 Uncommon trap: trap_request=0xffffff65 fr.pc=0x0000000002f93db8
Event: 9.821 Thread 0x0000000017383800 DEOPT PACKING pc=0x0000000002f93db8 sp=0x0000000017f8e9f0
Event: 9.821 Thread 0x0000000017383800 DEOPT UNPACKING pc=0x00000000026b556a sp=0x0000000017f8e970 mode 2
Event: 9.828 Thread 0x0000000017394800 Uncommon trap: trap_request=0xffffffc6 fr.pc=0x00000000031e9268
Event: 9.828 Thread 0x0000000017394800 DEOPT PACKING pc=0x00000000031e9268 sp=0x000000001818e890
Event: 9.828 Thread 0x0000000017394800 DEOPT UNPACKING pc=0x00000000026b556a sp=0x000000001818e818 mode 2
Event: 9.828 Thread 0x0000000017394800 Uncommon trap: trap_request=0xffffffc6 fr.pc=0x00000000031e9268
Event: 9.828 Thread 0x0000000017394800 DEOPT PACKING pc=0x00000000031e9268 sp=0x000000001818e8b0
Event: 9.828 Thread 0x0000000017394800 DEOPT UNPACKING pc=0x00000000026b556a sp=0x000000001818e838 mode 2


Dynamic libraries:
0x00007ff7d8c60000 - 0x00007ff7d8c91000 	C:\Program Files\Android\Android Studio\jre\bin\java.exe
0x00007ffaa7010000 - 0x00007ffaa71e1000 	C:\WINDOWS\SYSTEM32\ntdll.dll
0x00007ffaa4850000 - 0x00007ffaa48fb000 	C:\WINDOWS\System32\KERNEL32.DLL
0x00007ffaa4160000 - 0x00007ffaa437d000 	C:\WINDOWS\System32\KERNELBASE.dll
0x00007ffaa1340000 - 0x00007ffaa13ba000 	C:\WINDOWS\system32\apphelp.dll
0x00007ffaa49a0000 - 0x00007ffaa4a42000 	C:\WINDOWS\System32\ADVAPI32.dll
0x00007ffaa5160000 - 0x00007ffaa51fe000 	C:\WINDOWS\System32\msvcrt.dll
0x00007ffaa5630000 - 0x00007ffaa5689000 	C:\WINDOWS\System32\sechost.dll
0x00007ffaa4e00000 - 0x00007ffaa4f21000 	C:\WINDOWS\System32\RPCRT4.dll
0x00007ffaa4c10000 - 0x00007ffaa4d75000 	C:\WINDOWS\System32\USER32.dll
0x00007ffaa4140000 - 0x00007ffaa415e000 	C:\WINDOWS\System32\win32u.dll
0x00007ffaa4d90000 - 0x00007ffaa4dc4000 	C:\WINDOWS\System32\GDI32.dll
0x00007ffaa3df0000 - 0x00007ffaa3f72000 	C:\WINDOWS\System32\gdi32full.dll
0x00007ffaa2360000 - 0x00007ffaa25d9000 	C:\WINDOWS\WinSxS\amd64_microsoft.windows.common-controls_6595b64144ccf1df_6.0.14393.447_none_42191651c6827bb3\COMCTL32.dll
0x00007ffaa6d40000 - 0x00007ffaa7007000 	C:\WINDOWS\System32\combase.dll
0x00007ffaa3cf0000 - 0x00007ffaa3de5000 	C:\WINDOWS\System32\ucrtbase.dll
0x00007ffaa4020000 - 0x00007ffaa408a000 	C:\WINDOWS\System32\bcryptPrimitives.dll
0x00007ffaa4dd0000 - 0x00007ffaa4dfe000 	C:\WINDOWS\System32\IMM32.DLL
0x000000005fb70000 - 0x000000005fc42000 	C:\Program Files\Android\Android Studio\jre\jre\bin\msvcr100.dll
0x000000005ec60000 - 0x000000005f494000 	C:\Program Files\Android\Android Studio\jre\jre\bin\server\jvm.dll
0x00007ffaa5010000 - 0x00007ffaa5018000 	C:\WINDOWS\System32\PSAPI.DLL
0x00007ffa94f30000 - 0x00007ffa94f39000 	C:\WINDOWS\SYSTEM32\WSOCK32.dll
0x00007ffaa4f90000 - 0x00007ffaa4ffa000 	C:\WINDOWS\System32\WS2_32.dll
0x00007ffaa0c00000 - 0x00007ffaa0c23000 	C:\WINDOWS\SYSTEM32\WINMM.dll
0x00007ffaa2160000 - 0x00007ffaa216a000 	C:\WINDOWS\SYSTEM32\VERSION.dll
0x00007ffaa0ba0000 - 0x00007ffaa0bcb000 	C:\WINDOWS\SYSTEM32\WINMMBASE.dll
0x00007ffaa4550000 - 0x00007ffaa4592000 	C:\WINDOWS\System32\cfgmgr32.dll
0x00007ffa9f240000 - 0x00007ffa9f24f000 	C:\Program Files\Android\Android Studio\jre\jre\bin\verify.dll
0x00007ffa9b610000 - 0x00007ffa9b639000 	C:\Program Files\Android\Android Studio\jre\jre\bin\java.dll
0x00007ffa9b5e0000 - 0x00007ffa9b5f6000 	C:\Program Files\Android\Android Studio\jre\jre\bin\zip.dll
0x00007ffaa5830000 - 0x00007ffaa6d39000 	C:\WINDOWS\System32\SHELL32.dll
0x00007ffaa3500000 - 0x00007ffaa3bda000 	C:\WINDOWS\System32\windows.storage.dll
0x00007ffaa3490000 - 0x00007ffaa34dc000 	C:\WINDOWS\System32\powrprof.dll
0x00007ffaa4610000 - 0x00007ffaa4662000 	C:\WINDOWS\System32\shlwapi.dll
0x00007ffaa3470000 - 0x00007ffaa347f000 	C:\WINDOWS\System32\kernel.appcore.dll
0x00007ffaa3c40000 - 0x00007ffaa3ce9000 	C:\WINDOWS\System32\shcore.dll
0x00007ffaa34e0000 - 0x00007ffaa34f4000 	C:\WINDOWS\System32\profapi.dll

VM Arguments:
jvm_args: -Djava.awt.headless=true -Xmx1024M -Dfile.encoding=windows-1252 -Duser.country=US -Duser.language=en -Duser.variant 
java_command: com.android.dx.command.Main --dex --force-jumbo --num-threads=4 --multi-dex --output C:\Users\Ranjan\Desktop\UMASS\CS446 Android Development\GoogleMap\app\build\intermediates\transforms\dex\debug\folders\1000\10\com.android.support-support-v4-23.1.0_6d2b3f970aed42d22cf149d516befa821d1c3b50 C:\Users\Ranjan\Desktop\UMASS\CS446 Android Development\GoogleMap\app\build\intermediates\exploded-aar\com.android.support\support-v4\23.1.0\jars\classes.jar
java_class_path (initial): C:\Users\Ranjan\AppData\Local\Android\sdk\build-tools\23.0.1\lib\dx.jar
Launcher Type: SUN_STANDARD

Environment Variables:
JAVA_HOME=C:\Program Files\Java\jdk1.8.0_31
PATH=C:\Program Files (x86)\iis express\PHP\v5.3;C:\Program Files (x86)\iis express\PHP\v5.5;C:\ProgramData\Oracle\Java\javapath;C:\Program Files (x86)\Intel\iCLS Client\;C:\Program Files\Intel\iCLS Client\;C:\WINDOWS\system32;C:\WINDOWS;C:\WINDOWS\System32\Wbem;C:\WINDOWS\System32\WindowsPowerShell\v1.0\;C:\Program Files\Intel\Intel(R) Management Engine Components\DAL;C:\Program Files\Intel\Intel(R) Management Engine Components\IPT;C:\Program Files (x86)\Intel\Intel(R) Management Engine Components\DAL;C:\Program Files (x86)\Intel\Intel(R) Management Engine Components\IPT;C:\Program Files\Intel\WiFi\bin\;C:\Program Files\Common Files\Intel\WirelessCommon\;C:\Program Files\ThinkPad\Bluetooth Software\;C:\Program Files\ThinkPad\Bluetooth Software\syswow64;C:\Program Files (x86)\Intel\OpenCL SDK\2.0\bin\x86;C:\Program Files (x86)\Intel\OpenCL SDK\2.0\bin\x64;C:\ProgramData\Lenovo\ReadyApps;C:\Program Files (x86)\Microsoft SQL Server\100\Tools\Binn\;C:\Program Files\Microsoft SQL Server\100\Tools\Binn\;C:\Program File;C:\Program Files (x86)\Skype\Phone\;C:\WINDOWS\system32;C:\WINDOWS;C:\WINDOWS\System32\Wbem;C:\WINDOWS\System32\WindowsPowerShell\v1.0\;C:\Program Files\Microsoft SQL Server\130\Tools\Binn\;C:\Program Files (x86)\Windows Kits\10\Windows Performance Toolkit\;C:\Program Files\Git\cmd;C:\Program Files\dotnet\;C:\Program Files\Microsoft DNX\Dnvm\;C:\Users\Ranjan\AppData\Roaming\npm;C:\Program Files (x86)\SSH Communications Security\SSH Secure Shell;C:\Users\Ranjan\AppData\Local\Microsoft\WindowsApps
USERNAME=Ranjan
OS=Windows_NT
PROCESSOR_IDENTIFIER=Intel64 Family 6 Model 58 Stepping 9, GenuineIntel



---------------  S Y S T E M  ---------------

OS: Windows 10.0 , 64 bit Build 14393 (10.0.14393.0)

CPU:total 8 (4 cores per cpu, 2 threads per core) family 6 model 58 stepping 9, cmov, cx8, fxsr, mmx, sse, sse2, sse3, ssse3, sse4.1, sse4.2, popcnt, avx, aes, clmul, erms, ht, tsc, tscinvbit, tscinv

Memory: 4k page, physical 16587684k(6519288k free), swap 17636260k(5232k free)

vm_info: OpenJDK 64-Bit Server VM (25.76-b03) for windows-amd64 JRE (1.8.0_76-release-b03), built on Jun 29 2016 19:09:20 by "ralucas" with MS VC++ 10.0 (VS2010)

time: Sat Nov 19 20:01:37 2016
elapsed time: 9 seconds (0d 0h 0m 9s)

