#
# There is insufficient memory for the Java Runtime Environment to continue.
# Native memory allocation (malloc) failed to allocate 898656 bytes for Chunk::new
# Possible reasons:
#   The system is out of physical RAM or swap space
#   In 32 bit mode, the process size limit was hit
# Possible solutions:
#   Reduce memory load on the system
#   Increase physical memory or swap space
#   Check if swap backing store is full
#   Use 64 bit Java on a 64 bit OS
#   Decrease Java heap size (-Xmx/-Xms)
#   Decrease number of Java threads
#   Decrease Java thread stack sizes (-Xss)
#   Set larger code cache with -XX:ReservedCodeCacheSize=
# This output file may be truncated or incomplete.
#
#  Out of Memory Error (allocation.cpp:390), pid=3196, tid=0x00000000000029d0
#
# JRE version: OpenJDK Runtime Environment (8.0_76-b03) (build 1.8.0_76-release-b03)
# Java VM: OpenJDK 64-Bit Server VM (25.76-b03 mixed mode windows-amd64 compressed oops)
# Failed to write core dump. Minidumps are not enabled by default on client versions of Windows
#

---------------  T H R E A D  ---------------

Current thread (0x0000000017d0a800):  JavaThread "C2 CompilerThread2" daemon [_thread_in_native, id=10704, stack(0x00000000186c0000,0x00000000187c0000)]

Stack: [0x00000000186c0000,0x00000000187c0000]
[error occurred during error reporting (printing stack bounds), id 0xc0000005]

Native frames: (J=compiled Java code, j=interpreted, Vv=VM code, C=native code)


Current CompileTask:
C2:   3369 1737       4       com.android.dx.dex.code.OutputFinisher::addConstants (93 bytes)


---------------  P R O C E S S  ---------------

Java Threads: ( => current thread )
  0x0000000017d9e800 JavaThread "Service Thread" daemon [_thread_blocked, id=11048, stack(0x00000000188c0000,0x00000000189c0000)]
  0x0000000017d10800 JavaThread "C1 CompilerThread3" daemon [_thread_blocked, id=14100, stack(0x00000000187c0000,0x00000000188c0000)]
=>0x0000000017d0a800 JavaThread "C2 CompilerThread2" daemon [_thread_in_native, id=10704, stack(0x00000000186c0000,0x00000000187c0000)]
  0x0000000017cfb800 JavaThread "C2 CompilerThread1" daemon [_thread_in_native, id=1248, stack(0x00000000185c0000,0x00000000186c0000)]
  0x0000000017cf9000 JavaThread "C2 CompilerThread0" daemon [_thread_in_native, id=8960, stack(0x00000000184c0000,0x00000000185c0000)]
  0x0000000017cf6800 JavaThread "Attach Listener" daemon [_thread_blocked, id=13520, stack(0x00000000183c0000,0x00000000184c0000)]
  0x0000000017cf3000 JavaThread "Signal Dispatcher" daemon [_thread_blocked, id=3132, stack(0x00000000182c0000,0x00000000183c0000)]
  0x0000000015de1000 JavaThread "Finalizer" daemon [_thread_blocked, id=2356, stack(0x00000000180d0000,0x00000000181d0000)]
  0x00000000032b7000 JavaThread "Reference Handler" daemon [_thread_blocked, id=5140, stack(0x0000000017bd0000,0x0000000017cd0000)]
  0x00000000013fd800 JavaThread "main" [_thread_in_vm, id=14452, stack(0x00000000030c0000,0x00000000031c0000)]

Other Threads:
  0x0000000015dd5800 VMThread [stack: 0x0000000017ad0000,0x0000000017bd0000] [id=1104]
  0x0000000017d51800 WatcherThread [stack: 0x00000000189c0000,0x0000000018ac0000] [id=5540]

VM state:not at safepoint (normal execution)

VM Mutex/Monitor currently owned by a thread:  ([mutex/lock_event])
[0x00000000013fc8b0] SystemDictionary_lock - owner thread: 0x00000000013fd800

Heap:
 PSYoungGen      total 75776K, used 53121K [0x00000000eab00000, 0x00000000f3f00000, 0x0000000100000000)
  eden space 65024K, 65% used [0x00000000eab00000,0x00000000ed461e40,0x00000000eea80000)
  from space 10752K, 99% used [0x00000000eea80000,0x00000000ef4fe8f0,0x00000000ef500000)
  to   space 10752K, 0% used [0x00000000f3480000,0x00000000f3480000,0x00000000f3f00000)
 ParOldGen       total 173568K, used 362K [0x00000000c0000000, 0x00000000ca980000, 0x00000000eab00000)
  object space 173568K, 0% used [0x00000000c0000000,0x00000000c005aa90,0x00000000ca980000)
 Metaspace       used 6117K, capacity 7088K, committed 7296K, reserved 1056768K
  class space    used 571K, capacity 616K, committed 640K, reserved 1048576K

Card table byte_map: [0x0000000012680000,0x0000000012890000] byte_map_base: 0x0000000012080000

Marking Bits: (ParMarkBitMap*) 0x000000005f419d00
 Begin Bits: [0x00000000131f0000, 0x00000000141f0000)
 End Bits:   [0x00000000141f0000, 0x00000000151f0000)

Polling page: 0x00000000013d0000

CodeCache: size=245760Kb used=7214Kb max_used=7214Kb free=238545Kb
 bounds [0x00000000032c0000, 0x00000000039e0000, 0x00000000122c0000]
 total_blobs=1998 nmethods=1730 adapters=182
 compilation: enabled

Compilation events (10 events):
Event: 3.222 Thread 0x0000000017d10800 1744       3       java.util.HashMap::keySet (25 bytes)
Event: 3.222 Thread 0x0000000017d10800 nmethod 1744 0x00000000039cd890 code [0x00000000039cda00, 0x00000000039cdd90]
Event: 3.222 Thread 0x0000000017d10800 1745       3       java.util.HashMap$KeySet::iterator (12 bytes)
Event: 3.222 Thread 0x0000000017d10800 nmethod 1745 0x00000000039cd3d0 code [0x00000000039cd540, 0x00000000039cd7a8]
Event: 3.224 Thread 0x0000000017d10800 1746       3       com.android.dx.dex.file.CodeItem::addContents (174 bytes)
Event: 3.226 Thread 0x0000000017d10800 nmethod 1746 0x00000000039cee90 code [0x00000000039cf1a0, 0x00000000039d0b48]
Event: 3.273 Thread 0x0000000017d10800 1750       3       com.android.dx.dex.file.AnnotationItem::hashCode (8 bytes)
Event: 3.273 Thread 0x0000000017d10800 nmethod 1750 0x00000000039d1610 code [0x00000000039d1780, 0x00000000039d1988]
Event: 3.274 Thread 0x0000000017d10800 1751       3       com.android.dx.dex.file.IndexedItem::setIndex (24 bytes)
Event: 3.274 Thread 0x0000000017d10800 nmethod 1751 0x00000000039d1a50 code [0x00000000039d1bc0, 0x00000000039d1e08]

GC Heap History (2 events):
Event: 2.186 GC heap before
{Heap before GC invocations=1 (full 0):
 PSYoungGen      total 75776K, used 65024K [0x00000000eab00000, 0x00000000eff80000, 0x0000000100000000)
  eden space 65024K, 100% used [0x00000000eab00000,0x00000000eea80000,0x00000000eea80000)
  from space 10752K, 0% used [0x00000000ef500000,0x00000000ef500000,0x00000000eff80000)
  to   space 10752K, 0% used [0x00000000eea80000,0x00000000eea80000,0x00000000ef500000)
 ParOldGen       total 173568K, used 0K [0x00000000c0000000, 0x00000000ca980000, 0x00000000eab00000)
  object space 173568K, 0% used [0x00000000c0000000,0x00000000c0000000,0x00000000ca980000)
 Metaspace       used 5933K, capacity 7024K, committed 7296K, reserved 1056768K
  class space    used 565K, capacity 616K, committed 640K, reserved 1048576K
Event: 2.396 GC heap after
Heap after GC invocations=1 (full 0):
 PSYoungGen      total 75776K, used 10746K [0x00000000eab00000, 0x00000000f3f00000, 0x0000000100000000)
  eden space 65024K, 0% used [0x00000000eab00000,0x00000000eab00000,0x00000000eea80000)
  from space 10752K, 99% used [0x00000000eea80000,0x00000000ef4fe8f0,0x00000000ef500000)
  to   space 10752K, 0% used [0x00000000f3480000,0x00000000f3480000,0x00000000f3f00000)
 ParOldGen       total 173568K, used 362K [0x00000000c0000000, 0x00000000ca980000, 0x00000000eab00000)
  object space 173568K, 0% used [0x00000000c0000000,0x00000000c005aa90,0x00000000ca980000)
 Metaspace       used 5933K, capacity 7024K, committed 7296K, reserved 1056768K
  class space    used 565K, capacity 616K, committed 640K, reserved 1048576K
}

Deoptimization events (10 events):
Event: 3.178 Thread 0x00000000013fd800 Uncommon trap: reason=class_check action=maybe_recompile pc=0x00000000037185c8 method=java.util.Arrays.hashCode([Ljava/lang/Object;)I @ 43
Event: 3.178 Thread 0x00000000013fd800 Uncommon trap: reason=class_check action=maybe_recompile pc=0x00000000037185c8 method=java.util.Arrays.hashCode([Ljava/lang/Object;)I @ 43
Event: 3.178 Thread 0x00000000013fd800 Uncommon trap: reason=class_check action=maybe_recompile pc=0x00000000037185c8 method=java.util.Arrays.hashCode([Ljava/lang/Object;)I @ 43
Event: 3.178 Thread 0x00000000013fd800 Uncommon trap: reason=class_check action=maybe_recompile pc=0x00000000037185c8 method=java.util.Arrays.hashCode([Ljava/lang/Object;)I @ 43
Event: 3.178 Thread 0x00000000013fd800 Uncommon trap: reason=class_check action=maybe_recompile pc=0x00000000036c1774 method=java.util.Arrays.hashCode([Ljava/lang/Object;)I @ 43
Event: 3.197 Thread 0x00000000013fd800 Uncommon trap: reason=bimorphic action=maybe_recompile pc=0x00000000036e2070 method=java.util.HashMap.putVal(ILjava/lang/Object;Ljava/lang/Object;ZZ)Ljava/lang/Object; @ 91
Event: 3.197 Thread 0x00000000013fd800 Uncommon trap: reason=bimorphic action=maybe_recompile pc=0x00000000036e2070 method=java.util.HashMap.putVal(ILjava/lang/Object;Ljava/lang/Object;ZZ)Ljava/lang/Object; @ 91
Event: 3.197 Thread 0x00000000013fd800 Uncommon trap: reason=bimorphic action=maybe_recompile pc=0x00000000035179a4 method=java.util.HashMap.getNode(ILjava/lang/Object;)Ljava/util/HashMap$Node; @ 126
Event: 3.197 Thread 0x00000000013fd800 Uncommon trap: reason=bimorphic action=maybe_recompile pc=0x00000000035179a4 method=java.util.HashMap.getNode(ILjava/lang/Object;)Ljava/util/HashMap$Node; @ 126
Event: 3.198 Thread 0x00000000013fd800 Uncommon trap: reason=bimorphic action=maybe_recompile pc=0x000000000364f814 method=java.util.HashMap.getNode(ILjava/lang/Object;)Ljava/util/HashMap$Node; @ 126

Internal exceptions (3 events):
Event: 0.042 Thread 0x00000000013fd800 Exception <a 'java/lang/NoSuchMethodError': Method sun.misc.Unsafe.defineClass(Ljava/lang/String;[BII)Ljava/lang/Class; name or signature does not match> (0x00000000eab07cc0) thrown at [C:\src\android\AOSP-openjdk\external\jetbrains\jdk\hotspot\src\share\vi´§8Ÿ¥?
Event: 0.042 Thread 0x00000000013fd800 Exception <a 'java/lang/NoSuchMethodError': Method sun.misc.Unsafe.prefetchRead(Ljava/lang/Object;J)V name or signature does not match> (0x00000000eab07fa8) thrown at [C:\src\android\AOSP-openjdk\external\jetbrains\jdk\hotspot\src\share\vm\prims\jni.cpp, l/µ7¥~÷?
Event: 1.468 Thread 0x0000000017fb1000 Implicit null exception at 0x00000000035831a2 to 0x0000000003583292

Events (10 events):
Event: 3.197 Thread 0x00000000013fd800 DEOPT PACKING pc=0x00000000035179a4 sp=0x00000000031bf2a0
Event: 3.197 Thread 0x00000000013fd800 DEOPT UNPACKING pc=0x000000000330556a sp=0x00000000031bf1c8 mode 2
Event: 3.197 Thread 0x00000000013fd800 Uncommon trap: trap_request=0xffffffc6 fr.pc=0x00000000035179a4
Event: 3.197 Thread 0x00000000013fd800 DEOPT PACKING pc=0x00000000035179a4 sp=0x00000000031bf2a0
Event: 3.197 Thread 0x00000000013fd800 DEOPT UNPACKING pc=0x000000000330556a sp=0x00000000031bf1c8 mode 2
Event: 3.198 Thread 0x00000000013fd800 Uncommon trap: trap_request=0xffffffc6 fr.pc=0x000000000364f814
Event: 3.198 Thread 0x00000000013fd800 DEOPT PACKING pc=0x000000000364f814 sp=0x00000000031bf230
Event: 3.198 Thread 0x00000000013fd800 DEOPT UNPACKING pc=0x000000000330556a sp=0x00000000031bf1c8 mode 2
Event: 3.213 loading class com/android/dx/dex/file/CatchStructs
Event: 3.213 loading class com/android/dx/dex/file/CatchStructs done


Dynamic libraries:
0x00007ff788a70000 - 0x00007ff788aa1000 	C:\Program Files\Android\Android Studio\jre\bin\java.exe
0x00007ffaa7010000 - 0x00007ffaa71e1000 	C:\WINDOWS\SYSTEM32\ntdll.dll
0x00007ffaa4850000 - 0x00007ffaa48fb000 	C:\WINDOWS\System32\KERNEL32.DLL
0x00007ffaa4160000 - 0x00007ffaa437d000 	C:\WINDOWS\System32\KERNELBASE.dll
0x00007ffaa1340000 - 0x00007ffaa13ba000 	C:\WINDOWS\system32\apphelp.dll
0x00007ffaa49a0000 - 0x00007ffaa4a42000 	C:\WINDOWS\System32\ADVAPI32.dll
0x00007ffaa5160000 - 0x00007ffaa51fe000 	C:\WINDOWS\System32\msvcrt.dll
0x00007ffaa5630000 - 0x00007ffaa5689000 	C:\WINDOWS\System32\sechost.dll
0x00007ffaa4e00000 - 0x00007ffaa4f21000 	C:\WINDOWS\System32\RPCRT4.dll
0x00007ffaa4c10000 - 0x00007ffaa4d75000 	C:\WINDOWS\System32\USER32.dll
0x00007ffaa4140000 - 0x00007ffaa415e000 	C:\WINDOWS\System32\win32u.dll
0x00007ffaa4d90000 - 0x00007ffaa4dc4000 	C:\WINDOWS\System32\GDI32.dll
0x00007ffaa3df0000 - 0x00007ffaa3f72000 	C:\WINDOWS\System32\gdi32full.dll
0x00007ffaa2360000 - 0x00007ffaa25d9000 	C:\WINDOWS\WinSxS\amd64_microsoft.windows.common-controls_6595b64144ccf1df_6.0.14393.447_none_42191651c6827bb3\COMCTL32.dll
0x00007ffaa6d40000 - 0x00007ffaa7007000 	C:\WINDOWS\System32\combase.dll
0x00007ffaa3cf0000 - 0x00007ffaa3de5000 	C:\WINDOWS\System32\ucrtbase.dll
0x00007ffaa4020000 - 0x00007ffaa408a000 	C:\WINDOWS\System32\bcryptPrimitives.dll
0x00007ffaa4dd0000 - 0x00007ffaa4dfe000 	C:\WINDOWS\System32\IMM32.DLL
0x00000000605a0000 - 0x0000000060672000 	C:\Program Files\Android\Android Studio\jre\jre\bin\msvcr100.dll
0x000000005ec60000 - 0x000000005f494000 	C:\Program Files\Android\Android Studio\jre\jre\bin\server\jvm.dll
0x00007ffaa5010000 - 0x00007ffaa5018000 	C:\WINDOWS\System32\PSAPI.DLL
0x00007ffaa0c00000 - 0x00007ffaa0c23000 	C:\WINDOWS\SYSTEM32\WINMM.dll
0x00007ffaa2160000 - 0x00007ffaa216a000 	C:\WINDOWS\SYSTEM32\VERSION.dll
0x00007ffa94f30000 - 0x00007ffa94f39000 	C:\WINDOWS\SYSTEM32\WSOCK32.dll
0x00007ffaa4f90000 - 0x00007ffaa4ffa000 	C:\WINDOWS\System32\WS2_32.dll
0x0000000001990000 - 0x00000000019bb000 	C:\WINDOWS\SYSTEM32\WINMMBASE.dll
0x00007ffaa4550000 - 0x00007ffaa4592000 	C:\WINDOWS\System32\cfgmgr32.dll
0x00007ffa9f220000 - 0x00007ffa9f22f000 	C:\Program Files\Android\Android Studio\jre\jre\bin\verify.dll
0x00007ffa9bcf0000 - 0x00007ffa9bd19000 	C:\Program Files\Android\Android Studio\jre\jre\bin\java.dll
0x00007ffa9b690000 - 0x00007ffa9b6a6000 	C:\Program Files\Android\Android Studio\jre\jre\bin\zip.dll
0x00007ffaa5830000 - 0x00007ffaa6d39000 	C:\WINDOWS\System32\SHELL32.dll
0x00007ffaa3500000 - 0x00007ffaa3bda000 	C:\WINDOWS\System32\windows.storage.dll
0x00007ffaa3490000 - 0x00007ffaa34dc000 	C:\WINDOWS\System32\powrprof.dll
0x00007ffaa4610000 - 0x00007ffaa4662000 	C:\WINDOWS\System32\shlwapi.dll
0x00007ffaa3470000 - 0x00007ffaa347f000 	C:\WINDOWS\System32\kernel.appcore.dll
0x00007ffaa3c40000 - 0x00007ffaa3ce9000 	C:\WINDOWS\System32\shcore.dll
0x00007ffaa34e0000 - 0x00007ffaa34f4000 	C:\WINDOWS\System32\profapi.dll

VM Arguments:
jvm_args: -Djava.awt.headless=true -Xmx1024M -Dfile.encoding=windows-1252 -Duser.country=US -Duser.language=en -Duser.variant 
java_command: com.android.dx.command.Main --dex --force-jumbo --num-threads=4 --output C:\Users\Ranjan\Desktop\UMASS\CS446 Android Development\GoogleMap\app\build\intermediates\pre-dexed\debug\com.google.android.gms-play-services-plus-8.1.0_b80220de80729f28cd9bbf5c32049123ab9f428f.jar C:\Users\Ranjan\Desktop\UMASS\CS446 Android Development\GoogleMap\app\build\intermediates\exploded-aar\com.google.android.gms\play-services-plus\8.1.0\jars\classes.jar
java_class_path (initial): C:\Users\Ranjan\AppData\Local\Android\sdk\build-tools\23.0.1\lib\dx.jar
Launcher Type: SUN_STANDARD

Environment Variables:
JAVA_HOME=C:\Program Files\Java\jdk1.8.0_31
PATH=C:\Program Files (x86)\iis express\PHP\v5.3;C:\Program Files (x86)\iis express\PHP\v5.5;C:\ProgramData\Oracle\Java\javapath;C:\Program Files (x86)\Intel\iCLS Client\;C:\Program Files\Intel\iCLS Client\;C:\WINDOWS\system32;C:\WINDOWS;C:\WINDOWS\System32\Wbem;C:\WINDOWS\System32\WindowsPowerShell\v1.0\;C:\Program Files\Intel\Intel(R) Management Engine Components\DAL;C:\Program Files\Intel\Intel(R) Management Engine Components\IPT;C:\Program Files (x86)\Intel\Intel(R) Management Engine Components\DAL;C:\Program Files (x86)\Intel\Intel(R) Management Engine Components\IPT;C:\Program Files\Intel\WiFi\bin\;C:\Program Files\Common Files\Intel\WirelessCommon\;C:\Program Files\ThinkPad\Bluetooth Software\;C:\Program Files\ThinkPad\Bluetooth Software\syswow64;C:\Program Files (x86)\Intel\OpenCL SDK\2.0\bin\x86;C:\Program Files (x86)\Intel\OpenCL SDK\2.0\bin\x64;C:\ProgramData\Lenovo\ReadyApps;C:\Program Files (x86)\Microsoft SQL Server\100\Tools\Binn\;C:\Program Files\Microsoft SQL Server\100\Tools\Binn\;C:\Program File;C:\Program Files (x86)\Skype\Phone\;C:\WINDOWS\system32;C:\WINDOWS;C:\WINDOWS\System32\Wbem;C:\WINDOWS\System32\WindowsPowerShell\v1.0\;C:\Program Files\Microsoft SQL Server\130\Tools\Binn\;C:\Program Files (x86)\Windows Kits\10\Windows Performance Toolkit\;C:\Program Files\Git\cmd;C:\Program Files\dotnet\;C:\Program Files\Microsoft DNX\Dnvm\;C:\Users\Ranjan\AppData\Roaming\npm;C:\Program Files (x86)\SSH Communications Security\SSH Secure Shell;C:\Users\Ranjan\AppData\Local\Microsoft\WindowsApps
USERNAME=Ranjan
OS=Windows_NT
PROCESSOR_IDENTIFIER=Intel64 Family 6 Model 58 Stepping 9, GenuineIntel



---------------  S Y S T E M  ---------------

OS: Windows 10.0 , 64 bit Build 14393 (10.0.14393.0)

CPU:total 8 (4 cores per cpu, 2 threads per core) family 6 model 58 stepping 9, cmov, cx8, fxsr, mmx, sse, sse2, sse3, ssse3, sse4.1, sse4.2, popcnt, avx, aes, clmul, erms, ht, tsc, tscinvbit, tscinv

Memory: 4k page, physical 16587684k(4890756k free), swap 17636260k(4288k free)

vm_info: OpenJDK 64-Bit Server VM (25.76-b03) for windows-amd64 JRE (1.8.0_76-release-b03), built on Jun 29 2016 19:09:20 by "ralucas" with MS VC++ 10.0 (VS2010)

time: Sun Nov 13 15:43:31 2016
elapsed time: 3 seconds (0d 0h 0m 3s)

