#
# There is insufficient memory for the Java Runtime Environment to continue.
# Native memory allocation (malloc) failed to allocate 987936 bytes for Chunk::new
# Possible reasons:
#   The system is out of physical RAM or swap space
#   In 32 bit mode, the process size limit was hit
# Possible solutions:
#   Reduce memory load on the system
#   Increase physical memory or swap space
#   Check if swap backing store is full
#   Use 64 bit Java on a 64 bit OS
#   Decrease Java heap size (-Xmx/-Xms)
#   Decrease number of Java threads
#   Decrease Java thread stack sizes (-Xss)
#   Set larger code cache with -XX:ReservedCodeCacheSize=
# This output file may be truncated or incomplete.
#
#  Out of Memory Error (allocation.cpp:390), pid=13908, tid=0x0000000000002b00
#
# JRE version: OpenJDK Runtime Environment (8.0_76-b03) (build 1.8.0_76-release-b03)
# Java VM: OpenJDK 64-Bit Server VM (25.76-b03 mixed mode windows-amd64 compressed oops)
# Failed to write core dump. Minidumps are not enabled by default on client versions of Windows
#

---------------  T H R E A D  ---------------

Current thread (0x00000000156dd800):  JavaThread "C2 CompilerThread2" daemon [_thread_in_native, id=11008, stack(0x0000000017f90000,0x0000000018090000)]

Stack: [0x0000000017f90000,0x0000000018090000]
[error occurred during error reporting (printing stack bounds), id 0xc0000005]

Native frames: (J=compiled Java code, j=interpreted, Vv=VM code, C=native code)


Current CompileTask:
C2:   3543 1742   !   4       com.android.dx.cf.code.BytecodeArray::parseInstruction (2764 bytes)


---------------  P R O C E S S  ---------------

Java Threads: ( => current thread )
  0x0000000017884000 JavaThread "pool-2-thread-4" [_thread_in_Java, id=19472, stack(0x0000000018790000,0x0000000018890000)]
  0x0000000017881800 JavaThread "pool-2-thread-3" [_thread_in_Java, id=18364, stack(0x0000000018690000,0x0000000018790000)]
  0x0000000017877000 JavaThread "pool-2-thread-2" [_thread_in_Java, id=8864, stack(0x0000000018590000,0x0000000018690000)]
  0x0000000017876000 JavaThread "pool-3-thread-1" [_thread_blocked, id=17612, stack(0x0000000018490000,0x0000000018590000)]
  0x0000000017873800 JavaThread "pool-2-thread-1" [_thread_in_Java, id=10380, stack(0x0000000018390000,0x0000000018490000)]
  0x000000001761c800 JavaThread "Service Thread" daemon [_thread_blocked, id=22100, stack(0x0000000018190000,0x0000000018290000)]
  0x00000000156de800 JavaThread "C1 CompilerThread3" daemon [_thread_blocked, id=11128, stack(0x0000000018090000,0x0000000018190000)]
=>0x00000000156dd800 JavaThread "C2 CompilerThread2" daemon [_thread_in_native, id=11008, stack(0x0000000017f90000,0x0000000018090000)]
  0x00000000175bf000 JavaThread "C2 CompilerThread1" daemon [_thread_in_native, id=14664, stack(0x0000000017e90000,0x0000000017f90000)]
  0x00000000175bd000 JavaThread "C2 CompilerThread0" daemon [_thread_in_native, id=13596, stack(0x0000000017d90000,0x0000000017e90000)]
  0x00000000175ba800 JavaThread "Attach Listener" daemon [_thread_blocked, id=19636, stack(0x0000000017c90000,0x0000000017d90000)]
  0x00000000175b7800 JavaThread "Signal Dispatcher" daemon [_thread_blocked, id=18480, stack(0x0000000017b90000,0x0000000017c90000)]
  0x0000000002b78800 JavaThread "Finalizer" daemon [_thread_blocked, id=3700, stack(0x0000000017990000,0x0000000017a90000)]
  0x0000000002b75000 JavaThread "Reference Handler" daemon [_thread_blocked, id=19188, stack(0x0000000017490000,0x0000000017590000)]
  0x000000000285d800 JavaThread "main" [_thread_in_Java, id=19076, stack(0x0000000002870000,0x0000000002970000)]

Other Threads:
  0x00000000156c5800 VMThread [stack: 0x0000000017390000,0x0000000017490000] [id=12404]
  0x000000001761d800 WatcherThread [stack: 0x0000000018290000,0x0000000018390000] [id=16980]

VM state:not at safepoint (normal execution)

VM Mutex/Monitor currently owned by a thread: None

Heap:
 PSYoungGen      total 140800K, used 13930K [0x00000000eab00000, 0x00000000f3f00000, 0x0000000100000000)
  eden space 130048K, 2% used [0x00000000eab00000,0x00000000eae20cb0,0x00000000f2a00000)
  from space 10752K, 99% used [0x00000000f3480000,0x00000000f3ef9f20,0x00000000f3f00000)
  to   space 10752K, 0% used [0x00000000f2a00000,0x00000000f2a00000,0x00000000f3480000)
 ParOldGen       total 173568K, used 32903K [0x00000000c0000000, 0x00000000ca980000, 0x00000000eab00000)
  object space 173568K, 18% used [0x00000000c0000000,0x00000000c2021d18,0x00000000ca980000)
 Metaspace       used 6228K, capacity 7152K, committed 7296K, reserved 1056768K
  class space    used 583K, capacity 616K, committed 640K, reserved 1048576K

Card table byte_map: [0x0000000011f50000,0x0000000012160000] byte_map_base: 0x0000000011950000

Marking Bits: (ParMarkBitMap*) 0x000000005f419d00
 Begin Bits: [0x0000000012ac0000, 0x0000000013ac0000)
 End Bits:   [0x0000000013ac0000, 0x0000000014ac0000)

Polling page: 0x0000000001220000

CodeCache: size=245760Kb used=7474Kb max_used=7500Kb free=238285Kb
 bounds [0x0000000002b90000, 0x00000000032f0000, 0x0000000011b90000]
 total_blobs=2084 nmethods=1815 adapters=182
 compilation: enabled

Compilation events (10 events):
Event: 3.438 Thread 0x00000000156de800 1874       2       com.android.dx.cf.code.Ropper::labelToBlock (52 bytes)
Event: 3.439 Thread 0x00000000156de800 nmethod 1874 0x00000000032cc3d0 code [0x00000000032cc5c0, 0x00000000032ccb58]
Event: 3.441 Thread 0x00000000156de800 1876   !   2       com.android.dx.dex.cf.CfTranslator::processMethods (583 bytes)
Event: 3.445 Thread 0x00000000156de800 nmethod 1876 0x00000000032cd010 code [0x00000000032cd4e0, 0x00000000032cebb8]
Event: 3.471 Thread 0x00000000156de800 1877       2       java.util.DualPivotQuicksort::sort (614 bytes)
Event: 3.473 Thread 0x00000000156de800 nmethod 1877 0x00000000032da190 code [0x00000000032da3e0, 0x00000000032db138]
Event: 3.476 Thread 0x00000000175bf000 nmethod 1709 0x00000000032dc510 code [0x00000000032dca40, 0x00000000032e1500]
Event: 3.476 Thread 0x00000000175bf000 1846       4       com.android.dx.ssa.SCCP::simulatePhiBlock (50 bytes)
Event: 3.480 Thread 0x00000000175bf000 nmethod 1846 0x00000000032d6c90 code [0x00000000032d6de0, 0x00000000032d7028]
Event: 3.480 Thread 0x00000000175bf000 1795       4       com.android.dx.rop.code.BasicBlockList::forEachInsn (39 bytes)

GC Heap History (8 events):
Event: 2.635 GC heap before
{Heap before GC invocations=1 (full 0):
 PSYoungGen      total 75776K, used 65024K [0x00000000eab00000, 0x00000000eff80000, 0x0000000100000000)
  eden space 65024K, 100% used [0x00000000eab00000,0x00000000eea80000,0x00000000eea80000)
  from space 10752K, 0% used [0x00000000ef500000,0x00000000ef500000,0x00000000eff80000)
  to   space 10752K, 0% used [0x00000000eea80000,0x00000000eea80000,0x00000000ef500000)
 ParOldGen       total 173568K, used 0K [0x00000000c0000000, 0x00000000ca980000, 0x00000000eab00000)
  object space 173568K, 0% used [0x00000000c0000000,0x00000000c0000000,0x00000000ca980000)
 Metaspace       used 5965K, capacity 7024K, committed 7296K, reserved 1056768K
  class space    used 565K, capacity 616K, committed 640K, reserved 1048576K
Event: 2.647 GC heap after
Heap after GC invocations=1 (full 0):
 PSYoungGen      total 75776K, used 10736K [0x00000000eab00000, 0x00000000eff80000, 0x0000000100000000)
  eden space 65024K, 0% used [0x00000000eab00000,0x00000000eab00000,0x00000000eea80000)
  from space 10752K, 99% used [0x00000000eea80000,0x00000000ef4fc2b8,0x00000000ef500000)
  to   space 10752K, 0% used [0x00000000ef500000,0x00000000ef500000,0x00000000eff80000)
 ParOldGen       total 173568K, used 834K [0x00000000c0000000, 0x00000000ca980000, 0x00000000eab00000)
  object space 173568K, 0% used [0x00000000c0000000,0x00000000c00d0a28,0x00000000ca980000)
 Metaspace       used 5965K, capacity 7024K, committed 7296K, reserved 1056768K
  class space    used 565K, capacity 616K, committed 640K, reserved 1048576K
}
Event: 2.941 GC heap before
{Heap before GC invocations=2 (full 0):
 PSYoungGen      total 75776K, used 75760K [0x00000000eab00000, 0x00000000eff80000, 0x0000000100000000)
  eden space 65024K, 100% used [0x00000000eab00000,0x00000000eea80000,0x00000000eea80000)
  from space 10752K, 99% used [0x00000000eea80000,0x00000000ef4fc2b8,0x00000000ef500000)
  to   space 10752K, 0% used [0x00000000ef500000,0x00000000ef500000,0x00000000eff80000)
 ParOldGen       total 173568K, used 834K [0x00000000c0000000, 0x00000000ca980000, 0x00000000eab00000)
  object space 173568K, 0% used [0x00000000c0000000,0x00000000c00d0a28,0x00000000ca980000)
 Metaspace       used 6053K, capacity 7088K, committed 7296K, reserved 1056768K
  class space    used 565K, capacity 616K, committed 640K, reserved 1048576K
Event: 2.985 GC heap after
Heap after GC invocations=2 (full 0):
 PSYoungGen      total 75776K, used 10733K [0x00000000eab00000, 0x00000000f3f00000, 0x0000000100000000)
  eden space 65024K, 0% used [0x00000000eab00000,0x00000000eab00000,0x00000000eea80000)
  from space 10752K, 99% used [0x00000000ef500000,0x00000000eff7b668,0x00000000eff80000)
  to   space 10752K, 0% used [0x00000000eea80000,0x00000000eea80000,0x00000000ef500000)
 ParOldGen       total 173568K, used 8391K [0x00000000c0000000, 0x00000000ca980000, 0x00000000eab00000)
  object space 173568K, 4% used [0x00000000c0000000,0x00000000c0831c10,0x00000000ca980000)
 Metaspace       used 6053K, capacity 7088K, committed 7296K, reserved 1056768K
  class space    used 565K, capacity 616K, committed 640K, reserved 1048576K
}
Event: 3.216 GC heap before
{Heap before GC invocations=3 (full 0):
 PSYoungGen      total 75776K, used 75757K [0x00000000eab00000, 0x00000000f3f00000, 0x0000000100000000)
  eden space 65024K, 100% used [0x00000000eab00000,0x00000000eea80000,0x00000000eea80000)
  from space 10752K, 99% used [0x00000000ef500000,0x00000000eff7b668,0x00000000eff80000)
  to   space 10752K, 0% used [0x00000000eea80000,0x00000000eea80000,0x00000000ef500000)
 ParOldGen       total 173568K, used 8391K [0x00000000c0000000, 0x00000000ca980000, 0x00000000eab00000)
  object space 173568K, 4% used [0x00000000c0000000,0x00000000c0831c10,0x00000000ca980000)
 Metaspace       used 6169K, capacity 7088K, committed 7296K, reserved 1056768K
  class space    used 583K, capacity 616K, committed 640K, reserved 1048576K
Event: 3.243 GC heap after
Heap after GC invocations=3 (full 0):
 PSYoungGen      total 75776K, used 10746K [0x00000000eab00000, 0x00000000f3f00000, 0x0000000100000000)
  eden space 65024K, 0% used [0x00000000eab00000,0x00000000eab00000,0x00000000eea80000)
  from space 10752K, 99% used [0x00000000eea80000,0x00000000ef4fe818,0x00000000ef500000)
  to   space 10752K, 0% used [0x00000000f3480000,0x00000000f3480000,0x00000000f3f00000)
 ParOldGen       total 173568K, used 20440K [0x00000000c0000000, 0x00000000ca980000, 0x00000000eab00000)
  object space 173568K, 11% used [0x00000000c0000000,0x00000000c13f6068,0x00000000ca980000)
 Metaspace       used 6169K, capacity 7088K, committed 7296K, reserved 1056768K
  class space    used 583K, capacity 616K, committed 640K, reserved 1048576K
}
Event: 3.501 GC heap before
{Heap before GC invocations=4 (full 0):
 PSYoungGen      total 75776K, used 75770K [0x00000000eab00000, 0x00000000f3f00000, 0x0000000100000000)
  eden space 65024K, 100% used [0x00000000eab00000,0x00000000eea80000,0x00000000eea80000)
  from space 10752K, 99% used [0x00000000eea80000,0x00000000ef4fe818,0x00000000ef500000)
  to   space 10752K, 0% used [0x00000000f3480000,0x00000000f3480000,0x00000000f3f00000)
 ParOldGen       total 173568K, used 20440K [0x00000000c0000000, 0x00000000ca980000, 0x00000000eab00000)
  object space 173568K, 11% used [0x00000000c0000000,0x00000000c13f6068,0x00000000ca980000)
 Metaspace       used 6228K, capacity 7152K, committed 7296K, reserved 1056768K
  class space    used 583K, capacity 616K, committed 640K, reserved 1048576K
Event: 3.538 GC heap after
Heap after GC invocations=4 (full 0):
 PSYoungGen      total 140800K, used 10727K [0x00000000eab00000, 0x00000000f3f00000, 0x0000000100000000)
  eden space 130048K, 0% used [0x00000000eab00000,0x00000000eab00000,0x00000000f2a00000)
  from space 10752K, 99% used [0x00000000f3480000,0x00000000f3ef9f20,0x00000000f3f00000)
  to   space 10752K, 0% used [0x00000000f2a00000,0x00000000f2a00000,0x00000000f3480000)
 ParOldGen       total 173568K, used 32903K [0x00000000c0000000, 0x00000000ca980000, 0x00000000eab00000)
  object space 173568K, 18% used [0x00000000c0000000,0x00000000c2021d18,0x00000000ca980000)
 Metaspace       used 6228K, capacity 7152K, committed 7296K, reserved 1056768K
  class space    used 583K, capacity 616K, committed 640K, reserved 1048576K
}

Deoptimization events (10 events):
Event: 3.091 Thread 0x000000000285d800 Uncommon trap: reason=unstable_if action=reinterpret pc=0x0000000002e6a8a8 method=java.util.HashMap.putVal(ILjava/lang/Object;Ljava/lang/Object;ZZ)Ljava/lang/Object; @ 162
Event: 3.132 Thread 0x0000000017881800 Uncommon trap: reason=unstable_if action=reinterpret pc=0x0000000002daf978 method=java.util.HashMap.getNode(ILjava/lang/Object;)Ljava/util/HashMap$Node; @ 129
Event: 3.133 Thread 0x0000000017873800 Uncommon trap: reason=class_check action=maybe_recompile pc=0x000000000323f920 method=com.android.dx.cf.code.BytecodeArray.parseInstruction(ILcom/android/dx/cf/code/BytecodeArray$Visitor;)I @ 971
Event: 3.137 Thread 0x0000000017873800 Uncommon trap: reason=bimorphic action=maybe_recompile pc=0x000000000323ebe4 method=com.android.dx.cf.code.BytecodeArray.parseInstruction(ILcom/android/dx/cf/code/BytecodeArray$Visitor;)I @ 2135
Event: 3.137 Thread 0x0000000017873800 Uncommon trap: reason=bimorphic action=maybe_recompile pc=0x000000000323ebe4 method=com.android.dx.cf.code.BytecodeArray.parseInstruction(ILcom/android/dx/cf/code/BytecodeArray$Visitor;)I @ 2135
Event: 3.137 Thread 0x0000000017877000 Uncommon trap: reason=unstable_if action=reinterpret pc=0x00000000031ef548 method=java.util.HashMap.getNode(ILjava/lang/Object;)Ljava/util/HashMap$Node; @ 84
Event: 3.278 Thread 0x0000000017877000 Uncommon trap: reason=speculate_class_check action=maybe_recompile pc=0x00000000032031cc method=com.android.dx.rop.cst.TypedConstant.getBasicType()I @ 1
Event: 3.278 Thread 0x0000000017877000 Uncommon trap: reason=speculate_class_check action=maybe_recompile pc=0x00000000032031cc method=com.android.dx.rop.cst.TypedConstant.getBasicType()I @ 1
Event: 3.338 Thread 0x0000000017877000 Uncommon trap: reason=speculate_class_check action=maybe_recompile pc=0x00000000032031cc method=com.android.dx.rop.cst.TypedConstant.getBasicType()I @ 1
Event: 3.427 Thread 0x0000000017873800 Uncommon trap: reason=unstable_if action=reinterpret pc=0x00000000032740fc method=com.android.dx.ssa.SCCP.simulateStmt(Lcom/android/dx/ssa/SsaInsn;)V @ 435

Internal exceptions (5 events):
Event: 0.752 Thread 0x000000000285d800 Exception <a 'java/lang/NoSuchMethodError': Method sun.misc.Unsafe.defineClass(Ljava/lang/String;[BII)Ljava/lang/Class; name or signature does not match> (0x00000000eab07cc0) thrown at [C:\src\android\AOSP-openjdk\external\jetbrains\jdk\hotspot\src\share\v‰6	…³è?
Event: 0.752 Thread 0x000000000285d800 Exception <a 'java/lang/NoSuchMethodError': Method sun.misc.Unsafe.prefetchRead(Ljava/lang/Object;J)V name or signature does not match> (0x00000000eab07fa8) thrown at [C:\src\android\AOSP-openjdk\external\jetbrains\jdk\hotspot\src\share\vm\prims\jni.cpp, l–ìÚ¼
	@
Event: 3.130 Thread 0x000000000285d800 Exception <a 'java/lang/ArrayIndexOutOfBoundsException': 18> (0x00000000ed341f68) thrown at [C:\src\android\AOSP-openjdk\external\jetbrains\jdk\hotspot\src\share\vm\interpreter\interpreterRuntime.cpp, line 366]
Event: 3.131 Thread 0x000000000285d800 Exception <a 'java/lang/ArrayIndexOutOfBoundsException': 145> (0x00000000ed343ae8) thrown at [C:\src\android\AOSP-openjdk\external\jetbrains\jdk\hotspot\src\share\vm\interpreter\interpreterRuntime.cpp, line 366]
Event: 3.131 Thread 0x000000000285d800 Exception <a 'java/lang/ArrayIndexOutOfBoundsException'> (0x00000000ed344dd0) thrown at [C:\src\android\AOSP-openjdk\external\jetbrains\jdk\hotspot\src\share\vm\runtime\sharedRuntime.cpp, line 605]

Events (10 events):
Event: 3.402 Thread 0x000000000285d800 DEOPT UNPACKING pc=0x0000000002bd75bf sp=0x000000000296e3d0 mode 0
Event: 3.412 Thread 0x000000000285d800 DEOPT PACKING pc=0x0000000002fabe3d sp=0x000000000296dfa0
Event: 3.412 Thread 0x000000000285d800 DEOPT UNPACKING pc=0x0000000002bd75bf sp=0x000000000296dcd8 mode 0
Event: 3.421 Thread 0x000000000285d800 DEOPT PACKING pc=0x00000000031c50a1 sp=0x000000000296e4c0
Event: 3.421 Thread 0x000000000285d800 DEOPT UNPACKING pc=0x0000000002bd75bf sp=0x000000000296e280 mode 0
Event: 3.427 Thread 0x0000000017873800 Uncommon trap: trap_request=0xffffff65 fr.pc=0x00000000032740fc
Event: 3.427 Thread 0x0000000017873800 DEOPT PACKING pc=0x00000000032740fc sp=0x000000001848e650
Event: 3.427 Thread 0x0000000017873800 DEOPT UNPACKING pc=0x0000000002bd556a sp=0x000000001848e648 mode 2
Event: 3.482 Executing VM operation: ParallelGCFailedAllocation
Event: 3.538 Executing VM operation: ParallelGCFailedAllocation done


Dynamic libraries:
0x00007ff6f7980000 - 0x00007ff6f79b1000 	C:\Program Files\Android\Android Studio\jre\bin\java.exe
0x00007ffaa7010000 - 0x00007ffaa71e1000 	C:\WINDOWS\SYSTEM32\ntdll.dll
0x00007ffaa4850000 - 0x00007ffaa48fb000 	C:\WINDOWS\System32\KERNEL32.DLL
0x00007ffaa4160000 - 0x00007ffaa437d000 	C:\WINDOWS\System32\KERNELBASE.dll
0x00007ffaa1340000 - 0x00007ffaa13ba000 	C:\WINDOWS\system32\apphelp.dll
0x00007ffaa49a0000 - 0x00007ffaa4a42000 	C:\WINDOWS\System32\ADVAPI32.dll
0x00007ffaa5160000 - 0x00007ffaa51fe000 	C:\WINDOWS\System32\msvcrt.dll
0x00007ffaa5630000 - 0x00007ffaa5689000 	C:\WINDOWS\System32\sechost.dll
0x00007ffaa4e00000 - 0x00007ffaa4f21000 	C:\WINDOWS\System32\RPCRT4.dll
0x00007ffaa4c10000 - 0x00007ffaa4d75000 	C:\WINDOWS\System32\USER32.dll
0x00007ffaa4140000 - 0x00007ffaa415e000 	C:\WINDOWS\System32\win32u.dll
0x00007ffaa4d90000 - 0x00007ffaa4dc4000 	C:\WINDOWS\System32\GDI32.dll
0x00007ffaa3df0000 - 0x00007ffaa3f72000 	C:\WINDOWS\System32\gdi32full.dll
0x00007ffaa2360000 - 0x00007ffaa25d9000 	C:\WINDOWS\WinSxS\amd64_microsoft.windows.common-controls_6595b64144ccf1df_6.0.14393.447_none_42191651c6827bb3\COMCTL32.dll
0x00007ffaa6d40000 - 0x00007ffaa7007000 	C:\WINDOWS\System32\combase.dll
0x00007ffaa3cf0000 - 0x00007ffaa3de5000 	C:\WINDOWS\System32\ucrtbase.dll
0x00007ffaa4020000 - 0x00007ffaa408a000 	C:\WINDOWS\System32\bcryptPrimitives.dll
0x00007ffaa4dd0000 - 0x00007ffaa4dfe000 	C:\WINDOWS\System32\IMM32.DLL
0x000000005fb70000 - 0x000000005fc42000 	C:\Program Files\Android\Android Studio\jre\jre\bin\msvcr100.dll
0x000000005ec60000 - 0x000000005f494000 	C:\Program Files\Android\Android Studio\jre\jre\bin\server\jvm.dll
0x00007ffaa5010000 - 0x00007ffaa5018000 	C:\WINDOWS\System32\PSAPI.DLL
0x00007ffa94f30000 - 0x00007ffa94f39000 	C:\WINDOWS\SYSTEM32\WSOCK32.dll
0x00007ffaa4f90000 - 0x00007ffaa4ffa000 	C:\WINDOWS\System32\WS2_32.dll
0x00007ffaa0c00000 - 0x00007ffaa0c23000 	C:\WINDOWS\SYSTEM32\WINMM.dll
0x00007ffaa2160000 - 0x00007ffaa216a000 	C:\WINDOWS\SYSTEM32\VERSION.dll
0x00007ffaa0ba0000 - 0x00007ffaa0bcb000 	C:\WINDOWS\SYSTEM32\WINMMBASE.dll
0x00007ffaa4550000 - 0x00007ffaa4592000 	C:\WINDOWS\System32\cfgmgr32.dll
0x00007ffa9b6b0000 - 0x00007ffa9b6bf000 	C:\Program Files\Android\Android Studio\jre\jre\bin\verify.dll
0x00007ffa904a0000 - 0x00007ffa904c9000 	C:\Program Files\Android\Android Studio\jre\jre\bin\java.dll
0x00007ffa980c0000 - 0x00007ffa980d6000 	C:\Program Files\Android\Android Studio\jre\jre\bin\zip.dll
0x00007ffaa5830000 - 0x00007ffaa6d39000 	C:\WINDOWS\System32\SHELL32.dll
0x00007ffaa3500000 - 0x00007ffaa3bda000 	C:\WINDOWS\System32\windows.storage.dll
0x00007ffaa3490000 - 0x00007ffaa34dc000 	C:\WINDOWS\System32\powrprof.dll
0x00007ffaa4610000 - 0x00007ffaa4662000 	C:\WINDOWS\System32\shlwapi.dll
0x00007ffaa3470000 - 0x00007ffaa347f000 	C:\WINDOWS\System32\kernel.appcore.dll
0x00007ffaa3c40000 - 0x00007ffaa3ce9000 	C:\WINDOWS\System32\shcore.dll
0x00007ffaa34e0000 - 0x00007ffaa34f4000 	C:\WINDOWS\System32\profapi.dll

VM Arguments:
jvm_args: -Djava.awt.headless=true -Xmx1024M -Dfile.encoding=windows-1252 -Duser.country=US -Duser.language=en -Duser.variant 
java_command: com.android.dx.command.Main --dex --force-jumbo --num-threads=4 --multi-dex --output C:\Users\Ranjan\Desktop\UMASS\CS446 Android Development\GoogleMap\app\build\intermediates\transforms\dex\debug\folders\1000\10\com.google.android.gms-play-services-analytics-8.1.0_57675c81b13448d4f0748ca1ccf1ac7072e8b397 C:\Users\Ranjan\Desktop\UMASS\CS446 Android Development\GoogleMap\app\build\intermediates\exploded-aar\com.google.android.gms\play-services-analytics\8.1.0\jars\classes.jar
java_class_path (initial): C:\Users\Ranjan\AppData\Local\Android\sdk\build-tools\23.0.1\lib\dx.jar
Launcher Type: SUN_STANDARD

Environment Variables:
JAVA_HOME=C:\Program Files\Java\jdk1.8.0_31
PATH=C:\Program Files (x86)\iis express\PHP\v5.3;C:\Program Files (x86)\iis express\PHP\v5.5;C:\ProgramData\Oracle\Java\javapath;C:\Program Files (x86)\Intel\iCLS Client\;C:\Program Files\Intel\iCLS Client\;C:\WINDOWS\system32;C:\WINDOWS;C:\WINDOWS\System32\Wbem;C:\WINDOWS\System32\WindowsPowerShell\v1.0\;C:\Program Files\Intel\Intel(R) Management Engine Components\DAL;C:\Program Files\Intel\Intel(R) Management Engine Components\IPT;C:\Program Files (x86)\Intel\Intel(R) Management Engine Components\DAL;C:\Program Files (x86)\Intel\Intel(R) Management Engine Components\IPT;C:\Program Files\Intel\WiFi\bin\;C:\Program Files\Common Files\Intel\WirelessCommon\;C:\Program Files\ThinkPad\Bluetooth Software\;C:\Program Files\ThinkPad\Bluetooth Software\syswow64;C:\Program Files (x86)\Intel\OpenCL SDK\2.0\bin\x86;C:\Program Files (x86)\Intel\OpenCL SDK\2.0\bin\x64;C:\ProgramData\Lenovo\ReadyApps;C:\Program Files (x86)\Microsoft SQL Server\100\Tools\Binn\;C:\Program Files\Microsoft SQL Server\100\Tools\Binn\;C:\Program File;C:\Program Files (x86)\Skype\Phone\;C:\WINDOWS\system32;C:\WINDOWS;C:\WINDOWS\System32\Wbem;C:\WINDOWS\System32\WindowsPowerShell\v1.0\;C:\Program Files\Microsoft SQL Server\130\Tools\Binn\;C:\Program Files (x86)\Windows Kits\10\Windows Performance Toolkit\;C:\Program Files\Git\cmd;C:\Program Files\dotnet\;C:\Program Files\Microsoft DNX\Dnvm\;C:\Users\Ranjan\AppData\Roaming\npm;C:\Program Files (x86)\SSH Communications Security\SSH Secure Shell;C:\Users\Ranjan\AppData\Local\Microsoft\WindowsApps
USERNAME=Ranjan
OS=Windows_NT
PROCESSOR_IDENTIFIER=Intel64 Family 6 Model 58 Stepping 9, GenuineIntel



---------------  S Y S T E M  ---------------

OS: Windows 10.0 , 64 bit Build 14393 (10.0.14393.0)

CPU:total 8 (4 cores per cpu, 2 threads per core) family 6 model 58 stepping 9, cmov, cx8, fxsr, mmx, sse, sse2, sse3, ssse3, sse4.1, sse4.2, popcnt, avx, aes, clmul, erms, ht, tsc, tscinvbit, tscinv

Memory: 4k page, physical 16587684k(4994448k free), swap 17636260k(7448k free)

vm_info: OpenJDK 64-Bit Server VM (25.76-b03) for windows-amd64 JRE (1.8.0_76-release-b03), built on Jun 29 2016 19:09:20 by "ralucas" with MS VC++ 10.0 (VS2010)

time: Tue Nov 22 16:34:19 2016
elapsed time: 3 seconds (0d 0h 0m 3s)

