#
# There is insufficient memory for the Java Runtime Environment to continue.
# Native memory allocation (malloc) failed to allocate 32744 bytes for ChunkPool::allocate
# Possible reasons:
#   The system is out of physical RAM or swap space
#   In 32 bit mode, the process size limit was hit
# Possible solutions:
#   Reduce memory load on the system
#   Increase physical memory or swap space
#   Check if swap backing store is full
#   Use 64 bit Java on a 64 bit OS
#   Decrease Java heap size (-Xmx/-Xms)
#   Decrease number of Java threads
#   Decrease Java thread stack sizes (-Xss)
#   Set larger code cache with -XX:ReservedCodeCacheSize=
# This output file may be truncated or incomplete.
#
#  Out of Memory Error (allocation.cpp:273), pid=9524, tid=0x0000000000001cf0
#
# JRE version: OpenJDK Runtime Environment (8.0_76-b03) (build 1.8.0_76-release-b03)
# Java VM: OpenJDK 64-Bit Server VM (25.76-b03 mixed mode windows-amd64 compressed oops)
# Failed to write core dump. Minidumps are not enabled by default on client versions of Windows
#

---------------  T H R E A D  ---------------

Current thread (0x0000000017c3f000):  JavaThread "C2 CompilerThread2" daemon [_thread_in_native, id=7408, stack(0x0000000018600000,0x0000000018700000)]

Stack: [0x0000000018600000,0x0000000018700000]
[error occurred during error reporting (printing stack bounds), id 0xc0000005]

Native frames: (J=compiled Java code, j=interpreted, Vv=VM code, C=native code)


Current CompileTask:
C2:    579  565       4       java.util.HashMap::get (23 bytes)


---------------  P R O C E S S  ---------------

Java Threads: ( => current thread )
  0x0000000017f0d000 JavaThread "pool-1-thread-4" [_thread_in_Java, id=15620, stack(0x0000000018e00000,0x0000000018f00000)]
  0x0000000017f01800 JavaThread "pool-1-thread-3" [_thread_in_Java, id=17824, stack(0x0000000018d00000,0x0000000018e00000)]
  0x0000000017ed4800 JavaThread "pool-1-thread-2" [_thread_in_Java, id=2868, stack(0x0000000018c00000,0x0000000018d00000)]
  0x0000000017e11000 JavaThread "pool-2-thread-1" [_thread_blocked, id=14420, stack(0x0000000018b00000,0x0000000018c00000)]
  0x0000000017e0b800 JavaThread "pool-1-thread-1" [_thread_blocked, id=16332, stack(0x0000000018a00000,0x0000000018b00000)]
  0x0000000017cd6800 JavaThread "Service Thread" daemon [_thread_blocked, id=5576, stack(0x0000000018800000,0x0000000018900000)]
  0x0000000017c43000 JavaThread "C1 CompilerThread3" daemon [_thread_in_native, id=4156, stack(0x0000000018700000,0x0000000018800000)]
=>0x0000000017c3f000 JavaThread "C2 CompilerThread2" daemon [_thread_in_native, id=7408, stack(0x0000000018600000,0x0000000018700000)]
  0x0000000017c3a000 JavaThread "C2 CompilerThread1" daemon [_thread_blocked, id=13224, stack(0x0000000018500000,0x0000000018600000)]
  0x0000000017c38000 JavaThread "C2 CompilerThread0" daemon [_thread_blocked, id=3376, stack(0x0000000018400000,0x0000000018500000)]
  0x0000000017c35800 JavaThread "Attach Listener" daemon [_thread_blocked, id=9016, stack(0x0000000018300000,0x0000000018400000)]
  0x0000000015d5e800 JavaThread "Signal Dispatcher" daemon [_thread_blocked, id=13436, stack(0x0000000018200000,0x0000000018300000)]
  0x000000000322e000 JavaThread "Finalizer" daemon [_thread_blocked, id=17980, stack(0x0000000018010000,0x0000000018110000)]
  0x0000000003225000 JavaThread "Reference Handler" daemon [_thread_blocked, id=16584, stack(0x0000000017b10000,0x0000000017c10000)]
  0x000000000312d800 JavaThread "main" [_thread_blocked, id=15144, stack(0x0000000002fe0000,0x00000000030e0000)]

Other Threads:
  0x0000000015d45800 VMThread [stack: 0x0000000017a10000,0x0000000017b10000] [id=14388]
  0x0000000017cd7000 WatcherThread [stack: 0x0000000018900000,0x0000000018a00000] [id=18288]

VM state:not at safepoint (normal execution)

VM Mutex/Monitor currently owned by a thread: None

Heap:
 PSYoungGen      total 75776K, used 15616K [0x00000000eab00000, 0x00000000eff80000, 0x0000000100000000)
  eden space 65024K, 24% used [0x00000000eab00000,0x00000000eba40000,0x00000000eea80000)
  from space 10752K, 0% used [0x00000000ef500000,0x00000000ef500000,0x00000000eff80000)
  to   space 10752K, 0% used [0x00000000eea80000,0x00000000eea80000,0x00000000ef500000)
 ParOldGen       total 173568K, used 0K [0x00000000c0000000, 0x00000000ca980000, 0x00000000eab00000)
  object space 173568K, 0% used [0x00000000c0000000,0x00000000c0000000,0x00000000ca980000)
 Metaspace       used 5175K, capacity 6512K, committed 6784K, reserved 1056768K
  class space    used 542K, capacity 616K, committed 640K, reserved 1048576K

Card table byte_map: [0x00000000125f0000,0x0000000012800000] byte_map_base: 0x0000000011ff0000

Marking Bits: (ParMarkBitMap*) 0x000000005f419d00
 Begin Bits: [0x0000000013160000, 0x0000000014160000)
 End Bits:   [0x0000000014160000, 0x0000000015160000)

Polling page: 0x00000000017c0000

CodeCache: size=245760Kb used=2179Kb max_used=2197Kb free=243580Kb
 bounds [0x0000000003230000, 0x00000000034a0000, 0x0000000012230000]
 total_blobs=805 nmethods=545 adapters=174
 compilation: enabled

Compilation events (10 events):
Event: 0.572 Thread 0x0000000017c3f000  559       4       java.util.BitSet::nextSetBit (102 bytes)
Event: 0.573 Thread 0x0000000017c3f000 nmethod 559 0x0000000003452a90 code [0x0000000003452be0, 0x0000000003452cf8]
Event: 0.573 Thread 0x0000000017c38000 nmethod 555 0x0000000003452350 code [0x00000000034524a0, 0x00000000034527c8]
Event: 0.573 Thread 0x0000000017c3a000  562       4       java.util.BitSet::set (58 bytes)
Event: 0.574 Thread 0x0000000017c3f000  563   !   4       com.android.dx.util.IntList::get (36 bytes)
Event: 0.575 Thread 0x0000000017c3f000 nmethod 563 0x0000000003452090 code [0x00000000034521c0, 0x0000000003452278]
Event: 0.575 Thread 0x0000000017c3a000 nmethod 562 0x0000000003451cd0 code [0x0000000003451e20, 0x0000000003451f38]
Event: 0.576 Thread 0x0000000017c38000  564   !   4       com.android.dx.util.FixedSizeList::set0 (22 bytes)
Event: 0.577 Thread 0x0000000017c3f000  565       4       java.util.HashMap::get (23 bytes)
Event: 0.577 Thread 0x0000000017c38000 nmethod 564 0x0000000003456410 code [0x0000000003456560, 0x0000000003456678]

GC Heap History (0 events):
No events

Deoptimization events (5 events):
Event: 0.508 Thread 0x0000000017f01800 Uncommon trap: reason=unstable_if action=reinterpret pc=0x00000000034276f8 method=java.util.HashMap.getNode(ILjava/lang/Object;)Ljava/util/HashMap$Node; @ 62
Event: 0.552 Thread 0x0000000017f0d000 Uncommon trap: reason=class_check action=maybe_recompile pc=0x000000000342e690 method=com.android.dx.rop.cst.CstMemberRef.compareTo0(Lcom/android/dx/rop/cst/Constant;)I @ 1
Event: 0.559 Thread 0x0000000017f01800 Uncommon trap: reason=class_check action=maybe_recompile pc=0x000000000342e690 method=com.android.dx.rop.cst.CstMemberRef.compareTo0(Lcom/android/dx/rop/cst/Constant;)I @ 1
Event: 0.559 Thread 0x0000000017f01800 Uncommon trap: reason=class_check action=maybe_recompile pc=0x000000000342e690 method=com.android.dx.rop.cst.CstMemberRef.compareTo0(Lcom/android/dx/rop/cst/Constant;)I @ 1
Event: 0.573 Thread 0x0000000017ed4800 Uncommon trap: reason=class_check action=maybe_recompile pc=0x000000000342e690 method=com.android.dx.rop.cst.CstMemberRef.compareTo0(Lcom/android/dx/rop/cst/Constant;)I @ 1

Internal exceptions (2 events):
Event: 0.035 Thread 0x000000000312d800 Exception <a 'java/lang/NoSuchMethodError': Method sun.misc.Unsafe.defineClass(Ljava/lang/String;[BII)Ljava/lang/Class; name or signature does not match> (0x00000000eab07cc0) thrown at [C:\src\android\AOSP-openjdk\external\jetbrains\jdk\hotspot\src\share\v…œ»øÆý¡?
Event: 0.035 Thread 0x000000000312d800 Exception <a 'java/lang/NoSuchMethodError': Method sun.misc.Unsafe.prefetchRead(Ljava/lang/Object;J)V name or signature does not match> (0x00000000eab07fa8) thrown at [C:\src\android\AOSP-openjdk\external\jetbrains\jdk\hotspot\src\share\vm\prims\jni.cpp, l

Events (10 events):
Event: 0.559 Thread 0x0000000017f01800 Uncommon trap: trap_request=0xffffffde fr.pc=0x000000000342e690
Event: 0.559 Thread 0x0000000017f01800 DEOPT PACKING pc=0x000000000342e690 sp=0x0000000018dfeb30
Event: 0.559 Thread 0x0000000017f01800 DEOPT UNPACKING pc=0x000000000327556a sp=0x0000000018dfeab8 mode 2
Event: 0.573 Thread 0x0000000017ed4800 Uncommon trap: trap_request=0xffffffde fr.pc=0x000000000342e690
Event: 0.573 Thread 0x0000000017ed4800 DEOPT PACKING pc=0x000000000342e690 sp=0x0000000018cfead0
Event: 0.573 Thread 0x0000000017ed4800 DEOPT UNPACKING pc=0x000000000327556a sp=0x0000000018cfea58 mode 2
Event: 0.573 loading class com/android/dx/ssa/back/FirstFitLocalCombiningAllocator$Multiset
Event: 0.573 loading class com/android/dx/ssa/back/FirstFitLocalCombiningAllocator$Multiset done
Event: 0.575 loading class java/util/DualPivotQuicksort
Event: 0.575 loading class java/util/DualPivotQuicksort done


Dynamic libraries:
0x00007ff788a70000 - 0x00007ff788aa1000 	C:\Program Files\Android\Android Studio\jre\bin\java.exe
0x00007ffaa7010000 - 0x00007ffaa71e1000 	C:\WINDOWS\SYSTEM32\ntdll.dll
0x00007ffaa4850000 - 0x00007ffaa48fb000 	C:\WINDOWS\System32\KERNEL32.DLL
0x00007ffaa4160000 - 0x00007ffaa437d000 	C:\WINDOWS\System32\KERNELBASE.dll
0x00007ffaa49a0000 - 0x00007ffaa4a42000 	C:\WINDOWS\System32\ADVAPI32.dll
0x00007ffaa5160000 - 0x00007ffaa51fe000 	C:\WINDOWS\System32\msvcrt.dll
0x00007ffaa5630000 - 0x00007ffaa5689000 	C:\WINDOWS\System32\sechost.dll
0x00007ffaa4e00000 - 0x00007ffaa4f21000 	C:\WINDOWS\System32\RPCRT4.dll
0x00007ffaa4c10000 - 0x00007ffaa4d75000 	C:\WINDOWS\System32\USER32.dll
0x00007ffaa4140000 - 0x00007ffaa415e000 	C:\WINDOWS\System32\win32u.dll
0x00007ffaa4d90000 - 0x00007ffaa4dc4000 	C:\WINDOWS\System32\GDI32.dll
0x00007ffaa3df0000 - 0x00007ffaa3f72000 	C:\WINDOWS\System32\gdi32full.dll
0x00007ffaa2360000 - 0x00007ffaa25d9000 	C:\WINDOWS\WinSxS\amd64_microsoft.windows.common-controls_6595b64144ccf1df_6.0.14393.447_none_42191651c6827bb3\COMCTL32.dll
0x00007ffaa6d40000 - 0x00007ffaa7007000 	C:\WINDOWS\System32\combase.dll
0x00007ffaa3cf0000 - 0x00007ffaa3de5000 	C:\WINDOWS\System32\ucrtbase.dll
0x00007ffaa4020000 - 0x00007ffaa408a000 	C:\WINDOWS\System32\bcryptPrimitives.dll
0x00007ffaa4dd0000 - 0x00007ffaa4dfe000 	C:\WINDOWS\System32\IMM32.DLL
0x00000000605a0000 - 0x0000000060672000 	C:\Program Files\Android\Android Studio\jre\jre\bin\msvcr100.dll
0x000000005ec60000 - 0x000000005f494000 	C:\Program Files\Android\Android Studio\jre\jre\bin\server\jvm.dll
0x00007ffaa5010000 - 0x00007ffaa5018000 	C:\WINDOWS\System32\PSAPI.DLL
0x00007ffaa0c00000 - 0x00007ffaa0c23000 	C:\WINDOWS\SYSTEM32\WINMM.dll
0x00007ffaa2160000 - 0x00007ffaa216a000 	C:\WINDOWS\SYSTEM32\VERSION.dll
0x00007ffa94f30000 - 0x00007ffa94f39000 	C:\WINDOWS\SYSTEM32\WSOCK32.dll
0x00007ffaa0ba0000 - 0x00007ffaa0bcb000 	C:\WINDOWS\SYSTEM32\WINMMBASE.dll
0x00007ffaa4f90000 - 0x00007ffaa4ffa000 	C:\WINDOWS\System32\WS2_32.dll
0x00007ffaa4550000 - 0x00007ffaa4592000 	C:\WINDOWS\System32\cfgmgr32.dll
0x00007ffa9f220000 - 0x00007ffa9f22f000 	C:\Program Files\Android\Android Studio\jre\jre\bin\verify.dll
0x00007ffa99b40000 - 0x00007ffa99b69000 	C:\Program Files\Android\Android Studio\jre\jre\bin\java.dll
0x00007ffa9bd00000 - 0x00007ffa9bd16000 	C:\Program Files\Android\Android Studio\jre\jre\bin\zip.dll
0x00007ffaa5830000 - 0x00007ffaa6d39000 	C:\WINDOWS\System32\SHELL32.dll
0x00007ffaa3500000 - 0x00007ffaa3bda000 	C:\WINDOWS\System32\windows.storage.dll
0x00007ffaa3490000 - 0x00007ffaa34dc000 	C:\WINDOWS\System32\powrprof.dll
0x00007ffaa4610000 - 0x00007ffaa4662000 	C:\WINDOWS\System32\shlwapi.dll
0x00007ffaa3470000 - 0x00007ffaa347f000 	C:\WINDOWS\System32\kernel.appcore.dll
0x00007ffaa3c40000 - 0x00007ffaa3ce9000 	C:\WINDOWS\System32\shcore.dll
0x00007ffaa34e0000 - 0x00007ffaa34f4000 	C:\WINDOWS\System32\profapi.dll

VM Arguments:
jvm_args: -Djava.awt.headless=true -Xmx1024M -Dfile.encoding=windows-1252 -Duser.country=US -Duser.language=en -Duser.variant 
java_command: com.android.dx.command.Main --dex --force-jumbo --num-threads=4 --output C:\Users\Ranjan\Desktop\UMASS\CS446 Android Development\GoogleMap\app\build\intermediates\pre-dexed\debug\main_19257b4da879e7655715a33de6b8d3e5f8107942.jar C:\Users\Ranjan\Desktop\UMASS\CS446 Android Development\GoogleMap\app\build\intermediates\transforms\instantRun\debug\folders\1\5\main
java_class_path (initial): C:\Users\Ranjan\AppData\Local\Android\sdk\build-tools\23.0.1\lib\dx.jar
Launcher Type: SUN_STANDARD

Environment Variables:
JAVA_HOME=C:\Program Files\Java\jdk1.8.0_31
PATH=C:\Program Files (x86)\iis express\PHP\v5.3;C:\Program Files (x86)\iis express\PHP\v5.5;C:\ProgramData\Oracle\Java\javapath;C:\Program Files (x86)\Intel\iCLS Client\;C:\Program Files\Intel\iCLS Client\;C:\WINDOWS\system32;C:\WINDOWS;C:\WINDOWS\System32\Wbem;C:\WINDOWS\System32\WindowsPowerShell\v1.0\;C:\Program Files\Intel\Intel(R) Management Engine Components\DAL;C:\Program Files\Intel\Intel(R) Management Engine Components\IPT;C:\Program Files (x86)\Intel\Intel(R) Management Engine Components\DAL;C:\Program Files (x86)\Intel\Intel(R) Management Engine Components\IPT;C:\Program Files\Intel\WiFi\bin\;C:\Program Files\Common Files\Intel\WirelessCommon\;C:\Program Files\ThinkPad\Bluetooth Software\;C:\Program Files\ThinkPad\Bluetooth Software\syswow64;C:\Program Files (x86)\Intel\OpenCL SDK\2.0\bin\x86;C:\Program Files (x86)\Intel\OpenCL SDK\2.0\bin\x64;C:\ProgramData\Lenovo\ReadyApps;C:\Program Files (x86)\Microsoft SQL Server\100\Tools\Binn\;C:\Program Files\Microsoft SQL Server\100\Tools\Binn\;C:\Program File;C:\Program Files (x86)\Skype\Phone\;C:\WINDOWS\system32;C:\WINDOWS;C:\WINDOWS\System32\Wbem;C:\WINDOWS\System32\WindowsPowerShell\v1.0\;C:\Program Files\Microsoft SQL Server\130\Tools\Binn\;C:\Program Files (x86)\Windows Kits\10\Windows Performance Toolkit\;C:\Program Files\Git\cmd;C:\Program Files\dotnet\;C:\Program Files\Microsoft DNX\Dnvm\;C:\Users\Ranjan\AppData\Roaming\npm;C:\Program Files (x86)\SSH Communications Security\SSH Secure Shell;C:\Program Files\Intel\WiFi\bin\;C:\Program Files\Common Files\Intel\WirelessCommon\;%USERPROFILE%\AppData\Local\Microsoft\WindowsApps;
USERNAME=Ranjan
OS=Windows_NT
PROCESSOR_IDENTIFIER=Intel64 Family 6 Model 58 Stepping 9, GenuineIntel



---------------  S Y S T E M  ---------------

OS: Windows 10.0 , 64 bit Build 14393 (10.0.14393.0)

CPU:total 8 (4 cores per cpu, 2 threads per core) family 6 model 58 stepping 9, cmov, cx8, fxsr, mmx, sse, sse2, sse3, ssse3, sse4.1, sse4.2, popcnt, avx, aes, clmul, erms, ht, tsc, tscinvbit, tscinv

Memory: 4k page, physical 16587684k(5631796k free), swap 17636260k(3644k free)

vm_info: OpenJDK 64-Bit Server VM (25.76-b03) for windows-amd64 JRE (1.8.0_76-release-b03), built on Jun 29 2016 19:09:20 by "ralucas" with MS VC++ 10.0 (VS2010)

time: Sun Nov 13 12:44:31 2016
elapsed time: 0 seconds (0d 0h 0m 0s)

