#
# There is insufficient memory for the Java Runtime Environment to continue.
# Native memory allocation (malloc) failed to allocate 32744 bytes for ChunkPool::allocate
# Possible reasons:
#   The system is out of physical RAM or swap space
#   In 32 bit mode, the process size limit was hit
# Possible solutions:
#   Reduce memory load on the system
#   Increase physical memory or swap space
#   Check if swap backing store is full
#   Use 64 bit Java on a 64 bit OS
#   Decrease Java heap size (-Xmx/-Xms)
#   Decrease number of Java threads
#   Decrease Java thread stack sizes (-Xss)
#   Set larger code cache with -XX:ReservedCodeCacheSize=
# This output file may be truncated or incomplete.
#
#  Out of Memory Error (allocation.cpp:273), pid=8784, tid=0x0000000000003b64
#
# JRE version: OpenJDK Runtime Environment (8.0_76-b03) (build 1.8.0_76-release-b03)
# Java VM: OpenJDK 64-Bit Server VM (25.76-b03 mixed mode windows-amd64 compressed oops)
# Failed to write core dump. Minidumps are not enabled by default on client versions of Windows
#

---------------  T H R E A D  ---------------

Current thread (0x0000000016e7f800):  JavaThread "C1 CompilerThread3" daemon [_thread_in_native, id=15204, stack(0x00000000178f0000,0x00000000179f0000)]

Stack: [0x00000000178f0000,0x00000000179f0000]
[error occurred during error reporting (printing stack bounds), id 0xc0000005]

Native frames: (J=compiled Java code, j=interpreted, Vv=VM code, C=native code)


Current CompileTask:
C1:    578  444   !   3       com.android.dx.cf.code.BytecodeArray::parseInstruction (2764 bytes)


---------------  P R O C E S S  ---------------

Java Threads: ( => current thread )
  0x00000000170e3800 JavaThread "pool-1-thread-4" [_thread_in_Java, id=18428, stack(0x0000000017ff0000,0x00000000180f0000)]
  0x00000000170df800 JavaThread "pool-1-thread-3" [_thread_in_Java, id=3164, stack(0x0000000017ef0000,0x0000000017ff0000)]
  0x00000000170db000 JavaThread "pool-1-thread-2" [_thread_in_Java, id=13768, stack(0x0000000017df0000,0x0000000017ef0000)]
  0x00000000170da000 JavaThread "pool-2-thread-1" [_thread_blocked, id=6536, stack(0x0000000017cf0000,0x0000000017df0000)]
  0x00000000170d5000 JavaThread "pool-1-thread-1" [_thread_in_Java, id=10288, stack(0x0000000017bf0000,0x0000000017cf0000)]
  0x0000000016e9d800 JavaThread "Service Thread" daemon [_thread_blocked, id=12452, stack(0x00000000179f0000,0x0000000017af0000)]
=>0x0000000016e7f800 JavaThread "C1 CompilerThread3" daemon [_thread_in_native, id=15204, stack(0x00000000178f0000,0x00000000179f0000)]
  0x0000000016e49000 JavaThread "C2 CompilerThread2" daemon [_thread_blocked, id=9980, stack(0x00000000177f0000,0x00000000178f0000)]
  0x0000000016e2a800 JavaThread "C2 CompilerThread1" daemon [_thread_blocked, id=17660, stack(0x00000000176f0000,0x00000000177f0000)]
  0x0000000016e28000 JavaThread "C2 CompilerThread0" daemon [_thread_blocked, id=17476, stack(0x00000000175f0000,0x00000000176f0000)]
  0x0000000016e26000 JavaThread "Attach Listener" daemon [_thread_blocked, id=16924, stack(0x00000000174f0000,0x00000000175f0000)]
  0x0000000014f1e800 JavaThread "Signal Dispatcher" daemon [_thread_blocked, id=12700, stack(0x00000000173f0000,0x00000000174f0000)]
  0x00000000023ee000 JavaThread "Finalizer" daemon [_thread_blocked, id=14600, stack(0x0000000017200000,0x0000000017300000)]
  0x00000000023e5000 JavaThread "Reference Handler" daemon [_thread_blocked, id=17132, stack(0x0000000016d00000,0x0000000016e00000)]
  0x00000000001de000 JavaThread "main" [_thread_blocked, id=10948, stack(0x00000000021b0000,0x00000000022b0000)]

Other Threads:
  0x0000000014f05800 VMThread [stack: 0x0000000016c00000,0x0000000016d00000] [id=11952]
  0x0000000016e9e800 WatcherThread [stack: 0x0000000017af0000,0x0000000017bf0000] [id=4180]

VM state:not at safepoint (normal execution)

VM Mutex/Monitor currently owned by a thread: None

Heap:
 PSYoungGen      total 75776K, used 14311K [0x00000000eab00000, 0x00000000eff80000, 0x0000000100000000)
  eden space 65024K, 22% used [0x00000000eab00000,0x00000000eb8f9da0,0x00000000eea80000)
  from space 10752K, 0% used [0x00000000ef500000,0x00000000ef500000,0x00000000eff80000)
  to   space 10752K, 0% used [0x00000000eea80000,0x00000000eea80000,0x00000000ef500000)
 ParOldGen       total 173568K, used 0K [0x00000000c0000000, 0x00000000ca980000, 0x00000000eab00000)
  object space 173568K, 0% used [0x00000000c0000000,0x00000000c0000000,0x00000000ca980000)
 Metaspace       used 5281K, capacity 6448K, committed 6528K, reserved 1056768K
  class space    used 559K, capacity 616K, committed 640K, reserved 1048576K

Card table byte_map: [0x00000000117b0000,0x00000000119c0000] byte_map_base: 0x00000000111b0000

Marking Bits: (ParMarkBitMap*) 0x000000005f419d00
 Begin Bits: [0x0000000012320000, 0x0000000013320000)
 End Bits:   [0x0000000013320000, 0x0000000014320000)

Polling page: 0x0000000000b60000

CodeCache: size=245760Kb used=2012Kb max_used=2012Kb free=243747Kb
 bounds [0x00000000023f0000, 0x0000000002660000, 0x00000000113f0000]
 total_blobs=708 nmethods=440 adapters=182
 compilation: enabled

Compilation events (10 events):
Event: 0.569 Thread 0x0000000016e7f800 nmethod 438 0x00000000025e6610 code [0x00000000025e6780, 0x00000000025e6a30]
Event: 0.569 Thread 0x0000000016e7f800  440       3       java.util.BitSet::ensureCapacity (39 bytes)
Event: 0.570 Thread 0x0000000016e7f800 nmethod 440 0x00000000025e6a90 code [0x00000000025e6c20, 0x00000000025e70e8]
Event: 0.570 Thread 0x0000000016e7f800  443       3       com.android.dx.rop.code.RegisterSpec::makeLocalOptional (7 bytes)
Event: 0.570 Thread 0x0000000016e7f800 nmethod 443 0x00000000025e7290 code [0x00000000025e7400, 0x00000000025e7568]
Event: 0.570 Thread 0x0000000016e7f800  434       1       com.android.dx.cf.code.BaseMachine::getLocalIndex (5 bytes)
Event: 0.570 Thread 0x0000000016e7f800 nmethod 434 0x00000000025e7610 code [0x00000000025e7760, 0x00000000025e7870]
Event: 0.570 Thread 0x0000000016e7f800  441       1       com.android.dx.rop.cst.CstLiteral32::getIntBits (5 bytes)
Event: 0.570 Thread 0x0000000016e7f800 nmethod 441 0x00000000025e78d0 code [0x00000000025e7a20, 0x00000000025e7b30]
Event: 0.570 Thread 0x0000000016e7f800  444   !   3       com.android.dx.cf.code.BytecodeArray::parseInstruction (2764 bytes)

GC Heap History (0 events):
No events

Deoptimization events (0 events):
No events

Internal exceptions (2 events):
Event: 0.040 Thread 0x00000000001de000 Exception <a 'java/lang/NoSuchMethodError': Method sun.misc.Unsafe.defineClass(Ljava/lang/String;[BII)Ljava/lang/Class; name or signature does not match> (0x00000000eab07cc0) thrown at [C:\src\android\AOSP-openjdk\external\jetbrains\jdk\hotspot\src\share\v(%¨K¤?
Event: 0.040 Thread 0x00000000001de000 Exception <a 'java/lang/NoSuchMethodError': Method sun.misc.Unsafe.prefetchRead(Ljava/lang/Object;J)V name or signature does not match> (0x00000000eab07fa8) thrown at [C:\src\android\AOSP-openjdk\external\jetbrains\jdk\hotspot\src\share\vm\prims\jni.cpp, l

Events (10 events):
Event: 0.558 loading class com/android/dx/dex/file/FieldAnnotationStruct
Event: 0.558 loading class com/android/dx/dex/file/FieldAnnotationStruct done
Event: 0.562 loading class com/android/dx/dex/file/MethodAnnotationStruct
Event: 0.562 loading class com/android/dx/dex/file/MethodAnnotationStruct done
Event: 0.568 loading class com/android/dx/ssa/back/FirstFitLocalCombiningAllocator$Multiset
Event: 0.568 loading class com/android/dx/ssa/back/FirstFitLocalCombiningAllocator$Multiset done
Event: 0.568 loading class java/util/TreeMap$EntrySet
Event: 0.569 loading class java/util/TreeMap$EntrySet done
Event: 0.569 loading class java/util/TreeMap$EntryIterator
Event: 0.569 loading class java/util/TreeMap$EntryIterator done


Dynamic libraries:
0x00007ff788a70000 - 0x00007ff788aa1000 	C:\Program Files\Android\Android Studio\jre\bin\java.exe
0x00007ffaa7010000 - 0x00007ffaa71e1000 	C:\WINDOWS\SYSTEM32\ntdll.dll
0x00007ffaa4850000 - 0x00007ffaa48fb000 	C:\WINDOWS\System32\KERNEL32.DLL
0x00007ffaa4160000 - 0x00007ffaa437d000 	C:\WINDOWS\System32\KERNELBASE.dll
0x00007ffaa49a0000 - 0x00007ffaa4a42000 	C:\WINDOWS\System32\ADVAPI32.dll
0x00007ffaa5160000 - 0x00007ffaa51fe000 	C:\WINDOWS\System32\msvcrt.dll
0x00007ffaa5630000 - 0x00007ffaa5689000 	C:\WINDOWS\System32\sechost.dll
0x00007ffaa4e00000 - 0x00007ffaa4f21000 	C:\WINDOWS\System32\RPCRT4.dll
0x00007ffaa4c10000 - 0x00007ffaa4d75000 	C:\WINDOWS\System32\USER32.dll
0x00007ffaa4140000 - 0x00007ffaa415e000 	C:\WINDOWS\System32\win32u.dll
0x00007ffaa4d90000 - 0x00007ffaa4dc4000 	C:\WINDOWS\System32\GDI32.dll
0x00007ffaa3df0000 - 0x00007ffaa3f72000 	C:\WINDOWS\System32\gdi32full.dll
0x00007ffaa2360000 - 0x00007ffaa25d9000 	C:\WINDOWS\WinSxS\amd64_microsoft.windows.common-controls_6595b64144ccf1df_6.0.14393.447_none_42191651c6827bb3\COMCTL32.dll
0x00007ffaa6d40000 - 0x00007ffaa7007000 	C:\WINDOWS\System32\combase.dll
0x00007ffaa3cf0000 - 0x00007ffaa3de5000 	C:\WINDOWS\System32\ucrtbase.dll
0x00007ffaa4020000 - 0x00007ffaa408a000 	C:\WINDOWS\System32\bcryptPrimitives.dll
0x00007ffaa4dd0000 - 0x00007ffaa4dfe000 	C:\WINDOWS\System32\IMM32.DLL
0x00000000605a0000 - 0x0000000060672000 	C:\Program Files\Android\Android Studio\jre\jre\bin\msvcr100.dll
0x000000005ec60000 - 0x000000005f494000 	C:\Program Files\Android\Android Studio\jre\jre\bin\server\jvm.dll
0x00007ffaa5010000 - 0x00007ffaa5018000 	C:\WINDOWS\System32\PSAPI.DLL
0x00007ffa94f30000 - 0x00007ffa94f39000 	C:\WINDOWS\SYSTEM32\WSOCK32.dll
0x00007ffaa0c00000 - 0x00007ffaa0c23000 	C:\WINDOWS\SYSTEM32\WINMM.dll
0x00007ffaa2160000 - 0x00007ffaa216a000 	C:\WINDOWS\SYSTEM32\VERSION.dll
0x00007ffaa4f90000 - 0x00007ffaa4ffa000 	C:\WINDOWS\System32\WS2_32.dll
0x00007ffaa0ba0000 - 0x00007ffaa0bcb000 	C:\WINDOWS\SYSTEM32\WINMMBASE.dll
0x00007ffaa4550000 - 0x00007ffaa4592000 	C:\WINDOWS\System32\cfgmgr32.dll
0x00007ffa9f220000 - 0x00007ffa9f22f000 	C:\Program Files\Android\Android Studio\jre\jre\bin\verify.dll
0x00007ffa99b40000 - 0x00007ffa99b69000 	C:\Program Files\Android\Android Studio\jre\jre\bin\java.dll
0x00007ffa9bd00000 - 0x00007ffa9bd16000 	C:\Program Files\Android\Android Studio\jre\jre\bin\zip.dll
0x00007ffaa5830000 - 0x00007ffaa6d39000 	C:\WINDOWS\System32\SHELL32.dll
0x00007ffaa3500000 - 0x00007ffaa3bda000 	C:\WINDOWS\System32\windows.storage.dll
0x00007ffaa3490000 - 0x00007ffaa34dc000 	C:\WINDOWS\System32\powrprof.dll
0x00007ffaa4610000 - 0x00007ffaa4662000 	C:\WINDOWS\System32\shlwapi.dll
0x00007ffaa3470000 - 0x00007ffaa347f000 	C:\WINDOWS\System32\kernel.appcore.dll
0x00007ffaa3c40000 - 0x00007ffaa3ce9000 	C:\WINDOWS\System32\shcore.dll
0x00007ffaa34e0000 - 0x00007ffaa34f4000 	C:\WINDOWS\System32\profapi.dll

VM Arguments:
jvm_args: -Djava.awt.headless=true -Xmx1024M -Dfile.encoding=windows-1252 -Duser.country=US -Duser.language=en -Duser.variant 
java_command: com.android.dx.command.Main --dex --force-jumbo --num-threads=4 --output C:\Users\Ranjan\Desktop\UMASS\CS446 Android Development\GoogleMap\app\build\intermediates\pre-dexed\debug\com.google.android.gms-play-services-location-8.1.0_98043659320c2824e4728d3924b68e4197c31ced.jar C:\Users\Ranjan\Desktop\UMASS\CS446 Android Development\GoogleMap\app\build\intermediates\exploded-aar\com.google.android.gms\play-services-location\8.1.0\jars\classes.jar
java_class_path (initial): C:\Users\Ranjan\AppData\Local\Android\sdk\build-tools\23.0.1\lib\dx.jar
Launcher Type: SUN_STANDARD

Environment Variables:
JAVA_HOME=C:\Program Files\Java\jdk1.8.0_31
PATH=C:\Program Files (x86)\iis express\PHP\v5.3;C:\Program Files (x86)\iis express\PHP\v5.5;C:\ProgramData\Oracle\Java\javapath;C:\Program Files (x86)\Intel\iCLS Client\;C:\Program Files\Intel\iCLS Client\;C:\WINDOWS\system32;C:\WINDOWS;C:\WINDOWS\System32\Wbem;C:\WINDOWS\System32\WindowsPowerShell\v1.0\;C:\Program Files\Intel\Intel(R) Management Engine Components\DAL;C:\Program Files\Intel\Intel(R) Management Engine Components\IPT;C:\Program Files (x86)\Intel\Intel(R) Management Engine Components\DAL;C:\Program Files (x86)\Intel\Intel(R) Management Engine Components\IPT;C:\Program Files\Intel\WiFi\bin\;C:\Program Files\Common Files\Intel\WirelessCommon\;C:\Program Files\ThinkPad\Bluetooth Software\;C:\Program Files\ThinkPad\Bluetooth Software\syswow64;C:\Program Files (x86)\Intel\OpenCL SDK\2.0\bin\x86;C:\Program Files (x86)\Intel\OpenCL SDK\2.0\bin\x64;C:\ProgramData\Lenovo\ReadyApps;C:\Program Files (x86)\Microsoft SQL Server\100\Tools\Binn\;C:\Program Files\Microsoft SQL Server\100\Tools\Binn\;C:\Program File;C:\Program Files (x86)\Skype\Phone\;C:\WINDOWS\system32;C:\WINDOWS;C:\WINDOWS\System32\Wbem;C:\WINDOWS\System32\WindowsPowerShell\v1.0\;C:\Program Files\Microsoft SQL Server\130\Tools\Binn\;C:\Program Files (x86)\Windows Kits\10\Windows Performance Toolkit\;C:\Program Files\Git\cmd;C:\Program Files\dotnet\;C:\Program Files\Microsoft DNX\Dnvm\;C:\Users\Ranjan\AppData\Roaming\npm;C:\Program Files (x86)\SSH Communications Security\SSH Secure Shell;C:\Program Files\Intel\WiFi\bin\;C:\Program Files\Common Files\Intel\WirelessCommon\;%USERPROFILE%\AppData\Local\Microsoft\WindowsApps;
USERNAME=Ranjan
OS=Windows_NT
PROCESSOR_IDENTIFIER=Intel64 Family 6 Model 58 Stepping 9, GenuineIntel



---------------  S Y S T E M  ---------------

OS: Windows 10.0 , 64 bit Build 14393 (10.0.14393.0)

CPU:total 8 (4 cores per cpu, 2 threads per core) family 6 model 58 stepping 9, cmov, cx8, fxsr, mmx, sse, sse2, sse3, ssse3, sse4.1, sse4.2, popcnt, avx, aes, clmul, erms, ht, tsc, tscinvbit, tscinv

Memory: 4k page, physical 16587684k(5631304k free), swap 17636260k(3648k free)

vm_info: OpenJDK 64-Bit Server VM (25.76-b03) for windows-amd64 JRE (1.8.0_76-release-b03), built on Jun 29 2016 19:09:20 by "ralucas" with MS VC++ 10.0 (VS2010)

time: Sun Nov 13 12:44:31 2016
elapsed time: 0 seconds (0d 0h 0m 0s)

