#
# There is insufficient memory for the Java Runtime Environment to continue.
# Native memory allocation (malloc) failed to allocate 131088 bytes for Chunk::new
# Possible reasons:
#   The system is out of physical RAM or swap space
#   In 32 bit mode, the process size limit was hit
# Possible solutions:
#   Reduce memory load on the system
#   Increase physical memory or swap space
#   Check if swap backing store is full
#   Use 64 bit Java on a 64 bit OS
#   Decrease Java heap size (-Xmx/-Xms)
#   Decrease number of Java threads
#   Decrease Java thread stack sizes (-Xss)
#   Set larger code cache with -XX:ReservedCodeCacheSize=
# This output file may be truncated or incomplete.
#
#  Out of Memory Error (allocation.cpp:390), pid=1064, tid=0x00000000000016e0
#
# JRE version: OpenJDK Runtime Environment (8.0_76-b03) (build 1.8.0_76-release-b03)
# Java VM: OpenJDK 64-Bit Server VM (25.76-b03 mixed mode windows-amd64 compressed oops)
# Failed to write core dump. Minidumps are not enabled by default on client versions of Windows
#

---------------  T H R E A D  ---------------

Current thread (0x00000000172ad000):  JavaThread "C2 CompilerThread0" daemon [_thread_in_native, id=5856, stack(0x0000000017a70000,0x0000000017b70000)]

Stack: [0x0000000017a70000,0x0000000017b70000]
[error occurred during error reporting (printing stack bounds), id 0xc0000005]

Native frames: (J=compiled Java code, j=interpreted, Vv=VM code, C=native code)


Current CompileTask:
C2:   4893 1605       4       com.android.dx.rop.code.Rops::ropFor (771 bytes)


---------------  P R O C E S S  ---------------

Java Threads: ( => current thread )
  0x00000000175a8000 JavaThread "pool-2-thread-4" [_thread_blocked, id=2744, stack(0x0000000018470000,0x0000000018570000)]
  0x0000000017564800 JavaThread "pool-2-thread-3" [_thread_blocked, id=5524, stack(0x0000000018370000,0x0000000018470000)]
  0x000000001755d000 JavaThread "pool-2-thread-2" [_thread_blocked, id=13148, stack(0x0000000018270000,0x0000000018370000)]
  0x0000000017557000 JavaThread "pool-3-thread-1" [_thread_blocked, id=13264, stack(0x0000000018170000,0x0000000018270000)]
  0x000000001755a000 JavaThread "pool-2-thread-1" [_thread_blocked, id=23288, stack(0x0000000018070000,0x0000000018170000)]
  0x0000000017318000 JavaThread "Service Thread" daemon [_thread_blocked, id=10744, stack(0x0000000017e70000,0x0000000017f70000)]
  0x000000001539e800 JavaThread "C1 CompilerThread3" daemon [_thread_blocked, id=21236, stack(0x0000000017d70000,0x0000000017e70000)]
  0x000000001539d800 JavaThread "C2 CompilerThread2" daemon [_thread_in_native, id=10776, stack(0x0000000017c70000,0x0000000017d70000)]
  0x00000000172af000 JavaThread "C2 CompilerThread1" daemon [_thread_in_native, id=18332, stack(0x0000000017b70000,0x0000000017c70000)]
=>0x00000000172ad000 JavaThread "C2 CompilerThread0" daemon [_thread_in_native, id=5856, stack(0x0000000017a70000,0x0000000017b70000)]
  0x00000000172aa800 JavaThread "Attach Listener" daemon [_thread_blocked, id=21516, stack(0x0000000017970000,0x0000000017a70000)]
  0x00000000172a7800 JavaThread "Signal Dispatcher" daemon [_thread_blocked, id=12208, stack(0x0000000017870000,0x0000000017970000)]
  0x0000000002868800 JavaThread "Finalizer" daemon [_thread_blocked, id=11112, stack(0x0000000017680000,0x0000000017780000)]
  0x0000000002865000 JavaThread "Reference Handler" daemon [_thread_blocked, id=21908, stack(0x0000000017180000,0x0000000017280000)]
  0x000000000276d800 JavaThread "main" [_thread_blocked, id=20720, stack(0x0000000002640000,0x0000000002740000)]

Other Threads:
  0x0000000015385800 VMThread [stack: 0x0000000017080000,0x0000000017180000] [id=22760]
  0x000000001730c800 WatcherThread [stack: 0x0000000017f70000,0x0000000018070000] [id=5700]

VM state:not at safepoint (normal execution)

VM Mutex/Monitor currently owned by a thread: None

Heap:
 PSYoungGen      total 75776K, used 70556K [0x00000000eab00000, 0x00000000f3f00000, 0x0000000100000000)
  eden space 65024K, 91% used [0x00000000eab00000,0x00000000ee569a50,0x00000000eea80000)
  from space 10752K, 99% used [0x00000000eea80000,0x00000000ef4fd650,0x00000000ef500000)
  to   space 10752K, 0% used [0x00000000f3480000,0x00000000f3480000,0x00000000f3f00000)
 ParOldGen       total 173568K, used 683K [0x00000000c0000000, 0x00000000ca980000, 0x00000000eab00000)
  object space 173568K, 0% used [0x00000000c0000000,0x00000000c00aadb0,0x00000000ca980000)
 Metaspace       used 6060K, capacity 7088K, committed 7296K, reserved 1056768K
  class space    used 565K, capacity 616K, committed 640K, reserved 1048576K

Card table byte_map: [0x0000000011c30000,0x0000000011e40000] byte_map_base: 0x0000000011630000

Marking Bits: (ParMarkBitMap*) 0x000000005f419d00
 Begin Bits: [0x00000000127a0000, 0x00000000137a0000)
 End Bits:   [0x00000000137a0000, 0x00000000147a0000)

Polling page: 0x0000000000b50000

CodeCache: size=245760Kb used=7796Kb max_used=7831Kb free=237963Kb
 bounds [0x0000000002870000, 0x0000000003020000, 0x0000000011870000]
 total_blobs=2004 nmethods=1735 adapters=182
 compilation: enabled

Compilation events (10 events):
Event: 4.841 Thread 0x000000001539e800 1770       2       java.util.ArrayDeque::add (7 bytes)
Event: 4.841 Thread 0x000000001539e800 nmethod 1770 0x0000000003000d90 code [0x0000000003000f00, 0x0000000003001068]
Event: 4.841 Thread 0x000000001539e800 1771       2       java.util.ArrayDeque::addLast (53 bytes)
Event: 4.841 Thread 0x000000001539e800 nmethod 1771 0x0000000003000790 code [0x0000000003000920, 0x0000000003000bd8]
Event: 4.876 Thread 0x00000000172af000 nmethod 1629 0x000000000300a950 code [0x000000000300c1a0, 0x00000000030146c8]
Event: 4.877 Thread 0x00000000172af000 1769       4       com.android.dx.ssa.BasicRegisterMapper::addMapping (68 bytes)
Event: 4.885 Thread 0x00000000172af000 nmethod 1769 0x0000000002ffe890 code [0x0000000002ffe9e0, 0x0000000002ffee98]
Event: 4.885 Thread 0x00000000172af000 1749       4       com.android.dx.rop.code.RegisterSpecList::set (7 bytes)
Event: 4.886 Thread 0x00000000172af000 nmethod 1749 0x0000000002ffe4d0 code [0x0000000002ffe620, 0x0000000002ffe738]
Event: 4.886 Thread 0x00000000172af000 1602       4       com.android.dx.ssa.SsaRenamer$1::visitBlock (16 bytes)

GC Heap History (2 events):
Event: 3.309 GC heap before
{Heap before GC invocations=1 (full 0):
 PSYoungGen      total 75776K, used 65024K [0x00000000eab00000, 0x00000000eff80000, 0x0000000100000000)
  eden space 65024K, 100% used [0x00000000eab00000,0x00000000eea80000,0x00000000eea80000)
  from space 10752K, 0% used [0x00000000ef500000,0x00000000ef500000,0x00000000eff80000)
  to   space 10752K, 0% used [0x00000000eea80000,0x00000000eea80000,0x00000000ef500000)
 ParOldGen       total 173568K, used 0K [0x00000000c0000000, 0x00000000ca980000, 0x00000000eab00000)
  object space 173568K, 0% used [0x00000000c0000000,0x00000000c0000000,0x00000000ca980000)
 Metaspace       used 5914K, capacity 7024K, committed 7296K, reserved 1056768K
  class space    used 564K, capacity 616K, committed 640K, reserved 1048576K
Event: 3.389 GC heap after
Heap after GC invocations=1 (full 0):
 PSYoungGen      total 75776K, used 10741K [0x00000000eab00000, 0x00000000f3f00000, 0x0000000100000000)
  eden space 65024K, 0% used [0x00000000eab00000,0x00000000eab00000,0x00000000eea80000)
  from space 10752K, 99% used [0x00000000eea80000,0x00000000ef4fd650,0x00000000ef500000)
  to   space 10752K, 0% used [0x00000000f3480000,0x00000000f3480000,0x00000000f3f00000)
 ParOldGen       total 173568K, used 683K [0x00000000c0000000, 0x00000000ca980000, 0x00000000eab00000)
  object space 173568K, 0% used [0x00000000c0000000,0x00000000c00aadb0,0x00000000ca980000)
 Metaspace       used 5914K, capacity 7024K, committed 7296K, reserved 1056768K
  class space    used 564K, capacity 616K, committed 640K, reserved 1048576K
}

Deoptimization events (10 events):
Event: 4.410 Thread 0x0000000017564800 Uncommon trap: reason=bimorphic action=maybe_recompile pc=0x0000000002f53550 method=com.android.dx.cf.code.BytecodeArray.parseInstruction(ILcom/android/dx/cf/code/BytecodeArray$Visitor;)I @ 907
Event: 4.410 Thread 0x0000000017564800 Uncommon trap: reason=bimorphic action=maybe_recompile pc=0x0000000002f53550 method=com.android.dx.cf.code.BytecodeArray.parseInstruction(ILcom/android/dx/cf/code/BytecodeArray$Visitor;)I @ 907
Event: 4.410 Thread 0x0000000017564800 Uncommon trap: reason=bimorphic action=maybe_recompile pc=0x0000000002f535d4 method=com.android.dx.cf.code.BytecodeArray.parseInstruction(ILcom/android/dx/cf/code/BytecodeArray$Visitor;)I @ 923
Event: 4.410 Thread 0x0000000017564800 Uncommon trap: reason=bimorphic action=maybe_recompile pc=0x0000000002f535d4 method=com.android.dx.cf.code.BytecodeArray.parseInstruction(ILcom/android/dx/cf/code/BytecodeArray$Visitor;)I @ 923
Event: 4.411 Thread 0x0000000017564800 Uncommon trap: reason=unstable_if action=reinterpret pc=0x0000000002e78a2c method=com.android.dx.cf.code.RopperMachine.run(Lcom/android/dx/cf/code/Frame;II)V @ 1500
Event: 4.576 Thread 0x0000000017564800 Uncommon trap: reason=class_check action=maybe_recompile pc=0x0000000002ca3794 method=java.util.HashMap.putVal(ILjava/lang/Object;Ljava/lang/Object;ZZ)Ljava/lang/Object; @ 203
Event: 4.602 Thread 0x0000000017564800 Uncommon trap: reason=class_check action=maybe_recompile pc=0x0000000002ca3794 method=java.util.HashMap.putVal(ILjava/lang/Object;Ljava/lang/Object;ZZ)Ljava/lang/Object; @ 203
Event: 4.666 Thread 0x00000000175a8000 Uncommon trap: reason=class_check action=maybe_recompile pc=0x0000000002ca3794 method=java.util.HashMap.putVal(ILjava/lang/Object;Ljava/lang/Object;ZZ)Ljava/lang/Object; @ 203
Event: 4.741 Thread 0x000000001755a000 Uncommon trap: reason=unstable_if action=reinterpret pc=0x0000000002e405a8 method=com.android.dx.ssa.SCCP.simulateBranch(Lcom/android/dx/ssa/SsaInsn;)V @ 548
Event: 4.748 Thread 0x000000001755a000 Uncommon trap: reason=unstable_if action=reinterpret pc=0x0000000002cbecf4 method=com.android.dx.ssa.SCCP.simulateStmt(Lcom/android/dx/ssa/SsaInsn;)V @ 53

Internal exceptions (2 events):
Event: 0.222 Thread 0x000000000276d800 Exception <a 'java/lang/NoSuchMethodError': Method sun.misc.Unsafe.defineClass(Ljava/lang/String;[BII)Ljava/lang/Class; name or signature does not match> (0x00000000eab07cc0) thrown at [C:\src\android\AOSP-openjdk\external\jetbrains\jdk\hotspot\src\share\vï~AÊ?rÌ?
Event: 0.222 Thread 0x000000000276d800 Exception <a 'java/lang/NoSuchMethodError': Method sun.misc.Unsafe.prefetchRead(Ljava/lang/Object;J)V name or signature does not match> (0x00000000eab07fa8) thrown at [C:\src\android\AOSP-openjdk\external\jetbrains\jdk\hotspot\src\share\vm\prims\jni.cpp, l

Events (10 events):
Event: 4.602 Thread 0x0000000017564800 DEOPT UNPACKING pc=0x00000000028b556a sp=0x000000001846e858 mode 2
Event: 4.666 Thread 0x00000000175a8000 Uncommon trap: trap_request=0xffffffde fr.pc=0x0000000002ca3794
Event: 4.666 Thread 0x00000000175a8000 DEOPT PACKING pc=0x0000000002ca3794 sp=0x000000001856e5b0
Event: 4.666 Thread 0x00000000175a8000 DEOPT UNPACKING pc=0x00000000028b556a sp=0x000000001856e528 mode 2
Event: 4.741 Thread 0x000000001755a000 Uncommon trap: trap_request=0xffffff65 fr.pc=0x0000000002e405a8
Event: 4.741 Thread 0x000000001755a000 DEOPT PACKING pc=0x0000000002e405a8 sp=0x000000001816e3b0
Event: 4.741 Thread 0x000000001755a000 DEOPT UNPACKING pc=0x00000000028b556a sp=0x000000001816e398 mode 2
Event: 4.748 Thread 0x000000001755a000 Uncommon trap: trap_request=0xffffff65 fr.pc=0x0000000002cbecf4
Event: 4.748 Thread 0x000000001755a000 DEOPT PACKING pc=0x0000000002cbecf4 sp=0x000000001816e480
Event: 4.748 Thread 0x000000001755a000 DEOPT UNPACKING pc=0x00000000028b556a sp=0x000000001816e448 mode 2


Dynamic libraries:
0x00007ff7d8c60000 - 0x00007ff7d8c91000 	C:\Program Files\Android\Android Studio\jre\bin\java.exe
0x00007ffaa7010000 - 0x00007ffaa71e1000 	C:\WINDOWS\SYSTEM32\ntdll.dll
0x00007ffaa4850000 - 0x00007ffaa48fb000 	C:\WINDOWS\System32\KERNEL32.DLL
0x00007ffaa4160000 - 0x00007ffaa437d000 	C:\WINDOWS\System32\KERNELBASE.dll
0x00007ffaa1340000 - 0x00007ffaa13ba000 	C:\WINDOWS\system32\apphelp.dll
0x00007ffaa49a0000 - 0x00007ffaa4a42000 	C:\WINDOWS\System32\ADVAPI32.dll
0x00007ffaa5160000 - 0x00007ffaa51fe000 	C:\WINDOWS\System32\msvcrt.dll
0x00007ffaa5630000 - 0x00007ffaa5689000 	C:\WINDOWS\System32\sechost.dll
0x00007ffaa4e00000 - 0x00007ffaa4f21000 	C:\WINDOWS\System32\RPCRT4.dll
0x00007ffaa4c10000 - 0x00007ffaa4d75000 	C:\WINDOWS\System32\USER32.dll
0x00007ffaa4140000 - 0x00007ffaa415e000 	C:\WINDOWS\System32\win32u.dll
0x00007ffaa4d90000 - 0x00007ffaa4dc4000 	C:\WINDOWS\System32\GDI32.dll
0x00007ffaa3df0000 - 0x00007ffaa3f72000 	C:\WINDOWS\System32\gdi32full.dll
0x00007ffaa2360000 - 0x00007ffaa25d9000 	C:\WINDOWS\WinSxS\amd64_microsoft.windows.common-controls_6595b64144ccf1df_6.0.14393.447_none_42191651c6827bb3\COMCTL32.dll
0x00007ffaa6d40000 - 0x00007ffaa7007000 	C:\WINDOWS\System32\combase.dll
0x00007ffaa3cf0000 - 0x00007ffaa3de5000 	C:\WINDOWS\System32\ucrtbase.dll
0x00007ffaa4020000 - 0x00007ffaa408a000 	C:\WINDOWS\System32\bcryptPrimitives.dll
0x00007ffaa4dd0000 - 0x00007ffaa4dfe000 	C:\WINDOWS\System32\IMM32.DLL
0x000000005fb70000 - 0x000000005fc42000 	C:\Program Files\Android\Android Studio\jre\jre\bin\msvcr100.dll
0x000000005ec60000 - 0x000000005f494000 	C:\Program Files\Android\Android Studio\jre\jre\bin\server\jvm.dll
0x00007ffaa5010000 - 0x00007ffaa5018000 	C:\WINDOWS\System32\PSAPI.DLL
0x00007ffa94f30000 - 0x00007ffa94f39000 	C:\WINDOWS\SYSTEM32\WSOCK32.dll
0x00007ffaa4f90000 - 0x00007ffaa4ffa000 	C:\WINDOWS\System32\WS2_32.dll
0x00007ffaa0c00000 - 0x00007ffaa0c23000 	C:\WINDOWS\SYSTEM32\WINMM.dll
0x00007ffaa2160000 - 0x00007ffaa216a000 	C:\WINDOWS\SYSTEM32\VERSION.dll
0x00007ffaa0ba0000 - 0x00007ffaa0bcb000 	C:\WINDOWS\SYSTEM32\WINMMBASE.dll
0x00007ffaa4550000 - 0x00007ffaa4592000 	C:\WINDOWS\System32\cfgmgr32.dll
0x00007ffa9f240000 - 0x00007ffa9f24f000 	C:\Program Files\Android\Android Studio\jre\jre\bin\verify.dll
0x00007ffa9b610000 - 0x00007ffa9b639000 	C:\Program Files\Android\Android Studio\jre\jre\bin\java.dll
0x00007ffa9b5e0000 - 0x00007ffa9b5f6000 	C:\Program Files\Android\Android Studio\jre\jre\bin\zip.dll
0x00007ffaa5830000 - 0x00007ffaa6d39000 	C:\WINDOWS\System32\SHELL32.dll
0x00007ffaa3500000 - 0x00007ffaa3bda000 	C:\WINDOWS\System32\windows.storage.dll
0x00007ffaa3490000 - 0x00007ffaa34dc000 	C:\WINDOWS\System32\powrprof.dll
0x00007ffaa4610000 - 0x00007ffaa4662000 	C:\WINDOWS\System32\shlwapi.dll
0x00007ffaa3470000 - 0x00007ffaa347f000 	C:\WINDOWS\System32\kernel.appcore.dll
0x00007ffaa3c40000 - 0x00007ffaa3ce9000 	C:\WINDOWS\System32\shcore.dll
0x00007ffaa34e0000 - 0x00007ffaa34f4000 	C:\WINDOWS\System32\profapi.dll

VM Arguments:
jvm_args: -Djava.awt.headless=true -Xmx1024M -Dfile.encoding=windows-1252 -Duser.country=US -Duser.language=en -Duser.variant 
java_command: com.android.dx.command.Main --dex --force-jumbo --num-threads=4 --multi-dex --output C:\Users\Ranjan\Desktop\UMASS\CS446 Android Development\GoogleMap\app\build\intermediates\transforms\dex\debug\folders\1000\10\com.google.android.gms-play-services-fitness-8.1.0_7f867e63bd780d50c6d97430c8bd2d3fdcd32478 C:\Users\Ranjan\Desktop\UMASS\CS446 Android Development\GoogleMap\app\build\intermediates\exploded-aar\com.google.android.gms\play-services-fitness\8.1.0\jars\classes.jar
java_class_path (initial): C:\Users\Ranjan\AppData\Local\Android\sdk\build-tools\23.0.1\lib\dx.jar
Launcher Type: SUN_STANDARD

Environment Variables:
JAVA_HOME=C:\Program Files\Java\jdk1.8.0_31
PATH=C:\Program Files (x86)\iis express\PHP\v5.3;C:\Program Files (x86)\iis express\PHP\v5.5;C:\ProgramData\Oracle\Java\javapath;C:\Program Files (x86)\Intel\iCLS Client\;C:\Program Files\Intel\iCLS Client\;C:\WINDOWS\system32;C:\WINDOWS;C:\WINDOWS\System32\Wbem;C:\WINDOWS\System32\WindowsPowerShell\v1.0\;C:\Program Files\Intel\Intel(R) Management Engine Components\DAL;C:\Program Files\Intel\Intel(R) Management Engine Components\IPT;C:\Program Files (x86)\Intel\Intel(R) Management Engine Components\DAL;C:\Program Files (x86)\Intel\Intel(R) Management Engine Components\IPT;C:\Program Files\Intel\WiFi\bin\;C:\Program Files\Common Files\Intel\WirelessCommon\;C:\Program Files\ThinkPad\Bluetooth Software\;C:\Program Files\ThinkPad\Bluetooth Software\syswow64;C:\Program Files (x86)\Intel\OpenCL SDK\2.0\bin\x86;C:\Program Files (x86)\Intel\OpenCL SDK\2.0\bin\x64;C:\ProgramData\Lenovo\ReadyApps;C:\Program Files (x86)\Microsoft SQL Server\100\Tools\Binn\;C:\Program Files\Microsoft SQL Server\100\Tools\Binn\;C:\Program File;C:\Program Files (x86)\Skype\Phone\;C:\WINDOWS\system32;C:\WINDOWS;C:\WINDOWS\System32\Wbem;C:\WINDOWS\System32\WindowsPowerShell\v1.0\;C:\Program Files\Microsoft SQL Server\130\Tools\Binn\;C:\Program Files (x86)\Windows Kits\10\Windows Performance Toolkit\;C:\Program Files\Git\cmd;C:\Program Files\dotnet\;C:\Program Files\Microsoft DNX\Dnvm\;C:\Users\Ranjan\AppData\Roaming\npm;C:\Program Files (x86)\SSH Communications Security\SSH Secure Shell;C:\Users\Ranjan\AppData\Local\Microsoft\WindowsApps
USERNAME=Ranjan
OS=Windows_NT
PROCESSOR_IDENTIFIER=Intel64 Family 6 Model 58 Stepping 9, GenuineIntel



---------------  S Y S T E M  ---------------

OS: Windows 10.0 , 64 bit Build 14393 (10.0.14393.0)

CPU:total 8 (4 cores per cpu, 2 threads per core) family 6 model 58 stepping 9, cmov, cx8, fxsr, mmx, sse, sse2, sse3, ssse3, sse4.1, sse4.2, popcnt, avx, aes, clmul, erms, ht, tsc, tscinvbit, tscinv

Memory: 4k page, physical 16587684k(6906620k free), swap 17636260k(5228k free)

vm_info: OpenJDK 64-Bit Server VM (25.76-b03) for windows-amd64 JRE (1.8.0_76-release-b03), built on Jun 29 2016 19:09:20 by "ralucas" with MS VC++ 10.0 (VS2010)

time: Sat Nov 19 13:32:21 2016
elapsed time: 4 seconds (0d 0h 0m 4s)

