#
# There is insufficient memory for the Java Runtime Environment to continue.
# Native memory allocation (malloc) failed to allocate 80576 bytes for Chunk::new
# Possible reasons:
#   The system is out of physical RAM or swap space
#   In 32 bit mode, the process size limit was hit
# Possible solutions:
#   Reduce memory load on the system
#   Increase physical memory or swap space
#   Check if swap backing store is full
#   Use 64 bit Java on a 64 bit OS
#   Decrease Java heap size (-Xmx/-Xms)
#   Decrease number of Java threads
#   Decrease Java thread stack sizes (-Xss)
#   Set larger code cache with -XX:ReservedCodeCacheSize=
# This output file may be truncated or incomplete.
#
#  Out of Memory Error (allocation.cpp:390), pid=4356, tid=0x00000000000036f4
#
# JRE version: OpenJDK Runtime Environment (8.0_76-b03) (build 1.8.0_76-release-b03)
# Java VM: OpenJDK 64-Bit Server VM (25.76-b03 mixed mode windows-amd64 compressed oops)
# Failed to write core dump. Minidumps are not enabled by default on client versions of Windows
#

---------------  T H R E A D  ---------------

Current thread (0x00000000177c1000):  JavaThread "C2 CompilerThread2" daemon [_thread_in_native, id=14068, stack(0x0000000018190000,0x0000000018290000)]

Stack: [0x0000000018190000,0x0000000018290000]
[error occurred during error reporting (printing stack bounds), id 0xc0000005]

Native frames: (J=compiled Java code, j=interpreted, Vv=VM code, C=native code)


Current CompileTask:
C2:    530  259       4       java.lang.String::replace (127 bytes)


---------------  P R O C E S S  ---------------

Java Threads: ( => current thread )
  0x0000000017976800 JavaThread "pool-1-thread-4" [_thread_in_Java, id=6076, stack(0x0000000018990000,0x0000000018a90000)]
  0x0000000017973800 JavaThread "pool-1-thread-3" [_thread_in_vm, id=15868, stack(0x0000000018890000,0x0000000018990000)]
  0x000000001796f000 JavaThread "pool-1-thread-2" [_thread_blocked, id=5300, stack(0x0000000018790000,0x0000000018890000)]
  0x000000001796a000 JavaThread "pool-2-thread-1" [_thread_blocked, id=11792, stack(0x0000000018690000,0x0000000018790000)]
  0x0000000017969000 JavaThread "pool-1-thread-1" [_thread_blocked, id=1492, stack(0x0000000018590000,0x0000000018690000)]
  0x0000000017846000 JavaThread "Service Thread" daemon [_thread_blocked, id=12816, stack(0x0000000018390000,0x0000000018490000)]
  0x00000000177f0000 JavaThread "C1 CompilerThread3" daemon [_thread_blocked, id=13628, stack(0x0000000018290000,0x0000000018390000)]
=>0x00000000177c1000 JavaThread "C2 CompilerThread2" daemon [_thread_in_native, id=14068, stack(0x0000000018190000,0x0000000018290000)]
  0x00000000177ba000 JavaThread "C2 CompilerThread1" daemon [_thread_blocked, id=8920, stack(0x0000000018090000,0x0000000018190000)]
  0x00000000177b8000 JavaThread "C2 CompilerThread0" daemon [_thread_blocked, id=5060, stack(0x0000000017f90000,0x0000000018090000)]
  0x00000000177b5800 JavaThread "Attach Listener" daemon [_thread_blocked, id=13144, stack(0x0000000017e90000,0x0000000017f90000)]
  0x00000000158ae800 JavaThread "Signal Dispatcher" daemon [_thread_blocked, id=13888, stack(0x0000000017d90000,0x0000000017e90000)]
  0x0000000002d7e000 JavaThread "Finalizer" daemon [_thread_blocked, id=11376, stack(0x0000000017b90000,0x0000000017c90000)]
  0x0000000002d75000 JavaThread "Reference Handler" daemon [_thread_blocked, id=14372, stack(0x0000000017690000,0x0000000017790000)]
  0x00000000013ce000 JavaThread "main" [_thread_blocked, id=4716, stack(0x0000000002b30000,0x0000000002c30000)]

Other Threads:
  0x0000000015895800 VMThread [stack: 0x0000000017590000,0x0000000017690000] [id=12076]
  0x0000000017847000 WatcherThread [stack: 0x0000000018490000,0x0000000018590000] [id=13764]

VM state:not at safepoint (normal execution)

VM Mutex/Monitor currently owned by a thread: None

Heap:
 PSYoungGen      total 75776K, used 11705K [0x00000000eab00000, 0x00000000eff80000, 0x0000000100000000)
  eden space 65024K, 18% used [0x00000000eab00000,0x00000000eb66e6f0,0x00000000eea80000)
  from space 10752K, 0% used [0x00000000ef500000,0x00000000ef500000,0x00000000eff80000)
  to   space 10752K, 0% used [0x00000000eea80000,0x00000000eea80000,0x00000000ef500000)
 ParOldGen       total 173568K, used 0K [0x00000000c0000000, 0x00000000ca980000, 0x00000000eab00000)
  object space 173568K, 0% used [0x00000000c0000000,0x00000000c0000000,0x00000000ca980000)
 Metaspace       used 4616K, capacity 5872K, committed 6016K, reserved 1058816K
  class space    used 501K, capacity 552K, committed 640K, reserved 1048576K

Card table byte_map: [0x0000000012140000,0x0000000012350000] byte_map_base: 0x0000000011b40000

Marking Bits: (ParMarkBitMap*) 0x000000005f419d00
 Begin Bits: [0x0000000012cb0000, 0x0000000013cb0000)
 End Bits:   [0x0000000013cb0000, 0x0000000014cb0000)

Polling page: 0x00000000013b0000

CodeCache: size=245760Kb used=1679Kb max_used=1679Kb free=244080Kb
 bounds [0x0000000002d80000, 0x0000000002ff0000, 0x0000000011d80000]
 total_blobs=531 nmethods=268 adapters=177
 compilation: enabled

Compilation events (10 events):
Event: 0.526 Thread 0x00000000177c1000  259       4       java.lang.String::replace (127 bytes)
Event: 0.526 Thread 0x00000000177f0000  260       3       java.net.URL::toString (5 bytes)
Event: 0.527 Thread 0x00000000177f0000 nmethod 260 0x0000000002f1e450 code [0x0000000002f1e5c0, 0x0000000002f1e8a8]
Event: 0.527 Thread 0x00000000177f0000  261       3       java.net.URL::toExternalForm (9 bytes)
Event: 0.527 Thread 0x00000000177f0000 nmethod 261 0x0000000002f1e990 code [0x0000000002f1eb00, 0x0000000002f1ed28]
Event: 0.527 Thread 0x00000000177f0000  262       3       java.net.URLStreamHandler::toExternalForm (219 bytes)
Event: 0.529 Thread 0x00000000177f0000 nmethod 262 0x0000000002f1edd0 code [0x0000000002f1f100, 0x0000000002f224b8]
Event: 0.529 Thread 0x00000000177f0000  263       1       java.util.BitSet::wordIndex (5 bytes)
Event: 0.529 Thread 0x00000000177f0000 nmethod 263 0x0000000002f23390 code [0x0000000002f234e0, 0x0000000002f235d0]
Event: 0.529 Thread 0x00000000177f0000  264       1       com.android.dx.rop.code.Insn::getOpcode (5 bytes)

GC Heap History (0 events):
No events

Deoptimization events (0 events):
No events

Internal exceptions (2 events):
Event: 0.035 Thread 0x00000000013ce000 Exception <a 'java/lang/NoSuchMethodError': Method sun.misc.Unsafe.defineClass(Ljava/lang/String;[BII)Ljava/lang/Class; name or signature does not match> (0x00000000eab07cc0) thrown at [C:\src\android\AOSP-openjdk\external\jetbrains\jdk\hotspot\src\share\vò2“ÔÙH¢?
Event: 0.036 Thread 0x00000000013ce000 Exception <a 'java/lang/NoSuchMethodError': Method sun.misc.Unsafe.prefetchRead(Ljava/lang/Object;J)V name or signature does not match> (0x00000000eab07fa8) thrown at [C:\src\android\AOSP-openjdk\external\jetbrains\jdk\hotspot\src\share\vm\prims\jni.cpp, l

Events (10 events):
Event: 0.526 loading class com/android/dx/ssa/SsaRenamer$BlockRenamer$RenamingMapper
Event: 0.526 loading class com/android/dx/ssa/SsaRenamer$BlockRenamer$RenamingMapper done
Event: 0.527 loading class com/android/dx/ssa/PhiInsn
Event: 0.527 loading class com/android/dx/ssa/PhiInsn done
Event: 0.527 loading class com/android/dx/ssa/SsaRenamer$BlockRenamer$1
Event: 0.527 loading class com/android/dx/ssa/SsaRenamer$BlockRenamer$1 done
Event: 0.528 loading class com/android/dx/ssa/MoveParamCombiner
Event: 0.528 loading class com/android/dx/ssa/MoveParamCombiner done
Event: 0.529 loading class com/android/dx/ssa/MoveParamCombiner$1
Event: 0.529 loading class com/android/dx/ssa/MoveParamCombiner$1 done


Dynamic libraries:
0x00007ff788a70000 - 0x00007ff788aa1000 	C:\Program Files\Android\Android Studio\jre\bin\java.exe
0x00007ffaa7010000 - 0x00007ffaa71e1000 	C:\WINDOWS\SYSTEM32\ntdll.dll
0x00007ffaa4850000 - 0x00007ffaa48fb000 	C:\WINDOWS\System32\KERNEL32.DLL
0x00007ffaa4160000 - 0x00007ffaa437d000 	C:\WINDOWS\System32\KERNELBASE.dll
0x00007ffaa49a0000 - 0x00007ffaa4a42000 	C:\WINDOWS\System32\ADVAPI32.dll
0x00007ffaa5160000 - 0x00007ffaa51fe000 	C:\WINDOWS\System32\msvcrt.dll
0x00007ffaa5630000 - 0x00007ffaa5689000 	C:\WINDOWS\System32\sechost.dll
0x00007ffaa4e00000 - 0x00007ffaa4f21000 	C:\WINDOWS\System32\RPCRT4.dll
0x00007ffaa4c10000 - 0x00007ffaa4d75000 	C:\WINDOWS\System32\USER32.dll
0x00007ffaa4140000 - 0x00007ffaa415e000 	C:\WINDOWS\System32\win32u.dll
0x00007ffaa4d90000 - 0x00007ffaa4dc4000 	C:\WINDOWS\System32\GDI32.dll
0x00007ffaa3df0000 - 0x00007ffaa3f72000 	C:\WINDOWS\System32\gdi32full.dll
0x00007ffaa2360000 - 0x00007ffaa25d9000 	C:\WINDOWS\WinSxS\amd64_microsoft.windows.common-controls_6595b64144ccf1df_6.0.14393.447_none_42191651c6827bb3\COMCTL32.dll
0x00007ffaa6d40000 - 0x00007ffaa7007000 	C:\WINDOWS\System32\combase.dll
0x00007ffaa3cf0000 - 0x00007ffaa3de5000 	C:\WINDOWS\System32\ucrtbase.dll
0x00007ffaa4020000 - 0x00007ffaa408a000 	C:\WINDOWS\System32\bcryptPrimitives.dll
0x00007ffaa4dd0000 - 0x00007ffaa4dfe000 	C:\WINDOWS\System32\IMM32.DLL
0x00000000605a0000 - 0x0000000060672000 	C:\Program Files\Android\Android Studio\jre\jre\bin\msvcr100.dll
0x000000005ec60000 - 0x000000005f494000 	C:\Program Files\Android\Android Studio\jre\jre\bin\server\jvm.dll
0x00007ffaa5010000 - 0x00007ffaa5018000 	C:\WINDOWS\System32\PSAPI.DLL
0x00007ffaa0c00000 - 0x00007ffaa0c23000 	C:\WINDOWS\SYSTEM32\WINMM.dll
0x00007ffa94f30000 - 0x00007ffa94f39000 	C:\WINDOWS\SYSTEM32\WSOCK32.dll
0x00007ffaa2160000 - 0x00007ffaa216a000 	C:\WINDOWS\SYSTEM32\VERSION.dll
0x00007ffaa4f90000 - 0x00007ffaa4ffa000 	C:\WINDOWS\System32\WS2_32.dll
0x00000000013d0000 - 0x00000000013fb000 	C:\WINDOWS\SYSTEM32\WINMMBASE.dll
0x00007ffaa4550000 - 0x00007ffaa4592000 	C:\WINDOWS\System32\cfgmgr32.dll
0x00007ffa9f220000 - 0x00007ffa9f22f000 	C:\Program Files\Android\Android Studio\jre\jre\bin\verify.dll
0x00007ffa99b40000 - 0x00007ffa99b69000 	C:\Program Files\Android\Android Studio\jre\jre\bin\java.dll
0x00007ffa9bd00000 - 0x00007ffa9bd16000 	C:\Program Files\Android\Android Studio\jre\jre\bin\zip.dll
0x00007ffaa5830000 - 0x00007ffaa6d39000 	C:\WINDOWS\System32\SHELL32.dll
0x00007ffaa3500000 - 0x00007ffaa3bda000 	C:\WINDOWS\System32\windows.storage.dll
0x00007ffaa3490000 - 0x00007ffaa34dc000 	C:\WINDOWS\System32\powrprof.dll
0x00007ffaa4610000 - 0x00007ffaa4662000 	C:\WINDOWS\System32\shlwapi.dll
0x00007ffaa3470000 - 0x00007ffaa347f000 	C:\WINDOWS\System32\kernel.appcore.dll
0x00007ffaa3c40000 - 0x00007ffaa3ce9000 	C:\WINDOWS\System32\shcore.dll
0x00007ffaa34e0000 - 0x00007ffaa34f4000 	C:\WINDOWS\System32\profapi.dll

VM Arguments:
jvm_args: -Djava.awt.headless=true -Xmx1024M -Dfile.encoding=windows-1252 -Duser.country=US -Duser.language=en -Duser.variant 
java_command: com.android.dx.command.Main --dex --force-jumbo --num-threads=4 --output C:\Users\Ranjan\Desktop\UMASS\CS446 Android Development\GoogleMap\app\build\intermediates\pre-dexed\debug\com.google.android.gms-play-services-safetynet-8.1.0_66e63a9c64ad96646cf7fa1ecfae81e60b3be3ad.jar C:\Users\Ranjan\Desktop\UMASS\CS446 Android Development\GoogleMap\app\build\intermediates\exploded-aar\com.google.android.gms\play-services-safetynet\8.1.0\jars\classes.jar
java_class_path (initial): C:\Users\Ranjan\AppData\Local\Android\sdk\build-tools\23.0.1\lib\dx.jar
Launcher Type: SUN_STANDARD

Environment Variables:
JAVA_HOME=C:\Program Files\Java\jdk1.8.0_31
PATH=C:\Program Files (x86)\iis express\PHP\v5.3;C:\Program Files (x86)\iis express\PHP\v5.5;C:\ProgramData\Oracle\Java\javapath;C:\Program Files (x86)\Intel\iCLS Client\;C:\Program Files\Intel\iCLS Client\;C:\WINDOWS\system32;C:\WINDOWS;C:\WINDOWS\System32\Wbem;C:\WINDOWS\System32\WindowsPowerShell\v1.0\;C:\Program Files\Intel\Intel(R) Management Engine Components\DAL;C:\Program Files\Intel\Intel(R) Management Engine Components\IPT;C:\Program Files (x86)\Intel\Intel(R) Management Engine Components\DAL;C:\Program Files (x86)\Intel\Intel(R) Management Engine Components\IPT;C:\Program Files\Intel\WiFi\bin\;C:\Program Files\Common Files\Intel\WirelessCommon\;C:\Program Files\ThinkPad\Bluetooth Software\;C:\Program Files\ThinkPad\Bluetooth Software\syswow64;C:\Program Files (x86)\Intel\OpenCL SDK\2.0\bin\x86;C:\Program Files (x86)\Intel\OpenCL SDK\2.0\bin\x64;C:\ProgramData\Lenovo\ReadyApps;C:\Program Files (x86)\Microsoft SQL Server\100\Tools\Binn\;C:\Program Files\Microsoft SQL Server\100\Tools\Binn\;C:\Program File;C:\Program Files (x86)\Skype\Phone\;C:\WINDOWS\system32;C:\WINDOWS;C:\WINDOWS\System32\Wbem;C:\WINDOWS\System32\WindowsPowerShell\v1.0\;C:\Program Files\Microsoft SQL Server\130\Tools\Binn\;C:\Program Files (x86)\Windows Kits\10\Windows Performance Toolkit\;C:\Program Files\Git\cmd;C:\Program Files\dotnet\;C:\Program Files\Microsoft DNX\Dnvm\;C:\Users\Ranjan\AppData\Roaming\npm;C:\Program Files (x86)\SSH Communications Security\SSH Secure Shell;C:\Program Files\Intel\WiFi\bin\;C:\Program Files\Common Files\Intel\WirelessCommon\;%USERPROFILE%\AppData\Local\Microsoft\WindowsApps;
USERNAME=Ranjan
OS=Windows_NT
PROCESSOR_IDENTIFIER=Intel64 Family 6 Model 58 Stepping 9, GenuineIntel



---------------  S Y S T E M  ---------------

OS: Windows 10.0 , 64 bit Build 14393 (10.0.14393.0)

CPU:total 8 (4 cores per cpu, 2 threads per core) family 6 model 58 stepping 9, cmov, cx8, fxsr, mmx, sse, sse2, sse3, ssse3, sse4.1, sse4.2, popcnt, avx, aes, clmul, erms, ht, tsc, tscinvbit, tscinv

Memory: 4k page, physical 16587684k(5637860k free), swap 17636260k(4056k free)

vm_info: OpenJDK 64-Bit Server VM (25.76-b03) for windows-amd64 JRE (1.8.0_76-release-b03), built on Jun 29 2016 19:09:20 by "ralucas" with MS VC++ 10.0 (VS2010)

time: Sun Nov 13 12:44:31 2016
elapsed time: 0 seconds (0d 0h 0m 0s)

