#
# There is insufficient memory for the Java Runtime Environment to continue.
# Native memory allocation (malloc) failed to allocate 315216 bytes for Chunk::new
# Possible reasons:
#   The system is out of physical RAM or swap space
#   In 32 bit mode, the process size limit was hit
# Possible solutions:
#   Reduce memory load on the system
#   Increase physical memory or swap space
#   Check if swap backing store is full
#   Use 64 bit Java on a 64 bit OS
#   Decrease Java heap size (-Xmx/-Xms)
#   Decrease number of Java threads
#   Decrease Java thread stack sizes (-Xss)
#   Set larger code cache with -XX:ReservedCodeCacheSize=
# This output file may be truncated or incomplete.
#
#  Out of Memory Error (allocation.cpp:390), pid=548, tid=0x0000000000000d8c
#
# JRE version: OpenJDK Runtime Environment (8.0_76-b03) (build 1.8.0_76-release-b03)
# Java VM: OpenJDK 64-Bit Server VM (25.76-b03 mixed mode windows-amd64 compressed oops)
# Failed to write core dump. Minidumps are not enabled by default on client versions of Windows
#

---------------  T H R E A D  ---------------

Current thread (0x0000000017129000):  JavaThread "C2 CompilerThread0" daemon [_thread_in_native, id=3468, stack(0x00000000178f0000,0x00000000179f0000)]

Stack: [0x00000000178f0000,0x00000000179f0000]
[error occurred during error reporting (printing stack bounds), id 0xc0000005]

Native frames: (J=compiled Java code, j=interpreted, Vv=VM code, C=native code)


Current CompileTask:
C2:   1129 1381       4       com.android.dx.ssa.LiteralOpUpgrader$1::visitNonMoveInsn (203 bytes)


---------------  P R O C E S S  ---------------

Java Threads: ( => current thread )
  0x000000001742c000 JavaThread "pool-1-thread-4" [_thread_in_Java, id=16704, stack(0x00000000182f0000,0x00000000183f0000)]
  0x0000000017423800 JavaThread "pool-1-thread-3" [_thread_blocked, id=14396, stack(0x00000000181f0000,0x00000000182f0000)]
  0x00000000173e6800 JavaThread "pool-1-thread-2" [_thread_blocked, id=12888, stack(0x00000000180f0000,0x00000000181f0000)]
  0x00000000173e5800 JavaThread "pool-2-thread-1" [_thread_blocked, id=13604, stack(0x0000000017ff0000,0x00000000180f0000)]
  0x00000000173de000 JavaThread "pool-1-thread-1" [_thread_blocked, id=7692, stack(0x0000000017ef0000,0x0000000017ff0000)]
  0x00000000171bd000 JavaThread "Service Thread" daemon [_thread_blocked, id=13012, stack(0x0000000017cf0000,0x0000000017df0000)]
  0x000000001717b800 JavaThread "C1 CompilerThread3" daemon [_thread_in_vm, id=8044, stack(0x0000000017bf0000,0x0000000017cf0000)]
  0x0000000017132000 JavaThread "C2 CompilerThread2" daemon [_thread_in_native, id=18368, stack(0x0000000017af0000,0x0000000017bf0000)]
  0x000000001712d000 JavaThread "C2 CompilerThread1" daemon [_thread_blocked, id=15832, stack(0x00000000179f0000,0x0000000017af0000)]
=>0x0000000017129000 JavaThread "C2 CompilerThread0" daemon [_thread_in_native, id=3468, stack(0x00000000178f0000,0x00000000179f0000)]
  0x0000000017126800 JavaThread "Attach Listener" daemon [_thread_blocked, id=16328, stack(0x00000000177f0000,0x00000000178f0000)]
  0x0000000017123000 JavaThread "Signal Dispatcher" daemon [_thread_blocked, id=15068, stack(0x00000000176f0000,0x00000000177f0000)]
  0x000000001521b800 JavaThread "Finalizer" daemon [_thread_blocked, id=4384, stack(0x0000000017500000,0x0000000017600000)]
  0x00000000026f7000 JavaThread "Reference Handler" daemon [_thread_blocked, id=11136, stack(0x0000000017000000,0x0000000017100000)]
  0x000000000241d800 JavaThread "main" [_thread_blocked, id=17176, stack(0x0000000002500000,0x0000000002600000)]

Other Threads:
  0x0000000015215800 VMThread [stack: 0x0000000016f00000,0x0000000017000000] [id=12508]
  0x00000000171be000 WatcherThread [stack: 0x0000000017df0000,0x0000000017ef0000] [id=14136]

VM state:not at safepoint (normal execution)

VM Mutex/Monitor currently owned by a thread: None

Heap:
 PSYoungGen      total 75776K, used 12153K [0x00000000eab00000, 0x00000000f3f00000, 0x0000000100000000)
  eden space 65024K, 2% used [0x00000000eab00000,0x00000000eac664b8,0x00000000eea80000)
  from space 10752K, 99% used [0x00000000eea80000,0x00000000ef4f8110,0x00000000ef500000)
  to   space 10752K, 0% used [0x00000000f3480000,0x00000000f3480000,0x00000000f3f00000)
 ParOldGen       total 173568K, used 1124K [0x00000000c0000000, 0x00000000ca980000, 0x00000000eab00000)
  object space 173568K, 0% used [0x00000000c0000000,0x00000000c0119120,0x00000000ca980000)
 Metaspace       used 5962K, capacity 7024K, committed 7296K, reserved 1056768K
  class space    used 564K, capacity 616K, committed 640K, reserved 1048576K

Card table byte_map: [0x0000000011ac0000,0x0000000011cd0000] byte_map_base: 0x00000000114c0000

Marking Bits: (ParMarkBitMap*) 0x000000005f419d00
 Begin Bits: [0x0000000012630000, 0x0000000013630000)
 End Bits:   [0x0000000013630000, 0x0000000014630000)

Polling page: 0x0000000000ac0000

CodeCache: size=245760Kb used=5888Kb max_used=5888Kb free=239871Kb
 bounds [0x0000000002700000, 0x0000000002cd0000, 0x0000000011700000]
 total_blobs=1672 nmethods=1404 adapters=182
 compilation: enabled

Compilation events (10 events):
Event: 1.052 Thread 0x000000001712d000 1403       4       com.android.dx.ssa.SsaMethod::computeReachability (131 bytes)
Event: 1.053 Thread 0x000000001717b800 1419       3       com.android.dx.cf.code.BasicBlocker::visitBranch (98 bytes)
Event: 1.055 Thread 0x000000001717b800 nmethod 1419 0x0000000002cbaed0 code [0x0000000002cbb1c0, 0x0000000002cbc758]
Event: 1.058 Thread 0x000000001717b800 1421       2       com.android.dx.ssa.SsaBasicBlock::setRegsUsed (27 bytes)
Event: 1.058 Thread 0x000000001717b800 nmethod 1421 0x0000000002cba9d0 code [0x0000000002cbab60, 0x0000000002cbad58]
Event: 1.126 Thread 0x000000001717b800 1422       2       sun.misc.VM::addFinalRefCount (24 bytes)
Event: 1.127 Thread 0x000000001717b800 nmethod 1422 0x0000000002cba310 code [0x0000000002cba460, 0x0000000002cba5d0]
Event: 1.127 Thread 0x000000001717b800 1425   !   2       java.util.zip.ZipFile$ZipFileInflaterInputStream::close (67 bytes)
Event: 1.127 Thread 0x000000001717b800 nmethod 1425 0x0000000002cb9a50 code [0x0000000002cb9be0, 0x0000000002cba018]
Event: 1.127 Thread 0x000000001717b800 1423   !   2       java.lang.ref.Reference::tryHandlePending (115 bytes)

GC Heap History (2 events):
Event: 1.060 GC heap before
{Heap before GC invocations=1 (full 0):
 PSYoungGen      total 75776K, used 65024K [0x00000000eab00000, 0x00000000eff80000, 0x0000000100000000)
  eden space 65024K, 100% used [0x00000000eab00000,0x00000000eea80000,0x00000000eea80000)
  from space 10752K, 0% used [0x00000000ef500000,0x00000000ef500000,0x00000000eff80000)
  to   space 10752K, 0% used [0x00000000eea80000,0x00000000eea80000,0x00000000ef500000)
 ParOldGen       total 173568K, used 0K [0x00000000c0000000, 0x00000000ca980000, 0x00000000eab00000)
  object space 173568K, 0% used [0x00000000c0000000,0x00000000c0000000,0x00000000ca980000)
 Metaspace       used 5952K, capacity 7024K, committed 7296K, reserved 1056768K
  class space    used 564K, capacity 616K, committed 640K, reserved 1048576K
Event: 1.123 GC heap after
Heap after GC invocations=1 (full 0):
 PSYoungGen      total 75776K, used 10720K [0x00000000eab00000, 0x00000000f3f00000, 0x0000000100000000)
  eden space 65024K, 0% used [0x00000000eab00000,0x00000000eab00000,0x00000000eea80000)
  from space 10752K, 99% used [0x00000000eea80000,0x00000000ef4f8110,0x00000000ef500000)
  to   space 10752K, 0% used [0x00000000f3480000,0x00000000f3480000,0x00000000f3f00000)
 ParOldGen       total 173568K, used 1124K [0x00000000c0000000, 0x00000000ca980000, 0x00000000eab00000)
  object space 173568K, 0% used [0x00000000c0000000,0x00000000c0119120,0x00000000ca980000)
 Metaspace       used 5952K, capacity 7024K, committed 7296K, reserved 1056768K
  class space    used 564K, capacity 616K, committed 640K, reserved 1048576K
}

Deoptimization events (10 events):
Event: 0.601 Thread 0x000000000241d800 Uncommon trap: reason=unstable_if action=reinterpret pc=0x0000000002899c50 method=java.lang.String.<init>([CII)V @ 18
Event: 0.632 Thread 0x000000001742c000 Uncommon trap: reason=unstable_if action=reinterpret pc=0x0000000002918734 method=java.util.BitSet.ensureCapacity(I)V @ 6
Event: 0.770 Thread 0x00000000173e6800 Uncommon trap: reason=class_check action=maybe_recompile pc=0x00000000029f7290 method=com.android.dx.ssa.NormalSsaInsn.accept(Lcom/android/dx/ssa/SsaInsn$Visitor;)V @ 9
Event: 0.805 Thread 0x000000000241d800 Uncommon trap: reason=unstable_if action=reinterpret pc=0x00000000028b57e8 method=java.lang.String.<init>([CII)V @ 18
Event: 0.830 Thread 0x000000000241d800 Uncommon trap: reason=class_check action=maybe_recompile pc=0x0000000002a63124 method=java.util.HashMap.putVal(ILjava/lang/Object;Ljava/lang/Object;ZZ)Ljava/lang/Object; @ 203
Event: 0.830 Thread 0x000000000241d800 Uncommon trap: reason=bimorphic action=maybe_recompile pc=0x00000000029229dc method=java.util.HashMap.getNode(ILjava/lang/Object;)Ljava/util/HashMap$Node; @ 126
Event: 0.830 Thread 0x000000000241d800 Uncommon trap: reason=bimorphic action=maybe_recompile pc=0x00000000029229dc method=java.util.HashMap.getNode(ILjava/lang/Object;)Ljava/util/HashMap$Node; @ 126
Event: 0.833 Thread 0x0000000017423800 Uncommon trap: reason=unstable_if action=reinterpret pc=0x0000000002ba9714 method=com.android.dx.cf.code.ByteCatchList.listFor(I)Lcom/android/dx/cf/code/ByteCatchList; @ 19
Event: 0.857 Thread 0x0000000017423800 Uncommon trap: reason=unstable_if action=reinterpret pc=0x0000000002adeb60 method=com.android.dx.util.LabeledList.set(ILcom/android/dx/util/LabeledItem;)V @ 16
Event: 0.959 Thread 0x00000000173e6800 Uncommon trap: reason=unstable_if action=reinterpret pc=0x0000000002ac0cdc method=com.android.dx.ssa.SsaMethod.updateOneDefinition(Lcom/android/dx/ssa/SsaInsn;Lcom/android/dx/rop/code/RegisterSpec;)V @ 4

Internal exceptions (2 events):
Event: 0.036 Thread 0x000000000241d800 Exception <a 'java/lang/NoSuchMethodError': Method sun.misc.Unsafe.defineClass(Ljava/lang/String;[BII)Ljava/lang/Class; name or signature does not match> (0x00000000eab07cc0) thrown at [C:\src\android\AOSP-openjdk\external\jetbrains\jdk\hotspot\src\share\v¶!›Îc¢?
Event: 0.036 Thread 0x000000000241d800 Exception <a 'java/lang/NoSuchMethodError': Method sun.misc.Unsafe.prefetchRead(Ljava/lang/Object;J)V name or signature does not match> (0x00000000eab07fa8) thrown at [C:\src\android\AOSP-openjdk\external\jetbrains\jdk\hotspot\src\share\vm\prims\jni.cpp, l

Events (10 events):
Event: 0.857 Thread 0x0000000017423800 DEOPT UNPACKING pc=0x000000000274556a sp=0x00000000182eeab8 mode 2
Event: 0.958 loading class com/android/dx/rop/code/RegOps
Event: 0.958 loading class com/android/dx/rop/code/RegOps done
Event: 0.959 Thread 0x00000000173e6800 Uncommon trap: trap_request=0xffffff65 fr.pc=0x0000000002ac0cdc
Event: 0.959 Thread 0x00000000173e6800 DEOPT PACKING pc=0x0000000002ac0cdc sp=0x00000000181eecf0
Event: 0.959 Thread 0x00000000173e6800 DEOPT UNPACKING pc=0x000000000274556a sp=0x00000000181eec98 mode 2
Event: 1.038 Thread 0x00000000173e6800 DEOPT PACKING pc=0x0000000002a91293 sp=0x00000000181eeee0
Event: 1.038 Thread 0x00000000173e6800 DEOPT UNPACKING pc=0x00000000027475bf sp=0x00000000181eeca8 mode 0
Event: 1.059 Executing VM operation: ParallelGCFailedAllocation
Event: 1.123 Executing VM operation: ParallelGCFailedAllocation done


Dynamic libraries:
0x00007ff788a70000 - 0x00007ff788aa1000 	C:\Program Files\Android\Android Studio\jre\bin\java.exe
0x00007ffaa7010000 - 0x00007ffaa71e1000 	C:\WINDOWS\SYSTEM32\ntdll.dll
0x00007ffaa4850000 - 0x00007ffaa48fb000 	C:\WINDOWS\System32\KERNEL32.DLL
0x00007ffaa4160000 - 0x00007ffaa437d000 	C:\WINDOWS\System32\KERNELBASE.dll
0x00007ffaa1340000 - 0x00007ffaa13ba000 	C:\WINDOWS\system32\apphelp.dll
0x00007ffaa49a0000 - 0x00007ffaa4a42000 	C:\WINDOWS\System32\ADVAPI32.dll
0x00007ffaa5160000 - 0x00007ffaa51fe000 	C:\WINDOWS\System32\msvcrt.dll
0x00007ffaa5630000 - 0x00007ffaa5689000 	C:\WINDOWS\System32\sechost.dll
0x00007ffaa4e00000 - 0x00007ffaa4f21000 	C:\WINDOWS\System32\RPCRT4.dll
0x00007ffaa4c10000 - 0x00007ffaa4d75000 	C:\WINDOWS\System32\USER32.dll
0x00007ffaa4140000 - 0x00007ffaa415e000 	C:\WINDOWS\System32\win32u.dll
0x00007ffaa4d90000 - 0x00007ffaa4dc4000 	C:\WINDOWS\System32\GDI32.dll
0x00007ffaa3df0000 - 0x00007ffaa3f72000 	C:\WINDOWS\System32\gdi32full.dll
0x00007ffaa2360000 - 0x00007ffaa25d9000 	C:\WINDOWS\WinSxS\amd64_microsoft.windows.common-controls_6595b64144ccf1df_6.0.14393.447_none_42191651c6827bb3\COMCTL32.dll
0x00007ffaa6d40000 - 0x00007ffaa7007000 	C:\WINDOWS\System32\combase.dll
0x00007ffaa3cf0000 - 0x00007ffaa3de5000 	C:\WINDOWS\System32\ucrtbase.dll
0x00007ffaa4020000 - 0x00007ffaa408a000 	C:\WINDOWS\System32\bcryptPrimitives.dll
0x00007ffaa4dd0000 - 0x00007ffaa4dfe000 	C:\WINDOWS\System32\IMM32.DLL
0x0000000060550000 - 0x0000000060622000 	C:\Program Files\Android\Android Studio\jre\jre\bin\msvcr100.dll
0x000000005ec60000 - 0x000000005f494000 	C:\Program Files\Android\Android Studio\jre\jre\bin\server\jvm.dll
0x00007ffaa5010000 - 0x00007ffaa5018000 	C:\WINDOWS\System32\PSAPI.DLL
0x00007ffa94f30000 - 0x00007ffa94f39000 	C:\WINDOWS\SYSTEM32\WSOCK32.dll
0x00007ffaa0c00000 - 0x00007ffaa0c23000 	C:\WINDOWS\SYSTEM32\WINMM.dll
0x00007ffaa4f90000 - 0x00007ffaa4ffa000 	C:\WINDOWS\System32\WS2_32.dll
0x00007ffaa2160000 - 0x00007ffaa216a000 	C:\WINDOWS\SYSTEM32\VERSION.dll
0x00007ffaa0ba0000 - 0x00007ffaa0bcb000 	C:\WINDOWS\SYSTEM32\WINMMBASE.dll
0x00007ffaa4550000 - 0x00007ffaa4592000 	C:\WINDOWS\System32\cfgmgr32.dll
0x00007ffa9f220000 - 0x00007ffa9f22f000 	C:\Program Files\Android\Android Studio\jre\jre\bin\verify.dll
0x00007ffa9bcf0000 - 0x00007ffa9bd19000 	C:\Program Files\Android\Android Studio\jre\jre\bin\java.dll
0x00007ffa9b690000 - 0x00007ffa9b6a6000 	C:\Program Files\Android\Android Studio\jre\jre\bin\zip.dll
0x00007ffaa5830000 - 0x00007ffaa6d39000 	C:\WINDOWS\System32\SHELL32.dll
0x00007ffaa3500000 - 0x00007ffaa3bda000 	C:\WINDOWS\System32\windows.storage.dll
0x00007ffaa3490000 - 0x00007ffaa34dc000 	C:\WINDOWS\System32\powrprof.dll
0x00007ffaa4610000 - 0x00007ffaa4662000 	C:\WINDOWS\System32\shlwapi.dll
0x00007ffaa3470000 - 0x00007ffaa347f000 	C:\WINDOWS\System32\kernel.appcore.dll
0x00007ffaa3c40000 - 0x00007ffaa3ce9000 	C:\WINDOWS\System32\shcore.dll
0x00007ffaa34e0000 - 0x00007ffaa34f4000 	C:\WINDOWS\System32\profapi.dll

VM Arguments:
jvm_args: -Djava.awt.headless=true -Xmx1024M -Dfile.encoding=windows-1252 -Duser.country=US -Duser.language=en -Duser.variant 
java_command: com.android.dx.command.Main --dex --force-jumbo --num-threads=4 --output C:\Users\Ranjan\Desktop\UMASS\CS446 Android Development\GoogleMap\app\build\intermediates\pre-dexed\debug\com.google.android.gms-play-services-fitness-8.1.0_7f867e63bd780d50c6d97430c8bd2d3fdcd32478.jar C:\Users\Ranjan\Desktop\UMASS\CS446 Android Development\GoogleMap\app\build\intermediates\exploded-aar\com.google.android.gms\play-services-fitness\8.1.0\jars\classes.jar
java_class_path (initial): C:\Users\Ranjan\AppData\Local\Android\sdk\build-tools\23.0.1\lib\dx.jar
Launcher Type: SUN_STANDARD

Environment Variables:
JAVA_HOME=C:\Program Files\Java\jdk1.8.0_31
PATH=C:\Program Files (x86)\iis express\PHP\v5.3;C:\Program Files (x86)\iis express\PHP\v5.5;C:\ProgramData\Oracle\Java\javapath;C:\Program Files (x86)\Intel\iCLS Client\;C:\Program Files\Intel\iCLS Client\;C:\WINDOWS\system32;C:\WINDOWS;C:\WINDOWS\System32\Wbem;C:\WINDOWS\System32\WindowsPowerShell\v1.0\;C:\Program Files\Intel\Intel(R) Management Engine Components\DAL;C:\Program Files\Intel\Intel(R) Management Engine Components\IPT;C:\Program Files (x86)\Intel\Intel(R) Management Engine Components\DAL;C:\Program Files (x86)\Intel\Intel(R) Management Engine Components\IPT;C:\Program Files\Intel\WiFi\bin\;C:\Program Files\Common Files\Intel\WirelessCommon\;C:\Program Files\ThinkPad\Bluetooth Software\;C:\Program Files\ThinkPad\Bluetooth Software\syswow64;C:\Program Files (x86)\Intel\OpenCL SDK\2.0\bin\x86;C:\Program Files (x86)\Intel\OpenCL SDK\2.0\bin\x64;C:\ProgramData\Lenovo\ReadyApps;C:\Program Files (x86)\Microsoft SQL Server\100\Tools\Binn\;C:\Program Files\Microsoft SQL Server\100\Tools\Binn\;C:\Program File;C:\Program Files (x86)\Skype\Phone\;C:\WINDOWS\system32;C:\WINDOWS;C:\WINDOWS\System32\Wbem;C:\WINDOWS\System32\WindowsPowerShell\v1.0\;C:\Program Files\Microsoft SQL Server\130\Tools\Binn\;C:\Program Files (x86)\Windows Kits\10\Windows Performance Toolkit\;C:\Program Files\Git\cmd;C:\Program Files\dotnet\;C:\Program Files\Microsoft DNX\Dnvm\;C:\Users\Ranjan\AppData\Roaming\npm;C:\Program Files (x86)\SSH Communications Security\SSH Secure Shell;C:\Users\Ranjan\AppData\Local\Microsoft\WindowsApps
USERNAME=Ranjan
OS=Windows_NT
PROCESSOR_IDENTIFIER=Intel64 Family 6 Model 58 Stepping 9, GenuineIntel



---------------  S Y S T E M  ---------------

OS: Windows 10.0 , 64 bit Build 14393 (10.0.14393.0)

CPU:total 8 (4 cores per cpu, 2 threads per core) family 6 model 58 stepping 9, cmov, cx8, fxsr, mmx, sse, sse2, sse3, ssse3, sse4.1, sse4.2, popcnt, avx, aes, clmul, erms, ht, tsc, tscinvbit, tscinv

Memory: 4k page, physical 16587684k(4721340k free), swap 17636260k(5672k free)

vm_info: OpenJDK 64-Bit Server VM (25.76-b03) for windows-amd64 JRE (1.8.0_76-release-b03), built on Jun 29 2016 19:09:20 by "ralucas" with MS VC++ 10.0 (VS2010)

time: Sun Nov 13 15:40:55 2016
elapsed time: 1 seconds (0d 0h 0m 1s)

