#
# There is insufficient memory for the Java Runtime Environment to continue.
# Native memory allocation (malloc) failed to allocate 1592816 bytes for Chunk::new
# Possible reasons:
#   The system is out of physical RAM or swap space
#   In 32 bit mode, the process size limit was hit
# Possible solutions:
#   Reduce memory load on the system
#   Increase physical memory or swap space
#   Check if swap backing store is full
#   Use 64 bit Java on a 64 bit OS
#   Decrease Java heap size (-Xmx/-Xms)
#   Decrease number of Java threads
#   Decrease Java thread stack sizes (-Xss)
#   Set larger code cache with -XX:ReservedCodeCacheSize=
# This output file may be truncated or incomplete.
#
#  Out of Memory Error (allocation.cpp:390), pid=8464, tid=0x0000000000004150
#
# JRE version: OpenJDK Runtime Environment (8.0_76-b03) (build 1.8.0_76-release-b03)
# Java VM: OpenJDK 64-Bit Server VM (25.76-b03 mixed mode windows-amd64 compressed oops)
# Failed to write core dump. Minidumps are not enabled by default on client versions of Windows
#

---------------  T H R E A D  ---------------

Current thread (0x000000001738e000):  JavaThread "C2 CompilerThread2" daemon [_thread_in_native, id=16720, stack(0x0000000017d50000,0x0000000017e50000)]

Stack: [0x0000000017d50000,0x0000000017e50000]
[error occurred during error reporting (printing stack bounds), id 0xc0000005]

Native frames: (J=compiled Java code, j=interpreted, Vv=VM code, C=native code)


Current CompileTask:
C2:   4456 2150       4       com.android.dx.dex.code.OutputFinisher::getAllConstants (47 bytes)


---------------  P R O C E S S  ---------------

Java Threads: ( => current thread )
  0x000000001739b000 JavaThread "Service Thread" daemon [_thread_blocked, id=4180, stack(0x0000000017f50000,0x0000000018050000)]
  0x0000000017394000 JavaThread "C1 CompilerThread3" daemon [_thread_blocked, id=4952, stack(0x0000000017e50000,0x0000000017f50000)]
=>0x000000001738e000 JavaThread "C2 CompilerThread2" daemon [_thread_in_native, id=16720, stack(0x0000000017d50000,0x0000000017e50000)]
  0x000000001738b000 JavaThread "C2 CompilerThread1" daemon [_thread_in_vm, id=15808, stack(0x0000000017c50000,0x0000000017d50000)]
  0x0000000017389000 JavaThread "C2 CompilerThread0" daemon [_thread_in_native, id=10684, stack(0x0000000017b50000,0x0000000017c50000)]
  0x0000000017386800 JavaThread "Attach Listener" daemon [_thread_blocked, id=12516, stack(0x0000000017a50000,0x0000000017b50000)]
  0x00000000154ae000 JavaThread "Signal Dispatcher" daemon [_thread_blocked, id=13260, stack(0x0000000017950000,0x0000000017a50000)]
  0x00000000154a1000 JavaThread "Finalizer" daemon [_thread_blocked, id=13116, stack(0x0000000017760000,0x0000000017860000)]
  0x0000000002977000 JavaThread "Reference Handler" daemon [_thread_blocked, id=3652, stack(0x0000000017260000,0x0000000017360000)]
  0x000000000287d800 JavaThread "main" [_thread_in_Java, id=11180, stack(0x00000000026b0000,0x00000000027b0000)]

Other Threads:
  0x0000000015495800 VMThread [stack: 0x0000000017160000,0x0000000017260000] [id=5572]
  0x000000001739c000 WatcherThread [stack: 0x0000000018050000,0x0000000018150000] [id=16128]

VM state:not at safepoint (normal execution)

VM Mutex/Monitor currently owned by a thread: None

Heap:
 PSYoungGen      total 140800K, used 79682K [0x00000000eab00000, 0x00000000f3f00000, 0x0000000100000000)
  eden space 130048K, 53% used [0x00000000eab00000,0x00000000eee574a0,0x00000000f2a00000)
  from space 10752K, 99% used [0x00000000f2a00000,0x00000000f3479708,0x00000000f3480000)
  to   space 10752K, 0% used [0x00000000f3480000,0x00000000f3480000,0x00000000f3f00000)
 ParOldGen       total 173568K, used 30321K [0x00000000c0000000, 0x00000000ca980000, 0x00000000eab00000)
  object space 173568K, 17% used [0x00000000c0000000,0x00000000c1d9c628,0x00000000ca980000)
 Metaspace       used 6554K, capacity 7408K, committed 7552K, reserved 1056768K
  class space    used 584K, capacity 616K, committed 640K, reserved 1048576K

Card table byte_map: [0x0000000011d40000,0x0000000011f50000] byte_map_base: 0x0000000011740000

Marking Bits: (ParMarkBitMap*) 0x000000005f419d00
 Begin Bits: [0x00000000128b0000, 0x00000000138b0000)
 End Bits:   [0x00000000138b0000, 0x00000000148b0000)

Polling page: 0x0000000000a80000

CodeCache: size=245760Kb used=9763Kb max_used=9776Kb free=235996Kb
 bounds [0x0000000002980000, 0x0000000003320000, 0x0000000011980000]
 total_blobs=2661 nmethods=2392 adapters=182
 compilation: enabled

Compilation events (10 events):
Event: 4.085 Thread 0x000000001738b000 nmethod 2437 0x00000000032facd0 code [0x00000000032fae20, 0x00000000032fb138]
Event: 4.085 Thread 0x000000001738b000 2435       4       com.android.dx.dex.code.PositionList::make (224 bytes)
Event: 4.090 Thread 0x0000000017394000 2443       3       com.android.dx.dex.code.CatchTable::get (9 bytes)
Event: 4.090 Thread 0x0000000017394000 nmethod 2443 0x00000000032f7750 code [0x00000000032f78c0, 0x00000000032f7ba8]
Event: 4.090 Thread 0x0000000017394000 2444       3       java.util.TreeMap$Entry::setValue (12 bytes)
Event: 4.090 Thread 0x0000000017394000 nmethod 2444 0x00000000032ea5d0 code [0x00000000032ea720, 0x00000000032ea890]
Event: 4.091 Thread 0x0000000017394000 2445       3       java.util.TreeMap$EntrySet::iterator (19 bytes)
Event: 4.091 Thread 0x0000000017394000 nmethod 2445 0x00000000032f6e50 code [0x00000000032f6fe0, 0x00000000032f74f0]
Event: 4.091 Thread 0x000000001738b000 nmethod 2435 0x00000000032f6490 code [0x00000000032f6600, 0x00000000032f69f8]
Event: 4.091 Thread 0x000000001738b000 2436       4       com.android.dx.dex.code.LocalList::make (102 bytes)

GC Heap History (6 events):
Event: 1.678 GC heap before
{Heap before GC invocations=1 (full 0):
 PSYoungGen      total 75776K, used 65024K [0x00000000eab00000, 0x00000000eff80000, 0x0000000100000000)
  eden space 65024K, 100% used [0x00000000eab00000,0x00000000eea80000,0x00000000eea80000)
  from space 10752K, 0% used [0x00000000ef500000,0x00000000ef500000,0x00000000eff80000)
  to   space 10752K, 0% used [0x00000000eea80000,0x00000000eea80000,0x00000000ef500000)
 ParOldGen       total 173568K, used 0K [0x00000000c0000000, 0x00000000ca980000, 0x00000000eab00000)
  object space 173568K, 0% used [0x00000000c0000000,0x00000000c0000000,0x00000000ca980000)
 Metaspace       used 6026K, capacity 7088K, committed 7296K, reserved 1056768K
  class space    used 566K, capacity 616K, committed 640K, reserved 1048576K
Event: 1.791 GC heap after
Heap after GC invocations=1 (full 0):
 PSYoungGen      total 75776K, used 10724K [0x00000000eab00000, 0x00000000f3f00000, 0x0000000100000000)
  eden space 65024K, 0% used [0x00000000eab00000,0x00000000eab00000,0x00000000eea80000)
  from space 10752K, 99% used [0x00000000eea80000,0x00000000ef4f90c0,0x00000000ef500000)
  to   space 10752K, 0% used [0x00000000f3480000,0x00000000f3480000,0x00000000f3f00000)
 ParOldGen       total 173568K, used 692K [0x00000000c0000000, 0x00000000ca980000, 0x00000000eab00000)
  object space 173568K, 0% used [0x00000000c0000000,0x00000000c00ad2c8,0x00000000ca980000)
 Metaspace       used 6026K, capacity 7088K, committed 7296K, reserved 1056768K
  class space    used 566K, capacity 616K, committed 640K, reserved 1048576K
}
Event: 2.303 GC heap before
{Heap before GC invocations=2 (full 0):
 PSYoungGen      total 75776K, used 75748K [0x00000000eab00000, 0x00000000f3f00000, 0x0000000100000000)
  eden space 65024K, 100% used [0x00000000eab00000,0x00000000eea80000,0x00000000eea80000)
  from space 10752K, 99% used [0x00000000eea80000,0x00000000ef4f90c0,0x00000000ef500000)
  to   space 10752K, 0% used [0x00000000f3480000,0x00000000f3480000,0x00000000f3f00000)
 ParOldGen       total 173568K, used 692K [0x00000000c0000000, 0x00000000ca980000, 0x00000000eab00000)
  object space 173568K, 0% used [0x00000000c0000000,0x00000000c00ad2c8,0x00000000ca980000)
 Metaspace       used 6166K, capacity 7152K, committed 7296K, reserved 1056768K
  class space    used 566K, capacity 616K, committed 640K, reserved 1048576K
Event: 2.325 GC heap after
Heap after GC invocations=2 (full 0):
 PSYoungGen      total 140800K, used 10743K [0x00000000eab00000, 0x00000000f3f00000, 0x0000000100000000)
  eden space 130048K, 0% used [0x00000000eab00000,0x00000000eab00000,0x00000000f2a00000)
  from space 10752K, 99% used [0x00000000f3480000,0x00000000f3efdc90,0x00000000f3f00000)
  to   space 10752K, 0% used [0x00000000f2a00000,0x00000000f2a00000,0x00000000f3480000)
 ParOldGen       total 173568K, used 10778K [0x00000000c0000000, 0x00000000ca980000, 0x00000000eab00000)
  object space 173568K, 6% used [0x00000000c0000000,0x00000000c0a869e0,0x00000000ca980000)
 Metaspace       used 6166K, capacity 7152K, committed 7296K, reserved 1056768K
  class space    used 566K, capacity 616K, committed 640K, reserved 1048576K
}
Event: 2.649 GC heap before
{Heap before GC invocations=3 (full 0):
 PSYoungGen      total 140800K, used 140791K [0x00000000eab00000, 0x00000000f3f00000, 0x0000000100000000)
  eden space 130048K, 100% used [0x00000000eab00000,0x00000000f2a00000,0x00000000f2a00000)
  from space 10752K, 99% used [0x00000000f3480000,0x00000000f3efdc90,0x00000000f3f00000)
  to   space 10752K, 0% used [0x00000000f2a00000,0x00000000f2a00000,0x00000000f3480000)
 ParOldGen       total 173568K, used 10778K [0x00000000c0000000, 0x00000000ca980000, 0x00000000eab00000)
  object space 173568K, 6% used [0x00000000c0000000,0x00000000c0a869e0,0x00000000ca980000)
 Metaspace       used 6236K, capacity 7216K, committed 7296K, reserved 1056768K
  class space    used 566K, capacity 616K, committed 640K, reserved 1048576K
Event: 2.681 GC heap after
Heap after GC invocations=3 (full 0):
 PSYoungGen      total 140800K, used 10725K [0x00000000eab00000, 0x00000000f3f00000, 0x0000000100000000)
  eden space 130048K, 0% used [0x00000000eab00000,0x00000000eab00000,0x00000000f2a00000)
  from space 10752K, 99% used [0x00000000f2a00000,0x00000000f3479708,0x00000000f3480000)
  to   space 10752K, 0% used [0x00000000f3480000,0x00000000f3480000,0x00000000f3f00000)
 ParOldGen       total 173568K, used 30321K [0x00000000c0000000, 0x00000000ca980000, 0x00000000eab00000)
  object space 173568K, 17% used [0x00000000c0000000,0x00000000c1d9c628,0x00000000ca980000)
 Metaspace       used 6236K, capacity 7216K, committed 7296K, reserved 1056768K
  class space    used 566K, capacity 616K, committed 640K, reserved 1048576K
}

Deoptimization events (10 events):
Event: 3.521 Thread 0x000000000287d800 Uncommon trap: reason=unstable_if action=reinterpret pc=0x000000000320082c method=java.util.TreeMap.put(Ljava/lang/Object;Ljava/lang/Object;)Ljava/lang/Object; @ 163
Event: 3.688 Thread 0x000000000287d800 Uncommon trap: reason=unstable_if action=reinterpret pc=0x0000000003269e0c method=com.android.dx.dex.code.OutputFinisher.findOpcodeForInsn(Lcom/android/dx/dex/code/DalvInsn;Lcom/android/dx/dex/code/Dop;)Lcom/android/dx/dex/code/Dop; @ 1
Event: 3.731 Thread 0x000000000287d800 Uncommon trap: reason=unstable_if action=reinterpret pc=0x00000000032b9d74 method=com.android.dx.dex.code.LocalList$MakeState.snapshot(ILcom/android/dx/rop/code/RegisterSpecSet;)V @ 66
Event: 3.941 Thread 0x000000000287d800 Uncommon trap: reason=class_check action=maybe_recompile pc=0x00000000032da6c8 method=com.android.dx.dex.code.OutputFinisher.calculateReservedCount([Lcom/android/dx/dex/code/Dop;)I @ 72
Event: 3.941 Thread 0x000000000287d800 Uncommon trap: reason=class_check action=maybe_recompile pc=0x00000000032da6c8 method=com.android.dx.dex.code.OutputFinisher.calculateReservedCount([Lcom/android/dx/dex/code/Dop;)I @ 72
Event: 3.941 Thread 0x000000000287d800 Uncommon trap: reason=class_check action=maybe_recompile pc=0x00000000032da6c8 method=com.android.dx.dex.code.OutputFinisher.calculateReservedCount([Lcom/android/dx/dex/code/Dop;)I @ 72
Event: 3.945 Thread 0x000000000287d800 Uncommon trap: reason=class_check action=maybe_recompile pc=0x00000000032da6c8 method=com.android.dx.dex.code.OutputFinisher.calculateReservedCount([Lcom/android/dx/dex/code/Dop;)I @ 72
Event: 3.945 Thread 0x000000000287d800 Uncommon trap: reason=class_check action=maybe_recompile pc=0x00000000032cf1b4 method=com.android.dx.dex.code.OutputFinisher.calculateReservedCount([Lcom/android/dx/dex/code/Dop;)I @ 72
Event: 3.947 Thread 0x000000000287d800 Uncommon trap: reason=unstable_if action=reinterpret pc=0x00000000032d0694 method=com.android.dx.dex.code.OutputFinisher.align64bits([Lcom/android/dx/dex/code/Dop;)V @ 205
Event: 3.949 Thread 0x000000000287d800 Uncommon trap: reason=unstable_if action=reinterpret pc=0x00000000032c1d14 method=com.android.dx.dex.code.OutputFinisher.align64bits([Lcom/android/dx/dex/code/Dop;)V @ 205

Internal exceptions (5 events):
Event: 0.065 Thread 0x000000000287d800 Exception <a 'java/lang/NoSuchMethodError': Method sun.misc.Unsafe.defineClass(Ljava/lang/String;[BII)Ljava/lang/Class; name or signature does not match> (0x00000000eab07cc0) thrown at [C:\src\android\AOSP-openjdk\external\jetbrains\jdk\hotspot\src\share\v®°<
Event: 0.065 Thread 0x000000000287d800 Exception <a 'java/lang/NoSuchMethodError': Method sun.misc.Unsafe.prefetchRead(Ljava/lang/Object;J)V name or signature does not match> (0x00000000eab07fa8) thrown at [C:\src\android\AOSP-openjdk\external\jetbrains\jdk\hotspot\src\share\vm\prims\jni.cpp, l8€QÍdI
Event: 2.036 Thread 0x0000000017646800 Implicit null exception at 0x0000000002bf1ae2 to 0x0000000002bf1bd2
Event: 2.766 Thread 0x0000000017646800 Implicit null exception at 0x0000000002e4f849 to 0x0000000002e50d09
Event: 3.731 Thread 0x000000000287d800 Implicit null exception at 0x00000000032b93f0 to 0x00000000032b9d3d

Events (10 events):
Event: 4.080 Thread 0x000000000287d800 DEOPT PACKING pc=0x000000000327672b sp=0x00000000027aee20
Event: 4.080 Thread 0x000000000287d800 DEOPT UNPACKING pc=0x00000000029c75bf sp=0x00000000027aeba0 mode 0
Event: 4.085 Thread 0x000000000287d800 DEOPT PACKING pc=0x000000000328189b sp=0x00000000027aee00
Event: 4.085 Thread 0x000000000287d800 DEOPT UNPACKING pc=0x00000000029c75bf sp=0x00000000027aebc8 mode 0
Event: 4.085 Thread 0x000000000287d800 DEOPT PACKING pc=0x000000000327a089 sp=0x00000000027aeea0
Event: 4.085 Thread 0x000000000287d800 DEOPT UNPACKING pc=0x00000000029c75bf sp=0x00000000027aebf0 mode 0
Event: 4.089 Thread 0x000000000287d800 DEOPT PACKING pc=0x000000000328189b sp=0x00000000027aee00
Event: 4.089 Thread 0x000000000287d800 DEOPT UNPACKING pc=0x00000000029c75bf sp=0x00000000027aebc8 mode 0
Event: 4.089 Thread 0x000000000287d800 DEOPT PACKING pc=0x000000000327a089 sp=0x00000000027aeea0
Event: 4.089 Thread 0x000000000287d800 DEOPT UNPACKING pc=0x00000000029c75bf sp=0x00000000027aebf0 mode 0


Dynamic libraries:
0x00007ff788a70000 - 0x00007ff788aa1000 	C:\Program Files\Android\Android Studio\jre\bin\java.exe
0x00007ffaa7010000 - 0x00007ffaa71e1000 	C:\WINDOWS\SYSTEM32\ntdll.dll
0x00007ffaa4850000 - 0x00007ffaa48fb000 	C:\WINDOWS\System32\KERNEL32.DLL
0x00007ffaa4160000 - 0x00007ffaa437d000 	C:\WINDOWS\System32\KERNELBASE.dll
0x00007ffaa1340000 - 0x00007ffaa13ba000 	C:\WINDOWS\system32\apphelp.dll
0x00007ffaa49a0000 - 0x00007ffaa4a42000 	C:\WINDOWS\System32\ADVAPI32.dll
0x00007ffaa5160000 - 0x00007ffaa51fe000 	C:\WINDOWS\System32\msvcrt.dll
0x00007ffaa5630000 - 0x00007ffaa5689000 	C:\WINDOWS\System32\sechost.dll
0x00007ffaa4e00000 - 0x00007ffaa4f21000 	C:\WINDOWS\System32\RPCRT4.dll
0x00007ffaa4c10000 - 0x00007ffaa4d75000 	C:\WINDOWS\System32\USER32.dll
0x00007ffaa4140000 - 0x00007ffaa415e000 	C:\WINDOWS\System32\win32u.dll
0x00007ffaa4d90000 - 0x00007ffaa4dc4000 	C:\WINDOWS\System32\GDI32.dll
0x00007ffaa3df0000 - 0x00007ffaa3f72000 	C:\WINDOWS\System32\gdi32full.dll
0x00007ffaa2360000 - 0x00007ffaa25d9000 	C:\WINDOWS\WinSxS\amd64_microsoft.windows.common-controls_6595b64144ccf1df_6.0.14393.447_none_42191651c6827bb3\COMCTL32.dll
0x00007ffaa6d40000 - 0x00007ffaa7007000 	C:\WINDOWS\System32\combase.dll
0x00007ffaa3cf0000 - 0x00007ffaa3de5000 	C:\WINDOWS\System32\ucrtbase.dll
0x00007ffaa4020000 - 0x00007ffaa408a000 	C:\WINDOWS\System32\bcryptPrimitives.dll
0x00007ffaa4dd0000 - 0x00007ffaa4dfe000 	C:\WINDOWS\System32\IMM32.DLL
0x00000000605a0000 - 0x0000000060672000 	C:\Program Files\Android\Android Studio\jre\jre\bin\msvcr100.dll
0x000000005ec60000 - 0x000000005f494000 	C:\Program Files\Android\Android Studio\jre\jre\bin\server\jvm.dll
0x00007ffaa5010000 - 0x00007ffaa5018000 	C:\WINDOWS\System32\PSAPI.DLL
0x00007ffa94f30000 - 0x00007ffa94f39000 	C:\WINDOWS\SYSTEM32\WSOCK32.dll
0x00007ffaa0c00000 - 0x00007ffaa0c23000 	C:\WINDOWS\SYSTEM32\WINMM.dll
0x00007ffaa4f90000 - 0x00007ffaa4ffa000 	C:\WINDOWS\System32\WS2_32.dll
0x00007ffaa2160000 - 0x00007ffaa216a000 	C:\WINDOWS\SYSTEM32\VERSION.dll
0x00007ffaa0ba0000 - 0x00007ffaa0bcb000 	C:\WINDOWS\SYSTEM32\WINMMBASE.dll
0x00007ffaa4550000 - 0x00007ffaa4592000 	C:\WINDOWS\System32\cfgmgr32.dll
0x00007ffa9f220000 - 0x00007ffa9f22f000 	C:\Program Files\Android\Android Studio\jre\jre\bin\verify.dll
0x00007ffa9bcf0000 - 0x00007ffa9bd19000 	C:\Program Files\Android\Android Studio\jre\jre\bin\java.dll
0x00007ffa9b690000 - 0x00007ffa9b6a6000 	C:\Program Files\Android\Android Studio\jre\jre\bin\zip.dll
0x00007ffaa5830000 - 0x00007ffaa6d39000 	C:\WINDOWS\System32\SHELL32.dll
0x00007ffaa3500000 - 0x00007ffaa3bda000 	C:\WINDOWS\System32\windows.storage.dll
0x00007ffaa3490000 - 0x00007ffaa34dc000 	C:\WINDOWS\System32\powrprof.dll
0x00007ffaa4610000 - 0x00007ffaa4662000 	C:\WINDOWS\System32\shlwapi.dll
0x00007ffaa3470000 - 0x00007ffaa347f000 	C:\WINDOWS\System32\kernel.appcore.dll
0x00007ffaa3c40000 - 0x00007ffaa3ce9000 	C:\WINDOWS\System32\shcore.dll
0x00007ffaa34e0000 - 0x00007ffaa34f4000 	C:\WINDOWS\System32\profapi.dll

VM Arguments:
jvm_args: -Djava.awt.headless=true -Xmx1024M -Dfile.encoding=windows-1252 -Duser.country=US -Duser.language=en -Duser.variant 
java_command: com.android.dx.command.Main --dex --force-jumbo --num-threads=4 --output C:\Users\Ranjan\Desktop\UMASS\CS446 Android Development\GoogleMap\app\build\intermediates\pre-dexed\debug\com.google.android.gms-play-services-basement-8.1.0_650bac521d805a7a62791d7c27be681fd33b9c28.jar C:\Users\Ranjan\Desktop\UMASS\CS446 Android Development\GoogleMap\app\build\intermediates\exploded-aar\com.google.android.gms\play-services-basement\8.1.0\jars\classes.jar
java_class_path (initial): C:\Users\Ranjan\AppData\Local\Android\sdk\build-tools\23.0.1\lib\dx.jar
Launcher Type: SUN_STANDARD

Environment Variables:
JAVA_HOME=C:\Program Files\Java\jdk1.8.0_31
PATH=C:\Program Files (x86)\iis express\PHP\v5.3;C:\Program Files (x86)\iis express\PHP\v5.5;C:\ProgramData\Oracle\Java\javapath;C:\Program Files (x86)\Intel\iCLS Client\;C:\Program Files\Intel\iCLS Client\;C:\WINDOWS\system32;C:\WINDOWS;C:\WINDOWS\System32\Wbem;C:\WINDOWS\System32\WindowsPowerShell\v1.0\;C:\Program Files\Intel\Intel(R) Management Engine Components\DAL;C:\Program Files\Intel\Intel(R) Management Engine Components\IPT;C:\Program Files (x86)\Intel\Intel(R) Management Engine Components\DAL;C:\Program Files (x86)\Intel\Intel(R) Management Engine Components\IPT;C:\Program Files\Intel\WiFi\bin\;C:\Program Files\Common Files\Intel\WirelessCommon\;C:\Program Files\ThinkPad\Bluetooth Software\;C:\Program Files\ThinkPad\Bluetooth Software\syswow64;C:\Program Files (x86)\Intel\OpenCL SDK\2.0\bin\x86;C:\Program Files (x86)\Intel\OpenCL SDK\2.0\bin\x64;C:\ProgramData\Lenovo\ReadyApps;C:\Program Files (x86)\Microsoft SQL Server\100\Tools\Binn\;C:\Program Files\Microsoft SQL Server\100\Tools\Binn\;C:\Program File;C:\Program Files (x86)\Skype\Phone\;C:\WINDOWS\system32;C:\WINDOWS;C:\WINDOWS\System32\Wbem;C:\WINDOWS\System32\WindowsPowerShell\v1.0\;C:\Program Files\Microsoft SQL Server\130\Tools\Binn\;C:\Program Files (x86)\Windows Kits\10\Windows Performance Toolkit\;C:\Program Files\Git\cmd;C:\Program Files\dotnet\;C:\Program Files\Microsoft DNX\Dnvm\;C:\Users\Ranjan\AppData\Roaming\npm;C:\Program Files (x86)\SSH Communications Security\SSH Secure Shell;C:\Users\Ranjan\AppData\Local\Microsoft\WindowsApps
USERNAME=Ranjan
OS=Windows_NT
PROCESSOR_IDENTIFIER=Intel64 Family 6 Model 58 Stepping 9, GenuineIntel



---------------  S Y S T E M  ---------------

OS: Windows 10.0 , 64 bit Build 14393 (10.0.14393.0)

CPU:total 8 (4 cores per cpu, 2 threads per core) family 6 model 58 stepping 9, cmov, cx8, fxsr, mmx, sse, sse2, sse3, ssse3, sse4.1, sse4.2, popcnt, avx, aes, clmul, erms, ht, tsc, tscinvbit, tscinv

Memory: 4k page, physical 16587684k(4994224k free), swap 17636260k(4172k free)

vm_info: OpenJDK 64-Bit Server VM (25.76-b03) for windows-amd64 JRE (1.8.0_76-release-b03), built on Jun 29 2016 19:09:20 by "ralucas" with MS VC++ 10.0 (VS2010)

time: Sun Nov 13 15:43:39 2016
elapsed time: 4 seconds (0d 0h 0m 4s)

