#
# There is insufficient memory for the Java Runtime Environment to continue.
# Native memory allocation (malloc) failed to allocate 32744 bytes for ChunkPool::allocate
# Possible reasons:
#   The system is out of physical RAM or swap space
#   In 32 bit mode, the process size limit was hit
# Possible solutions:
#   Reduce memory load on the system
#   Increase physical memory or swap space
#   Check if swap backing store is full
#   Use 64 bit Java on a 64 bit OS
#   Decrease Java heap size (-Xmx/-Xms)
#   Decrease number of Java threads
#   Decrease Java thread stack sizes (-Xss)
#   Set larger code cache with -XX:ReservedCodeCacheSize=
# This output file may be truncated or incomplete.
#
#  Out of Memory Error (allocation.cpp:273), pid=3324, tid=0x00000000000009f8
#
# JRE version: OpenJDK Runtime Environment (8.0_76-b03) (build 1.8.0_76-release-b03)
# Java VM: OpenJDK 64-Bit Server VM (25.76-b03 mixed mode windows-amd64 compressed oops)
# Failed to write core dump. Minidumps are not enabled by default on client versions of Windows
#

---------------  T H R E A D  ---------------

Current thread (0x0000000017159000):  JavaThread "C2 CompilerThread2" daemon [_thread_in_native, id=2552, stack(0x0000000017b10000,0x0000000017c10000)]

Stack: [0x0000000017b10000,0x0000000017c10000]
[error occurred during error reporting (printing stack bounds), id 0xc0000005]

Native frames: (J=compiled Java code, j=interpreted, Vv=VM code, C=native code)


Current CompileTask:
C2:    561  735       4       java.util.HashMap::get (23 bytes)


---------------  P R O C E S S  ---------------

Java Threads: ( => current thread )
  0x0000000017419000 JavaThread "pool-2-thread-4" [_thread_blocked, id=19732, stack(0x0000000018310000,0x0000000018410000)]
  0x0000000017407000 JavaThread "pool-2-thread-3" [_thread_blocked, id=1232, stack(0x0000000018210000,0x0000000018310000)]
  0x0000000017406800 JavaThread "pool-2-thread-2" [_thread_blocked, id=11072, stack(0x0000000018110000,0x0000000018210000)]
  0x0000000017404000 JavaThread "pool-3-thread-1" [_thread_blocked, id=16688, stack(0x0000000018010000,0x0000000018110000)]
  0x00000000173fe800 JavaThread "pool-2-thread-1" [_thread_blocked, id=22272, stack(0x0000000017f10000,0x0000000018010000)]
  0x00000000171e3000 JavaThread "Service Thread" daemon [_thread_blocked, id=8836, stack(0x0000000017d10000,0x0000000017e10000)]
  0x00000000171b3800 JavaThread "C1 CompilerThread3" daemon [_thread_in_native, id=2180, stack(0x0000000017c10000,0x0000000017d10000)]
=>0x0000000017159000 JavaThread "C2 CompilerThread2" daemon [_thread_in_native, id=2552, stack(0x0000000017b10000,0x0000000017c10000)]
  0x000000001714a000 JavaThread "C2 CompilerThread1" daemon [_thread_in_native, id=9392, stack(0x0000000017a10000,0x0000000017b10000)]
  0x0000000017148000 JavaThread "C2 CompilerThread0" daemon [_thread_in_native, id=23108, stack(0x0000000017910000,0x0000000017a10000)]
  0x0000000017145800 JavaThread "Attach Listener" daemon [_thread_blocked, id=16040, stack(0x0000000017810000,0x0000000017910000)]
  0x000000001524e800 JavaThread "Signal Dispatcher" daemon [_thread_blocked, id=20052, stack(0x0000000017710000,0x0000000017810000)]
  0x000000000271e000 JavaThread "Finalizer" daemon [_thread_blocked, id=9356, stack(0x0000000017520000,0x0000000017620000)]
  0x0000000002715000 JavaThread "Reference Handler" daemon [_thread_blocked, id=10844, stack(0x0000000017020000,0x0000000017120000)]
  0x000000000261d800 JavaThread "main" [_thread_in_Java, id=11804, stack(0x0000000002430000,0x0000000002530000)]

Other Threads:
  0x0000000015235800 VMThread [stack: 0x0000000016f20000,0x0000000017020000] [id=12388]
  0x00000000171e3800 WatcherThread [stack: 0x0000000017e10000,0x0000000017f10000] [id=15364]

VM state:not at safepoint (normal execution)

VM Mutex/Monitor currently owned by a thread: None

Heap:
 PSYoungGen      total 75776K, used 16907K [0x00000000eab00000, 0x00000000eff80000, 0x0000000100000000)
  eden space 65024K, 26% used [0x00000000eab00000,0x00000000ebb82f00,0x00000000eea80000)
  from space 10752K, 0% used [0x00000000ef500000,0x00000000ef500000,0x00000000eff80000)
  to   space 10752K, 0% used [0x00000000eea80000,0x00000000eea80000,0x00000000ef500000)
 ParOldGen       total 173568K, used 0K [0x00000000c0000000, 0x00000000ca980000, 0x00000000eab00000)
  object space 173568K, 0% used [0x00000000c0000000,0x00000000c0000000,0x00000000ca980000)
 Metaspace       used 5545K, capacity 6640K, committed 6784K, reserved 1056768K
  class space    used 562K, capacity 616K, committed 640K, reserved 1048576K

Card table byte_map: [0x0000000011ae0000,0x0000000011cf0000] byte_map_base: 0x00000000114e0000

Marking Bits: (ParMarkBitMap*) 0x000000005f419d00
 Begin Bits: [0x0000000012650000, 0x0000000013650000)
 End Bits:   [0x0000000013650000, 0x0000000014650000)

Polling page: 0x00000000003f0000

CodeCache: size=245760Kb used=2865Kb max_used=2876Kb free=242895Kb
 bounds [0x0000000002720000, 0x0000000002a00000, 0x0000000011720000]
 total_blobs=991 nmethods=723 adapters=182
 compilation: enabled

Compilation events (10 events):
Event: 0.551 Thread 0x00000000171b3800  725       3       com.android.dx.ssa.SsaBasicBlock::removeAllPhiInsns (18 bytes)
Event: 0.551 Thread 0x00000000171b3800 nmethod 725 0x00000000029eca10 code [0x00000000029ecbe0, 0x00000000029ed188]
Event: 0.551 Thread 0x00000000171b3800  726       3       java.util.AbstractList::clear (10 bytes)
Event: 0.551 Thread 0x00000000171b3800 nmethod 726 0x00000000029ed510 code [0x00000000029ed680, 0x00000000029ed958]
Event: 0.551 Thread 0x00000000171b3800  712       3       com.android.dx.cf.code.ByteBlockList::set (7 bytes)
Event: 0.552 Thread 0x00000000171b3800 nmethod 712 0x00000000029e7b50 code [0x00000000029e7cc0, 0x00000000029e7e48]
Event: 0.552 Thread 0x00000000171b3800  730   !   3       com.android.dx.cf.code.RopperMachine::run (1550 bytes)
Event: 0.557 Thread 0x0000000017159000  735       4       java.util.HashMap::get (23 bytes)
Event: 0.558 Thread 0x000000001714a000  736       4       java.util.BitSet::<init> (56 bytes)
Event: 0.559 Thread 0x000000001714a000 nmethod 736 0x00000000029f0750 code [0x00000000029f08a0, 0x00000000029f09f8]

GC Heap History (0 events):
No events

Deoptimization events (1 events):
Event: 0.420 Thread 0x000000000261d800 Uncommon trap: reason=unstable_if action=reinterpret pc=0x000000000290bc34 method=java.util.HashMap.getNode(ILjava/lang/Object;)Ljava/util/HashMap$Node; @ 62

Internal exceptions (2 events):
Event: 0.034 Thread 0x000000000261d800 Exception <a 'java/lang/NoSuchMethodError': Method sun.misc.Unsafe.defineClass(Ljava/lang/String;[BII)Ljava/lang/Class; name or signature does not match> (0x00000000eab07cc0) thrown at [C:\src\android\AOSP-openjdk\external\jetbrains\jdk\hotspot\src\share\v∂»ËQ6ï°?
Event: 0.034 Thread 0x000000000261d800 Exception <a 'java/lang/NoSuchMethodError': Method sun.misc.Unsafe.prefetchRead(Ljava/lang/Object;J)V name or signature does not match> (0x00000000eab07fa8) thrown at [C:\src\android\AOSP-openjdk\external\jetbrains\jdk\hotspot\src\share\vm\prims\jni.cpp, l

Events (10 events):
Event: 0.420 loading class java/util/HashMap$Values done
Event: 0.420 loading class java/util/HashMap$ValueIterator
Event: 0.420 loading class java/util/HashMap$ValueIterator done
Event: 0.420 Thread 0x000000000261d800 Uncommon trap: trap_request=0xffffff65 fr.pc=0x000000000290bc34
Event: 0.420 Thread 0x000000000261d800 DEOPT PACKING pc=0x000000000290bc34 sp=0x000000000252e360
Event: 0.420 Thread 0x000000000261d800 DEOPT UNPACKING pc=0x000000000276556a sp=0x000000000252e2d8 mode 2
Event: 0.424 loading class com/android/dx/ssa/back/FirstFitLocalCombiningAllocator$Multiset
Event: 0.424 loading class com/android/dx/ssa/back/FirstFitLocalCombiningAllocator$Multiset done
Event: 0.518 loading class java/util/ArrayList$1
Event: 0.518 loading class java/util/ArrayList$1 done


Dynamic libraries:
0x00007ff7d8c60000 - 0x00007ff7d8c91000 	C:\Program Files\Android\Android Studio\jre\bin\java.exe
0x00007ffaa7010000 - 0x00007ffaa71e1000 	C:\WINDOWS\SYSTEM32\ntdll.dll
0x00007ffaa4850000 - 0x00007ffaa48fb000 	C:\WINDOWS\System32\KERNEL32.DLL
0x00007ffaa4160000 - 0x00007ffaa437d000 	C:\WINDOWS\System32\KERNELBASE.dll
0x00007ffaa1340000 - 0x00007ffaa13ba000 	C:\WINDOWS\system32\apphelp.dll
0x00007ffaa49a0000 - 0x00007ffaa4a42000 	C:\WINDOWS\System32\ADVAPI32.dll
0x00007ffaa5160000 - 0x00007ffaa51fe000 	C:\WINDOWS\System32\msvcrt.dll
0x00007ffaa5630000 - 0x00007ffaa5689000 	C:\WINDOWS\System32\sechost.dll
0x00007ffaa4e00000 - 0x00007ffaa4f21000 	C:\WINDOWS\System32\RPCRT4.dll
0x00007ffaa4c10000 - 0x00007ffaa4d75000 	C:\WINDOWS\System32\USER32.dll
0x00007ffaa4140000 - 0x00007ffaa415e000 	C:\WINDOWS\System32\win32u.dll
0x00007ffaa4d90000 - 0x00007ffaa4dc4000 	C:\WINDOWS\System32\GDI32.dll
0x00007ffaa3df0000 - 0x00007ffaa3f72000 	C:\WINDOWS\System32\gdi32full.dll
0x00007ffaa2360000 - 0x00007ffaa25d9000 	C:\WINDOWS\WinSxS\amd64_microsoft.windows.common-controls_6595b64144ccf1df_6.0.14393.447_none_42191651c6827bb3\COMCTL32.dll
0x00007ffaa6d40000 - 0x00007ffaa7007000 	C:\WINDOWS\System32\combase.dll
0x00007ffaa3cf0000 - 0x00007ffaa3de5000 	C:\WINDOWS\System32\ucrtbase.dll
0x00007ffaa4020000 - 0x00007ffaa408a000 	C:\WINDOWS\System32\bcryptPrimitives.dll
0x00007ffaa4dd0000 - 0x00007ffaa4dfe000 	C:\WINDOWS\System32\IMM32.DLL
0x000000005fb70000 - 0x000000005fc42000 	C:\Program Files\Android\Android Studio\jre\jre\bin\msvcr100.dll
0x000000005ec60000 - 0x000000005f494000 	C:\Program Files\Android\Android Studio\jre\jre\bin\server\jvm.dll
0x00007ffaa5010000 - 0x00007ffaa5018000 	C:\WINDOWS\System32\PSAPI.DLL
0x00007ffa94f30000 - 0x00007ffa94f39000 	C:\WINDOWS\SYSTEM32\WSOCK32.dll
0x00007ffaa0c00000 - 0x00007ffaa0c23000 	C:\WINDOWS\SYSTEM32\WINMM.dll
0x00007ffaa2160000 - 0x00007ffaa216a000 	C:\WINDOWS\SYSTEM32\VERSION.dll
0x00007ffaa4f90000 - 0x00007ffaa4ffa000 	C:\WINDOWS\System32\WS2_32.dll
0x00007ffaa0ba0000 - 0x00007ffaa0bcb000 	C:\WINDOWS\SYSTEM32\WINMMBASE.dll
0x00007ffaa4550000 - 0x00007ffaa4592000 	C:\WINDOWS\System32\cfgmgr32.dll
0x00007ffa9f240000 - 0x00007ffa9f24f000 	C:\Program Files\Android\Android Studio\jre\jre\bin\verify.dll
0x00007ffa9b610000 - 0x00007ffa9b639000 	C:\Program Files\Android\Android Studio\jre\jre\bin\java.dll
0x00007ffa9b5e0000 - 0x00007ffa9b5f6000 	C:\Program Files\Android\Android Studio\jre\jre\bin\zip.dll
0x00007ffaa5830000 - 0x00007ffaa6d39000 	C:\WINDOWS\System32\SHELL32.dll
0x00007ffaa3500000 - 0x00007ffaa3bda000 	C:\WINDOWS\System32\windows.storage.dll
0x00007ffaa3490000 - 0x00007ffaa34dc000 	C:\WINDOWS\System32\powrprof.dll
0x00007ffaa4610000 - 0x00007ffaa4662000 	C:\WINDOWS\System32\shlwapi.dll
0x00007ffaa3470000 - 0x00007ffaa347f000 	C:\WINDOWS\System32\kernel.appcore.dll
0x00007ffaa3c40000 - 0x00007ffaa3ce9000 	C:\WINDOWS\System32\shcore.dll
0x00007ffaa34e0000 - 0x00007ffaa34f4000 	C:\WINDOWS\System32\profapi.dll

VM Arguments:
jvm_args: -Djava.awt.headless=true -Xmx1024M -Dfile.encoding=windows-1252 -Duser.country=US -Duser.language=en -Duser.variant 
java_command: com.android.dx.command.Main --dex --force-jumbo --num-threads=4 --multi-dex --output C:\Users\Ranjan\Desktop\UMASS\CS446 Android Development\GoogleMap\app\build\intermediates\transforms\dex\debug\folders\1000\10\com.google.android.gms-play-services-wearable-8.1.0_59f0a0454a3b6e2c54159910d75282f9bdd98f83 C:\Users\Ranjan\Desktop\UMASS\CS446 Android Development\GoogleMap\app\build\intermediates\exploded-aar\com.google.android.gms\play-services-wearable\8.1.0\jars\classes.jar
java_class_path (initial): C:\Users\Ranjan\AppData\Local\Android\sdk\build-tools\23.0.1\lib\dx.jar
Launcher Type: SUN_STANDARD

Environment Variables:
JAVA_HOME=C:\Program Files\Java\jdk1.8.0_31
PATH=C:\Program Files (x86)\iis express\PHP\v5.3;C:\Program Files (x86)\iis express\PHP\v5.5;C:\ProgramData\Oracle\Java\javapath;C:\Program Files (x86)\Intel\iCLS Client\;C:\Program Files\Intel\iCLS Client\;C:\WINDOWS\system32;C:\WINDOWS;C:\WINDOWS\System32\Wbem;C:\WINDOWS\System32\WindowsPowerShell\v1.0\;C:\Program Files\Intel\Intel(R) Management Engine Components\DAL;C:\Program Files\Intel\Intel(R) Management Engine Components\IPT;C:\Program Files (x86)\Intel\Intel(R) Management Engine Components\DAL;C:\Program Files (x86)\Intel\Intel(R) Management Engine Components\IPT;C:\Program Files\Intel\WiFi\bin\;C:\Program Files\Common Files\Intel\WirelessCommon\;C:\Program Files\ThinkPad\Bluetooth Software\;C:\Program Files\ThinkPad\Bluetooth Software\syswow64;C:\Program Files (x86)\Intel\OpenCL SDK\2.0\bin\x86;C:\Program Files (x86)\Intel\OpenCL SDK\2.0\bin\x64;C:\ProgramData\Lenovo\ReadyApps;C:\Program Files (x86)\Microsoft SQL Server\100\Tools\Binn\;C:\Program Files\Microsoft SQL Server\100\Tools\Binn\;C:\Program File;C:\Program Files (x86)\Skype\Phone\;C:\WINDOWS\system32;C:\WINDOWS;C:\WINDOWS\System32\Wbem;C:\WINDOWS\System32\WindowsPowerShell\v1.0\;C:\Program Files\Microsoft SQL Server\130\Tools\Binn\;C:\Program Files (x86)\Windows Kits\10\Windows Performance Toolkit\;C:\Program Files\Git\cmd;C:\Program Files\dotnet\;C:\Program Files\Microsoft DNX\Dnvm\;C:\Users\Ranjan\AppData\Roaming\npm;C:\Program Files (x86)\SSH Communications Security\SSH Secure Shell;C:\Users\Ranjan\AppData\Local\Microsoft\WindowsApps
USERNAME=Ranjan
OS=Windows_NT
PROCESSOR_IDENTIFIER=Intel64 Family 6 Model 58 Stepping 9, GenuineIntel



---------------  S Y S T E M  ---------------

OS: Windows 10.0 , 64 bit Build 14393 (10.0.14393.0)

CPU:total 8 (4 cores per cpu, 2 threads per core) family 6 model 58 stepping 9, cmov, cx8, fxsr, mmx, sse, sse2, sse3, ssse3, sse4.1, sse4.2, popcnt, avx, aes, clmul, erms, ht, tsc, tscinvbit, tscinv

Memory: 4k page, physical 16587684k(6879256k free), swap 17636260k(4340k free)

vm_info: OpenJDK 64-Bit Server VM (25.76-b03) for windows-amd64 JRE (1.8.0_76-release-b03), built on Jun 29 2016 19:09:20 by "ralucas" with MS VC++ 10.0 (VS2010)

time: Sat Nov 19 20:01:25 2016
elapsed time: 0 seconds (0d 0h 0m 0s)

