#
# There is insufficient memory for the Java Runtime Environment to continue.
# Native memory allocation (malloc) failed to allocate 451056 bytes for Chunk::new
# Possible reasons:
#   The system is out of physical RAM or swap space
#   In 32 bit mode, the process size limit was hit
# Possible solutions:
#   Reduce memory load on the system
#   Increase physical memory or swap space
#   Check if swap backing store is full
#   Use 64 bit Java on a 64 bit OS
#   Decrease Java heap size (-Xmx/-Xms)
#   Decrease number of Java threads
#   Decrease Java thread stack sizes (-Xss)
#   Set larger code cache with -XX:ReservedCodeCacheSize=
# This output file may be truncated or incomplete.
#
#  Out of Memory Error (allocation.cpp:390), pid=6584, tid=0x0000000000001dcc
#
# JRE version: OpenJDK Runtime Environment (8.0_76-b03) (build 1.8.0_76-release-b03)
# Java VM: OpenJDK 64-Bit Server VM (25.76-b03 mixed mode windows-amd64 compressed oops)
# Failed to write core dump. Minidumps are not enabled by default on client versions of Windows
#

---------------  T H R E A D  ---------------

Current thread (0x0000000016ee8000):  JavaThread "C2 CompilerThread0" daemon [_thread_in_native, id=7628, stack(0x00000000176b0000,0x00000000177b0000)]

Stack: [0x00000000176b0000,0x00000000177b0000]
[error occurred during error reporting (printing stack bounds), id 0xc0000005]

Native frames: (J=compiled Java code, j=interpreted, Vv=VM code, C=native code)


Current CompileTask:
C2:    602  628   !   4       com.android.dx.cf.cst.ConstantPoolParser::parse0 (731 bytes)


---------------  P R O C E S S  ---------------

Java Threads: ( => current thread )
  0x00000000171da800 JavaThread "pool-1-thread-4" [_thread_in_Java, id=14768, stack(0x00000000180b0000,0x00000000181b0000)]
  0x00000000171ce000 JavaThread "pool-1-thread-3" [_thread_in_Java, id=13320, stack(0x0000000017fb0000,0x00000000180b0000)]
  0x00000000170a5800 JavaThread "pool-1-thread-2" [_thread_in_Java, id=13844, stack(0x0000000017eb0000,0x0000000017fb0000)]
  0x0000000017097000 JavaThread "pool-2-thread-1" [_thread_blocked, id=4408, stack(0x0000000017db0000,0x0000000017eb0000)]
  0x0000000017092800 JavaThread "pool-1-thread-1" [_thread_in_Java, id=10956, stack(0x0000000017cb0000,0x0000000017db0000)]
  0x0000000016f79800 JavaThread "Service Thread" daemon [_thread_blocked, id=16740, stack(0x0000000017ab0000,0x0000000017bb0000)]
  0x0000000016f48800 JavaThread "C1 CompilerThread3" daemon [_thread_in_native, id=18176, stack(0x00000000179b0000,0x0000000017ab0000)]
  0x0000000016f3c800 JavaThread "C2 CompilerThread2" daemon [_thread_in_native, id=8592, stack(0x00000000178b0000,0x00000000179b0000)]
  0x0000000016eea000 JavaThread "C2 CompilerThread1" daemon [_thread_in_vm, id=5596, stack(0x00000000177b0000,0x00000000178b0000)]
=>0x0000000016ee8000 JavaThread "C2 CompilerThread0" daemon [_thread_in_native, id=7628, stack(0x00000000176b0000,0x00000000177b0000)]
  0x0000000016ee5800 JavaThread "Attach Listener" daemon [_thread_blocked, id=18012, stack(0x00000000175b0000,0x00000000176b0000)]
  0x000000001500e800 JavaThread "Signal Dispatcher" daemon [_thread_blocked, id=12428, stack(0x00000000174b0000,0x00000000175b0000)]
  0x00000000024de000 JavaThread "Finalizer" daemon [_thread_blocked, id=16012, stack(0x00000000172c0000,0x00000000173c0000)]
  0x00000000024d5000 JavaThread "Reference Handler" daemon [_thread_blocked, id=8112, stack(0x0000000016dc0000,0x0000000016ec0000)]
  0x00000000022dd800 JavaThread "main" [_thread_in_Java, id=18400, stack(0x00000000022e0000,0x00000000023e0000)]

Other Threads:
  0x0000000014ff5000 VMThread [stack: 0x0000000016cc0000,0x0000000016dc0000] [id=13044]
  0x0000000016f7a000 WatcherThread [stack: 0x0000000017bb0000,0x0000000017cb0000] [id=6880]

VM state:not at safepoint (normal execution)

VM Mutex/Monitor currently owned by a thread:  ([mutex/lock_event])
[0x00000000023e1950] MethodData_lock - owner thread: 0x0000000000000000

Heap:
 PSYoungGen      total 75776K, used 20818K [0x00000000eab00000, 0x00000000eff80000, 0x0000000100000000)
  eden space 65024K, 32% used [0x00000000eab00000,0x00000000ebf54840,0x00000000eea80000)
  from space 10752K, 0% used [0x00000000ef500000,0x00000000ef500000,0x00000000eff80000)
  to   space 10752K, 0% used [0x00000000eea80000,0x00000000eea80000,0x00000000ef500000)
 ParOldGen       total 173568K, used 0K [0x00000000c0000000, 0x00000000ca980000, 0x00000000eab00000)
  object space 173568K, 0% used [0x00000000c0000000,0x00000000c0000000,0x00000000ca980000)
 Metaspace       used 5431K, capacity 6768K, committed 7040K, reserved 1056768K
  class space    used 542K, capacity 616K, committed 640K, reserved 1048576K

Card table byte_map: [0x00000000118a0000,0x0000000011ab0000] byte_map_base: 0x00000000112a0000

Marking Bits: (ParMarkBitMap*) 0x000000005f419d00
 Begin Bits: [0x0000000012410000, 0x0000000013410000)
 End Bits:   [0x0000000013410000, 0x0000000014410000)

Polling page: 0x0000000000490000

CodeCache: size=245760Kb used=3074Kb max_used=3085Kb free=242685Kb
 bounds [0x00000000024e0000, 0x00000000027f0000, 0x00000000114e0000]
 total_blobs=997 nmethods=737 adapters=174
 compilation: enabled

Compilation events (10 events):
Event: 0.600 Thread 0x0000000016eea000 nmethod 748 0x00000000027df250 code [0x00000000027df3c0, 0x00000000027df8f8]
Event: 0.600 Thread 0x0000000016eea000  754       4       com.android.dx.util.BitIntSet::add (15 bytes)
Event: 0.600 Thread 0x0000000016f48800 nmethod 759 0x00000000027dcd10 code [0x00000000027dd020, 0x00000000027de6e8]
Event: 0.600 Thread 0x0000000016f48800  762       3       com.android.dx.dex.file.Item::<init> (5 bytes)
Event: 0.600 Thread 0x0000000016f48800 nmethod 762 0x00000000027cf990 code [0x00000000027cfae0, 0x00000000027cfc90]
Event: 0.600 Thread 0x0000000016f48800  760       3       java.util.TreeMap::get (19 bytes)
Event: 0.600 Thread 0x0000000016f48800 nmethod 760 0x00000000027cf4d0 code [0x00000000027cf640, 0x00000000027cf8a8]
Event: 0.600 Thread 0x0000000016f48800  761       3       com.android.dx.dex.file.Section::throwIfPrepared (18 bytes)
Event: 0.601 Thread 0x0000000016f48800 nmethod 761 0x00000000027dc890 code [0x00000000027dca00, 0x00000000027dcc48]
Event: 0.601 Thread 0x0000000016f48800  757       3       com.android.dx.ssa.back.FirstFitLocalCombiningAllocator::getAlignment (32 bytes)

GC Heap History (0 events):
No events

Deoptimization events (3 events):
Event: 0.412 Thread 0x00000000022dd800 Uncommon trap: reason=unstable_if action=reinterpret pc=0x00000000026c2eb4 method=java.util.HashMap.getNode(ILjava/lang/Object;)Ljava/util/HashMap$Node; @ 62
Event: 0.489 Thread 0x0000000017092800 Uncommon trap: reason=unstable_if action=reinterpret pc=0x00000000026f00a4 method=java.util.HashMap.getNode(ILjava/lang/Object;)Ljava/util/HashMap$Node; @ 129
Event: 0.498 Thread 0x00000000170a5800 Uncommon trap: reason=unstable_if action=reinterpret pc=0x0000000002656714 method=com.android.dx.rop.cst.CstFieldRef.compareTo0(Lcom/android/dx/rop/cst/Constant;)I @ 7

Internal exceptions (2 events):
Event: 0.042 Thread 0x00000000022dd800 Exception <a 'java/lang/NoSuchMethodError': Method sun.misc.Unsafe.defineClass(Ljava/lang/String;[BII)Ljava/lang/Class; name or signature does not match> (0x00000000eab07cc0) thrown at [C:\src\android\AOSP-openjdk\external\jetbrains\jdk\hotspot\src\share\v‘ãŸ2€‚ß?
Event: 0.047 Thread 0x00000000022dd800 Exception <a 'java/lang/NoSuchMethodError': Method sun.misc.Unsafe.prefetchRead(Ljava/lang/Object;J)V name or signature does not match> (0x00000000eab07fa8) thrown at [C:\src\android\AOSP-openjdk\external\jetbrains\jdk\hotspot\src\share\vm\prims\jni.cpp, l

Events (10 events):
Event: 0.489 Thread 0x0000000017092800 Uncommon trap: trap_request=0xffffff65 fr.pc=0x00000000026f00a4
Event: 0.489 Thread 0x0000000017092800 DEOPT PACKING pc=0x00000000026f00a4 sp=0x0000000017dae5a0
Event: 0.489 Thread 0x0000000017092800 DEOPT UNPACKING pc=0x000000000252556a sp=0x0000000017dae528 mode 2
Event: 0.498 Thread 0x00000000170a5800 Uncommon trap: trap_request=0xffffff65 fr.pc=0x0000000002656714
Event: 0.498 Thread 0x00000000170a5800 DEOPT PACKING pc=0x0000000002656714 sp=0x0000000017fae9c0
Event: 0.498 Thread 0x00000000170a5800 DEOPT UNPACKING pc=0x000000000252556a sp=0x0000000017fae948 mode 2
Event: 0.522 loading class java/util/ArrayList$1
Event: 0.522 loading class java/util/ArrayList$1 done
Event: 0.553 Executing VM operation: ForceSafepoint
Event: 0.554 Executing VM operation: ForceSafepoint done


Dynamic libraries:
0x00007ff788a70000 - 0x00007ff788aa1000 	C:\Program Files\Android\Android Studio\jre\bin\java.exe
0x00007ffaa7010000 - 0x00007ffaa71e1000 	C:\WINDOWS\SYSTEM32\ntdll.dll
0x00007ffaa4850000 - 0x00007ffaa48fb000 	C:\WINDOWS\System32\KERNEL32.DLL
0x00007ffaa4160000 - 0x00007ffaa437d000 	C:\WINDOWS\System32\KERNELBASE.dll
0x00007ffaa1340000 - 0x00007ffaa13ba000 	C:\WINDOWS\system32\apphelp.dll
0x00007ffaa49a0000 - 0x00007ffaa4a42000 	C:\WINDOWS\System32\ADVAPI32.dll
0x00007ffaa5160000 - 0x00007ffaa51fe000 	C:\WINDOWS\System32\msvcrt.dll
0x00007ffaa5630000 - 0x00007ffaa5689000 	C:\WINDOWS\System32\sechost.dll
0x00007ffaa4e00000 - 0x00007ffaa4f21000 	C:\WINDOWS\System32\RPCRT4.dll
0x00007ffaa4c10000 - 0x00007ffaa4d75000 	C:\WINDOWS\System32\USER32.dll
0x00007ffaa4140000 - 0x00007ffaa415e000 	C:\WINDOWS\System32\win32u.dll
0x00007ffaa4d90000 - 0x00007ffaa4dc4000 	C:\WINDOWS\System32\GDI32.dll
0x00007ffaa3df0000 - 0x00007ffaa3f72000 	C:\WINDOWS\System32\gdi32full.dll
0x00007ffaa2360000 - 0x00007ffaa25d9000 	C:\WINDOWS\WinSxS\amd64_microsoft.windows.common-controls_6595b64144ccf1df_6.0.14393.447_none_42191651c6827bb3\COMCTL32.dll
0x00007ffaa6d40000 - 0x00007ffaa7007000 	C:\WINDOWS\System32\combase.dll
0x00007ffaa3cf0000 - 0x00007ffaa3de5000 	C:\WINDOWS\System32\ucrtbase.dll
0x00007ffaa4020000 - 0x00007ffaa408a000 	C:\WINDOWS\System32\bcryptPrimitives.dll
0x00007ffaa4dd0000 - 0x00007ffaa4dfe000 	C:\WINDOWS\System32\IMM32.DLL
0x0000000060550000 - 0x0000000060622000 	C:\Program Files\Android\Android Studio\jre\jre\bin\msvcr100.dll
0x000000005ec60000 - 0x000000005f494000 	C:\Program Files\Android\Android Studio\jre\jre\bin\server\jvm.dll
0x00007ffaa5010000 - 0x00007ffaa5018000 	C:\WINDOWS\System32\PSAPI.DLL
0x00007ffaa0c00000 - 0x00007ffaa0c23000 	C:\WINDOWS\SYSTEM32\WINMM.dll
0x00007ffaa2160000 - 0x00007ffaa216a000 	C:\WINDOWS\SYSTEM32\VERSION.dll
0x0000000000970000 - 0x000000000099b000 	C:\WINDOWS\SYSTEM32\WINMMBASE.dll
0x00007ffaa4550000 - 0x00007ffaa4592000 	C:\WINDOWS\System32\cfgmgr32.dll
0x00007ffa94f30000 - 0x00007ffa94f39000 	C:\WINDOWS\SYSTEM32\WSOCK32.dll
0x00007ffaa4f90000 - 0x00007ffaa4ffa000 	C:\WINDOWS\System32\WS2_32.dll
0x00007ffa9f220000 - 0x00007ffa9f22f000 	C:\Program Files\Android\Android Studio\jre\jre\bin\verify.dll
0x00007ffa9bcf0000 - 0x00007ffa9bd19000 	C:\Program Files\Android\Android Studio\jre\jre\bin\java.dll
0x00007ffa9b690000 - 0x00007ffa9b6a6000 	C:\Program Files\Android\Android Studio\jre\jre\bin\zip.dll
0x00007ffaa5830000 - 0x00007ffaa6d39000 	C:\WINDOWS\System32\SHELL32.dll
0x00007ffaa3500000 - 0x00007ffaa3bda000 	C:\WINDOWS\System32\windows.storage.dll
0x00007ffaa3490000 - 0x00007ffaa34dc000 	C:\WINDOWS\System32\powrprof.dll
0x00007ffaa4610000 - 0x00007ffaa4662000 	C:\WINDOWS\System32\shlwapi.dll
0x00007ffaa3470000 - 0x00007ffaa347f000 	C:\WINDOWS\System32\kernel.appcore.dll
0x00007ffaa3c40000 - 0x00007ffaa3ce9000 	C:\WINDOWS\System32\shcore.dll
0x00007ffaa34e0000 - 0x00007ffaa34f4000 	C:\WINDOWS\System32\profapi.dll

VM Arguments:
jvm_args: -Djava.awt.headless=true -Xmx1024M -Dfile.encoding=windows-1252 -Duser.country=US -Duser.language=en -Duser.variant 
java_command: com.android.dx.command.Main --dex --force-jumbo --num-threads=4 --output C:\Users\Ranjan\Desktop\UMASS\CS446 Android Development\GoogleMap\app\build\intermediates\pre-dexed\debug\main_19257b4da879e7655715a33de6b8d3e5f8107942.jar C:\Users\Ranjan\Desktop\UMASS\CS446 Android Development\GoogleMap\app\build\intermediates\transforms\instantRun\debug\folders\1\5\main
java_class_path (initial): C:\Users\Ranjan\AppData\Local\Android\sdk\build-tools\23.0.1\lib\dx.jar
Launcher Type: SUN_STANDARD

Environment Variables:
JAVA_HOME=C:\Program Files\Java\jdk1.8.0_31
PATH=C:\Program Files (x86)\iis express\PHP\v5.3;C:\Program Files (x86)\iis express\PHP\v5.5;C:\ProgramData\Oracle\Java\javapath;C:\Program Files (x86)\Intel\iCLS Client\;C:\Program Files\Intel\iCLS Client\;C:\WINDOWS\system32;C:\WINDOWS;C:\WINDOWS\System32\Wbem;C:\WINDOWS\System32\WindowsPowerShell\v1.0\;C:\Program Files\Intel\Intel(R) Management Engine Components\DAL;C:\Program Files\Intel\Intel(R) Management Engine Components\IPT;C:\Program Files (x86)\Intel\Intel(R) Management Engine Components\DAL;C:\Program Files (x86)\Intel\Intel(R) Management Engine Components\IPT;C:\Program Files\Intel\WiFi\bin\;C:\Program Files\Common Files\Intel\WirelessCommon\;C:\Program Files\ThinkPad\Bluetooth Software\;C:\Program Files\ThinkPad\Bluetooth Software\syswow64;C:\Program Files (x86)\Intel\OpenCL SDK\2.0\bin\x86;C:\Program Files (x86)\Intel\OpenCL SDK\2.0\bin\x64;C:\ProgramData\Lenovo\ReadyApps;C:\Program Files (x86)\Microsoft SQL Server\100\Tools\Binn\;C:\Program Files\Microsoft SQL Server\100\Tools\Binn\;C:\Program File;C:\Program Files (x86)\Skype\Phone\;C:\WINDOWS\system32;C:\WINDOWS;C:\WINDOWS\System32\Wbem;C:\WINDOWS\System32\WindowsPowerShell\v1.0\;C:\Program Files\Microsoft SQL Server\130\Tools\Binn\;C:\Program Files (x86)\Windows Kits\10\Windows Performance Toolkit\;C:\Program Files\Git\cmd;C:\Program Files\dotnet\;C:\Program Files\Microsoft DNX\Dnvm\;C:\Users\Ranjan\AppData\Roaming\npm;C:\Program Files (x86)\SSH Communications Security\SSH Secure Shell;C:\Users\Ranjan\AppData\Local\Microsoft\WindowsApps
USERNAME=Ranjan
OS=Windows_NT
PROCESSOR_IDENTIFIER=Intel64 Family 6 Model 58 Stepping 9, GenuineIntel



---------------  S Y S T E M  ---------------

OS: Windows 10.0 , 64 bit Build 14393 (10.0.14393.0)

CPU:total 8 (4 cores per cpu, 2 threads per core) family 6 model 58 stepping 9, cmov, cx8, fxsr, mmx, sse, sse2, sse3, ssse3, sse4.1, sse4.2, popcnt, avx, aes, clmul, erms, ht, tsc, tscinvbit, tscinv

Memory: 4k page, physical 16587684k(4822300k free), swap 17636260k(96596k free)

vm_info: OpenJDK 64-Bit Server VM (25.76-b03) for windows-amd64 JRE (1.8.0_76-release-b03), built on Jun 29 2016 19:09:20 by "ralucas" with MS VC++ 10.0 (VS2010)

time: Sun Nov 13 15:40:54 2016
elapsed time: 0 seconds (0d 0h 0m 0s)

