#
# There is insufficient memory for the Java Runtime Environment to continue.
# Native memory allocation (malloc) failed to allocate 382176 bytes for Chunk::new
# Possible reasons:
#   The system is out of physical RAM or swap space
#   In 32 bit mode, the process size limit was hit
# Possible solutions:
#   Reduce memory load on the system
#   Increase physical memory or swap space
#   Check if swap backing store is full
#   Use 64 bit Java on a 64 bit OS
#   Decrease Java heap size (-Xmx/-Xms)
#   Decrease number of Java threads
#   Decrease Java thread stack sizes (-Xss)
#   Set larger code cache with -XX:ReservedCodeCacheSize=
# This output file may be truncated or incomplete.
#
#  Out of Memory Error (allocation.cpp:390), pid=10956, tid=0x0000000000001b40
#
# JRE version: OpenJDK Runtime Environment (8.0_76-b03) (build 1.8.0_76-release-b03)
# Java VM: OpenJDK 64-Bit Server VM (25.76-b03 mixed mode windows-amd64 compressed oops)
# Failed to write core dump. Minidumps are not enabled by default on client versions of Windows
#

---------------  T H R E A D  ---------------

Current thread (0x00000000171fb000):  JavaThread "C2 CompilerThread1" daemon [_thread_in_native, id=6976, stack(0x0000000017ac0000,0x0000000017bc0000)]

Stack: [0x0000000017ac0000,0x0000000017bc0000]
[error occurred during error reporting (printing stack bounds), id 0xc0000005]

Native frames: (J=compiled Java code, j=interpreted, Vv=VM code, C=native code)


Current CompileTask:
C2:   3231 1495       4       com.android.dx.rop.code.Rops::ropFor (771 bytes)


---------------  P R O C E S S  ---------------

Java Threads: ( => current thread )
  0x00000000174b9000 JavaThread "pool-1-thread-4" [_thread_blocked, id=5464, stack(0x00000000183c0000,0x00000000184c0000)]
  0x00000000174b0800 JavaThread "pool-1-thread-3" [_thread_blocked, id=17600, stack(0x00000000182c0000,0x00000000183c0000)]
  0x00000000174ae000 JavaThread "pool-1-thread-2" [_thread_blocked, id=15188, stack(0x00000000181c0000,0x00000000182c0000)]
  0x00000000174ad000 JavaThread "pool-2-thread-1" [_thread_blocked, id=9696, stack(0x00000000180c0000,0x00000000181c0000)]
  0x00000000174aa000 JavaThread "pool-1-thread-1" [_thread_blocked, id=14904, stack(0x0000000017fc0000,0x00000000180c0000)]
  0x000000001727f800 JavaThread "Service Thread" daemon [_thread_blocked, id=9552, stack(0x0000000017dc0000,0x0000000017ec0000)]
  0x0000000017247800 JavaThread "C1 CompilerThread3" daemon [_thread_blocked, id=4976, stack(0x0000000017cc0000,0x0000000017dc0000)]
  0x00000000171fd800 JavaThread "C2 CompilerThread2" daemon [_thread_in_native, id=1976, stack(0x0000000017bc0000,0x0000000017cc0000)]
=>0x00000000171fb000 JavaThread "C2 CompilerThread1" daemon [_thread_in_native, id=6976, stack(0x0000000017ac0000,0x0000000017bc0000)]
  0x00000000171f9000 JavaThread "C2 CompilerThread0" daemon [_thread_in_native, id=16304, stack(0x00000000179c0000,0x0000000017ac0000)]
  0x00000000171f7000 JavaThread "Attach Listener" daemon [_thread_blocked, id=7584, stack(0x00000000178c0000,0x00000000179c0000)]
  0x00000000171f4000 JavaThread "Signal Dispatcher" daemon [_thread_blocked, id=13820, stack(0x00000000177c0000,0x00000000178c0000)]
  0x00000000171f0800 JavaThread "Finalizer" daemon [_thread_blocked, id=17328, stack(0x00000000175d0000,0x00000000176d0000)]
  0x00000000027c7000 JavaThread "Reference Handler" daemon [_thread_blocked, id=8488, stack(0x00000000170d0000,0x00000000171d0000)]
  0x00000000025cd800 JavaThread "main" [_thread_blocked, id=9260, stack(0x00000000025d0000,0x00000000026d0000)]

Other Threads:
  0x00000000152e5000 VMThread [stack: 0x0000000016fd0000,0x00000000170d0000] [id=7196]
  0x0000000017280000 WatcherThread [stack: 0x0000000017ec0000,0x0000000017fc0000] [id=12880]

VM state:not at safepoint (normal execution)

VM Mutex/Monitor currently owned by a thread:  ([mutex/lock_event])
[0x00000000025cd2b0] Heap_lock - owner thread: 0x00000000025cd800

Heap:
 PSYoungGen      total 75776K, used 11386K [0x00000000eab00000, 0x00000000eff80000, 0x0000000100000000)
  eden space 65024K, 1% used [0x00000000eab00000,0x00000000eaba2910,0x00000000eea80000)
  from space 10752K, 99% used [0x00000000eea80000,0x00000000ef4fc180,0x00000000ef500000)
  to   space 10752K, 0% used [0x00000000ef500000,0x00000000ef500000,0x00000000eff80000)
 ParOldGen       total 173568K, used 620K [0x00000000c0000000, 0x00000000ca980000, 0x00000000eab00000)
  object space 173568K, 0% used [0x00000000c0000000,0x00000000c009b100,0x00000000ca980000)
 Metaspace       used 6003K, capacity 7088K, committed 7296K, reserved 1056768K
  class space    used 569K, capacity 616K, committed 640K, reserved 1048576K

Card table byte_map: [0x0000000011b90000,0x0000000011da0000] byte_map_base: 0x0000000011590000

Marking Bits: (ParMarkBitMap*) 0x000000005f419d00
 Begin Bits: [0x0000000012700000, 0x0000000013700000)
 End Bits:   [0x0000000013700000, 0x0000000014700000)

Polling page: 0x0000000000d10000

CodeCache: size=245760Kb used=6553Kb max_used=6561Kb free=239206Kb
 bounds [0x00000000027d0000, 0x0000000002e50000, 0x00000000117d0000]
 total_blobs=1770 nmethods=1502 adapters=182
 compilation: enabled

Compilation events (10 events):
Event: 3.190 Thread 0x00000000171fb000 nmethod 1503 0x0000000002d96ad0 code [0x0000000002d96c00, 0x0000000002d96c98]
Event: 3.190 Thread 0x00000000171fb000 1500       4       com.android.dx.cf.code.BaseMachine::getLocalTarget (151 bytes)
Event: 3.193 Thread 0x00000000171fb000 nmethod 1500 0x0000000002e2f7d0 code [0x0000000002e2f940, 0x0000000002e2fb88]
Event: 3.193 Thread 0x00000000171fb000 1495       4       com.android.dx.rop.code.Rops::ropFor (771 bytes)
Event: 3.206 Thread 0x0000000017247800 1504       3       java.util.concurrent.locks.ReentrantLock::unlock (10 bytes)
Event: 3.207 Thread 0x0000000017247800 nmethod 1504 0x0000000002e21910 code [0x0000000002e21aa0, 0x0000000002e21e98]
Event: 3.207 Thread 0x0000000017247800 1505       3       java.util.concurrent.locks.AbstractQueuedSynchronizer$ConditionObject::signal (33 bytes)
Event: 3.207 Thread 0x0000000017247800 nmethod 1505 0x0000000002e212d0 code [0x0000000002e21460, 0x0000000002e217c8]
Event: 3.208 Thread 0x0000000017247800 1506       3       java.util.concurrent.locks.ReentrantLock$Sync::isHeldExclusively (16 bytes)
Event: 3.208 Thread 0x0000000017247800 nmethod 1506 0x0000000002e20e90 code [0x0000000002e21000, 0x0000000002e21270]

GC Heap History (2 events):
Event: 3.058 GC heap before
{Heap before GC invocations=1 (full 0):
 PSYoungGen      total 75776K, used 65024K [0x00000000eab00000, 0x00000000eff80000, 0x0000000100000000)
  eden space 65024K, 100% used [0x00000000eab00000,0x00000000eea80000,0x00000000eea80000)
  from space 10752K, 0% used [0x00000000ef500000,0x00000000ef500000,0x00000000eff80000)
  to   space 10752K, 0% used [0x00000000eea80000,0x00000000eea80000,0x00000000ef500000)
 ParOldGen       total 173568K, used 0K [0x00000000c0000000, 0x00000000ca980000, 0x00000000eab00000)
  object space 173568K, 0% used [0x00000000c0000000,0x00000000c0000000,0x00000000ca980000)
 Metaspace       used 6001K, capacity 7088K, committed 7296K, reserved 1056768K
  class space    used 569K, capacity 616K, committed 640K, reserved 1048576K
Event: 3.153 GC heap after
Heap after GC invocations=1 (full 0):
 PSYoungGen      total 75776K, used 10736K [0x00000000eab00000, 0x00000000eff80000, 0x0000000100000000)
  eden space 65024K, 0% used [0x00000000eab00000,0x00000000eab00000,0x00000000eea80000)
  from space 10752K, 99% used [0x00000000eea80000,0x00000000ef4fc180,0x00000000ef500000)
  to   space 10752K, 0% used [0x00000000ef500000,0x00000000ef500000,0x00000000eff80000)
 ParOldGen       total 173568K, used 620K [0x00000000c0000000, 0x00000000ca980000, 0x00000000eab00000)
  object space 173568K, 0% used [0x00000000c0000000,0x00000000c009b100,0x00000000ca980000)
 Metaspace       used 6001K, capacity 7088K, committed 7296K, reserved 1056768K
  class space    used 569K, capacity 616K, committed 640K, reserved 1048576K
}

Deoptimization events (10 events):
Event: 1.308 Thread 0x00000000025cd800 Uncommon trap: reason=unstable_if action=reinterpret pc=0x00000000029cac04 method=java.util.HashMap.getNode(ILjava/lang/Object;)Ljava/util/HashMap$Node; @ 62
Event: 1.618 Thread 0x00000000174b0800 Uncommon trap: reason=unstable_if action=reinterpret pc=0x0000000002a84350 method=com.android.dx.rop.code.RegisterSpec.equals(ILcom/android/dx/rop/type/TypeBearer;Lcom/android/dx/rop/code/LocalItem;)Z @ 16
Event: 1.878 Thread 0x00000000174ae000 Uncommon trap: reason=unstable_if action=reinterpret pc=0x0000000002ad8054 method=com.android.dx.rop.code.RegisterSpec.equals(ILcom/android/dx/rop/type/TypeBearer;Lcom/android/dx/rop/code/LocalItem;)Z @ 42
Event: 1.985 Thread 0x00000000174ae000 Uncommon trap: reason=unstable_if action=reinterpret pc=0x0000000002be6a60 method=com.android.dx.util.LabeledList.set(ILcom/android/dx/util/LabeledItem;)V @ 16
Event: 2.126 Thread 0x00000000174aa000 Uncommon trap: reason=unstable_if action=reinterpret pc=0x00000000029f9f34 method=java.util.BitSet.ensureCapacity(I)V @ 6
Event: 2.147 Thread 0x00000000174aa000 Uncommon trap: reason=unstable_if action=reinterpret pc=0x0000000002b99310 method=com.android.dx.ssa.SsaRenamer$BlockRenamer.addMapping(ILcom/android/dx/rop/code/RegisterSpec;)V @ 120
Event: 2.529 Thread 0x00000000174b0800 Uncommon trap: reason=unstable_if action=reinterpret pc=0x0000000002aa819c method=com.android.dx.rop.cst.Constant.compareTo(Lcom/android/dx/rop/cst/Constant;)I @ 12
Event: 2.533 Thread 0x00000000174b0800 Uncommon trap: reason=unstable_if action=reinterpret pc=0x0000000002d37b5c method=com.android.dx.ssa.SsaRenamer$BlockRenamer.process()V @ 90
Event: 2.570 Thread 0x00000000174ae000 Uncommon trap: reason=null_check action=make_not_entrant pc=0x0000000002ae8b18 method=com.android.dx.ssa.SsaRenamer.getLocalForNewReg(I)Lcom/android/dx/rop/code/LocalItem; @ 19
Event: 2.763 Thread 0x00000000025cd800 Uncommon trap: reason=unstable_if action=reinterpret pc=0x0000000002cabecc method=com.android.dx.rop.cst.StdConstantPool.set(ILcom/android/dx/rop/cst/Constant;)V @ 12

Internal exceptions (3 events):
Event: 0.039 Thread 0x00000000025cd800 Exception <a 'java/lang/NoSuchMethodError': Method sun.misc.Unsafe.defineClass(Ljava/lang/String;[BII)Ljava/lang/Class; name or signature does not match> (0x00000000eab07cc0) thrown at [C:\src\android\AOSP-openjdk\external\jetbrains\jdk\hotspot\src\share\vtŒáØ≠Â£?
Event: 0.039 Thread 0x00000000025cd800 Exception <a 'java/lang/NoSuchMethodError': Method sun.misc.Unsafe.prefetchRead(Ljava/lang/Object;J)V name or signature does not match> (0x00000000eab07fa8) thrown at [C:\src\android\AOSP-openjdk\external\jetbrains\jdk\hotspot\src\share\vm\prims\jni.cpp, l3¬˚=Àè@
Event: 2.570 Thread 0x00000000174ae000 Implicit null exception at 0x0000000002ae5bf9 to 0x0000000002ae8ad5

Events (10 events):
Event: 2.533 Thread 0x00000000174b0800 DEOPT PACKING pc=0x0000000002d37b5c sp=0x00000000183bef50
Event: 2.533 Thread 0x00000000174b0800 DEOPT UNPACKING pc=0x000000000281556a sp=0x00000000183bef30 mode 2
Event: 2.570 Thread 0x00000000174ae000 Uncommon trap: trap_request=0xfffffff4 fr.pc=0x0000000002ae8b18
Event: 2.570 Thread 0x00000000174ae000 DEOPT PACKING pc=0x0000000002ae8b18 sp=0x00000000182be770
Event: 2.570 Thread 0x00000000174ae000 DEOPT UNPACKING pc=0x000000000281556a sp=0x00000000182be5e8 mode 2
Event: 2.763 Thread 0x00000000025cd800 Uncommon trap: trap_request=0xffffff65 fr.pc=0x0000000002cabecc
Event: 2.763 Thread 0x00000000025cd800 DEOPT PACKING pc=0x0000000002cabecc sp=0x00000000026ceaf0
Event: 2.763 Thread 0x00000000025cd800 DEOPT UNPACKING pc=0x000000000281556a sp=0x00000000026cea48 mode 2
Event: 3.058 Executing VM operation: ParallelGCFailedAllocation
Event: 3.153 Executing VM operation: ParallelGCFailedAllocation done


Dynamic libraries:
0x00007ff788a70000 - 0x00007ff788aa1000 	C:\Program Files\Android\Android Studio\jre\bin\java.exe
0x00007ffaa7010000 - 0x00007ffaa71e1000 	C:\WINDOWS\SYSTEM32\ntdll.dll
0x00007ffaa4850000 - 0x00007ffaa48fb000 	C:\WINDOWS\System32\KERNEL32.DLL
0x00007ffaa4160000 - 0x00007ffaa437d000 	C:\WINDOWS\System32\KERNELBASE.dll
0x00007ffaa1340000 - 0x00007ffaa13ba000 	C:\WINDOWS\system32\apphelp.dll
0x00007ffaa49a0000 - 0x00007ffaa4a42000 	C:\WINDOWS\System32\ADVAPI32.dll
0x00007ffaa5160000 - 0x00007ffaa51fe000 	C:\WINDOWS\System32\msvcrt.dll
0x00007ffaa5630000 - 0x00007ffaa5689000 	C:\WINDOWS\System32\sechost.dll
0x00007ffaa4e00000 - 0x00007ffaa4f21000 	C:\WINDOWS\System32\RPCRT4.dll
0x00007ffaa4c10000 - 0x00007ffaa4d75000 	C:\WINDOWS\System32\USER32.dll
0x00007ffaa4140000 - 0x00007ffaa415e000 	C:\WINDOWS\System32\win32u.dll
0x00007ffaa4d90000 - 0x00007ffaa4dc4000 	C:\WINDOWS\System32\GDI32.dll
0x00007ffaa3df0000 - 0x00007ffaa3f72000 	C:\WINDOWS\System32\gdi32full.dll
0x00007ffaa2360000 - 0x00007ffaa25d9000 	C:\WINDOWS\WinSxS\amd64_microsoft.windows.common-controls_6595b64144ccf1df_6.0.14393.447_none_42191651c6827bb3\COMCTL32.dll
0x00007ffaa6d40000 - 0x00007ffaa7007000 	C:\WINDOWS\System32\combase.dll
0x00007ffaa3cf0000 - 0x00007ffaa3de5000 	C:\WINDOWS\System32\ucrtbase.dll
0x00007ffaa4020000 - 0x00007ffaa408a000 	C:\WINDOWS\System32\bcryptPrimitives.dll
0x00007ffaa4dd0000 - 0x00007ffaa4dfe000 	C:\WINDOWS\System32\IMM32.DLL
0x00000000605a0000 - 0x0000000060672000 	C:\Program Files\Android\Android Studio\jre\jre\bin\msvcr100.dll
0x000000005ec60000 - 0x000000005f494000 	C:\Program Files\Android\Android Studio\jre\jre\bin\server\jvm.dll
0x00007ffaa5010000 - 0x00007ffaa5018000 	C:\WINDOWS\System32\PSAPI.DLL
0x00007ffaa0c00000 - 0x00007ffaa0c23000 	C:\WINDOWS\SYSTEM32\WINMM.dll
0x00007ffa94f30000 - 0x00007ffa94f39000 	C:\WINDOWS\SYSTEM32\WSOCK32.dll
0x00007ffaa2160000 - 0x00007ffaa216a000 	C:\WINDOWS\SYSTEM32\VERSION.dll
0x0000000000860000 - 0x000000000088b000 	C:\WINDOWS\SYSTEM32\WINMMBASE.dll
0x00007ffaa4550000 - 0x00007ffaa4592000 	C:\WINDOWS\System32\cfgmgr32.dll
0x00007ffaa4f90000 - 0x00007ffaa4ffa000 	C:\WINDOWS\System32\WS2_32.dll
0x00007ffa9f220000 - 0x00007ffa9f22f000 	C:\Program Files\Android\Android Studio\jre\jre\bin\verify.dll
0x00007ffa9bcf0000 - 0x00007ffa9bd19000 	C:\Program Files\Android\Android Studio\jre\jre\bin\java.dll
0x00007ffa9b690000 - 0x00007ffa9b6a6000 	C:\Program Files\Android\Android Studio\jre\jre\bin\zip.dll
0x00007ffaa5830000 - 0x00007ffaa6d39000 	C:\WINDOWS\System32\SHELL32.dll
0x00007ffaa3500000 - 0x00007ffaa3bda000 	C:\WINDOWS\System32\windows.storage.dll
0x00007ffaa3490000 - 0x00007ffaa34dc000 	C:\WINDOWS\System32\powrprof.dll
0x00007ffaa4610000 - 0x00007ffaa4662000 	C:\WINDOWS\System32\shlwapi.dll
0x00007ffaa3470000 - 0x00007ffaa347f000 	C:\WINDOWS\System32\kernel.appcore.dll
0x00007ffaa3c40000 - 0x00007ffaa3ce9000 	C:\WINDOWS\System32\shcore.dll
0x00007ffaa34e0000 - 0x00007ffaa34f4000 	C:\WINDOWS\System32\profapi.dll

VM Arguments:
jvm_args: -Djava.awt.headless=true -Xmx1024M -Dfile.encoding=windows-1252 -Duser.country=US -Duser.language=en -Duser.variant 
java_command: com.android.dx.command.Main --dex --force-jumbo --num-threads=4 --output C:\Users\Ranjan\Desktop\UMASS\CS446 Android Development\GoogleMap\app\build\intermediates\pre-dexed\debug\com.android.support-mediarouter-v7-22.2.0_143d7841c8ed9e00141aebcf3a2d9059ba927595.jar C:\Users\Ranjan\Desktop\UMASS\CS446 Android Development\GoogleMap\app\build\intermediates\exploded-aar\com.android.support\mediarouter-v7\22.2.0\jars\classes.jar
java_class_path (initial): C:\Users\Ranjan\AppData\Local\Android\sdk\build-tools\23.0.1\lib\dx.jar
Launcher Type: SUN_STANDARD

Environment Variables:
JAVA_HOME=C:\Program Files\Java\jdk1.8.0_31
PATH=C:\Program Files (x86)\iis express\PHP\v5.3;C:\Program Files (x86)\iis express\PHP\v5.5;C:\ProgramData\Oracle\Java\javapath;C:\Program Files (x86)\Intel\iCLS Client\;C:\Program Files\Intel\iCLS Client\;C:\WINDOWS\system32;C:\WINDOWS;C:\WINDOWS\System32\Wbem;C:\WINDOWS\System32\WindowsPowerShell\v1.0\;C:\Program Files\Intel\Intel(R) Management Engine Components\DAL;C:\Program Files\Intel\Intel(R) Management Engine Components\IPT;C:\Program Files (x86)\Intel\Intel(R) Management Engine Components\DAL;C:\Program Files (x86)\Intel\Intel(R) Management Engine Components\IPT;C:\Program Files\Intel\WiFi\bin\;C:\Program Files\Common Files\Intel\WirelessCommon\;C:\Program Files\ThinkPad\Bluetooth Software\;C:\Program Files\ThinkPad\Bluetooth Software\syswow64;C:\Program Files (x86)\Intel\OpenCL SDK\2.0\bin\x86;C:\Program Files (x86)\Intel\OpenCL SDK\2.0\bin\x64;C:\ProgramData\Lenovo\ReadyApps;C:\Program Files (x86)\Microsoft SQL Server\100\Tools\Binn\;C:\Program Files\Microsoft SQL Server\100\Tools\Binn\;C:\Program File;C:\Program Files (x86)\Skype\Phone\;C:\WINDOWS\system32;C:\WINDOWS;C:\WINDOWS\System32\Wbem;C:\WINDOWS\System32\WindowsPowerShell\v1.0\;C:\Program Files\Microsoft SQL Server\130\Tools\Binn\;C:\Program Files (x86)\Windows Kits\10\Windows Performance Toolkit\;C:\Program Files\Git\cmd;C:\Program Files\dotnet\;C:\Program Files\Microsoft DNX\Dnvm\;C:\Users\Ranjan\AppData\Roaming\npm;C:\Program Files (x86)\SSH Communications Security\SSH Secure Shell;C:\Users\Ranjan\AppData\Local\Microsoft\WindowsApps
USERNAME=Ranjan
OS=Windows_NT
PROCESSOR_IDENTIFIER=Intel64 Family 6 Model 58 Stepping 9, GenuineIntel



---------------  S Y S T E M  ---------------

OS: Windows 10.0 , 64 bit Build 14393 (10.0.14393.0)

CPU:total 8 (4 cores per cpu, 2 threads per core) family 6 model 58 stepping 9, cmov, cx8, fxsr, mmx, sse, sse2, sse3, ssse3, sse4.1, sse4.2, popcnt, avx, aes, clmul, erms, ht, tsc, tscinvbit, tscinv

Memory: 4k page, physical 16587684k(4891772k free), swap 17636260k(5296k free)

vm_info: OpenJDK 64-Bit Server VM (25.76-b03) for windows-amd64 JRE (1.8.0_76-release-b03), built on Jun 29 2016 19:09:20 by "ralucas" with MS VC++ 10.0 (VS2010)

time: Sun Nov 13 15:43:31 2016
elapsed time: 3 seconds (0d 0h 0m 3s)

